
 *------------------------------------------------------------------------------------* 
 |                                                                                    | 
 |  *------------------------------------------------------------------------------*  | 
 |  |                                                                              |  | 
 |  |                                                                              |  | 
 |  |   PPP   Y   Y  TTTTT  H   H  III    A      Welcome to the Lund Monte Carlo!  |  | 
 |  |   P  P   Y Y     T    H   H   I    A A     This is PYTHIA version 8.226      |  | 
 |  |   PPP     Y      T    HHHHH   I   AAAAA    Last date of change: 26 Apr 2017  |  | 
 |  |   P       Y      T    H   H   I   A   A                                      |  | 
 |  |   P       Y      T    H   H  III  A   A    Now is 22 Oct 2020 at 16:48:58    |  | 
 |  |                                                                              |  | 
 |  |   Torbjorn Sjostrand;  Department of Astronomy and Theoretical Physics,      |  | 
 |  |      Lund University, Solvegatan 14A, SE-223 62 Lund, Sweden;                |  | 
 |  |      e-mail: torbjorn@thep.lu.se                                             |  | 
 |  |   Nishita Desai;  Laboratoire Charles Coulomb (L2C),                         |  | 
 |  |      CNRS-Universite de Montpellier, 34090 Montpellier, France;              |  | 
 |  |      e-mail: nishita.desai@umontpellier.fr                                   |  | 
 |  |   Nadine Fischer;  School of Physics,                                        |  | 
 |  |      Monash University, PO Box 27, 3800 Melbourne, Australia;                |  | 
 |  |      e-mail: nadine.fischer@monash.edu                                       |  | 
 |  |   Ilkka Helenius;  Institute for Theoretical Physics,                        |  | 
 |  |     Tuebingen University, Auf der Morgenstelle 14, 72076 Tuebingen, Germany; |  | 
 |  |      e-mail: ilkka.helenius@uni-tuebingen.de                                 |  | 
 |  |   Philip Ilten;  Massachusetts Institute of Technology,                      |  | 
 |  |      77 Massachusetts Ave, Cambridge, MA 02139, USA;                         |  | 
 |  |      e-mail: philten@cern.ch                                                 |  | 
 |  |   Leif Lonnblad;  Department of Astronomy and Theoretical Physics,           |  | 
 |  |      Lund University, Solvegatan 14A, SE-223 62 Lund, Sweden;                |  | 
 |  |      e-mail: leif.lonnblad@thep.lu.se                                        |  | 
 |  |   Stephen Mrenna;  Computing Division, Simulations Group,                    |  | 
 |  |      Fermi National Accelerator Laboratory, MS 234, Batavia, IL 60510, USA;  |  | 
 |  |      e-mail: mrenna@fnal.gov                                                 |  | 
 |  |   Stefan Prestel;  Theoretical Physics Department,                           |  | 
 |  |      Fermi National Accelerator Laboratory, MS 106, Batavia, IL 60510, USA;  |  | 
 |  |      e-mail: sprestel@fnal.gov                                               |  | 
 |  |   Christine O. Rasmussen;  Department of Astronomy and Theoretical Physics,  |  | 
 |  |      Lund University, Solvegatan 14A, SE-223 62 Lund, Sweden;                |  | 
 |  |      e-mail: christine.rasmussen@thep.lu.se                                  |  | 
 |  |   Peter Skands;  School of Physics,                                          |  | 
 |  |      Monash University, PO Box 27, 3800 Melbourne, Australia;                |  | 
 |  |      e-mail: peter.skands@monash.edu                                         |  | 
 |  |                                                                              |  | 
 |  |   The main program reference is 'An Introduction to PYTHIA 8.2',             |  | 
 |  |   T. Sjostrand et al, Comput. Phys. Commun. 191 (2015) 159                   |  | 
 |  |   [arXiv:1410.3012 [hep-ph]]                                                 |  | 
 |  |                                                                              |  | 
 |  |   The main physics reference is the 'PYTHIA 6.4 Physics and Manual',         |  | 
 |  |   T. Sjostrand, S. Mrenna and P. Skands, JHEP05 (2006) 026 [hep-ph/0603175]  |  | 
 |  |                                                                              |  | 
 |  |   An archive of program versions and documentation is found on the web:      |  | 
 |  |   http://www.thep.lu.se/Pythia                                               |  | 
 |  |                                                                              |  | 
 |  |   This program is released under the GNU General Public Licence version 2.   |  | 
 |  |   Please respect the MCnet Guidelines for Event Generator Authors and Users. |  | 
 |  |                                                                              |  | 
 |  |   Disclaimer: this program comes without any guarantees.                     |  | 
 |  |   Beware of errors and use common sense when interpreting results.           |  | 
 |  |                                                                              |  | 
 |  |   Copyright (C) 2017 Torbjorn Sjostrand                                      |  | 
 |  |                                                                              |  | 
 |  |                                                                              |  | 
 |  *------------------------------------------------------------------------------*  | 
 |                                                                                    | 
 *------------------------------------------------------------------------------------* 

 PYTHIA Error in Settings::flag: unknown key Main:showChangedParticleData
 PYTHIA Error in Settings::mode: unknown key Beams:eCM
Events=100000 RNDM seed 1002

 *-------  PYTHIA Process Initialization  --------------------------*
 |                                                                  |
 | We collide p+ with p+ at a CM energy of 5.020e+03 GeV            |
 |                                                                  |
 |------------------------------------------------------------------|
 |                                                    |             |
 | Subprocess                                    Code |   Estimated |
 |                                                    |    max (mb) |
 |                                                    |             |
 |------------------------------------------------------------------|
 |                                                    |             |
 | g g -> g g                                     111 |   4.337e+00 |
 | g g -> q qbar (uds)                            112 |   6.861e-02 |
 | q g -> q g                                     113 |   3.372e+00 |
 | q q(bar)' -> q q(bar)'                         114 |   3.564e-01 |
 | q qbar -> g g                                  115 |   2.662e-03 |
 | q qbar -> q' qbar' (uds)                       116 |   1.790e-03 |
 | g g -> c cbar                                  121 |   2.224e-02 |
 | q qbar -> c cbar                               122 |   5.853e-04 |
 | g g -> b bbar                                  123 |   1.755e-02 |
 | q qbar -> b bbar                               124 |   4.944e-04 |
 |                                                                  |
 *-------  End PYTHIA Process Initialization -----------------------*

 *-------  PYTHIA Multiparton Interactions Initialization  ---------* 
 |                                                                  | 
 |                   sigmaNonDiffractive =    48.03 mb              | 
 |                                                                  | 
 |    pT0 =  2.12 gives sigmaInteraction =   210.98 mb: accepted    | 
 |                                                                  | 
 *-------  End PYTHIA Multiparton Interactions Initialization  -----* 

 *-------  PYTHIA Flag + Mode + Parm + Word + FVec + MVec + PVec + WVec Settings (changes only)  ------------------* 
 |                                                                                                                 | 
 | Name                                          |                      Now |      Default         Min         Max | 
 |                                               |                          |                                      | 
 | Beams:eCM                                     |                 5020.000 |    14000.000    10.00000             | 
 | HardQCD:all                                   |                       on |          off                         | 
 | Main:numberOfEvents                           |                   100000 |         1000           0             | 
 | ParticleDecays:limitTau0                      |                       on |          off                         | 
 | PhaseSpace:mHatMin                            |                      0.0 |      4.00000         0.0             | 
 | PhaseSpace:pTHatMax                           |                 21.00000 |     -1.00000                         | 
 | PhaseSpace:pTHatMin                           |                 11.00000 |          0.0         0.0             | 
 | Random:seed                                   |                     1002 |           -1               900000000 | 
 | Random:setSeed                                |                       on |          off                         | 
 |                                                                                                                 | 
 *-------  End PYTHIA Flag + Mode + Parm + Word + FVec + MVec + PVec + WVec Settings  -----------------------------* 

 --------  PYTHIA Particle Data Table (changed only)  ------------------------------------------------------------------------------
 
      id   name            antiName         spn chg col      m0        mWidth      mMin       mMax       tau0    res dec ext vis wid
             no onMode   bRatio   meMode     products 

 no particle data has been changed from its default value 

 --------  End PYTHIA Particle Data Table  -----------------------------------------------------------------------------------------

============ AliJHistManager : AliJCDijetHistManagerjcdijet ===================

---- AliJBin ----
*AliJBin	CentBin	CentBin	"Cent:"	&mode=Single	0.000000 1.000000
*AliJBin	JetBin	JetBin	"Jet bin:"	&mode=Single	0.000000 1.000000 2.000000 3.000000 4.000000

---- AliJTH1 ----
*AliJTH1D	h_events	"h_events"	&Dir=default&Lazy	 CentBin
*AliJTH1D	h_eventSel	"h_eventSel"	&Lazy&Single	 1
*AliJTH1D	h_info	"h_info"	&Lazy&Single	 1
*AliJTH1D	h_centrality	"h_centrality"	&Lazy&Single	 1
*AliJTH1D	h_zvtx	"h_zvtx"	&Lazy&Single	 1
*AliJTH1D	h_nch	"h_nch"	&Dir=default&Lazy	 CentBin
*AliJTH1D	h_pt	"h_pt"	&Dir=default&Lazy	 CentBin
*AliJTH1D	h_ptPosEta	"h_ptPosEta"	&Dir=default&Lazy	 CentBin
*AliJTH1D	h_ptNegEta	"h_ptNegEta"	&Dir=default&Lazy	 CentBin
*AliJTH1D	h_eta	"h_eta"	&Dir=default&Lazy	 CentBin
*AliJTH1D	h_phi	"h_phi"	&Dir=default&Lazy	 CentBin
*AliJTH2D	h_etaPhi	"h_etaPhi"	&Dir=default&Lazy	 CentBin
*AliJTH1D	h_rho	"h_rho"	&Dir=default&Lazy	 CentBin
*AliJTH1D	h_rhoHighPt	"h_rhoHighPt"	&Dir=default&Lazy	 CentBin
*AliJTH1D	h_rhom	"h_rhom"	&Dir=default&Lazy	 CentBin
*AliJTH1D	h_rhomHighPt	"h_rhomHighPt"	&Dir=default&Lazy	 CentBin
*AliJTH1D	h_rhoLin	"h_rhoLin"	&Dir=default&Lazy	 CentBin
*AliJTH1D	h_rhoLinHighPt	"h_rhoLinHighPt"	&Dir=default&Lazy	 CentBin
*AliJTH1D	h_rhomLin	"h_rhomLin"	&Dir=default&Lazy	 CentBin
*AliJTH1D	h_rhomLinHighPt	"h_rhomLinHighPt"	&Dir=default&Lazy	 CentBin
*AliJTH1D	h_jetPt	"h_jetPt"	&Dir=default&Lazy	 CentBin JetBin
*AliJTH1D	h_jetPt_ALICE	"h_jetPt_ALICE"	&Dir=default&Lazy	 CentBin JetBin
*AliJTH1D	h_jetPtTransBGSub	"h_jetPtTransBGSub"	&Dir=default&Lazy	 CentBin JetBin
*AliJTH1D	h_jetN	"h_jetN"	&Dir=default&Lazy	 CentBin
*AliJTH1D	h_jetEta	"h_jetEta"	&Dir=default&Lazy	 CentBin JetBin
*AliJTH1D	h_jetPhi	"h_jetPhi"	&Dir=default&Lazy	 CentBin JetBin
*AliJTH2D	h_jetEtaPhi	"h_jetEtaPhi"	&Dir=default&Lazy	 CentBin JetBin
*AliJTH2D	h_randConeEtaPhi	"h_randConeEtaPhi"	&Dir=default&Lazy	 CentBin
*AliJTH1D	h_jetArea	"h_jetArea"	&Dir=default&Lazy	 CentBin JetBin
*AliJTH1D	h_jetAreaRho	"h_jetAreaRho"	&Dir=default&Lazy	 CentBin JetBin
*AliJTH1D	h_deltaPt	"h_deltaPt"	&Dir=default&Lazy	 CentBin
*AliJTH1D	h_maxJetptOverPtHard	"h_maxJetptOverPtHard"	&Dir=default&Lazy	 CentBin
*AliJTH1D	h_ptHard	"h_ptHard"	&Dir=default&Lazy	 CentBin
*AliJTH1D	h_dijetInvM	"h_dijetInvM"	&Dir=default&Lazy	 CentBin JetBin
*AliJTH1D	h_dijetPtPair	"h_dijetPtPair"	&Dir=default&Lazy	 CentBin JetBin
*AliJTH1D	h_dijetDeltaPhi	"h_dijetDeltaPhi"	&Dir=default&Lazy	 CentBin JetBin
*AliJTH1D	h_dijetPtPairDeltaPhiCut	"h_dijetPtPairDeltaPhiCut"	&Dir=default&Lazy	 CentBin JetBin
*AliJTH1D	h_dijetInvMDeltaPhiCut	"h_dijetInvMDeltaPhiCut"	&Dir=default&Lazy	 CentBin JetBin
*AliJTH1D	h_dijetDeltaPhiWithCut	"h_dijetDeltaPhiWithCut"	&Dir=default&Lazy	 CentBin JetBin
*AliJTH1D	h_responseInfo	"h_responseInfo"	&Lazy&Single	 1
*AliJTH1D	h_jetResponseDeltaR	"h_jetResponseDeltaR"	&Lazy&Single	 1
*AliJTH1D	h_jetResponseDeltaRClosest	"h_jetResponseDeltaRClosest"	&Lazy&Single	 1
*AliJTH1D	h_jetResponseDeltaPt	"h_jetResponseDeltaPt"	&Lazy&Single	 1
*AliJTH1D	h_jetDeltaRMin	"h_jetDeltaRMin"	&Dir=default&Lazy	 CentBin JetBin
*AliJTH1D	h_jetBGSubtrDeltaR	"h_jetBGSubtrDeltaR"	&Dir=default&Lazy	 CentBin
*AliJTH2D	h_jetResponse	"h_jetResponse"	&Lazy&Single	 1
*AliJTH2D	h_jetResponse_ALICE	"h_jetResponse_ALICE"	&Lazy&Single	 1
*AliJTH2D	h_deltaPtResponse	"h_deltaPtResponse"	&Lazy&Single	 1
*AliJTH2D	h_deltaPtResponse_ALICE	"h_deltaPtResponse_ALICE"	&Lazy&Single	 1
*AliJTH2D	h_deltaPtResponseEvery	"h_deltaPtResponseEvery"	&Lazy&Single	 1
*AliJTH2D	h_deltaPtResponseEvery_ALICE	"h_deltaPtResponseEvery_ALICE"	&Lazy&Single	 1
*AliJTH2D	h_dijetResponse	"h_dijetResponse"	&Lazy&Single	 1
*AliJTH2D	h_dijetResponseDeltaPhiCut	"h_dijetResponseDeltaPhiCut"	&Lazy&Single	 1
============ AliJHistManager : AliJCDijetHistManagerjcdijetDetMC ===================

---- AliJBin ----
*AliJBin	CentBin	CentBin	"Cent:"	&mode=Single	0.000000 1.000000
*AliJBin	JetBin	JetBin	"Jet bin:"	&mode=Single	0.000000 1.000000 2.000000 3.000000 4.000000

---- AliJTH1 ----
*AliJTH1D	h_events	"h_events"	&Dir=default&Lazy	 CentBin
*AliJTH1D	h_eventSel	"h_eventSel"	&Lazy&Single	 1
*AliJTH1D	h_info	"h_info"	&Lazy&Single	 1
*AliJTH1D	h_centrality	"h_centrality"	&Lazy&Single	 1
*AliJTH1D	h_zvtx	"h_zvtx"	&Lazy&Single	 1
*AliJTH1D	h_nch	"h_nch"	&Dir=default&Lazy	 CentBin
*AliJTH1D	h_pt	"h_pt"	&Dir=default&Lazy	 CentBin
*AliJTH1D	h_ptPosEta	"h_ptPosEta"	&Dir=default&Lazy	 CentBin
*AliJTH1D	h_ptNegEta	"h_ptNegEta"	&Dir=default&Lazy	 CentBin
*AliJTH1D	h_eta	"h_eta"	&Dir=default&Lazy	 CentBin
*AliJTH1D	h_phi	"h_phi"	&Dir=default&Lazy	 CentBin
*AliJTH2D	h_etaPhi	"h_etaPhi"	&Dir=default&Lazy	 CentBin
*AliJTH1D	h_rho	"h_rho"	&Dir=default&Lazy	 CentBin
*AliJTH1D	h_rhoHighPt	"h_rhoHighPt"	&Dir=default&Lazy	 CentBin
*AliJTH1D	h_rhom	"h_rhom"	&Dir=default&Lazy	 CentBin
*AliJTH1D	h_rhomHighPt	"h_rhomHighPt"	&Dir=default&Lazy	 CentBin
*AliJTH1D	h_rhoLin	"h_rhoLin"	&Dir=default&Lazy	 CentBin
*AliJTH1D	h_rhoLinHighPt	"h_rhoLinHighPt"	&Dir=default&Lazy	 CentBin
*AliJTH1D	h_rhomLin	"h_rhomLin"	&Dir=default&Lazy	 CentBin
*AliJTH1D	h_rhomLinHighPt	"h_rhomLinHighPt"	&Dir=default&Lazy	 CentBin
*AliJTH1D	h_jetPt	"h_jetPt"	&Dir=default&Lazy	 CentBin JetBin
*AliJTH1D	h_jetPt_ALICE	"h_jetPt_ALICE"	&Dir=default&Lazy	 CentBin JetBin
*AliJTH1D	h_jetPtTransBGSub	"h_jetPtTransBGSub"	&Dir=default&Lazy	 CentBin JetBin
*AliJTH1D	h_jetN	"h_jetN"	&Dir=default&Lazy	 CentBin
*AliJTH1D	h_jetEta	"h_jetEta"	&Dir=default&Lazy	 CentBin JetBin
*AliJTH1D	h_jetPhi	"h_jetPhi"	&Dir=default&Lazy	 CentBin JetBin
*AliJTH2D	h_jetEtaPhi	"h_jetEtaPhi"	&Dir=default&Lazy	 CentBin JetBin
*AliJTH2D	h_randConeEtaPhi	"h_randConeEtaPhi"	&Dir=default&Lazy	 CentBin
*AliJTH1D	h_jetArea	"h_jetArea"	&Dir=default&Lazy	 CentBin JetBin
*AliJTH1D	h_jetAreaRho	"h_jetAreaRho"	&Dir=default&Lazy	 CentBin JetBin
*AliJTH1D	h_deltaPt	"h_deltaPt"	&Dir=default&Lazy	 CentBin
*AliJTH1D	h_maxJetptOverPtHard	"h_maxJetptOverPtHard"	&Dir=default&Lazy	 CentBin
*AliJTH1D	h_ptHard	"h_ptHard"	&Dir=default&Lazy	 CentBin
*AliJTH1D	h_dijetInvM	"h_dijetInvM"	&Dir=default&Lazy	 CentBin JetBin
*AliJTH1D	h_dijetPtPair	"h_dijetPtPair"	&Dir=default&Lazy	 CentBin JetBin
*AliJTH1D	h_dijetDeltaPhi	"h_dijetDeltaPhi"	&Dir=default&Lazy	 CentBin JetBin
*AliJTH1D	h_dijetPtPairDeltaPhiCut	"h_dijetPtPairDeltaPhiCut"	&Dir=default&Lazy	 CentBin JetBin
*AliJTH1D	h_dijetInvMDeltaPhiCut	"h_dijetInvMDeltaPhiCut"	&Dir=default&Lazy	 CentBin JetBin
*AliJTH1D	h_dijetDeltaPhiWithCut	"h_dijetDeltaPhiWithCut"	&Dir=default&Lazy	 CentBin JetBin
*AliJTH1D	h_responseInfo	"h_responseInfo"	&Lazy&Single	 1
*AliJTH1D	h_jetResponseDeltaR	"h_jetResponseDeltaR"	&Lazy&Single	 1
*AliJTH1D	h_jetResponseDeltaRClosest	"h_jetResponseDeltaRClosest"	&Lazy&Single	 1
*AliJTH1D	h_jetResponseDeltaPt	"h_jetResponseDeltaPt"	&Lazy&Single	 1
*AliJTH1D	h_jetDeltaRMin	"h_jetDeltaRMin"	&Dir=default&Lazy	 CentBin JetBin
*AliJTH1D	h_jetBGSubtrDeltaR	"h_jetBGSubtrDeltaR"	&Dir=default&Lazy	 CentBin
*AliJTH2D	h_jetResponse	"h_jetResponse"	&Lazy&Single	 1
*AliJTH2D	h_jetResponse_ALICE	"h_jetResponse_ALICE"	&Lazy&Single	 1
*AliJTH2D	h_deltaPtResponse	"h_deltaPtResponse"	&Lazy&Single	 1
*AliJTH2D	h_deltaPtResponse_ALICE	"h_deltaPtResponse_ALICE"	&Lazy&Single	 1
*AliJTH2D	h_deltaPtResponseEvery	"h_deltaPtResponseEvery"	&Lazy&Single	 1
*AliJTH2D	h_deltaPtResponseEvery_ALICE	"h_deltaPtResponseEvery_ALICE"	&Lazy&Single	 1
*AliJTH2D	h_dijetResponse	"h_dijetResponse"	&Lazy&Single	 1
*AliJTH2D	h_dijetResponseDeltaPhiCut	"h_dijetResponseDeltaPhiCut"	&Lazy&Single	 1

============= Settings =============
cent bin:                   0
particle eta cut:           0.9
particle pt cut:            0.15
jet cone size:              0.4
kt-jet cone size:           0.4
Using pion mass in kt-jets: 0.0
Using DeltaPhi in BG subtr: 1.0
Using kt-jet scheme:        pt_scheme
jet costituent cut:         5.0
dijet leading pt cut:       20.0
dijet subleading pt cut:    20.0
dijet DeltaPhi cut:         pi/2.0
tracking inefficiency:      0.0

Let's start

 --------  PYTHIA Info Listing  ---------------------------------------- 
 
 Beam A: id =   2212, pz =  2.510e+03, e =  2.510e+03, m =  9.383e-01.
 Beam B: id =   2212, pz = -2.510e+03, e =  2.510e+03, m =  9.383e-01.

 In 1: id =    3, x =  5.389e-01, pdf =  1.274e-03 at Q2 =  1.868e+02.
 In 2: id =   21, x =  5.931e-05, pdf =  7.900e+01 at same Q2.

 Subprocess q g -> q g with code 113 is 2 -> 2.
 It has sHat =  8.054e+02,    tHat = -2.943e+02,    uHat = -5.110e+02,
       pTHat =  1.366e+01,   m3Hat =  5.000e-01,   m4Hat =  0.000e+00,
    thetaHat =  1.298e+00,  phiHat =  2.989e+00.
     alphaEM =  7.653e-03,  alphaS =  1.860e-01    at Q2 =  1.868e+02.

 Impact parameter b =  1.175e+00 gives enhancement factor =  3.547e-01.
 Max pT scale for MPI =  1.367e+01, ISR =  1.367e+01, FSR =  1.367e+01.
 Number of MPI =     1, ISR =     2, FSRproc =     6, FSRreson =     0.

 --------  End PYTHIA Info Listing  ------------------------------------

 --------  PYTHIA Event Listing  (hard process)  -----------------------------------------------------------------------------------
 
    no        id   name            status     mothers   daughters     colours      p_x        p_y        p_z         e          m 
     0        90   (system)           -11     0     0     0     0     0     0      0.000      0.000      0.000   5020.000   5020.000
     1      2212   (p+)               -12     0     0     3     0     0     0      0.000      0.000   2510.000   2510.000      0.938
     2      2212   (p+)               -12     0     0     4     0     0     0      0.000      0.000  -2510.000   2510.000      0.938
     3         3   (s)                -21     1     0     5     6   101     0      0.000      0.000   1352.569   1352.569      0.000
     4        21   (g)                -21     2     0     5     6   102   101      0.000      0.000     -0.149      0.149      0.000
     5         3   s                   23     3     4     0     0   103     0    -13.503      2.078    858.338    858.447      0.500
     6        21   g                   23     3     4     0     0   102   103     13.503     -2.078    494.083    494.272      0.000
                                   Charge sum: -0.333           Momentum sum:      0.000      0.000   1352.420   1352.718     28.379

 --------  End PYTHIA Event Listing  -----------------------------------------------------------------------------------------------

 --------  PYTHIA Event Listing  (complete event)  ---------------------------------------------------------------------------------
 
    no        id   name            status     mothers   daughters     colours      p_x        p_y        p_z         e          m 
     0        90   (system)           -11     0     0     0     0     0     0      0.000      0.000      0.000   5020.000   5020.000
     1      2212   (p+)               -12     0     0    40     0     0     0      0.000      0.000   2510.000   2510.000      0.938
     2      2212   (p+)               -12     0     0    41     0     0     0      0.000      0.000  -2510.000   2510.000      0.938
     3         3   (s)                -21     7     7     5     6   101     0      0.000      0.000   1352.569   1352.569      0.000
     4        21   (g)                -21     8     0     5     6   102   101      0.000      0.000     -0.149      0.149      0.000
     5         3   (s)                -23     3     4     9     9   103     0    -13.503      2.078    858.338    858.447      0.500
     6        21   (g)                -23     3     4    10    10   102   103     13.503     -2.078    494.083    494.272      0.000
     7         3   (s)                -42    24    24     3     3   101     0     -0.000     -0.000   1352.569   1352.569      0.000
     8        21   (g)                -41    17    17    11     4   102   104      0.000      0.000     -2.546      2.546      0.000
     9         3   (s)                -44     5     5    14    14   103     0    -13.817     -1.381    791.762    791.884      0.500
    10        21   (g)                -44     6     6    12    13   102   103     12.958     -8.079    551.162    551.373      0.000
    11        21   (g)                -43     8     0    15    16   101   104      0.859      9.460      7.099     11.859      0.000
    12        21   (g)                -51    10     0    23    23   102   105     11.836     -3.608    375.050    375.254      0.000
    13        21   (g)                -51    10     0    21    22   105   103     -2.393     -4.821    377.269    377.308      0.000
    14         3   (s)                -52     9     9    26    26   103     0    -10.303     -1.031    590.604    590.695      0.500
    15        21   (g)                -51    11     0    28    28   101   106      1.632      8.865      3.893      9.819      0.000
    16        21   (g)                -51    11     0    18    19   106   104     -0.773      0.595      2.532      2.714      0.000
    17        21   (g)                -53    20    20     8     8   102   104      0.000      0.000     -3.220      3.220      0.000
    18        21   (g)                -51    16     0    30    30   106   107     -0.810      1.430      1.554      2.261      0.000
    19        21   (g)                -51    16     0    31    31   107   104      0.037     -0.834      0.472      0.959      0.000
    20        21   (g)                -53    25     0    17    17   102   104      0.000      0.000     -3.727      3.727      0.000
    21        21   (g)                -51    13     0    29    29   108   103     -2.490     -4.348    298.029    298.071      0.000
    22        21   (g)                -51    13     0    32    32   105   108      0.506     -0.597     92.197     92.201      0.000
    23        21   (g)                -52    12    12    27    27   102   105     11.427     -3.483    362.093    362.290      0.000
    24         3   (s)                -42    40    40     7     7   101     0     -0.000     -0.000   1352.569   1352.569      0.000
    25        21   (g)                -41    41    41    33    20   102   109      0.000      0.000    -44.697     44.697      0.000
    26         3   (s)                -44    14    14    42    42   103     0    -10.300     -1.022    590.131    590.222      0.500
    27        21   (g)                -44    23    23    39    39   102   105     11.434     -3.463    362.110    362.307      0.000
    28        21   (g)                -44    15    15    44    44   101   106      1.832      9.471      4.890     10.816      0.000
    29        21   (g)                -44    21    21    45    45   108   103     -2.488     -4.344    297.490    297.532      0.000
    30        21   (g)                -44    18    18    34    35   106   107     -0.786      1.502      1.677      2.384      0.000
    31        21   (g)                -44    19    19    36    36   107   104      0.053     -0.784      0.390      0.878      0.000
    32        21   (g)                -44    22    22    37    38   105   108      0.506     -0.597     92.150     92.153      0.000
    33        21   (g)                -43    25     0    49    49   104   109     -0.251     -0.763    -40.967     40.974      0.000
    34        21   (g)                -51    30     0    46    46   106   111      0.183      0.939      0.806      1.250      0.000
    35        21   (g)                -51    30     0    50    50   111   107     -0.952      0.315      0.995      1.413      0.000
    36        21   (g)                -52    31    31    47    47   107   104      0.036     -0.535      0.267      0.599      0.000
    37        21   (g)                -51    32     0    48    48   112   108      0.646     -0.085     87.055     87.057      0.000
    38        21   (g)                -51    32     0    51    51   105   112      1.207     -0.920     47.776     47.800      0.000
    39        21   (g)                -52    27    27    43    43   102   105     10.086     -3.055    319.429    319.603      0.000
    40         3   (s)                -61     1     0    24    24   101     0      0.216     -1.041   1352.573   1352.573      0.000
    41        21   (g)                -61     2     0    25    25   102   109      0.297     -2.008    -44.675     44.721      0.000
    42         3   (s)                -62    26    26    58    58   103     0    -10.205     -1.478    590.122    590.212      0.500
    43        21   (g)                -62    39    39    62    62   102   105     10.138     -3.305    319.530    319.708      0.000
    44        21   (g)                -62    28    28    69    69   101   106      1.853      9.332      4.689     10.607      0.000
    45        21   (g)                -62    29    29    59    59   108   103     -2.440     -4.574    297.578    297.623      0.000
    46        21   (g)                -62    34    34    68    68   106   111      0.185      0.928      0.786      1.230      0.000
    47        21   (g)                -62    36    36    66    66   107   104      0.038     -0.543      0.279      0.612      0.000
    48        21   (g)                -62    37    37    60    60   112   108      0.660     -0.152     87.059     87.062      0.000
    49        21   (g)                -62    33    33    65    65   104   109      0.020     -2.604    -40.930     41.013      0.000
    50        21   (g)                -62    35    35    67    67   111   107     -0.950      0.304      0.985      1.402      0.000
    51        21   (g)                -62    38    38    61    61   105   112      1.215     -0.957     47.800     47.825      0.000
    52      2103   (ud_1)             -63     1     0    70    70     0   101      0.013      0.560   1074.239   1074.239      0.771
    53         2   (u)                -63     1     0    57    57   115     0     -0.378      0.370     57.949     57.952      0.330
    54        -3   (sbar)             -63     1     0    57    57     0   115      0.149      0.111     25.211     25.216      0.500
    55         2   (u)                -63     2     0    64    64   109     0      0.068      1.150   -424.721    424.722      0.330
    56      2101   (ud_0)             -63     2     0    63    63     0   102     -0.365      0.858  -2040.575   2040.576      0.579
    57       321   K+                  81    53    54     0     0     0     0     -0.229      0.481     83.164     83.167      0.494
    58         3   (s)                -72    42    42    97   124   103     0    -10.205     -1.478    590.121    590.211      0.500
    59        21   (g)                -72    45    45    97   124   108   103     -2.440     -4.574    297.578    297.623      0.000
    60        21   (g)                -72    48    48    97   124   112   108      0.660     -0.152     87.059     87.062      0.000
    61        21   (g)                -72    51    51    97   124   105   112      1.215     -0.957     47.800     47.825      0.000
    62        21   (g)                -72    43    43    97   124   102   105     10.138     -3.305    319.530    319.708      0.000
    63      2101   (ud_0)             -72    56    56    97   124     0   102     -0.365      0.858  -2040.578   2040.579      0.579
    64         2   (u)                -71    55    55    71    96   109     0      0.068      1.150   -424.721    424.722      0.330
    65        21   (g)                -71    49    49    71    96   104   109      0.020     -2.604    -40.930     41.013      0.000
    66        21   (g)                -71    47    47    71    96   107   104      0.038     -0.543      0.279      0.612      0.000
    67        21   (g)                -71    50    50    71    96   111   107     -0.950      0.304      0.985      1.402      0.000
    68        21   (g)                -71    46    46    71    96   106   111      0.185      0.928      0.786      1.230      0.000
    69        21   (g)                -71    44    44    71    96   101   106      1.853      9.332      4.689     10.607      0.000
    70      2103   (ud_1)             -71    52    52    71    96     0   101      0.013      0.560   1074.239   1074.239      0.771
    71       113   (rho0)             -83    64    70   125   126     0     0     -0.183      0.546   -129.876    129.880      0.773
    72       111   (pi0)              -83    64    70   159   160     0     0      0.505     -0.448    -90.379     90.381      0.135
    73       223   (omega)            -83    64    70   161   163     0     0     -0.295      0.667   -126.405    126.410      0.783
    74       211   pi+                 83    64    70     0     0     0     0      0.209      0.058    -10.062     10.065      0.140
    75      -213   (rho-)             -83    64    70   127   128     0     0     -0.143     -0.238    -44.556     44.570      1.042
    76       211   pi+                 83    64    70     0     0     0     0     -0.002      0.014     -3.775      3.777      0.140
    77       221   (eta)              -83    64    70   164   166     0     0     -0.361     -0.474    -15.319     15.340      0.548
    78      -211   pi-                 83    64    70     0     0     0     0      0.084     -0.492     -9.342      9.357      0.140
    79       113   (rho0)             -83    64    70   129   130     0     0      0.563      0.035    -14.474     14.498      0.612
    80       211   pi+                 83    64    70     0     0     0     0     -0.090     -0.207     -6.398      6.403      0.140
    81       113   (rho0)             -83    64    70   131   132     0     0     -0.144     -1.046    -10.022     10.120      0.932
    82       111   (pi0)              -83    64    70   167   168     0     0     -0.002      0.259     -1.072      1.111      0.135
    83      -211   pi-                 83    64    70     0     0     0     0      0.264     -0.111      0.138      0.347      0.140
    84       211   pi+                 84    64    70     0     0     0     0     -0.295     -0.166     -2.238      2.268      0.140
    85       113   (rho0)             -84    64    70   133   134     0     0     -0.588     -0.186     -1.055      1.858      1.400
    86      -213   (rho-)             -84    64    70   135   136     0     0      0.147      0.555     -0.068      0.970      0.779
    87       111   (pi0)              -84    64    70   169   170     0     0     -0.114      0.713     -0.080      0.739      0.135
    88       223   (omega)            -84    64    70   171   173     0     0      0.842      2.115      1.131      2.661      0.785
    89      2212   p+                  84    64    70     0     0     0     0     -0.148      1.514      2.143      2.791      0.938
    90     -2212   pbar-               84    64    70     0     0     0     0      1.027      4.242      2.601      5.166      0.938
    91      3222   Sigma+              84    64    70     0     0     0     0     -0.034      1.394      2.613      3.192      1.189
    92      -211   pi-                 84    64    70     0     0     0     0      0.090     -0.501      4.658      4.688      0.140
    93     -3212   (Sigmabar0)        -84    64    70   174   175     0     0     -0.125      0.498     14.313     14.372      1.193
    94       213   (rho+)             -84    64    70   137   138     0     0      0.188     -0.711     59.816     59.827      0.887
    95      -211   pi-                 84    64    70     0     0     0     0     -0.197      0.538    299.693    299.693      0.140
    96      2214   (Delta+)           -84    64    70   139   140     0     0      0.026      0.559    693.340    693.341      1.218
    97      -311   (Kbar0)            -83    58    63   141   141     0     0     -5.111     -0.540    276.973    277.021      0.498
    98       313   (K*0)              -83    58    63   142   143     0     0     -4.151     -1.047    284.521    284.554      0.857
    99      -321   K-                  83    58    63     0     0     0     0     -1.557     -1.027     87.927     87.948      0.494
   100      2224   (Delta++)          -83    58    63   144   145     0     0     -1.239     -2.604    217.800    217.823      1.389
   101      -211   pi-                 83    58    63     0     0     0     0      0.173     -0.337     19.689     19.693      0.140
   102     -2212   pbar-               83    58    63     0     0     0     0      0.450     -1.251     96.520     96.534      0.938
   103      2112   n0                  83    58    63     0     0     0     0      2.792     -1.017     87.575     87.631      0.940
   104       111   (pi0)              -83    58    63   176   177     0     0      0.967     -0.090     37.238     37.251      0.135
   105     -2114   (Deltabar0)        -83    58    63   146   147     0     0      3.378     -1.255    121.007    121.071      1.521
   106       211   pi+                 83    58    63     0     0     0     0      1.356     -0.577     32.273     32.307      0.140
   107      2112   n0                  83    58    63     0     0     0     0      0.419     -0.216     28.181     28.200      0.940
   108     -2112   nbar0               83    58    63     0     0     0     0      1.432     -0.089     20.720     20.791      0.940
   109      -211   pi-                 83    58    63     0     0     0     0      0.013     -0.275     18.881     18.883      0.140
   110       211   pi+                 83    58    63     0     0     0     0      0.472     -0.189      2.531      2.585      0.140
   111      -213   (rho-)             -83    58    63   148   149     0     0     -0.538     -0.340      3.968      4.115      0.885
   112       211   pi+                 83    58    63     0     0     0     0      0.406      0.051      3.008      3.039      0.140
   113      3114   (Sigma*-)          -84    58    63   150   151     0     0      0.436      0.200      1.968      2.445      1.369
   114     -3122   Lambdabar0          84    58    63     0     0     0     0     -0.299      0.410     -0.775      1.450      1.116
   115      2224   (Delta++)          -84    58    63   152   153     0     0     -0.067     -0.524     -0.432      1.379      1.199
   116      -211   pi-                 84    58    63     0     0     0     0     -0.028      0.155     -2.364      2.373      0.140
   117     -2112   nbar0               84    58    63     0     0     0     0     -0.310      0.098     -6.705      6.779      0.940
   118      -211   pi-                 84    58    63     0     0     0     0      0.191      0.060     -0.499      0.556      0.140
   119       213   (rho+)             -84    58    63   154   155     0     0     -0.302     -0.057     -4.484      4.557      0.753
   120       311   (K0)               -84    58    63   156   156     0     0      0.375     -0.126    -37.115     37.120      0.498
   121       333   (phi)              -84    58    63   178   180     0     0     -0.038      0.176   -119.206    119.211      1.014
   122      -311   (Kbar0)            -84    58    63   157   157     0     0      0.279      0.519   -151.092    151.094      0.498
   123       111   (pi0)              -84    58    63   181   182     0     0     -0.737     -0.460   -386.030    386.031      0.135
   124      2112   n0                  84    58    63     0     0     0     0      0.241      0.741  -1330.566   1330.566      0.940
   125       211   pi+                 91    71     0     0     0     0     0     -0.131      0.239   -111.445    111.445      0.140
   126      -211   pi-                 91    71     0     0     0     0     0     -0.052      0.307    -18.431     18.435      0.140
   127      -211   pi-                 91    75     0     0     0     0     0     -0.204      0.274     -7.366      7.376      0.140
   128       111   (pi0)              -91    75     0   183   184     0     0      0.061     -0.512    -37.190     37.194      0.135
   129       211   pi+                 91    79     0     0     0     0     0      0.399     -0.064     -4.317      4.339      0.140
   130      -211   pi-                 91    79     0     0     0     0     0      0.164      0.099    -10.157     10.160      0.140
   131       211   pi+                 91    81     0     0     0     0     0     -0.108     -0.445     -7.789      7.803      0.140
   132      -211   pi-                 91    81     0     0     0     0     0     -0.036     -0.600     -2.233      2.317      0.140
   133       211   pi+                 91    85     0     0     0     0     0     -0.073     -0.705     -0.257      0.767      0.140
   134      -211   pi-                 91    85     0     0     0     0     0     -0.514      0.519     -0.799      1.091      0.140
   135      -211   pi-                 91    86     0     0     0     0     0      0.047     -0.049      0.229      0.277      0.140
   136       111   (pi0)              -91    86     0   185   186     0     0      0.100      0.604     -0.297      0.694      0.135
   137       211   pi+                 91    94     0     0     0     0     0      0.297     -0.632     57.094     57.099      0.140
   138       111   (pi0)              -91    94     0   187   188     0     0     -0.109     -0.079      2.722      2.728      0.135
   139      2212   p+                  91    96     0     0     0     0     0     -0.147      0.591    584.087    584.088      0.938
   140       111   (pi0)              -91    96     0   189   190     0     0      0.174     -0.032    109.253    109.253      0.135
   141       130   K_L0                91    97    97     0     0     0     0     -5.111     -0.540    276.973    277.021      0.498
   142       311   (K0)               -91    98     0   158   158     0     0     -2.903     -0.581    182.065    182.089      0.498
   143       111   (pi0)              -91    98     0   191   192     0     0     -1.249     -0.465    102.456    102.465      0.135
   144      2212   p+                  91   100     0     0     0     0     0     -0.791     -1.542    157.630    157.642      0.938
   145       211   pi+                 91   100     0     0     0     0     0     -0.448     -1.062     60.170     60.181      0.140
   146     -2212   pbar-               91   105     0     0     0     0     0      3.188     -1.420    109.716    109.776      0.938
   147       211   pi+                 91   105     0     0     0     0     0      0.189      0.166     11.291     11.295      0.140
   148      -211   pi-                 91   111     0     0     0     0     0     -0.298      0.169      2.645      2.671      0.140
   149       111   (pi0)              -91   111     0   193   194     0     0     -0.240     -0.509      1.323      1.444      0.135
   150      3122   Lambda0             91   113     0     0     0     0     0      0.555      0.127      1.731      2.137      1.116
   151      -211   pi-                 91   113     0     0     0     0     0     -0.119      0.073      0.237      0.308      0.140
   152      2212   p+                  91   115     0     0     0     0     0     -0.228     -0.344     -0.393      1.098      0.938
   153       211   pi+                 91   115     0     0     0     0     0      0.161     -0.179     -0.039      0.281      0.140
   154       211   pi+                 91   119     0     0     0     0     0      0.020     -0.263     -3.119      3.134      0.140
   155       111   (pi0)              -91   119     0   195   196     0     0     -0.322      0.206     -1.365      1.424      0.135
   156       130   K_L0                91   120   120     0     0     0     0      0.375     -0.126    -37.115     37.120      0.498
   157       310   K_S0                91   122   122     0     0     0     0      0.279      0.519   -151.092    151.094      0.498
   158       130   K_L0                91   142   142     0     0     0     0     -2.903     -0.581    182.065    182.089      0.498
   159        22   gamma               91    72     0     0     0     0     0      0.328     -0.224    -46.715     46.717      0.000
   160        22   gamma               91    72     0     0     0     0     0      0.177     -0.225    -43.664     43.665      0.000
   161       211   pi+                 91    73     0     0     0     0     0     -0.089     -0.083    -13.340     13.341      0.140
   162      -211   pi-                 91    73     0     0     0     0     0     -0.155      0.205    -38.483     38.484      0.140
   163       111   (pi0)              -91    73     0   197   198     0     0     -0.050      0.545    -74.583     74.585      0.135
   164       111   (pi0)              -91    77     0   199   200     0     0     -0.108     -0.169     -3.066      3.076      0.135
   165       111   (pi0)              -91    77     0   201   203     0     0     -0.169     -0.060     -3.650      3.656      0.135
   166       111   (pi0)              -91    77     0   204   205     0     0     -0.084     -0.245     -8.603      8.608      0.135
   167        22   gamma               91    82     0     0     0     0     0      0.034      0.072     -0.544      0.549      0.000
   168        22   gamma               91    82     0     0     0     0     0     -0.036      0.187     -0.528      0.561      0.000
   169        22   gamma               91    87     0     0     0     0     0     -0.027      0.412     -0.101      0.425      0.000
   170        22   gamma               91    87     0     0     0     0     0     -0.087      0.301      0.021      0.314      0.000
   171       211   pi+                 91    88     0     0     0     0     0      0.286      0.935      0.212      1.010      0.140
   172      -211   pi-                 91    88     0     0     0     0     0      0.285      0.293      0.256      0.502      0.140
   173       111   (pi0)              -91    88     0   206   207     0     0      0.271      0.887      0.663      1.148      0.135
   174     -3122   Lambdabar0          91    93     0     0     0     0     0     -0.059      0.416     13.330     13.383      1.116
   175        22   gamma               91    93     0     0     0     0     0     -0.066      0.082      0.984      0.989      0.000
   176        22   gamma               91   104     0     0     0     0     0      0.144     -0.051      4.715      4.718      0.000
   177        22   gamma               91   104     0     0     0     0     0      0.824     -0.040     32.523     32.533      0.000
   178       211   pi+                 91   121     0     0     0     0     0      0.166      0.201    -49.655     49.656      0.140
   179      -211   pi-                 91   121     0     0     0     0     0      0.181     -0.013    -12.489     12.491      0.140
   180       111   (pi0)              -91   121     0   208   209     0     0     -0.385     -0.011    -57.062     57.064      0.135
   181        22   gamma               91   123     0     0     0     0     0     -0.544     -0.285   -251.798    251.798      0.000
   182        22   gamma               91   123     0     0     0     0     0     -0.194     -0.175   -134.233    134.233      0.000
   183        22   gamma               91   128     0     0     0     0     0     -0.033     -0.228    -18.328     18.330      0.000
   184        22   gamma               91   128     0     0     0     0     0      0.094     -0.284    -18.862     18.864      0.000
   185        22   gamma               91   136     0     0     0     0     0      0.026      0.226     -0.041      0.231      0.000
   186        22   gamma               91   136     0     0     0     0     0      0.075      0.378     -0.256      0.462      0.000
   187        22   gamma               91   138     0     0     0     0     0     -0.111     -0.112      2.289      2.294      0.000
   188        22   gamma               91   138     0     0     0     0     0      0.002      0.033      0.433      0.435      0.000
   189        22   gamma               91   140     0     0     0     0     0      0.046      0.052     34.134     34.134      0.000
   190        22   gamma               91   140     0     0     0     0     0      0.127     -0.084     75.119     75.119      0.000
   191        22   gamma               91   143     0     0     0     0     0     -0.095     -0.064      6.966      6.967      0.000
   192        22   gamma               91   143     0     0     0     0     0     -1.154     -0.401     95.490     95.498      0.000
   193        22   gamma               91   149     0     0     0     0     0     -0.168     -0.408      0.886      0.990      0.000
   194        22   gamma               91   149     0     0     0     0     0     -0.072     -0.101      0.437      0.454      0.000
   195        22   gamma               91   155     0     0     0     0     0     -0.201      0.090     -0.972      0.997      0.000
   196        22   gamma               91   155     0     0     0     0     0     -0.121      0.116     -0.392      0.427      0.000
   197        22   gamma               91   163     0     0     0     0     0      0.009      0.360    -41.580     41.582      0.000
   198        22   gamma               91   163     0     0     0     0     0     -0.059      0.185    -33.003     33.003      0.000
   199        22   gamma               91   164     0     0     0     0     0     -0.015     -0.036     -0.151      0.156      0.000
   200        22   gamma               91   164     0     0     0     0     0     -0.094     -0.133     -2.916      2.920      0.000
   201        22   gamma               91   165     0     0     0     0     0     -0.084      0.040     -1.373      1.376      0.000
   202        11   e-                  91   165     0     0     0     0     0     -0.036     -0.042     -0.961      0.963      0.001
   203       -11   e+                  91   165     0     0     0     0     0     -0.049     -0.057     -1.316      1.318      0.001
   204        22   gamma               91   166     0     0     0     0     0     -0.117     -0.215     -6.802      6.807      0.000
   205        22   gamma               91   166     0     0     0     0     0      0.033     -0.030     -1.800      1.801      0.000
   206        22   gamma               91   173     0     0     0     0     0      0.071      0.386      0.339      0.518      0.000
   207        22   gamma               91   173     0     0     0     0     0      0.201      0.502      0.324      0.630      0.000
   208        22   gamma               91   180     0     0     0     0     0     -0.113      0.058    -16.191     16.191      0.000
   209        22   gamma               91   180     0     0     0     0     0     -0.273     -0.069    -40.871     40.872      0.000
                                   Charge sum:  2.000           Momentum sum:     -0.000     -0.000     -0.000   5020.000   5020.000

 --------  End PYTHIA Event Listing  -----------------------------------------------------------------------------------------------
0	0%, nTried:2, nTrial:2, sigma:0.105
#--------------------------------------------------------------------------
#                         FastJet release 3.2.1
#                 M. Cacciari, G.P. Salam and G. Soyez                  
#     A software package for jet finding and analysis at colliders      
#                           http://fastjet.fr                           
#	                                                                      
# Please cite EPJC72(2012)1896 [arXiv:1111.6097] if you use this package
# for scientific work and optionally PLB641(2006)57 [hep-ph/0512210].   
#                                                                       
# FastJet is provided without warranty under the terms of the GNU GPLv2.
# It uses T. Chan's closest pair algorithm, S. Fortune's Voronoi code,
# CGAL and 3rd party plugin jet algorithms. See COPYING file for details.
#--------------------------------------------------------------------------
 PYTHIA Warning in StringFragmentation::fragmentToJunction: bad convergence junction rest frame  
 PYTHIA Error in StringFragmentation::fragment: stuck in joining  
 PYTHIA Error in Pythia::next: hadronLevel failed; try again  

 Pythia::next(): 1000 events have been generated 

 Pythia::next(): 2000 events have been generated 

 Pythia::next(): 3000 events have been generated 

 Pythia::next(): 4000 events have been generated 

 Pythia::next(): 5000 events have been generated 
5000	5%, nTried:26922, nTrial:15, sigma:1.517

 Pythia::next(): 6000 events have been generated 
 PYTHIA Error in SpaceShower::pT2nearThreshold: stuck in loop  

 Pythia::next(): 7000 events have been generated 
 PYTHIA Warning in Pythia::check: not quite matched particle energy/momentum/mass  

 Pythia::next(): 8000 events have been generated 
 PYTHIA Warning in SpaceShower::pT2nextQCD: weight above unity  
 PYTHIA Warning in MultipartonInteractions::pTnext: weight above unity  

 Pythia::next(): 9000 events have been generated 
 PYTHIA Error in StringFragmentation::fragmentToJunction: caught in junction flavour loop  

 Pythia::next(): 10000 events have been generated 
10000	10%, nTried:53730, nTrial:3, sigma:1.512

 Pythia::next(): 11000 events have been generated 

 Pythia::next(): 12000 events have been generated 

 Pythia::next(): 13000 events have been generated 

 Pythia::next(): 14000 events have been generated 

 Pythia::next(): 15000 events have been generated 
15000	15%, nTried:81935, nTrial:1, sigma:1.497

 Pythia::next(): 16000 events have been generated 

 Pythia::next(): 17000 events have been generated 

 Pythia::next(): 18000 events have been generated 

 Pythia::next(): 19000 events have been generated 

 Pythia::next(): 20000 events have been generated 
20000	20%, nTried:108612, nTrial:6, sigma:1.505

 Pythia::next(): 21000 events have been generated 

 Pythia::next(): 22000 events have been generated 

 Pythia::next(): 23000 events have been generated 

 Pythia::next(): 24000 events have been generated 

 Pythia::next(): 25000 events have been generated 
25000	25%, nTried:136042, nTrial:33, sigma:1.500

 Pythia::next(): 26000 events have been generated 
 PYTHIA Warning in TauDecays::decay: unknown correlated tau production, assuming from unpolarized photon  

 Pythia::next(): 27000 events have been generated 

 Pythia::next(): 28000 events have been generated 

 Pythia::next(): 29000 events have been generated 

 Pythia::next(): 30000 events have been generated 
30000	30%, nTried:163458, nTrial:2, sigma:1.502

 Pythia::next(): 31000 events have been generated 

 Pythia::next(): 32000 events have been generated 

 Pythia::next(): 33000 events have been generated 

 Pythia::next(): 34000 events have been generated 

 Pythia::next(): 35000 events have been generated 
35000	35%, nTried:190840, nTrial:1, sigma:1.503

 Pythia::next(): 36000 events have been generated 

 Pythia::next(): 37000 events have been generated 

 Pythia::next(): 38000 events have been generated 

 Pythia::next(): 39000 events have been generated 

 Pythia::next(): 40000 events have been generated 
40000	40%, nTried:218544, nTrial:13, sigma:1.501

 Pythia::next(): 41000 events have been generated 

 Pythia::next(): 42000 events have been generated 

 Pythia::next(): 43000 events have been generated 

 Pythia::next(): 44000 events have been generated 

 Pythia::next(): 45000 events have been generated 
45000	45%, nTried:245266, nTrial:1, sigma:1.502

 Pythia::next(): 46000 events have been generated 

 Pythia::next(): 47000 events have been generated 

 Pythia::next(): 48000 events have been generated 

 Pythia::next(): 49000 events have been generated 

 Pythia::next(): 50000 events have been generated 
50000	50%, nTried:272794, nTrial:8, sigma:1.500

 Pythia::next(): 51000 events have been generated 

 Pythia::next(): 52000 events have been generated 

 Pythia::next(): 53000 events have been generated 

 Pythia::next(): 54000 events have been generated 

 Pythia::next(): 55000 events have been generated 
55000	55%, nTried:300402, nTrial:3, sigma:1.500

 Pythia::next(): 56000 events have been generated 

 Pythia::next(): 57000 events have been generated 

 Pythia::next(): 58000 events have been generated 

 Pythia::next(): 59000 events have been generated 

 Pythia::next(): 60000 events have been generated 
60000	60%, nTried:327839, nTrial:29, sigma:1.499

 Pythia::next(): 61000 events have been generated 

 Pythia::next(): 62000 events have been generated 

 Pythia::next(): 63000 events have been generated 

 Pythia::next(): 64000 events have been generated 

 Pythia::next(): 65000 events have been generated 
65000	65%, nTried:354488, nTrial:8, sigma:1.500

 Pythia::next(): 66000 events have been generated 

 Pythia::next(): 67000 events have been generated 

 Pythia::next(): 68000 events have been generated 

 Pythia::next(): 69000 events have been generated 

 Pythia::next(): 70000 events have been generated 
70000	70%, nTried:381571, nTrial:1, sigma:1.500

 Pythia::next(): 71000 events have been generated 

 Pythia::next(): 72000 events have been generated 

 Pythia::next(): 73000 events have been generated 

 Pythia::next(): 74000 events have been generated 
 PYTHIA Warning in Pythia::check: energy-momentum not quite conserved  

 Pythia::next(): 75000 events have been generated 
75000	75%, nTried:407968, nTrial:13, sigma:1.501

 Pythia::next(): 76000 events have been generated 

 Pythia::next(): 77000 events have been generated 

 Pythia::next(): 78000 events have been generated 

 Pythia::next(): 79000 events have been generated 

 Pythia::next(): 80000 events have been generated 
80000	80%, nTried:435398, nTrial:6, sigma:1.501

 Pythia::next(): 81000 events have been generated 

 Pythia::next(): 82000 events have been generated 

 Pythia::next(): 83000 events have been generated 

 Pythia::next(): 84000 events have been generated 

 Pythia::next(): 85000 events have been generated 
85000	85%, nTried:462896, nTrial:5, sigma:1.500

 Pythia::next(): 86000 events have been generated 

 Pythia::next(): 87000 events have been generated 

 Pythia::next(): 88000 events have been generated 

 Pythia::next(): 89000 events have been generated 

 Pythia::next(): 90000 events have been generated 
90000	90%, nTried:489576, nTrial:14, sigma:1.499

 Pythia::next(): 91000 events have been generated 

 Pythia::next(): 92000 events have been generated 

 Pythia::next(): 93000 events have been generated 

 Pythia::next(): 94000 events have been generated 

 Pythia::next(): 95000 events have been generated 
95000	95%, nTried:516994, nTrial:5, sigma:1.499

 Pythia::next(): 96000 events have been generated 

 Pythia::next(): 97000 events have been generated 

 Pythia::next(): 98000 events have been generated 

 Pythia::next(): 99000 events have been generated 
100000	100%, nTried:544322, sigma:1.499
nTried after loop:544322
sigma after loop:1.499
100000 events are analyzed successfully.
Real time 0:25:01, CP time 1500.880
