
 *------------------------------------------------------------------------------------* 
 |                                                                                    | 
 |  *------------------------------------------------------------------------------*  | 
 |  |                                                                              |  | 
 |  |                                                                              |  | 
 |  |   PPP   Y   Y  TTTTT  H   H  III    A      Welcome to the Lund Monte Carlo!  |  | 
 |  |   P  P   Y Y     T    H   H   I    A A     This is PYTHIA version 8.226      |  | 
 |  |   PPP     Y      T    HHHHH   I   AAAAA    Last date of change: 26 Apr 2017  |  | 
 |  |   P       Y      T    H   H   I   A   A                                      |  | 
 |  |   P       Y      T    H   H  III  A   A    Now is 22 Oct 2020 at 19:32:19    |  | 
 |  |                                                                              |  | 
 |  |   Torbjorn Sjostrand;  Department of Astronomy and Theoretical Physics,      |  | 
 |  |      Lund University, Solvegatan 14A, SE-223 62 Lund, Sweden;                |  | 
 |  |      e-mail: torbjorn@thep.lu.se                                             |  | 
 |  |   Nishita Desai;  Laboratoire Charles Coulomb (L2C),                         |  | 
 |  |      CNRS-Universite de Montpellier, 34090 Montpellier, France;              |  | 
 |  |      e-mail: nishita.desai@umontpellier.fr                                   |  | 
 |  |   Nadine Fischer;  School of Physics,                                        |  | 
 |  |      Monash University, PO Box 27, 3800 Melbourne, Australia;                |  | 
 |  |      e-mail: nadine.fischer@monash.edu                                       |  | 
 |  |   Ilkka Helenius;  Institute for Theoretical Physics,                        |  | 
 |  |     Tuebingen University, Auf der Morgenstelle 14, 72076 Tuebingen, Germany; |  | 
 |  |      e-mail: ilkka.helenius@uni-tuebingen.de                                 |  | 
 |  |   Philip Ilten;  Massachusetts Institute of Technology,                      |  | 
 |  |      77 Massachusetts Ave, Cambridge, MA 02139, USA;                         |  | 
 |  |      e-mail: philten@cern.ch                                                 |  | 
 |  |   Leif Lonnblad;  Department of Astronomy and Theoretical Physics,           |  | 
 |  |      Lund University, Solvegatan 14A, SE-223 62 Lund, Sweden;                |  | 
 |  |      e-mail: leif.lonnblad@thep.lu.se                                        |  | 
 |  |   Stephen Mrenna;  Computing Division, Simulations Group,                    |  | 
 |  |      Fermi National Accelerator Laboratory, MS 234, Batavia, IL 60510, USA;  |  | 
 |  |      e-mail: mrenna@fnal.gov                                                 |  | 
 |  |   Stefan Prestel;  Theoretical Physics Department,                           |  | 
 |  |      Fermi National Accelerator Laboratory, MS 106, Batavia, IL 60510, USA;  |  | 
 |  |      e-mail: sprestel@fnal.gov                                               |  | 
 |  |   Christine O. Rasmussen;  Department of Astronomy and Theoretical Physics,  |  | 
 |  |      Lund University, Solvegatan 14A, SE-223 62 Lund, Sweden;                |  | 
 |  |      e-mail: christine.rasmussen@thep.lu.se                                  |  | 
 |  |   Peter Skands;  School of Physics,                                          |  | 
 |  |      Monash University, PO Box 27, 3800 Melbourne, Australia;                |  | 
 |  |      e-mail: peter.skands@monash.edu                                         |  | 
 |  |                                                                              |  | 
 |  |   The main program reference is 'An Introduction to PYTHIA 8.2',             |  | 
 |  |   T. Sjostrand et al, Comput. Phys. Commun. 191 (2015) 159                   |  | 
 |  |   [arXiv:1410.3012 [hep-ph]]                                                 |  | 
 |  |                                                                              |  | 
 |  |   The main physics reference is the 'PYTHIA 6.4 Physics and Manual',         |  | 
 |  |   T. Sjostrand, S. Mrenna and P. Skands, JHEP05 (2006) 026 [hep-ph/0603175]  |  | 
 |  |                                                                              |  | 
 |  |   An archive of program versions and documentation is found on the web:      |  | 
 |  |   http://www.thep.lu.se/Pythia                                               |  | 
 |  |                                                                              |  | 
 |  |   This program is released under the GNU General Public Licence version 2.   |  | 
 |  |   Please respect the MCnet Guidelines for Event Generator Authors and Users. |  | 
 |  |                                                                              |  | 
 |  |   Disclaimer: this program comes without any guarantees.                     |  | 
 |  |   Beware of errors and use common sense when interpreting results.           |  | 
 |  |                                                                              |  | 
 |  |   Copyright (C) 2017 Torbjorn Sjostrand                                      |  | 
 |  |                                                                              |  | 
 |  |                                                                              |  | 
 |  *------------------------------------------------------------------------------*  | 
 |                                                                                    | 
 *------------------------------------------------------------------------------------* 

 PYTHIA Error in Settings::flag: unknown key Main:showChangedParticleData
 PYTHIA Error in Settings::mode: unknown key Beams:eCM
Events=100000 RNDM seed 1002

 *-------  PYTHIA Process Initialization  --------------------------*
 |                                                                  |
 | We collide p+ with p+ at a CM energy of 5.020e+03 GeV            |
 |                                                                  |
 |------------------------------------------------------------------|
 |                                                    |             |
 | Subprocess                                    Code |   Estimated |
 |                                                    |    max (mb) |
 |                                                    |             |
 |------------------------------------------------------------------|
 |                                                    |             |
 | g g -> g g                                     111 |   3.032e-05 |
 | g g -> q qbar (uds)                            112 |   8.040e-07 |
 | q g -> q g                                     113 |   6.605e-05 |
 | q q(bar)' -> q q(bar)'                         114 |   1.109e-05 |
 | q qbar -> g g                                  115 |   1.866e-07 |
 | q qbar -> q' qbar' (uds)                       116 |   1.368e-07 |
 | g g -> c cbar                                  121 |   2.675e-07 |
 | q qbar -> c cbar                               122 |   4.559e-08 |
 | g g -> b bbar                                  123 |   2.675e-07 |
 | q qbar -> b bbar                               124 |   4.554e-08 |
 |                                                                  |
 *-------  End PYTHIA Process Initialization -----------------------*

 *-------  PYTHIA Multiparton Interactions Initialization  ---------* 
 |                                                                  | 
 |                   sigmaNonDiffractive =    48.03 mb              | 
 |                                                                  | 
 |    pT0 =  2.12 gives sigmaInteraction =   210.98 mb: accepted    | 
 |                                                                  | 
 *-------  End PYTHIA Multiparton Interactions Initialization  -----* 

 *-------  PYTHIA Flag + Mode + Parm + Word + FVec + MVec + PVec + WVec Settings (changes only)  ------------------* 
 |                                                                                                                 | 
 | Name                                          |                      Now |      Default         Min         Max | 
 |                                               |                          |                                      | 
 | Beams:eCM                                     |                 5020.000 |    14000.000    10.00000             | 
 | HardQCD:all                                   |                       on |          off                         | 
 | Main:numberOfEvents                           |                   100000 |         1000           0             | 
 | ParticleDecays:limitTau0                      |                       on |          off                         | 
 | PhaseSpace:mHatMin                            |                      0.0 |      4.00000         0.0             | 
 | PhaseSpace:pTHatMax                           |                191.00000 |     -1.00000                         | 
 | PhaseSpace:pTHatMin                           |                152.00000 |          0.0         0.0             | 
 | Random:seed                                   |                     1002 |           -1               900000000 | 
 | Random:setSeed                                |                       on |          off                         | 
 |                                                                                                                 | 
 *-------  End PYTHIA Flag + Mode + Parm + Word + FVec + MVec + PVec + WVec Settings  -----------------------------* 

 --------  PYTHIA Particle Data Table (changed only)  ------------------------------------------------------------------------------
 
      id   name            antiName         spn chg col      m0        mWidth      mMin       mMax       tau0    res dec ext vis wid
             no onMode   bRatio   meMode     products 

 no particle data has been changed from its default value 

 --------  End PYTHIA Particle Data Table  -----------------------------------------------------------------------------------------

============ AliJHistManager : AliJCDijetHistManagerjcdijet ===================

---- AliJBin ----
*AliJBin	CentBin	CentBin	"Cent:"	&mode=Single	0.000000 1.000000
*AliJBin	JetBin	JetBin	"Jet bin:"	&mode=Single	0.000000 1.000000 2.000000 3.000000 4.000000

---- AliJTH1 ----
*AliJTH1D	h_events	"h_events"	&Dir=default&Lazy	 CentBin
*AliJTH1D	h_eventSel	"h_eventSel"	&Lazy&Single	 1
*AliJTH1D	h_info	"h_info"	&Lazy&Single	 1
*AliJTH1D	h_centrality	"h_centrality"	&Lazy&Single	 1
*AliJTH1D	h_zvtx	"h_zvtx"	&Lazy&Single	 1
*AliJTH1D	h_nch	"h_nch"	&Dir=default&Lazy	 CentBin
*AliJTH1D	h_pt	"h_pt"	&Dir=default&Lazy	 CentBin
*AliJTH1D	h_ptPosEta	"h_ptPosEta"	&Dir=default&Lazy	 CentBin
*AliJTH1D	h_ptNegEta	"h_ptNegEta"	&Dir=default&Lazy	 CentBin
*AliJTH1D	h_eta	"h_eta"	&Dir=default&Lazy	 CentBin
*AliJTH1D	h_phi	"h_phi"	&Dir=default&Lazy	 CentBin
*AliJTH2D	h_etaPhi	"h_etaPhi"	&Dir=default&Lazy	 CentBin
*AliJTH1D	h_rho	"h_rho"	&Dir=default&Lazy	 CentBin
*AliJTH1D	h_rhoHighPt	"h_rhoHighPt"	&Dir=default&Lazy	 CentBin
*AliJTH1D	h_rhom	"h_rhom"	&Dir=default&Lazy	 CentBin
*AliJTH1D	h_rhomHighPt	"h_rhomHighPt"	&Dir=default&Lazy	 CentBin
*AliJTH1D	h_rhoLin	"h_rhoLin"	&Dir=default&Lazy	 CentBin
*AliJTH1D	h_rhoLinHighPt	"h_rhoLinHighPt"	&Dir=default&Lazy	 CentBin
*AliJTH1D	h_rhomLin	"h_rhomLin"	&Dir=default&Lazy	 CentBin
*AliJTH1D	h_rhomLinHighPt	"h_rhomLinHighPt"	&Dir=default&Lazy	 CentBin
*AliJTH1D	h_jetPt	"h_jetPt"	&Dir=default&Lazy	 CentBin JetBin
*AliJTH1D	h_jetPt_ALICE	"h_jetPt_ALICE"	&Dir=default&Lazy	 CentBin JetBin
*AliJTH1D	h_jetPtTransBGSub	"h_jetPtTransBGSub"	&Dir=default&Lazy	 CentBin JetBin
*AliJTH1D	h_jetN	"h_jetN"	&Dir=default&Lazy	 CentBin
*AliJTH1D	h_jetEta	"h_jetEta"	&Dir=default&Lazy	 CentBin JetBin
*AliJTH1D	h_jetPhi	"h_jetPhi"	&Dir=default&Lazy	 CentBin JetBin
*AliJTH2D	h_jetEtaPhi	"h_jetEtaPhi"	&Dir=default&Lazy	 CentBin JetBin
*AliJTH2D	h_randConeEtaPhi	"h_randConeEtaPhi"	&Dir=default&Lazy	 CentBin
*AliJTH1D	h_jetArea	"h_jetArea"	&Dir=default&Lazy	 CentBin JetBin
*AliJTH1D	h_jetAreaRho	"h_jetAreaRho"	&Dir=default&Lazy	 CentBin JetBin
*AliJTH1D	h_deltaPt	"h_deltaPt"	&Dir=default&Lazy	 CentBin
*AliJTH1D	h_maxJetptOverPtHard	"h_maxJetptOverPtHard"	&Dir=default&Lazy	 CentBin
*AliJTH1D	h_ptHard	"h_ptHard"	&Dir=default&Lazy	 CentBin
*AliJTH1D	h_dijetInvM	"h_dijetInvM"	&Dir=default&Lazy	 CentBin JetBin
*AliJTH1D	h_dijetPtPair	"h_dijetPtPair"	&Dir=default&Lazy	 CentBin JetBin
*AliJTH1D	h_dijetDeltaPhi	"h_dijetDeltaPhi"	&Dir=default&Lazy	 CentBin JetBin
*AliJTH1D	h_dijetPtPairDeltaPhiCut	"h_dijetPtPairDeltaPhiCut"	&Dir=default&Lazy	 CentBin JetBin
*AliJTH1D	h_dijetInvMDeltaPhiCut	"h_dijetInvMDeltaPhiCut"	&Dir=default&Lazy	 CentBin JetBin
*AliJTH1D	h_dijetDeltaPhiWithCut	"h_dijetDeltaPhiWithCut"	&Dir=default&Lazy	 CentBin JetBin
*AliJTH1D	h_responseInfo	"h_responseInfo"	&Lazy&Single	 1
*AliJTH1D	h_jetResponseDeltaR	"h_jetResponseDeltaR"	&Lazy&Single	 1
*AliJTH1D	h_jetResponseDeltaRClosest	"h_jetResponseDeltaRClosest"	&Lazy&Single	 1
*AliJTH1D	h_jetResponseDeltaPt	"h_jetResponseDeltaPt"	&Lazy&Single	 1
*AliJTH1D	h_jetDeltaRMin	"h_jetDeltaRMin"	&Dir=default&Lazy	 CentBin JetBin
*AliJTH1D	h_jetBGSubtrDeltaR	"h_jetBGSubtrDeltaR"	&Dir=default&Lazy	 CentBin
*AliJTH2D	h_jetResponse	"h_jetResponse"	&Lazy&Single	 1
*AliJTH2D	h_jetResponse_ALICE	"h_jetResponse_ALICE"	&Lazy&Single	 1
*AliJTH2D	h_deltaPtResponse	"h_deltaPtResponse"	&Lazy&Single	 1
*AliJTH2D	h_deltaPtResponse_ALICE	"h_deltaPtResponse_ALICE"	&Lazy&Single	 1
*AliJTH2D	h_deltaPtResponseEvery	"h_deltaPtResponseEvery"	&Lazy&Single	 1
*AliJTH2D	h_deltaPtResponseEvery_ALICE	"h_deltaPtResponseEvery_ALICE"	&Lazy&Single	 1
*AliJTH2D	h_dijetResponse	"h_dijetResponse"	&Lazy&Single	 1
*AliJTH2D	h_dijetResponseDeltaPhiCut	"h_dijetResponseDeltaPhiCut"	&Lazy&Single	 1
============ AliJHistManager : AliJCDijetHistManagerjcdijetDetMC ===================

---- AliJBin ----
*AliJBin	CentBin	CentBin	"Cent:"	&mode=Single	0.000000 1.000000
*AliJBin	JetBin	JetBin	"Jet bin:"	&mode=Single	0.000000 1.000000 2.000000 3.000000 4.000000

---- AliJTH1 ----
*AliJTH1D	h_events	"h_events"	&Dir=default&Lazy	 CentBin
*AliJTH1D	h_eventSel	"h_eventSel"	&Lazy&Single	 1
*AliJTH1D	h_info	"h_info"	&Lazy&Single	 1
*AliJTH1D	h_centrality	"h_centrality"	&Lazy&Single	 1
*AliJTH1D	h_zvtx	"h_zvtx"	&Lazy&Single	 1
*AliJTH1D	h_nch	"h_nch"	&Dir=default&Lazy	 CentBin
*AliJTH1D	h_pt	"h_pt"	&Dir=default&Lazy	 CentBin
*AliJTH1D	h_ptPosEta	"h_ptPosEta"	&Dir=default&Lazy	 CentBin
*AliJTH1D	h_ptNegEta	"h_ptNegEta"	&Dir=default&Lazy	 CentBin
*AliJTH1D	h_eta	"h_eta"	&Dir=default&Lazy	 CentBin
*AliJTH1D	h_phi	"h_phi"	&Dir=default&Lazy	 CentBin
*AliJTH2D	h_etaPhi	"h_etaPhi"	&Dir=default&Lazy	 CentBin
*AliJTH1D	h_rho	"h_rho"	&Dir=default&Lazy	 CentBin
*AliJTH1D	h_rhoHighPt	"h_rhoHighPt"	&Dir=default&Lazy	 CentBin
*AliJTH1D	h_rhom	"h_rhom"	&Dir=default&Lazy	 CentBin
*AliJTH1D	h_rhomHighPt	"h_rhomHighPt"	&Dir=default&Lazy	 CentBin
*AliJTH1D	h_rhoLin	"h_rhoLin"	&Dir=default&Lazy	 CentBin
*AliJTH1D	h_rhoLinHighPt	"h_rhoLinHighPt"	&Dir=default&Lazy	 CentBin
*AliJTH1D	h_rhomLin	"h_rhomLin"	&Dir=default&Lazy	 CentBin
*AliJTH1D	h_rhomLinHighPt	"h_rhomLinHighPt"	&Dir=default&Lazy	 CentBin
*AliJTH1D	h_jetPt	"h_jetPt"	&Dir=default&Lazy	 CentBin JetBin
*AliJTH1D	h_jetPt_ALICE	"h_jetPt_ALICE"	&Dir=default&Lazy	 CentBin JetBin
*AliJTH1D	h_jetPtTransBGSub	"h_jetPtTransBGSub"	&Dir=default&Lazy	 CentBin JetBin
*AliJTH1D	h_jetN	"h_jetN"	&Dir=default&Lazy	 CentBin
*AliJTH1D	h_jetEta	"h_jetEta"	&Dir=default&Lazy	 CentBin JetBin
*AliJTH1D	h_jetPhi	"h_jetPhi"	&Dir=default&Lazy	 CentBin JetBin
*AliJTH2D	h_jetEtaPhi	"h_jetEtaPhi"	&Dir=default&Lazy	 CentBin JetBin
*AliJTH2D	h_randConeEtaPhi	"h_randConeEtaPhi"	&Dir=default&Lazy	 CentBin
*AliJTH1D	h_jetArea	"h_jetArea"	&Dir=default&Lazy	 CentBin JetBin
*AliJTH1D	h_jetAreaRho	"h_jetAreaRho"	&Dir=default&Lazy	 CentBin JetBin
*AliJTH1D	h_deltaPt	"h_deltaPt"	&Dir=default&Lazy	 CentBin
*AliJTH1D	h_maxJetptOverPtHard	"h_maxJetptOverPtHard"	&Dir=default&Lazy	 CentBin
*AliJTH1D	h_ptHard	"h_ptHard"	&Dir=default&Lazy	 CentBin
*AliJTH1D	h_dijetInvM	"h_dijetInvM"	&Dir=default&Lazy	 CentBin JetBin
*AliJTH1D	h_dijetPtPair	"h_dijetPtPair"	&Dir=default&Lazy	 CentBin JetBin
*AliJTH1D	h_dijetDeltaPhi	"h_dijetDeltaPhi"	&Dir=default&Lazy	 CentBin JetBin
*AliJTH1D	h_dijetPtPairDeltaPhiCut	"h_dijetPtPairDeltaPhiCut"	&Dir=default&Lazy	 CentBin JetBin
*AliJTH1D	h_dijetInvMDeltaPhiCut	"h_dijetInvMDeltaPhiCut"	&Dir=default&Lazy	 CentBin JetBin
*AliJTH1D	h_dijetDeltaPhiWithCut	"h_dijetDeltaPhiWithCut"	&Dir=default&Lazy	 CentBin JetBin
*AliJTH1D	h_responseInfo	"h_responseInfo"	&Lazy&Single	 1
*AliJTH1D	h_jetResponseDeltaR	"h_jetResponseDeltaR"	&Lazy&Single	 1
*AliJTH1D	h_jetResponseDeltaRClosest	"h_jetResponseDeltaRClosest"	&Lazy&Single	 1
*AliJTH1D	h_jetResponseDeltaPt	"h_jetResponseDeltaPt"	&Lazy&Single	 1
*AliJTH1D	h_jetDeltaRMin	"h_jetDeltaRMin"	&Dir=default&Lazy	 CentBin JetBin
*AliJTH1D	h_jetBGSubtrDeltaR	"h_jetBGSubtrDeltaR"	&Dir=default&Lazy	 CentBin
*AliJTH2D	h_jetResponse	"h_jetResponse"	&Lazy&Single	 1
*AliJTH2D	h_jetResponse_ALICE	"h_jetResponse_ALICE"	&Lazy&Single	 1
*AliJTH2D	h_deltaPtResponse	"h_deltaPtResponse"	&Lazy&Single	 1
*AliJTH2D	h_deltaPtResponse_ALICE	"h_deltaPtResponse_ALICE"	&Lazy&Single	 1
*AliJTH2D	h_deltaPtResponseEvery	"h_deltaPtResponseEvery"	&Lazy&Single	 1
*AliJTH2D	h_deltaPtResponseEvery_ALICE	"h_deltaPtResponseEvery_ALICE"	&Lazy&Single	 1
*AliJTH2D	h_dijetResponse	"h_dijetResponse"	&Lazy&Single	 1
*AliJTH2D	h_dijetResponseDeltaPhiCut	"h_dijetResponseDeltaPhiCut"	&Lazy&Single	 1

============= Settings =============
cent bin:                   0
particle eta cut:           0.9
particle pt cut:            0.15
jet cone size:              0.4
kt-jet cone size:           0.4
Using pion mass in kt-jets: 0.0
Using DeltaPhi in BG subtr: 1.0
Using kt-jet scheme:        pt_scheme
jet costituent cut:         5.0
dijet leading pt cut:       20.0
dijet subleading pt cut:    20.0
dijet DeltaPhi cut:         pi/2.0
tracking inefficiency:      0.0

Let's start

 --------  PYTHIA Info Listing  ---------------------------------------- 
 
 Beam A: id =   2212, pz =  2.510e+03, e =  2.510e+03, m =  9.383e-01.
 Beam B: id =   2212, pz = -2.510e+03, e =  2.510e+03, m =  9.383e-01.

 In 1: id =    3, x =  5.417e-01, pdf =  7.796e-04 at Q2 =  2.633e+04.
 In 2: id =   21, x =  1.124e-02, pdf =  7.399e+00 at same Q2.

 Subprocess q g -> q g with code 113 is 2 -> 2.
 It has sHat =  1.534e+05,    tHat = -3.375e+04,    uHat = -1.197e+05,
       pTHat =  1.623e+02,   m3Hat =  5.000e-01,   m4Hat =  0.000e+00,
    thetaHat =  9.765e-01,  phiHat =  2.989e+00.
     alphaEM =  7.869e-03,  alphaS =  1.191e-01    at Q2 =  2.633e+04.

 Impact parameter b =  1.175e+00 gives enhancement factor =  3.547e-01.
 Max pT scale for MPI =  1.623e+02, ISR =  1.623e+02, FSR =  1.623e+02.
 Number of MPI =     1, ISR =     3, FSRproc =    25, FSRreson =     0.

 --------  End PYTHIA Info Listing  ------------------------------------

 --------  PYTHIA Event Listing  (hard process)  -----------------------------------------------------------------------------------
 
    no        id   name            status     mothers   daughters     colours      p_x        p_y        p_z         e          m 
     0        90   (system)           -11     0     0     0     0     0     0      0.000      0.000      0.000   5020.000   5020.000
     1      2212   (p+)               -12     0     0     3     0     0     0      0.000      0.000   2510.000   2510.000      0.938
     2      2212   (p+)               -12     0     0     4     0     0     0      0.000      0.000  -2510.000   2510.000      0.938
     3         3   (s)                -21     1     0     5     6   101     0      0.000      0.000   1359.578   1359.578      0.000
     4        21   (g)                -21     2     0     5     6   102   101      0.000      0.000    -28.209     28.209      0.000
     5         3   s                   23     3     4     0     0   103     0   -160.368     24.682   1054.224   1066.637      0.500
     6        21   g                   23     3     4     0     0   102   103    160.368    -24.682    277.146    321.150      0.000
                                   Charge sum: -0.333           Momentum sum:      0.000      0.000   1331.370   1387.787    391.672

 --------  End PYTHIA Event Listing  -----------------------------------------------------------------------------------------------

 --------  PYTHIA Event Listing  (complete event)  ---------------------------------------------------------------------------------
 
    no        id   name            status     mothers   daughters     colours      p_x        p_y        p_z         e          m 
     0        90   (system)           -11     0     0     0     0     0     0      0.000      0.000      0.000   5020.000   5020.000
     1      2212   (p+)               -12     0     0   115     0     0     0      0.000      0.000   2510.000   2510.000      0.938
     2      2212   (p+)               -12     0     0   116     0     0     0      0.000      0.000  -2510.000   2510.000      0.938
     3         3   (s)                -21    13    13     5     6   101     0      0.000      0.000   1359.578   1359.578      0.000
     4        21   (g)                -21    14     0     5     6   102   101      0.000      0.000    -28.209     28.209      0.000
     5         3   (s)                -23     3     4     9     9   103     0   -160.368     24.682   1054.224   1066.637      0.500
     6        21   (g)                -23     3     4     7     8   102   103    160.368    -24.682    277.146    321.150      0.000
     7         5   (b)                -51     6     0    16    16   102     0    102.894    -64.418    236.570    265.943      4.800
     8        -5   (bbar)             -51     6     0    12    12     0   103     45.934     41.512    116.435    131.960      4.800
     9         3   (s)                -52     5     5    10    11   103     0   -148.828     22.906    978.364    989.884      0.500
    10         3   (s)                -51     9     0    15    15   106     0   -121.791     18.170    667.101    678.371      0.500
    11        21   (g)                -51     9     0    18    18   103   106    -24.708      6.833    317.097    318.132      0.000
    12        -5   (bbar)             -52     8     8    17    17     0   103     43.604     39.415    110.601    125.341      4.800
    13         3   (s)                -42    20     0     3     3   101     0      0.000      0.000   1359.578   1359.578      0.000
    14        -1   (dbar)             -41    21    21    19     4     0   101     -0.000     -0.000   -119.998    119.998      0.000
    15         3   (s)                -44    10    10    22    22   106     0   -120.786     18.722    657.006    668.279      0.500
    16         5   (b)                -44     7     7    23    23   102     0    105.512    -62.980    242.662    272.043      4.800
    17        -5   (bbar)             -44    12    12    24    24     0   103     44.918     40.136    116.457    131.202      4.800
    18        21   (g)                -44    11    11    25    25   103   106    -24.615      6.884    315.146    316.181      0.000
    19        -1   (dbar)             -43    14     0    26    26     0   102     -5.029     -2.763    -91.691     91.871      0.330
    20         3   (s)                -41    55     0    27    13   109     0      0.000     -0.000   1500.391   1500.391      0.000
    21        -1   (dbar)             -42    56    56    14    14     0   101     -0.000     -0.000   -119.998    119.998      0.000
    22         3   (s)                -44    15    15    31    32   106     0   -119.578     20.475    657.298    668.401      0.500
    23         5   (b)                -44    16    16    37    38   102     0    105.981    -62.299    242.734    272.132      4.800
    24        -5   (bbar)             -44    17    17    30    30     0   103     45.144     40.464    116.404    131.333      4.800
    25        21   (g)                -44    18    18    28    29   103   106    -24.040      7.719    315.258    316.267      0.000
    26        -1   (dbar)             -44    19    19    39    39     0   102     -5.028     -2.763    -91.654     91.834      0.330
    27        21   (g)                -43    20     0    62    62   109   101     -2.480     -3.596    140.354    140.421      0.000
    28        21   (g)                -51    25     0    33    33   110   106    -23.823      4.943    298.233    299.224      0.000
    29        21   (g)                -51    25     0    46    47   103   110      0.830      3.711     19.687     20.051      0.000
    30        -5   (bbar)             -52    24    24    48    48     0   103     44.097     39.529    113.742    128.325      4.800
    31         3   (s)                -51    22     0    57    57   111     0    -31.692      7.285    164.781    167.960      0.500
    32        21   (g)                -51    22     0    36    36   106   111    -88.399     13.296    498.937    506.882      0.000
    33        21   (g)                -52    28    28    34    35   110   106    -23.310      4.836    291.813    292.782      0.000
    34        21   (g)                -51    33     0    60    60   110   112    -18.775      6.246    213.969    214.882      0.000
    35        21   (g)                -51    33     0    65    65   112   106     -6.828     -1.064     90.785     91.048      0.000
    36        21   (g)                -52    32    32    64    64   106   111    -86.106     12.951    485.996    493.735      0.000
    37         5   (b)                -51    23     0    58    58   113     0     92.506    -56.842    216.878    242.585      4.800
    38        21   (g)                -51    23     0    40    41   102   113     13.472     -5.459     25.795     29.609      0.000
    39        -1   (dbar)             -52    26    26    42    42     0   102     -5.025     -2.761    -91.593     91.773      0.330
    40        21   (g)                -51    38     0    66    66   114   113      4.558     -4.268      6.833      9.256      0.000
    41        21   (g)                -51    38     0    45    45   102   114      8.897     -1.201     18.633     20.683      0.000
    42        -1   (dbar)             -52    39    39    43    44     0   102     -5.007     -2.751    -91.264     91.443      0.330
    43        -1   (dbar)             -51    42     0    51    51     0   115     -3.477     -4.018    -85.780     85.945      0.330
    44        21   (g)                -51    42     0    49    50   115   102     -1.457      1.258     -5.331      5.668      0.000
    45        21   (g)                -52    41    41    52    53   102   114      8.824     -1.191     18.480     20.513      0.000
    46        21   (g)                -51    29     0    63    63   116   110     -0.623      2.370     10.647     10.926      0.000
    47        21   (g)                -51    29     0    69    69   103   116      3.491      3.147     14.170     14.930      0.000
    48        -5   (bbar)             -52    30    30    59    59     0   103     42.059     37.723    108.611    122.521      4.800
    49        21   (g)                -51    44     0    54    54   117   102     -2.656      0.926    -12.256     12.575      0.000
    50        21   (g)                -51    44     0    70    70   115   117      0.671     -0.281     -6.125      6.168      0.000
    51        -1   (dbar)             -52    43    43    61    61     0   115     -2.949     -3.406    -72.730     72.870      0.330
    52        21   (g)                -51    45     0    67    67   118   114      7.462     -0.168     17.353     18.890      0.000
    53        21   (g)                -51    45     0    71    71   102   118      1.309     -1.005      0.884      1.872      0.000
    54        21   (g)                -52    49    49    68    68   117   102     -2.604      0.908    -12.013     12.326      0.000
    55         3   (s)                -41   115   115    72    20   120     0      0.000     -0.000   1800.095   1800.095      0.000
    56        -1   (dbar)             -42   116   116    21    21     0   101      0.000      0.000   -119.998    119.998      0.000
    57         3   (s)                -44    31    31   117   117   111     0    -31.641      7.404    164.785    167.960      0.500
    58         5   (b)                -44    37    37   102   102   113     0     92.576    -56.677    216.887    242.581      4.800
    59        -5   (bbar)             -44    48    48   119   119     0   103     42.094     37.806    108.592    122.542      4.800
    60        21   (g)                -44    34    34    97    98   110   112    -18.709      6.399    213.972    214.884      0.000
    61        -1   (dbar)             -44    51    51   121   121     0   115     -2.949     -3.406    -72.728     72.868      0.330
    62        21   (g)                -44    27    27    76    77   109   101     -2.437     -3.495    140.357    140.421      0.000
    63        21   (g)                -44    46    46    99    99   116   110     -0.619      2.378     10.647     10.927      0.000
    64        21   (g)                -44    36    36    88    89   106   111    -85.957     13.303    486.010    493.732      0.000
    65        21   (g)                -44    35    35    90    90   112   106     -6.800     -0.999     90.788     91.048      0.000
    66        21   (g)                -44    40    40    84    84   114   113      4.560     -4.262      6.833      9.255      0.000
    67        21   (g)                -44    52    52    73    74   118   114      7.467     -0.155     17.352     18.891      0.000
    68        21   (g)                -44    54    54    79    80   117   102     -2.604      0.908    -12.013     12.326      0.000
    69        21   (g)                -44    47    47   111   111   103   116      3.495      3.157     14.169     14.931      0.000
    70        21   (g)                -44    50    50    81    81   115   117      0.671     -0.281     -6.125      6.168      0.000
    71        21   (g)                -44    53    53    75    75   102   118      1.309     -1.004      0.884      1.872      0.000
    72        21   (g)                -43    55     0    78    78   120   109     -0.457     -1.076    299.686    299.689      0.000
    73        21   (g)                -51    67     0    82    83   121   114      1.599     -0.041      6.262      6.463      0.000
    74        21   (g)                -51    67     0   112   113   118   121      6.213     -0.379     11.323     12.921      0.000
    75        21   (g)                -52    71    71    85    86   102   118      0.965     -0.739      0.651      1.379      0.000
    76        21   (g)                -51    62     0   122   122   122   101     -0.457     -2.237     63.894     63.935      0.000
    77        21   (g)                -51    62     0   106   107   109   122     -2.063     -1.455    131.079    131.103      0.000
    78        21   (g)                -52    72    72   108   108   120   109     -0.373     -0.880    245.070    245.072      0.000
    79        21   (g)                -51    68     0    87    87   124   102     -1.768     -0.442     -8.720      8.909      0.000
    80        21   (g)                -51    68     0   135   135   117   124     -0.529      1.222     -6.094      6.238      0.000
    81        21   (g)                -52    70    70   130   130   115   117      0.364     -0.152     -3.323      3.346      0.000
    82         3   (s)                -51    73     0   127   127   121     0      0.181      0.081      0.483      0.723      0.500
    83        -3   (sbar)             -51    73     0   105   105     0   114      2.351     -0.993      7.176      7.633      0.500
    84        21   (g)                -52    66    66   100   101   114   113      3.628     -3.391      5.436      7.363      0.000
    85        21   (g)                -51    75     0   114   114   125   118      1.280     -0.044     -0.313      1.319      0.000
    86        21   (g)                -51    75     0   137   137   102   125     -0.481     -0.737      0.149      0.893      0.000
    87        21   (g)                -52    79    79   128   128   124   102     -1.603     -0.401     -7.905      8.076      0.000
    88        21   (g)                -51    64     0    91    92   126   111    -72.401     11.073    414.360    420.783      0.000
    89        21   (g)                -51    64     0    93    93   106   126    -13.626      2.219     72.588     73.890      0.000
    90        21   (g)                -52    65    65    96    96   112   106     -6.730     -0.989     89.849     90.107      0.000
    91        21   (g)                -51    88     0   124   124   128   111    -17.362      2.280    101.312    102.814      0.000
    92        21   (g)                -51    88     0   139   139   126   128    -60.566      9.693    342.488    347.937      0.000
    93        21   (g)                -52    89    89    94    95   106   126     -8.099      1.319     43.148     43.922      0.000
    94        21   (g)                -51    93     0   138   138   130   126     -6.584      0.985     32.621     33.294      0.000
    95        21   (g)                -51    93     0   140   140   106   130     -1.987      0.264     16.824     16.942      0.000
    96        21   (g)                -52    90    90   125   125   112   106     -6.258     -0.920     83.553     83.792      0.000
    97        -1   (dbar)             -51    60     0   120   120     0   112    -11.337      3.990    135.846    136.377      0.330
    98         1   (d)                -51    60     0   141   141   110     0     -7.385      2.458     78.341     78.728      0.330
    99        21   (g)                -52    63    63   109   110   116   110     -0.607      2.330     10.431     10.705      0.000
   100        21   (g)                -51    84     0   103   104   114   131      3.425     -3.772      6.129      7.970      0.000
   101        21   (g)                -51    84     0   142   142   131   113      2.700     -1.138      5.182      5.953      0.000
   102         5   (b)                -52    58    58   118   118   113     0     90.079    -55.158    211.012    236.021      4.800
   103        21   (g)                -51   100     0   126   126   132   131      1.311     -2.149      2.848      3.801      0.000
   104        21   (g)                -51   100     0   143   143   114   132      2.426     -1.737      4.267      5.207      0.000
   105        -3   (sbar)             -52    83    83   136   136     0   114      2.038     -0.879      6.190      6.595      0.500
   106        21   (g)                -51    77     0   134   134   133   122     -1.115     -1.072     64.066     64.085      0.000
   107        21   (g)                -51    77     0   144   144   109   133     -1.015     -0.539    110.557    110.563      0.000
   108        21   (g)                -52    78    78   132   132   120   109     -0.307     -0.723    201.526    201.527      0.000
   109        21   (g)                -51    99     0   123   123   134   110     -0.139      2.283      7.903      8.228      0.000
   110        21   (g)                -51    99     0   145   145   116   134     -0.159      0.326      3.781      3.798      0.000
   111        21   (g)                -52    69    69   129   129   103   116      3.186      2.878     12.916     13.611      0.000
   112        21   (g)                -51    74     0   133   133   135   121      3.247      0.210      6.535      7.300      0.000
   113        21   (g)                -51    74     0   146   146   118   135      3.026     -0.591      4.774      5.683      0.000
   114        21   (g)                -52    85    85   131   131   125   118      1.221     -0.042     -0.299      1.257      0.000
   115         3   (s)                -61     1     0    55    55   120     0     -0.873      1.005   1800.093   1800.094      0.000
   116        -1   (dbar)             -61     2     0    56    56     0   101      0.961     -0.381   -119.995    120.000      0.000
   117         3   (s)                -62    57    57   173   173   111     0    -31.709      7.492    164.637    167.831      0.500
   118         5   (b)                -62   102   102   160   160   113     0     90.070    -55.073    211.498    236.432      4.800
   119        -5   (bbar)             -62    59    59   200   200     0   103     42.094     37.848    108.701    122.651      4.800
   120        -1   (dbar)             -62    97    97   179   179     0   112    -11.401      4.065    135.791    136.329      0.330
   121        -1   (dbar)             -62    61    61   218   218     0   115     -2.366     -3.637    -72.732     72.862      0.330
   122        21   (g)                -62    76    76   234   234   122   101     -0.487     -2.201     63.896     63.936      0.000
   123        21   (g)                -62   109   109   197   197   134   110     -0.142      2.287      7.899      8.224      0.000
   124        21   (g)                -62    91    91   174   174   128   111    -17.405      2.335    101.234    102.745      0.000
   125        21   (g)                -62    96    96   178   178   112   106     -6.298     -0.873     83.528     83.770      0.000
   126        21   (g)                -62   103   103   162   162   132   131      1.313     -2.149      2.858      3.809      0.000
   127         3   (s)                -62    82    82   210   210   121     0      0.182      0.080      0.484      0.724      0.500
   128        21   (g)                -62    87    87   215   215   124   102     -1.539     -0.426     -7.911      8.070      0.000
   129        21   (g)                -62   111   111   199   199   103   116      3.183      2.884     12.924     13.619      0.000
   130        21   (g)                -62    81    81   217   217   115   117      0.391     -0.163     -3.321      3.348      0.000
   131        21   (g)                -62   114   114   213   213   125   118      1.227     -0.044     -0.293      1.262      0.000
   132        21   (g)                -62   108   108   237   237   120   109     -0.405     -0.611    201.526    201.527      0.000
   133        21   (g)                -62   112   112   211   211   135   121      3.246      0.213      6.548      7.312      0.000
   134        21   (g)                -62   106   106   235   235   133   122     -1.146     -1.037     64.063     64.082      0.000
   135        21   (g)                -62    80    80   216   216   117   124     -0.480      1.202     -6.099      6.235      0.000
   136        -3   (sbar)             -62   105   105   164   164     0   114      2.037     -0.876      6.200      6.603      0.500
   137        21   (g)                -62    86    86   214   214   102   125     -0.478     -0.738      0.149      0.892      0.000
   138        21   (g)                -62    94    94   176   176   130   126     -6.598      1.002     32.591     33.267      0.000
   139        21   (g)                -62    92    92   175   175   126   128    -60.711      9.877    342.213    347.697      0.000
   140        21   (g)                -62    95    95   177   177   106   130     -1.994      0.274     16.815     16.935      0.000
   141         1   (d)                -62    98    98   196   196   110     0     -7.421      2.501     78.305     78.696      0.330
   142        21   (g)                -62   101   101   161   161   131   113      2.700     -1.136      5.196      5.964      0.000
   143        21   (g)                -62   104   104   163   163   114   132      2.428     -1.736      4.280      5.218      0.000
   144        21   (g)                -62   107   107   236   236   109   133     -1.069     -0.477    110.554    110.560      0.000
   145        21   (g)                -62   110   110   198   198   116   134     -0.161      0.328      3.779      3.797      0.000
   146        21   (g)                -62   113   113   212   212   118   135      3.028     -0.590      4.788      5.695      0.000
   147      2101   (ud_0)             -63     1     0   238   238     0   120      0.491     -0.247    159.253    159.255      0.579
   148         2   (u)                -63     1     0   157   159   137     0      0.317     -0.638    536.459    536.459      0.330
   149        -3   (sbar)             -63     1     0   157   159     0   137      0.065     -0.120     14.175     14.184      0.500
   150         2   (u)                -63     2     0   233   233   101     0      0.238      0.410     -7.697      7.719      0.330
   151      2101   (ud_0)             -63     2     0   154   154     0   140     -1.043      0.306  -2207.651   2207.651      0.579
   152         1   (d)                -63     2     0   153   153   140     0     -0.155     -0.335   -174.637    174.638      0.330
   153         1   (d)                -71   152   152   155   156   140     0     -0.155     -0.335   -174.637    174.638      0.330
   154      2101   (ud_0)             -71   151   151   155   156     0   140     -1.043      0.306  -2207.651   2207.651      0.579
   155      -211   pi-                 82   153   154     0     0     0     0     -0.025     -0.330   -122.052    122.052      0.140
   156      2212   p+                  82   153   154     0     0     0     0     -1.174      0.300  -2260.236   2260.237      0.938
   157       221   (eta)              -83   148   149   302   304     0     0      0.309     -0.093     93.752     93.754      0.548
   158       221   (eta)              -83   148   149   305   306     0     0     -0.104     -0.209    424.589    424.590      0.548
   159       321   K+                  84   148   149     0     0     0     0      0.177     -0.455     32.293     32.300      0.494
   160         5   (b)                -71   118   118   165   172   113     0     90.070    -55.073    211.498    236.432      4.800
   161        21   (g)                -71   142   142   165   172   131   113      2.700     -1.136      5.196      5.964      0.000
   162        21   (g)                -71   126   126   165   172   132   131      1.313     -2.149      2.858      3.809      0.000
   163        21   (g)                -71   143   143   165   172   114   132      2.428     -1.736      4.280      5.218      0.000
   164        -3   (sbar)             -71   136   136   165   172     0   114      2.037     -0.876      6.200      6.603      0.500
   165      -523   (B*-)              -83   160   164   307   308     0     0     77.094    -46.873    180.615    201.967      5.325
   166       113   (rho0)             -83   160   164   258   259     0     0      4.016     -2.516      9.808     10.904      0.495
   167       221   (eta)              -83   160   164   309   311     0     0      6.217     -4.248     15.172     16.946      0.548
   168       111   (pi0)              -83   160   164   312   313     0     0      5.468     -2.867     11.269     12.850      0.135
   169      2212   p+                  84   160   164     0     0     0     0      2.303     -2.254      4.508      5.620      0.938
   170     -2112   nbar0               84   160   164     0     0     0     0      1.398     -0.825      3.925      4.350      0.940
   171      -211   pi-                 84   160   164     0     0     0     0      0.413     -0.385      0.902      1.073      0.140
   172       321   K+                  84   160   164     0     0     0     0      1.640     -1.002      3.833      4.316      0.494
   173         3   (s)                -71   117   117   180   195   111     0    -31.709      7.492    164.637    167.831      0.500
   174        21   (g)                -71   124   124   180   195   128   111    -17.405      2.335    101.234    102.745      0.000
   175        21   (g)                -71   139   139   180   195   126   128    -60.711      9.877    342.213    347.697      0.000
   176        21   (g)                -71   138   138   180   195   130   126     -6.598      1.002     32.591     33.267      0.000
   177        21   (g)                -71   140   140   180   195   106   130     -1.994      0.274     16.815     16.935      0.000
   178        21   (g)                -71   125   125   180   195   112   106     -6.298     -0.873     83.528     83.770      0.000
   179        -1   (dbar)             -71   120   120   180   195     0   112    -11.401      4.065    135.791    136.329      0.330
   180      -311   (Kbar0)            -83   173   179   260   260     0     0    -13.210      3.129     68.761     70.090      0.498
   181       223   (omega)            -83   173   179   314   316     0     0    -16.447      3.309     84.555     86.207      0.784
   182       113   (rho0)             -83   173   179   261   262     0     0    -41.652      7.165    235.947    239.704      1.075
   183      -211   pi-                 83   173   179     0     0     0     0     -3.761      0.392     18.404     18.789      0.140
   184       211   pi+                 83   173   179     0     0     0     0     -6.837      1.000     39.764     40.360      0.140
   185       113   (rho0)             -83   173   179   263   264     0     0    -19.458      2.995    112.455    114.167      0.680
   186      -211   pi-                 83   173   179     0     0     0     0     -7.972      1.490     47.964     48.645      0.140
   187       211   pi+                 83   173   179     0     0     0     0     -1.439      0.026      6.050      6.220      0.140
   188      -211   pi-                 83   173   179     0     0     0     0     -2.005      0.768     11.462     11.662      0.140
   189       213   (rho+)             -83   173   179   265   266     0     0     -5.364      0.294     33.646     34.083      0.846
   190      -211   pi-                 84   173   179     0     0     0     0     -0.910      0.329     15.431     15.462      0.140
   191       221   (eta)              -84   173   179   317   319     0     0     -1.016     -0.409      9.453      9.532      0.548
   192       323   (K*+)              -84   173   179   267   268     0     0     -3.394      0.133     38.957     39.116      0.902
   193      -311   (Kbar0)            -84   173   179   269   269     0     0     -2.191      0.144     30.034     30.119      0.498
   194      -211   pi-                 84   173   179     0     0     0     0     -1.992      0.723     19.085     19.203      0.140
   195       211   pi+                 84   173   179     0     0     0     0     -8.468      2.683    104.841    105.217      0.140
   196         1   (d)                -71   141   141   201   209   110     0     -7.421      2.501     78.305     78.696      0.330
   197        21   (g)                -71   123   123   201   209   134   110     -0.142      2.287      7.899      8.224      0.000
   198        21   (g)                -71   145   145   201   209   116   134     -0.161      0.328      3.779      3.797      0.000
   199        21   (g)                -71   129   129   201   209   103   116      3.183      2.884     12.924     13.619      0.000
   200        -5   (bbar)             -71   119   119   201   209     0   103     42.094     37.848    108.701    122.651      4.800
   201       111   (pi0)              -83   196   200   320   321     0     0     -0.915      0.224      8.677      8.729      0.135
   202      -211   pi-                 83   196   200     0     0     0     0     -2.729      0.838     26.500     26.654      0.140
   203       213   (rho+)             -83   196   200   270   271     0     0     -2.671      1.089     34.681     34.810      0.806
   204      2214   (Delta+)           -83   196   200   272   273     0     0     -0.966      1.381     11.225     11.417      1.227
   205       111   (pi0)              -83   196   200   322   323     0     0     -0.401      1.186      4.553      4.724      0.135
   206     -3224   (Sigma*bar-)       -84   196   200   274   275     0     0      2.490      2.337     10.933     11.541      1.415
   207      -313   (K*bar0)           -84   196   200   276   277     0     0      0.863      0.749      4.208      4.447      0.871
   208      2112   n0                  84   196   200     0     0     0     0      1.641      1.885      5.912      6.487      0.940
   209     -5122   (Lambda_bbar0)     -84   196   200   324   331     0     0     40.241     36.160    104.918    118.179      5.619
   210         3   (s)                -71   127   127   219   232   121     0      0.182      0.080      0.484      0.724      0.500
   211        21   (g)                -71   133   133   219   232   135   121      3.246      0.213      6.548      7.312      0.000
   212        21   (g)                -71   146   146   219   232   118   135      3.028     -0.590      4.788      5.695      0.000
   213        21   (g)                -71   131   131   219   232   125   118      1.227     -0.044     -0.293      1.262      0.000
   214        21   (g)                -71   137   137   219   232   102   125     -0.478     -0.738      0.149      0.892      0.000
   215        21   (g)                -71   128   128   219   232   124   102     -1.539     -0.426     -7.911      8.070      0.000
   216        21   (g)                -71   135   135   219   232   117   124     -0.480      1.202     -6.099      6.235      0.000
   217        21   (g)                -71   130   130   219   232   115   117      0.391     -0.163     -3.321      3.348      0.000
   218        -1   (dbar)             -71   121   121   219   232     0   115     -2.366     -3.637    -72.732     72.862      0.330
   219      -323   (K*-)              -83   210   218   278   279     0     0      1.353     -0.114      1.949      2.530      0.871
   220       211   pi+                 83   210   218     0     0     0     0      1.283      0.020      3.413      3.648      0.140
   221       223   (omega)            -83   210   218   332   334     0     0      1.801     -0.017      3.064      3.643      0.797
   222      -211   pi-                 83   210   218     0     0     0     0      0.341      0.076      0.590      0.700      0.140
   223       211   pi+                 83   210   218     0     0     0     0      1.534     -0.187      2.211      2.701      0.140
   224      -213   (rho-)             -84   210   218   280   281     0     0     -0.006     -0.087     -0.143      0.852      0.836
   225      2224   (Delta++)          -84   210   218   282   283     0     0      0.157     -0.421     -0.201      1.256      1.155
   226     -2224   (Deltabar--)       -84   210   218   284   285     0     0      0.547     -0.296     -1.232      1.825      1.194
   227       223   (omega)            -84   210   218   335   336     0     0     -0.135     -0.306     -0.328      0.909      0.778
   228       223   (omega)            -84   210   218   337   339     0     0     -0.087     -0.081     -1.834      1.998      0.784
   229       213   (rho+)             -84   210   218   286   287     0     0     -0.716      0.518     -3.784      3.923      0.543
   230      -213   (rho-)             -84   210   218   288   289     0     0     -0.363      0.104     -6.865      6.937      0.926
   231       213   (rho+)             -84   210   218   290   291     0     0     -0.939      0.294    -10.381     10.507      1.287
   232       223   (omega)            -84   210   218   340   342     0     0     -1.560     -3.605    -64.848     64.972      0.750
   233         2   (u)                -71   150   150   239   257   101     0      0.238      0.410     -7.697      7.719      0.330
   234        21   (g)                -71   122   122   239   257   122   101     -0.487     -2.201     63.896     63.936      0.000
   235        21   (g)                -71   134   134   239   257   133   122     -1.146     -1.037     64.063     64.082      0.000
   236        21   (g)                -71   144   144   239   257   109   133     -1.069     -0.477    110.554    110.560      0.000
   237        21   (g)                -71   132   132   239   257   120   109     -0.405     -0.611    201.526    201.527      0.000
   238      2101   (ud_0)             -71   147   147   239   257     0   120      0.491     -0.247    159.253    159.255      0.579
   239       211   pi+                 83   233   238     0     0     0     0      0.242      0.317     -0.157      0.451      0.140
   240       223   (omega)            -83   233   238   343   345     0     0      0.191      0.438     -5.482      5.557      0.778
   241       111   (pi0)              -83   233   238   346   347     0     0     -0.550     -0.690     -0.587      1.068      0.135
   242      -211   pi-                 83   233   238     0     0     0     0      0.550      0.413      0.604      0.926      0.140
   243       211   pi+                 83   233   238     0     0     0     0     -0.264      0.044     -0.097      0.317      0.140
   244      -211   pi-                 83   233   238     0     0     0     0      0.306     -0.033      0.187      0.386      0.140
   245       211   pi+                 83   233   238     0     0     0     0     -0.157     -0.165      0.068      0.276      0.140
   246       311   (K0)               -83   233   238   292   292     0     0     -0.097      0.074     -0.293      0.590      0.498
   247      -311   (Kbar0)            -84   233   238   293   293     0     0      0.107     -0.129      4.006      4.040      0.498
   248       111   (pi0)              -84   233   238   348   349     0     0     -0.384     -0.216      2.490      2.532      0.135
   249       331   (eta')             -84   233   238   350   352     0     0     -0.348     -1.058     37.036     37.065      0.958
   250       113   (rho0)             -84   233   238   294   295     0     0      0.037     -0.083     30.874     30.880      0.606
   251       111   (pi0)              -84   233   238   353   354     0     0     -0.473     -0.573     25.692     25.703      0.135
   252      -213   (rho-)             -84   233   238   296   297     0     0     -0.307     -0.766     55.868     55.877      0.604
   253       211   pi+                 84   233   238     0     0     0     0     -0.371      0.109     19.617     19.622      0.140
   254       111   (pi0)              -84   233   238   355   356     0     0      0.123     -0.292     13.054     13.058      0.135
   255      -213   (rho-)             -84   233   238   298   299     0     0     -0.868     -1.154    158.101    158.110      0.812
   256       211   pi+                 84   233   238     0     0     0     0     -0.100      0.313     19.606     19.609      0.140
   257      2112   n0                  84   233   238     0     0     0     0     -0.014     -0.710    231.008    231.011      0.940
   258       211   pi+                 91   166     0     0     0     0     0      0.999     -0.628      2.842      3.080      0.140
   259      -211   pi-                 91   166     0     0     0     0     0      3.017     -1.887      6.966      7.824      0.140
   260       130   K_L0                91   180   180     0     0     0     0    -13.210      3.129     68.761     70.090      0.498
   261       211   pi+                 91   182     0     0     0     0     0    -25.928      4.509    144.070    146.454      0.140
   262      -211   pi-                 91   182     0     0     0     0     0    -15.724      2.656     91.877     93.251      0.140
   263       211   pi+                 91   185     0     0     0     0     0    -10.597      1.738     63.008     63.916      0.140
   264      -211   pi-                 91   185     0     0     0     0     0     -8.862      1.256     49.447     50.251      0.140
   265       211   pi+                 91   189     0     0     0     0     0     -1.318     -0.235      9.243      9.341      0.140
   266       111   (pi0)              -91   189     0   357   358     0     0     -4.046      0.529     24.403     24.742      0.135
   267       311   (K0)               -91   192     0   300   300     0     0     -1.569      0.074     15.706     15.792      0.498
   268       211   pi+                 91   192     0     0     0     0     0     -1.825      0.059     23.251     23.323      0.140
   269       310   K_S0                91   193   193     0     0     0     0     -2.191      0.144     30.034     30.119      0.498
   270       211   pi+                 91   203     0     0     0     0     0     -0.158      0.232      2.524      2.543      0.140
   271       111   (pi0)              -91   203     0   359   360     0     0     -2.513      0.858     32.157     32.267      0.135
   272      2112   n0                  91   204     0     0     0     0     0     -0.497      1.011      7.560      7.701      0.940
   273       211   pi+                 91   204     0     0     0     0     0     -0.469      0.370      3.665      3.716      0.140
   274     -3122   Lambdabar0          91   206     0     0     0     0     0      1.535      1.606      7.332      7.743      1.116
   275      -211   pi-                 91   206     0     0     0     0     0      0.954      0.731      3.601      3.799      0.140
   276      -321   K-                  91   207     0     0     0     0     0      0.778      0.319      2.966      3.122      0.494
   277       211   pi+                 91   207     0     0     0     0     0      0.086      0.430      1.243      1.325      0.140
   278      -311   (Kbar0)            -91   219     0   301   301     0     0      1.305      0.042      1.720      2.216      0.498
   279      -211   pi-                 91   219     0     0     0     0     0      0.048     -0.156      0.230      0.314      0.140
   280      -211   pi-                 91   224     0     0     0     0     0      0.262      0.088     -0.334      0.456      0.140
   281       111   (pi0)              -91   224     0   361   362     0     0     -0.268     -0.175      0.191      0.397      0.135
   282      2212   p+                  91   225     0     0     0     0     0      0.012     -0.441     -0.160      1.049      0.938
   283       211   pi+                 91   225     0     0     0     0     0      0.146      0.020     -0.041      0.207      0.140
   284     -2212   pbar-               91   226     0     0     0     0     0      0.401     -0.195     -1.215      1.599      0.938
   285      -211   pi-                 91   226     0     0     0     0     0      0.146     -0.101     -0.017      0.226      0.140
   286       211   pi+                 91   229     0     0     0     0     0     -0.479      0.098     -2.355      2.409      0.140
   287       111   (pi0)              -91   229     0   363   364     0     0     -0.237      0.420     -1.429      1.514      0.135
   288      -211   pi-                 91   230     0     0     0     0     0      0.281      0.117     -2.738      2.759      0.140
   289       111   (pi0)              -91   230     0   365   366     0     0     -0.643     -0.013     -4.126      4.178      0.135
   290       211   pi+                 91   231     0     0     0     0     0     -0.379      0.351     -8.907      8.923      0.140
   291       111   (pi0)              -91   231     0   367   368     0     0     -0.560     -0.057     -1.474      1.584      0.135
   292       130   K_L0                91   246   246     0     0     0     0     -0.097      0.074     -0.293      0.590      0.498
   293       310   K_S0                91   247   247     0     0     0     0      0.107     -0.129      4.006      4.040      0.498
   294       211   pi+                 91   250     0     0     0     0     0     -0.239      0.041     13.546     13.548      0.140
   295      -211   pi-                 91   250     0     0     0     0     0      0.276     -0.124     17.328     17.332      0.140
   296      -211   pi-                 91   252     0     0     0     0     0     -0.279     -0.427     45.175     45.178      0.140
   297       111   (pi0)              -91   252     0   369   370     0     0     -0.028     -0.339     10.692     10.699      0.135
   298      -211   pi-                 91   255     0     0     0     0     0     -0.134     -0.311     15.917     15.921      0.140
   299       111   (pi0)              -91   255     0   371   372     0     0     -0.734     -0.843    142.185    142.189      0.135
   300       310   K_S0                91   267   267     0     0     0     0     -1.569      0.074     15.706     15.792      0.498
   301       130   K_L0                91   278   278     0     0     0     0      1.305      0.042      1.720      2.216      0.498
   302       111   (pi0)              -91   157     0   373   374     0     0      0.244      0.086     41.420     41.421      0.135
   303       111   (pi0)              -91   157     0   375   376     0     0      0.035     -0.038     19.824     19.824      0.135
   304       111   (pi0)              -91   157     0   377   378     0     0      0.030     -0.142     32.507     32.508      0.135
   305        22   gamma               91   158     0     0     0     0     0      0.016     -0.350    176.499    176.500      0.000
   306        22   gamma               91   158     0     0     0     0     0     -0.121      0.141    248.090    248.090      0.000
   307      -521   (B-)               -91   165     0   379   381     0     0     75.964    -46.199    178.055    199.089      5.279
   308        22   gamma               91   165     0     0     0     0     0      1.130     -0.673      2.560      2.878      0.000
   309       111   (pi0)              -91   167     0   382   383     0     0      1.421     -1.027      3.654      4.055      0.135
   310       111   (pi0)              -91   167     0   384   385     0     0      1.369     -0.791      3.155      3.531      0.135
   311       111   (pi0)              -91   167     0   386   387     0     0      3.427     -2.430      8.363      9.360      0.135
   312        22   gamma               91   168     0     0     0     0     0      4.563     -2.360      9.462     10.767      0.000
   313        22   gamma               91   168     0     0     0     0     0      0.904     -0.507      1.807      2.084      0.000
   314       211   pi+                 91   181     0     0     0     0     0     -2.973      0.452     14.492     14.802      0.140
   315      -211   pi-                 91   181     0     0     0     0     0     -3.986      0.996     21.123     21.519      0.140
   316       111   (pi0)              -91   181     0   388   389     0     0     -9.489      1.860     48.940     49.886      0.135
   317       111   (pi0)              -91   191     0   390   391     0     0     -0.421     -0.253      3.090      3.132      0.135
   318       111   (pi0)              -91   191     0   392   393     0     0     -0.261      0.007      2.864      2.879      0.135
   319       111   (pi0)              -91   191     0   394   395     0     0     -0.334     -0.163      3.499      3.521      0.135
   320        22   gamma               91   201     0     0     0     0     0     -0.908      0.212      8.380      8.431      0.000
   321        22   gamma               91   201     0     0     0     0     0     -0.007      0.011      0.297      0.298      0.000
   322        22   gamma               91   205     0     0     0     0     0     -0.083      0.426      1.469      1.532      0.000
   323        22   gamma               91   205     0     0     0     0     0     -0.318      0.760      3.084      3.192      0.000
   324     -4122   (Lambda_cbar-)     -91   209     0   396   397     0     0     15.331     13.280     40.753     45.579      2.286
   325       211   pi+                 91   209     0     0     0     0     0      1.046      0.901      2.644      2.986      0.140
   326       111   (pi0)              -91   209     0   398   399     0     0      1.939      1.684      4.741      5.393      0.135
   327      -211   pi-                 91   209     0     0     0     0     0      1.800      1.848      4.981      5.611      0.140
   328       111   (pi0)              -91   209     0   400   401     0     0      1.537      1.498      4.900      5.352      0.135
   329       211   pi+                 91   209     0     0     0     0     0      1.198      0.922      2.883      3.258      0.140
   330      -213   (rho-)             -91   209     0   402   403     0     0     11.570     10.490     27.864     31.960      1.065
   331       211   pi+                 91   209     0     0     0     0     0      5.820      5.537     16.152     18.040      0.140
   332       211   pi+                 91   221     0     0     0     0     0      0.107      0.020      0.398      0.436      0.140
   333      -211   pi-                 91   221     0     0     0     0     0      1.004      0.076      1.939      2.189      0.140
   334       111   (pi0)              -91   221     0   404   405     0     0      0.690     -0.113      0.727      1.018      0.135
   335       111   (pi0)              -91   227     0   406   407     0     0      0.061     -0.382      0.109      0.424      0.135
   336        22   gamma               91   227     0     0     0     0     0     -0.196      0.076     -0.436      0.485      0.000
   337       211   pi+                 91   228     0     0     0     0     0     -0.014     -0.033     -0.048      0.152      0.140
   338      -211   pi-                 91   228     0     0     0     0     0     -0.047      0.161     -0.812      0.841      0.140
   339       111   (pi0)              -91   228     0   408   409     0     0     -0.026     -0.209     -0.973      1.004      0.135
   340       211   pi+                 91   232     0     0     0     0     0     -0.051     -0.263     -5.837      5.845      0.140
   341      -211   pi-                 91   232     0     0     0     0     0     -0.516     -0.860    -17.247     17.277      0.140
   342       111   (pi0)              -91   232     0   410   411     0     0     -0.993     -2.482    -41.764     41.850      0.135
   343       211   pi+                 91   240     0     0     0     0     0      0.110      0.121     -1.396      1.413      0.140
   344      -211   pi-                 91   240     0     0     0     0     0      0.188      0.074     -3.218      3.228      0.140
   345       111   (pi0)              -91   240     0   412   413     0     0     -0.107      0.243     -0.867      0.917      0.135
   346        22   gamma               91   241     0     0     0     0     0     -0.377     -0.407     -0.305      0.633      0.000
   347        22   gamma               91   241     0     0     0     0     0     -0.174     -0.282     -0.282      0.435      0.000
   348        22   gamma               91   248     0     0     0     0     0     -0.062     -0.099      0.549      0.561      0.000
   349        22   gamma               91   248     0     0     0     0     0     -0.323     -0.118      1.941      1.971      0.000
   350       211   pi+                 91   249     0     0     0     0     0     -0.088     -0.030      2.493      2.498      0.140
   351      -211   pi-                 91   249     0     0     0     0     0     -0.067     -0.251      9.957      9.961      0.140
   352       221   (eta)              -91   249     0   414   415     0     0     -0.193     -0.777     24.586     24.605      0.548
   353        22   gamma               91   251     0     0     0     0     0     -0.177     -0.220      7.623      7.628      0.000
   354        22   gamma               91   251     0     0     0     0     0     -0.296     -0.354     18.069     18.075      0.000
   355        22   gamma               91   254     0     0     0     0     0      0.124     -0.130      7.657      7.659      0.000
   356        22   gamma               91   254     0     0     0     0     0     -0.001     -0.162      5.397      5.399      0.000
   357        22   gamma               91   266     0     0     0     0     0     -3.290      0.406     19.530     19.809      0.000
   358        22   gamma               91   266     0     0     0     0     0     -0.756      0.123      4.873      4.933      0.000
   359        22   gamma               91   271     0     0     0     0     0     -1.226      0.391     16.340     16.390      0.000
   360        22   gamma               91   271     0     0     0     0     0     -1.287      0.466     15.817     15.876      0.000
   361        22   gamma               91   281     0     0     0     0     0     -0.192     -0.109      0.197      0.296      0.000
   362        22   gamma               91   281     0     0     0     0     0     -0.076     -0.066     -0.006      0.101      0.000
   363        22   gamma               91   287     0     0     0     0     0     -0.160      0.148     -0.607      0.645      0.000
   364        22   gamma               91   287     0     0     0     0     0     -0.077      0.272     -0.822      0.869      0.000
   365        22   gamma               91   289     0     0     0     0     0     -0.344     -0.039     -1.830      1.863      0.000
   366        22   gamma               91   289     0     0     0     0     0     -0.299      0.026     -2.296      2.315      0.000
   367        22   gamma               91   291     0     0     0     0     0     -0.128     -0.071     -0.386      0.413      0.000
   368        22   gamma               91   291     0     0     0     0     0     -0.432      0.014     -1.088      1.171      0.000
   369        22   gamma               91   297     0     0     0     0     0      0.033     -0.275      8.416      8.421      0.000
   370        22   gamma               91   297     0     0     0     0     0     -0.061     -0.064      2.276      2.278      0.000
   371        22   gamma               91   299     0     0     0     0     0     -0.413     -0.551     92.483     92.486      0.000
   372        22   gamma               91   299     0     0     0     0     0     -0.321     -0.292     49.701     49.703      0.000
   373        22   gamma               91   302     0     0     0     0     0      0.087      0.035      6.933      6.933      0.000
   374        22   gamma               91   302     0     0     0     0     0      0.157      0.051     34.488     34.488      0.000
   375        22   gamma               91   303     0     0     0     0     0      0.067      0.026      8.899      8.899      0.000
   376        22   gamma               91   303     0     0     0     0     0     -0.032     -0.064     10.925     10.925      0.000
   377        22   gamma               91   304     0     0     0     0     0     -0.018     -0.144     26.784     26.785      0.000
   378        22   gamma               91   304     0     0     0     0     0      0.049      0.002      5.723      5.723      0.000
   379      -413   (D*-)              -91   307     0   416   417     0     0     32.766    -20.259     76.226     85.431      2.010
   380      -311   (Kbar0)            -91   307     0   418   418     0     0      6.944     -3.564     14.608     16.570      0.498
   381       421   (D0)               -91   307     0   419   421     0     0     36.255    -22.376     87.221     97.088      1.865
   382        22   gamma               91   309     0     0     0     0     0      0.860     -0.696      2.359      2.606      0.000
   383        22   gamma               91   309     0     0     0     0     0      0.560     -0.331      1.294      1.449      0.000
   384        22   gamma               91   310     0     0     0     0     0      1.285     -0.709      2.961      3.305      0.000
   385        22   gamma               91   310     0     0     0     0     0      0.084     -0.082      0.194      0.227      0.000
   386        22   gamma               91   311     0     0     0     0     0      1.565     -1.039      3.661      4.115      0.000
   387        22   gamma               91   311     0     0     0     0     0      1.862     -1.390      4.702      5.245      0.000
   388        22   gamma               91   316     0     0     0     0     0     -4.235      0.896     21.996     22.418      0.000
   389        22   gamma               91   316     0     0     0     0     0     -5.254      0.964     26.944     27.468      0.000
   390        22   gamma               91   317     0     0     0     0     0     -0.005     -0.036      0.351      0.352      0.000
   391        22   gamma               91   317     0     0     0     0     0     -0.416     -0.217      2.740      2.780      0.000
   392        22   gamma               91   318     0     0     0     0     0     -0.264      0.034      2.605      2.619      0.000
   393        22   gamma               91   318     0     0     0     0     0      0.003     -0.027      0.259      0.260      0.000
   394        22   gamma               91   319     0     0     0     0     0     -0.178     -0.129      2.495      2.504      0.000
   395        22   gamma               91   319     0     0     0     0     0     -0.156     -0.034      1.004      1.017      0.000
   396     -3222   Sigmabar-           91   324     0     0     0     0     0      6.617      5.435     17.590     19.600      1.189
   397       331   (eta')             -91   324     0   422   423     0     0      8.714      7.845     23.163     25.979      0.958
   398        22   gamma               91   326     0     0     0     0     0      0.220      0.178      0.442      0.525      0.000
   399        22   gamma               91   326     0     0     0     0     0      1.718      1.506      4.299      4.868      0.000
   400        22   gamma               91   328     0     0     0     0     0      1.301      1.216      4.145      4.511      0.000
   401        22   gamma               91   328     0     0     0     0     0      0.236      0.282      0.756      0.840      0.000
   402      -211   pi-                 91   330     0     0     0     0     0      5.489      5.605     13.522     15.634      0.140
   403       111   (pi0)              -91   330     0   424   425     0     0      6.081      4.886     14.342     16.326      0.135
   404        22   gamma               91   334     0     0     0     0     0      0.409     -0.073      0.335      0.534      0.000
   405        22   gamma               91   334     0     0     0     0     0      0.281     -0.040      0.392      0.484      0.000
   406        22   gamma               91   335     0     0     0     0     0     -0.035     -0.174      0.022      0.179      0.000
   407        22   gamma               91   335     0     0     0     0     0      0.096     -0.208      0.087      0.245      0.000
   408        22   gamma               91   339     0     0     0     0     0     -0.006     -0.143     -0.862      0.874      0.000
   409        22   gamma               91   339     0     0     0     0     0     -0.020     -0.066     -0.111      0.131      0.000
   410        22   gamma               91   342     0     0     0     0     0     -0.589     -1.517    -26.406     26.456      0.000
   411        22   gamma               91   342     0     0     0     0     0     -0.404     -0.965    -15.358     15.394      0.000
   412        22   gamma               91   345     0     0     0     0     0     -0.081      0.103     -0.237      0.271      0.000
   413        22   gamma               91   345     0     0     0     0     0     -0.025      0.141     -0.630      0.646      0.000
   414        22   gamma               91   352     0     0     0     0     0      0.132     -0.135      9.610      9.612      0.000
   415        22   gamma               91   352     0     0     0     0     0     -0.325     -0.642     14.976     14.993      0.000
   416      -421   (Dbar0)            -91   379     0   426   431     0     0     30.650    -18.947     71.378     79.979      1.865
   417      -211   pi-                 91   379     0     0     0     0     0      2.116     -1.312      4.848      5.452      0.140
   418       130   K_L0                91   380   380     0     0     0     0      6.944     -3.564     14.608     16.570      0.498
   419       -11   e+                  91   381     0     0     0     0     0      3.909     -2.653      9.798     10.878      0.001
   420        12   nu_e                91   381     0     0     0     0     0      0.150     -0.101      0.485      0.517      0.000
   421      -325   (K*_2(1430)-)      -91   381     0   432   433     0     0     32.196    -19.623     76.938     85.693      1.491
   422       113   (rho0)             -91   397     0   434   435     0     0      7.802      7.249     21.139     23.680      0.703
   423        22   gamma               91   397     0     0     0     0     0      0.912      0.596      2.024      2.299      0.000
   424        22   gamma               91   403     0     0     0     0     0      4.230      3.376      9.826     11.218      0.000
   425        22   gamma               91   403     0     0     0     0     0      1.850      1.509      4.516      5.108      0.000
   426      -311   (Kbar0)            -91   416     0   436   436     0     0     11.301     -6.859     25.452     28.685      0.498
   427      -211   pi-                 91   416     0     0     0     0     0      1.879     -1.077      4.045      4.590      0.140
   428       211   pi+                 91   416     0     0     0     0     0      2.986     -1.887      6.913      7.764      0.140
   429       111   (pi0)              -91   416     0   437   438     0     0      9.443     -6.164     22.690     25.338      0.135
   430       111   (pi0)              -91   416     0   439   440     0     0      2.308     -1.293      5.593      6.189      0.135
   431       111   (pi0)              -91   416     0   441   442     0     0      2.734     -1.666      6.686      7.415      0.135
   432      -321   K-                  91   421     0     0     0     0     0     10.852     -6.579     25.168     28.191      0.494
   433       113   (rho0)             -91   421     0   443   444     0     0     21.344    -13.044     51.770     57.502      0.825
   434       211   pi+                 91   422     0     0     0     0     0      3.876      4.030     10.917     12.266      0.140
   435      -211   pi-                 91   422     0     0     0     0     0      3.926      3.219     10.222     11.414      0.140
   436       130   K_L0                91   426   426     0     0     0     0     11.301     -6.859     25.452     28.685      0.498
   437        22   gamma               91   429     0     0     0     0     0      3.893     -2.471      9.345     10.420      0.000
   438        22   gamma               91   429     0     0     0     0     0      5.549     -3.693     13.345     14.917      0.000
   439        22   gamma               91   430     0     0     0     0     0      0.436     -0.204      1.110      1.210      0.000
   440        22   gamma               91   430     0     0     0     0     0      1.872     -1.089      4.483      4.978      0.000
   441        22   gamma               91   431     0     0     0     0     0      1.950     -1.183      4.620      5.153      0.000
   442        22   gamma               91   431     0     0     0     0     0      0.784     -0.483      2.066      2.262      0.000
   443       211   pi+                 91   433     0     0     0     0     0     11.932     -7.071     29.472     32.573      0.140
   444      -211   pi-                 91   433     0     0     0     0     0      9.412     -5.973     22.298     24.930      0.140
                                   Charge sum:  2.000           Momentum sum:     -0.000      0.000      0.000   5020.000   5020.000

 --------  End PYTHIA Event Listing  -----------------------------------------------------------------------------------------------
0	0%, nTried:2, nTrial:2, sigma:0.000
#--------------------------------------------------------------------------
#                         FastJet release 3.2.1
#                 M. Cacciari, G.P. Salam and G. Soyez                  
#     A software package for jet finding and analysis at colliders      
#                           http://fastjet.fr                           
#	                                                                      
# Please cite EPJC72(2012)1896 [arXiv:1111.6097] if you use this package
# for scientific work and optionally PLB641(2006)57 [hep-ph/0512210].   
#                                                                       
# FastJet is provided without warranty under the terms of the GNU GPLv2.
# It uses T. Chan's closest pair algorithm, S. Fortune's Voronoi code,
# CGAL and 3rd party plugin jet algorithms. See COPYING file for details.
#--------------------------------------------------------------------------
 PYTHIA Warning in StringFragmentation::fragmentToJunction: bad convergence junction rest frame  
 PYTHIA Warning in PhaseSpace2to2tauyz::trialKin: maximum for cross section violated  
 PYTHIA Error in StringFragmentation::fragment: stuck in joining  
 PYTHIA Error in Pythia::next: hadronLevel failed; try again  

 Pythia::next(): 1000 events have been generated 

 Pythia::next(): 2000 events have been generated 

 Pythia::next(): 3000 events have been generated 

 Pythia::next(): 4000 events have been generated 
 PYTHIA Error in SpaceShower::pT2nearThreshold: stuck in loop  

 Pythia::next(): 5000 events have been generated 
5000	5%, nTried:36153, nTrial:6, sigma:0.000
 PYTHIA Error in StringFragmentation::fragmentToJunction: caught in junction flavour loop  

 Pythia::next(): 6000 events have been generated 

 Pythia::next(): 7000 events have been generated 

 Pythia::next(): 8000 events have been generated 

 Pythia::next(): 9000 events have been generated 

 Pythia::next(): 10000 events have been generated 
10000	10%, nTried:72196, nTrial:1, sigma:0.000

 Pythia::next(): 11000 events have been generated 

 Pythia::next(): 12000 events have been generated 

 Pythia::next(): 13000 events have been generated 

 Pythia::next(): 14000 events have been generated 

 Pythia::next(): 15000 events have been generated 
15000	15%, nTried:108804, nTrial:4, sigma:0.000

 Pythia::next(): 16000 events have been generated 
 PYTHIA Warning in TauDecays::decay: unknown correlated tau production, assuming from unpolarized photon  

 Pythia::next(): 17000 events have been generated 

 Pythia::next(): 18000 events have been generated 

 Pythia::next(): 19000 events have been generated 
 PYTHIA Warning in MultipartonInteractions::pTnext: weight above unity  

 Pythia::next(): 20000 events have been generated 
20000	20%, nTried:145073, nTrial:7, sigma:0.000

 Pythia::next(): 21000 events have been generated 
 PYTHIA Warning in SpaceShower::pT2nextQCD: weight above unity  

 Pythia::next(): 22000 events have been generated 

 Pythia::next(): 23000 events have been generated 

 Pythia::next(): 24000 events have been generated 

 Pythia::next(): 25000 events have been generated 
25000	25%, nTried:182012, nTrial:1, sigma:0.000

 Pythia::next(): 26000 events have been generated 

 Pythia::next(): 27000 events have been generated 

 Pythia::next(): 28000 events have been generated 

 Pythia::next(): 29000 events have been generated 

 Pythia::next(): 30000 events have been generated 
30000	30%, nTried:217459, nTrial:1, sigma:0.000

 Pythia::next(): 31000 events have been generated 

 Pythia::next(): 32000 events have been generated 

 Pythia::next(): 33000 events have been generated 

 Pythia::next(): 34000 events have been generated 

 Pythia::next(): 35000 events have been generated 
35000	35%, nTried:253760, nTrial:1, sigma:0.000

 Pythia::next(): 36000 events have been generated 

 Pythia::next(): 37000 events have been generated 

 Pythia::next(): 38000 events have been generated 

 Pythia::next(): 39000 events have been generated 

 Pythia::next(): 40000 events have been generated 
40000	40%, nTried:289817, nTrial:8, sigma:0.000

 Pythia::next(): 41000 events have been generated 

 Pythia::next(): 42000 events have been generated 

 Pythia::next(): 43000 events have been generated 

 Pythia::next(): 44000 events have been generated 

 Pythia::next(): 45000 events have been generated 
45000	45%, nTried:326409, nTrial:6, sigma:0.000

 Pythia::next(): 46000 events have been generated 

 Pythia::next(): 47000 events have been generated 

 Pythia::next(): 48000 events have been generated 

 Pythia::next(): 49000 events have been generated 

 Pythia::next(): 50000 events have been generated 
50000	50%, nTried:363141, nTrial:26, sigma:0.000

 Pythia::next(): 51000 events have been generated 

 Pythia::next(): 52000 events have been generated 

 Pythia::next(): 53000 events have been generated 

 Pythia::next(): 54000 events have been generated 

 Pythia::next(): 55000 events have been generated 
55000	55%, nTried:398637, nTrial:11, sigma:0.000

 Pythia::next(): 56000 events have been generated 

 Pythia::next(): 57000 events have been generated 

 Pythia::next(): 58000 events have been generated 

 Pythia::next(): 59000 events have been generated 

 Pythia::next(): 60000 events have been generated 
60000	60%, nTried:435524, nTrial:3, sigma:0.000

 Pythia::next(): 61000 events have been generated 

 Pythia::next(): 62000 events have been generated 

 Pythia::next(): 63000 events have been generated 

 Pythia::next(): 64000 events have been generated 

 Pythia::next(): 65000 events have been generated 
65000	65%, nTried:472303, nTrial:3, sigma:0.000

 Pythia::next(): 66000 events have been generated 

 Pythia::next(): 67000 events have been generated 

 Pythia::next(): 68000 events have been generated 

 Pythia::next(): 69000 events have been generated 

 Pythia::next(): 70000 events have been generated 
70000	70%, nTried:507820, nTrial:5, sigma:0.000

 Pythia::next(): 71000 events have been generated 

 Pythia::next(): 72000 events have been generated 

 Pythia::next(): 73000 events have been generated 

 Pythia::next(): 74000 events have been generated 

 Pythia::next(): 75000 events have been generated 
75000	75%, nTried:543467, nTrial:13, sigma:0.000

 Pythia::next(): 76000 events have been generated 

 Pythia::next(): 77000 events have been generated 

 Pythia::next(): 78000 events have been generated 

 Pythia::next(): 79000 events have been generated 

 Pythia::next(): 80000 events have been generated 
80000	80%, nTried:578946, nTrial:2, sigma:0.000

 Pythia::next(): 81000 events have been generated 

 Pythia::next(): 82000 events have been generated 

 Pythia::next(): 83000 events have been generated 

 Pythia::next(): 84000 events have been generated 

 Pythia::next(): 85000 events have been generated 
85000	85%, nTried:614366, nTrial:7, sigma:0.000

 Pythia::next(): 86000 events have been generated 

 Pythia::next(): 87000 events have been generated 

 Pythia::next(): 88000 events have been generated 

 Pythia::next(): 89000 events have been generated 

 Pythia::next(): 90000 events have been generated 
90000	90%, nTried:650438, nTrial:7, sigma:0.000

 Pythia::next(): 91000 events have been generated 

 Pythia::next(): 92000 events have been generated 

 Pythia::next(): 93000 events have been generated 

 Pythia::next(): 94000 events have been generated 

 Pythia::next(): 95000 events have been generated 
95000	95%, nTried:686034, nTrial:2, sigma:0.000

 Pythia::next(): 96000 events have been generated 

 Pythia::next(): 97000 events have been generated 

 Pythia::next(): 98000 events have been generated 

 Pythia::next(): 99000 events have been generated 
100000	100%, nTried:722357, sigma:0.000
nTried after loop:722357
sigma after loop:0.000
100000 events are analyzed successfully.
Real time 0:28:48, CP time 1727.870
