
 *------------------------------------------------------------------------------------* 
 |                                                                                    | 
 |  *------------------------------------------------------------------------------*  | 
 |  |                                                                              |  | 
 |  |                                                                              |  | 
 |  |   PPP   Y   Y  TTTTT  H   H  III    A      Welcome to the Lund Monte Carlo!  |  | 
 |  |   P  P   Y Y     T    H   H   I    A A     This is PYTHIA version 8.226      |  | 
 |  |   PPP     Y      T    HHHHH   I   AAAAA    Last date of change: 26 Apr 2017  |  | 
 |  |   P       Y      T    H   H   I   A   A                                      |  | 
 |  |   P       Y      T    H   H  III  A   A    Now is 22 Oct 2020 at 20:01:26    |  | 
 |  |                                                                              |  | 
 |  |   Torbjorn Sjostrand;  Department of Astronomy and Theoretical Physics,      |  | 
 |  |      Lund University, Solvegatan 14A, SE-223 62 Lund, Sweden;                |  | 
 |  |      e-mail: torbjorn@thep.lu.se                                             |  | 
 |  |   Nishita Desai;  Laboratoire Charles Coulomb (L2C),                         |  | 
 |  |      CNRS-Universite de Montpellier, 34090 Montpellier, France;              |  | 
 |  |      e-mail: nishita.desai@umontpellier.fr                                   |  | 
 |  |   Nadine Fischer;  School of Physics,                                        |  | 
 |  |      Monash University, PO Box 27, 3800 Melbourne, Australia;                |  | 
 |  |      e-mail: nadine.fischer@monash.edu                                       |  | 
 |  |   Ilkka Helenius;  Institute for Theoretical Physics,                        |  | 
 |  |     Tuebingen University, Auf der Morgenstelle 14, 72076 Tuebingen, Germany; |  | 
 |  |      e-mail: ilkka.helenius@uni-tuebingen.de                                 |  | 
 |  |   Philip Ilten;  Massachusetts Institute of Technology,                      |  | 
 |  |      77 Massachusetts Ave, Cambridge, MA 02139, USA;                         |  | 
 |  |      e-mail: philten@cern.ch                                                 |  | 
 |  |   Leif Lonnblad;  Department of Astronomy and Theoretical Physics,           |  | 
 |  |      Lund University, Solvegatan 14A, SE-223 62 Lund, Sweden;                |  | 
 |  |      e-mail: leif.lonnblad@thep.lu.se                                        |  | 
 |  |   Stephen Mrenna;  Computing Division, Simulations Group,                    |  | 
 |  |      Fermi National Accelerator Laboratory, MS 234, Batavia, IL 60510, USA;  |  | 
 |  |      e-mail: mrenna@fnal.gov                                                 |  | 
 |  |   Stefan Prestel;  Theoretical Physics Department,                           |  | 
 |  |      Fermi National Accelerator Laboratory, MS 106, Batavia, IL 60510, USA;  |  | 
 |  |      e-mail: sprestel@fnal.gov                                               |  | 
 |  |   Christine O. Rasmussen;  Department of Astronomy and Theoretical Physics,  |  | 
 |  |      Lund University, Solvegatan 14A, SE-223 62 Lund, Sweden;                |  | 
 |  |      e-mail: christine.rasmussen@thep.lu.se                                  |  | 
 |  |   Peter Skands;  School of Physics,                                          |  | 
 |  |      Monash University, PO Box 27, 3800 Melbourne, Australia;                |  | 
 |  |      e-mail: peter.skands@monash.edu                                         |  | 
 |  |                                                                              |  | 
 |  |   The main program reference is 'An Introduction to PYTHIA 8.2',             |  | 
 |  |   T. Sjostrand et al, Comput. Phys. Commun. 191 (2015) 159                   |  | 
 |  |   [arXiv:1410.3012 [hep-ph]]                                                 |  | 
 |  |                                                                              |  | 
 |  |   The main physics reference is the 'PYTHIA 6.4 Physics and Manual',         |  | 
 |  |   T. Sjostrand, S. Mrenna and P. Skands, JHEP05 (2006) 026 [hep-ph/0603175]  |  | 
 |  |                                                                              |  | 
 |  |   An archive of program versions and documentation is found on the web:      |  | 
 |  |   http://www.thep.lu.se/Pythia                                               |  | 
 |  |                                                                              |  | 
 |  |   This program is released under the GNU General Public Licence version 2.   |  | 
 |  |   Please respect the MCnet Guidelines for Event Generator Authors and Users. |  | 
 |  |                                                                              |  | 
 |  |   Disclaimer: this program comes without any guarantees.                     |  | 
 |  |   Beware of errors and use common sense when interpreting results.           |  | 
 |  |                                                                              |  | 
 |  |   Copyright (C) 2017 Torbjorn Sjostrand                                      |  | 
 |  |                                                                              |  | 
 |  |                                                                              |  | 
 |  *------------------------------------------------------------------------------*  | 
 |                                                                                    | 
 *------------------------------------------------------------------------------------* 

 PYTHIA Error in Settings::flag: unknown key Main:showChangedParticleData
 PYTHIA Error in Settings::mode: unknown key Beams:eCM
Events=100000 RNDM seed 1004

 *-------  PYTHIA Process Initialization  --------------------------*
 |                                                                  |
 | We collide p+ with p+ at a CM energy of 5.020e+03 GeV            |
 |                                                                  |
 |------------------------------------------------------------------|
 |                                                    |             |
 | Subprocess                                    Code |   Estimated |
 |                                                    |    max (mb) |
 |                                                    |             |
 |------------------------------------------------------------------|
 |                                                    |             |
 | g g -> g g                                     111 |   8.329e-06 |
 | g g -> q qbar (uds)                            112 |   2.260e-07 |
 | q g -> q g                                     113 |   2.120e-05 |
 | q q(bar)' -> q q(bar)'                         114 |   5.514e-06 |
 | q qbar -> g g                                  115 |   6.708e-08 |
 | q qbar -> q' qbar' (uds)                       116 |   5.081e-08 |
 | g g -> c cbar                                  121 |   7.531e-08 |
 | q qbar -> c cbar                               122 |   1.693e-08 |
 | g g -> b bbar                                  123 |   7.522e-08 |
 | q qbar -> b bbar                               124 |   1.692e-08 |
 |                                                                  |
 *-------  End PYTHIA Process Initialization -----------------------*

 *-------  PYTHIA Multiparton Interactions Initialization  ---------* 
 |                                                                  | 
 |                   sigmaNonDiffractive =    48.03 mb              | 
 |                                                                  | 
 |    pT0 =  2.12 gives sigmaInteraction =   211.14 mb: accepted    | 
 |                                                                  | 
 *-------  End PYTHIA Multiparton Interactions Initialization  -----* 

 *-------  PYTHIA Flag + Mode + Parm + Word + FVec + MVec + PVec + WVec Settings (changes only)  ------------------* 
 |                                                                                                                 | 
 | Name                                          |                      Now |      Default         Min         Max | 
 |                                               |                          |                                      | 
 | Beams:eCM                                     |                 5020.000 |    14000.000    10.00000             | 
 | HardQCD:all                                   |                       on |          off                         | 
 | Main:numberOfEvents                           |                   100000 |         1000           0             | 
 | ParticleDecays:limitTau0                      |                       on |          off                         | 
 | PhaseSpace:mHatMin                            |                      0.0 |      4.00000         0.0             | 
 | PhaseSpace:pTHatMax                           |                234.00000 |     -1.00000                         | 
 | PhaseSpace:pTHatMin                           |                191.00000 |          0.0         0.0             | 
 | Random:seed                                   |                     1004 |           -1               900000000 | 
 | Random:setSeed                                |                       on |          off                         | 
 |                                                                                                                 | 
 *-------  End PYTHIA Flag + Mode + Parm + Word + FVec + MVec + PVec + WVec Settings  -----------------------------* 

 --------  PYTHIA Particle Data Table (changed only)  ------------------------------------------------------------------------------
 
      id   name            antiName         spn chg col      m0        mWidth      mMin       mMax       tau0    res dec ext vis wid
             no onMode   bRatio   meMode     products 

 no particle data has been changed from its default value 

 --------  End PYTHIA Particle Data Table  -----------------------------------------------------------------------------------------

============ AliJHistManager : AliJCDijetHistManagerjcdijet ===================

---- AliJBin ----
*AliJBin	CentBin	CentBin	"Cent:"	&mode=Single	0.000000 1.000000
*AliJBin	JetBin	JetBin	"Jet bin:"	&mode=Single	0.000000 1.000000 2.000000 3.000000 4.000000

---- AliJTH1 ----
*AliJTH1D	h_events	"h_events"	&Dir=default&Lazy	 CentBin
*AliJTH1D	h_eventSel	"h_eventSel"	&Lazy&Single	 1
*AliJTH1D	h_info	"h_info"	&Lazy&Single	 1
*AliJTH1D	h_centrality	"h_centrality"	&Lazy&Single	 1
*AliJTH1D	h_zvtx	"h_zvtx"	&Lazy&Single	 1
*AliJTH1D	h_nch	"h_nch"	&Dir=default&Lazy	 CentBin
*AliJTH1D	h_pt	"h_pt"	&Dir=default&Lazy	 CentBin
*AliJTH1D	h_ptPosEta	"h_ptPosEta"	&Dir=default&Lazy	 CentBin
*AliJTH1D	h_ptNegEta	"h_ptNegEta"	&Dir=default&Lazy	 CentBin
*AliJTH1D	h_eta	"h_eta"	&Dir=default&Lazy	 CentBin
*AliJTH1D	h_phi	"h_phi"	&Dir=default&Lazy	 CentBin
*AliJTH2D	h_etaPhi	"h_etaPhi"	&Dir=default&Lazy	 CentBin
*AliJTH1D	h_rho	"h_rho"	&Dir=default&Lazy	 CentBin
*AliJTH1D	h_rhoHighPt	"h_rhoHighPt"	&Dir=default&Lazy	 CentBin
*AliJTH1D	h_rhom	"h_rhom"	&Dir=default&Lazy	 CentBin
*AliJTH1D	h_rhomHighPt	"h_rhomHighPt"	&Dir=default&Lazy	 CentBin
*AliJTH1D	h_rhoLin	"h_rhoLin"	&Dir=default&Lazy	 CentBin
*AliJTH1D	h_rhoLinHighPt	"h_rhoLinHighPt"	&Dir=default&Lazy	 CentBin
*AliJTH1D	h_rhomLin	"h_rhomLin"	&Dir=default&Lazy	 CentBin
*AliJTH1D	h_rhomLinHighPt	"h_rhomLinHighPt"	&Dir=default&Lazy	 CentBin
*AliJTH1D	h_jetPt	"h_jetPt"	&Dir=default&Lazy	 CentBin JetBin
*AliJTH1D	h_jetPt_ALICE	"h_jetPt_ALICE"	&Dir=default&Lazy	 CentBin JetBin
*AliJTH1D	h_jetPtTransBGSub	"h_jetPtTransBGSub"	&Dir=default&Lazy	 CentBin JetBin
*AliJTH1D	h_jetN	"h_jetN"	&Dir=default&Lazy	 CentBin
*AliJTH1D	h_jetEta	"h_jetEta"	&Dir=default&Lazy	 CentBin JetBin
*AliJTH1D	h_jetPhi	"h_jetPhi"	&Dir=default&Lazy	 CentBin JetBin
*AliJTH2D	h_jetEtaPhi	"h_jetEtaPhi"	&Dir=default&Lazy	 CentBin JetBin
*AliJTH2D	h_randConeEtaPhi	"h_randConeEtaPhi"	&Dir=default&Lazy	 CentBin
*AliJTH1D	h_jetArea	"h_jetArea"	&Dir=default&Lazy	 CentBin JetBin
*AliJTH1D	h_jetAreaRho	"h_jetAreaRho"	&Dir=default&Lazy	 CentBin JetBin
*AliJTH1D	h_deltaPt	"h_deltaPt"	&Dir=default&Lazy	 CentBin
*AliJTH1D	h_maxJetptOverPtHard	"h_maxJetptOverPtHard"	&Dir=default&Lazy	 CentBin
*AliJTH1D	h_ptHard	"h_ptHard"	&Dir=default&Lazy	 CentBin
*AliJTH1D	h_dijetInvM	"h_dijetInvM"	&Dir=default&Lazy	 CentBin JetBin
*AliJTH1D	h_dijetPtPair	"h_dijetPtPair"	&Dir=default&Lazy	 CentBin JetBin
*AliJTH1D	h_dijetDeltaPhi	"h_dijetDeltaPhi"	&Dir=default&Lazy	 CentBin JetBin
*AliJTH1D	h_dijetPtPairDeltaPhiCut	"h_dijetPtPairDeltaPhiCut"	&Dir=default&Lazy	 CentBin JetBin
*AliJTH1D	h_dijetInvMDeltaPhiCut	"h_dijetInvMDeltaPhiCut"	&Dir=default&Lazy	 CentBin JetBin
*AliJTH1D	h_dijetDeltaPhiWithCut	"h_dijetDeltaPhiWithCut"	&Dir=default&Lazy	 CentBin JetBin
*AliJTH1D	h_responseInfo	"h_responseInfo"	&Lazy&Single	 1
*AliJTH1D	h_jetResponseDeltaR	"h_jetResponseDeltaR"	&Lazy&Single	 1
*AliJTH1D	h_jetResponseDeltaRClosest	"h_jetResponseDeltaRClosest"	&Lazy&Single	 1
*AliJTH1D	h_jetResponseDeltaPt	"h_jetResponseDeltaPt"	&Lazy&Single	 1
*AliJTH1D	h_jetDeltaRMin	"h_jetDeltaRMin"	&Dir=default&Lazy	 CentBin JetBin
*AliJTH1D	h_jetBGSubtrDeltaR	"h_jetBGSubtrDeltaR"	&Dir=default&Lazy	 CentBin
*AliJTH2D	h_jetResponse	"h_jetResponse"	&Lazy&Single	 1
*AliJTH2D	h_jetResponse_ALICE	"h_jetResponse_ALICE"	&Lazy&Single	 1
*AliJTH2D	h_deltaPtResponse	"h_deltaPtResponse"	&Lazy&Single	 1
*AliJTH2D	h_deltaPtResponse_ALICE	"h_deltaPtResponse_ALICE"	&Lazy&Single	 1
*AliJTH2D	h_deltaPtResponseEvery	"h_deltaPtResponseEvery"	&Lazy&Single	 1
*AliJTH2D	h_deltaPtResponseEvery_ALICE	"h_deltaPtResponseEvery_ALICE"	&Lazy&Single	 1
*AliJTH2D	h_dijetResponse	"h_dijetResponse"	&Lazy&Single	 1
*AliJTH2D	h_dijetResponseDeltaPhiCut	"h_dijetResponseDeltaPhiCut"	&Lazy&Single	 1
============ AliJHistManager : AliJCDijetHistManagerjcdijetDetMC ===================

---- AliJBin ----
*AliJBin	CentBin	CentBin	"Cent:"	&mode=Single	0.000000 1.000000
*AliJBin	JetBin	JetBin	"Jet bin:"	&mode=Single	0.000000 1.000000 2.000000 3.000000 4.000000

---- AliJTH1 ----
*AliJTH1D	h_events	"h_events"	&Dir=default&Lazy	 CentBin
*AliJTH1D	h_eventSel	"h_eventSel"	&Lazy&Single	 1
*AliJTH1D	h_info	"h_info"	&Lazy&Single	 1
*AliJTH1D	h_centrality	"h_centrality"	&Lazy&Single	 1
*AliJTH1D	h_zvtx	"h_zvtx"	&Lazy&Single	 1
*AliJTH1D	h_nch	"h_nch"	&Dir=default&Lazy	 CentBin
*AliJTH1D	h_pt	"h_pt"	&Dir=default&Lazy	 CentBin
*AliJTH1D	h_ptPosEta	"h_ptPosEta"	&Dir=default&Lazy	 CentBin
*AliJTH1D	h_ptNegEta	"h_ptNegEta"	&Dir=default&Lazy	 CentBin
*AliJTH1D	h_eta	"h_eta"	&Dir=default&Lazy	 CentBin
*AliJTH1D	h_phi	"h_phi"	&Dir=default&Lazy	 CentBin
*AliJTH2D	h_etaPhi	"h_etaPhi"	&Dir=default&Lazy	 CentBin
*AliJTH1D	h_rho	"h_rho"	&Dir=default&Lazy	 CentBin
*AliJTH1D	h_rhoHighPt	"h_rhoHighPt"	&Dir=default&Lazy	 CentBin
*AliJTH1D	h_rhom	"h_rhom"	&Dir=default&Lazy	 CentBin
*AliJTH1D	h_rhomHighPt	"h_rhomHighPt"	&Dir=default&Lazy	 CentBin
*AliJTH1D	h_rhoLin	"h_rhoLin"	&Dir=default&Lazy	 CentBin
*AliJTH1D	h_rhoLinHighPt	"h_rhoLinHighPt"	&Dir=default&Lazy	 CentBin
*AliJTH1D	h_rhomLin	"h_rhomLin"	&Dir=default&Lazy	 CentBin
*AliJTH1D	h_rhomLinHighPt	"h_rhomLinHighPt"	&Dir=default&Lazy	 CentBin
*AliJTH1D	h_jetPt	"h_jetPt"	&Dir=default&Lazy	 CentBin JetBin
*AliJTH1D	h_jetPt_ALICE	"h_jetPt_ALICE"	&Dir=default&Lazy	 CentBin JetBin
*AliJTH1D	h_jetPtTransBGSub	"h_jetPtTransBGSub"	&Dir=default&Lazy	 CentBin JetBin
*AliJTH1D	h_jetN	"h_jetN"	&Dir=default&Lazy	 CentBin
*AliJTH1D	h_jetEta	"h_jetEta"	&Dir=default&Lazy	 CentBin JetBin
*AliJTH1D	h_jetPhi	"h_jetPhi"	&Dir=default&Lazy	 CentBin JetBin
*AliJTH2D	h_jetEtaPhi	"h_jetEtaPhi"	&Dir=default&Lazy	 CentBin JetBin
*AliJTH2D	h_randConeEtaPhi	"h_randConeEtaPhi"	&Dir=default&Lazy	 CentBin
*AliJTH1D	h_jetArea	"h_jetArea"	&Dir=default&Lazy	 CentBin JetBin
*AliJTH1D	h_jetAreaRho	"h_jetAreaRho"	&Dir=default&Lazy	 CentBin JetBin
*AliJTH1D	h_deltaPt	"h_deltaPt"	&Dir=default&Lazy	 CentBin
*AliJTH1D	h_maxJetptOverPtHard	"h_maxJetptOverPtHard"	&Dir=default&Lazy	 CentBin
*AliJTH1D	h_ptHard	"h_ptHard"	&Dir=default&Lazy	 CentBin
*AliJTH1D	h_dijetInvM	"h_dijetInvM"	&Dir=default&Lazy	 CentBin JetBin
*AliJTH1D	h_dijetPtPair	"h_dijetPtPair"	&Dir=default&Lazy	 CentBin JetBin
*AliJTH1D	h_dijetDeltaPhi	"h_dijetDeltaPhi"	&Dir=default&Lazy	 CentBin JetBin
*AliJTH1D	h_dijetPtPairDeltaPhiCut	"h_dijetPtPairDeltaPhiCut"	&Dir=default&Lazy	 CentBin JetBin
*AliJTH1D	h_dijetInvMDeltaPhiCut	"h_dijetInvMDeltaPhiCut"	&Dir=default&Lazy	 CentBin JetBin
*AliJTH1D	h_dijetDeltaPhiWithCut	"h_dijetDeltaPhiWithCut"	&Dir=default&Lazy	 CentBin JetBin
*AliJTH1D	h_responseInfo	"h_responseInfo"	&Lazy&Single	 1
*AliJTH1D	h_jetResponseDeltaR	"h_jetResponseDeltaR"	&Lazy&Single	 1
*AliJTH1D	h_jetResponseDeltaRClosest	"h_jetResponseDeltaRClosest"	&Lazy&Single	 1
*AliJTH1D	h_jetResponseDeltaPt	"h_jetResponseDeltaPt"	&Lazy&Single	 1
*AliJTH1D	h_jetDeltaRMin	"h_jetDeltaRMin"	&Dir=default&Lazy	 CentBin JetBin
*AliJTH1D	h_jetBGSubtrDeltaR	"h_jetBGSubtrDeltaR"	&Dir=default&Lazy	 CentBin
*AliJTH2D	h_jetResponse	"h_jetResponse"	&Lazy&Single	 1
*AliJTH2D	h_jetResponse_ALICE	"h_jetResponse_ALICE"	&Lazy&Single	 1
*AliJTH2D	h_deltaPtResponse	"h_deltaPtResponse"	&Lazy&Single	 1
*AliJTH2D	h_deltaPtResponse_ALICE	"h_deltaPtResponse_ALICE"	&Lazy&Single	 1
*AliJTH2D	h_deltaPtResponseEvery	"h_deltaPtResponseEvery"	&Lazy&Single	 1
*AliJTH2D	h_deltaPtResponseEvery_ALICE	"h_deltaPtResponseEvery_ALICE"	&Lazy&Single	 1
*AliJTH2D	h_dijetResponse	"h_dijetResponse"	&Lazy&Single	 1
*AliJTH2D	h_dijetResponseDeltaPhiCut	"h_dijetResponseDeltaPhiCut"	&Lazy&Single	 1

============= Settings =============
cent bin:                   0
particle eta cut:           0.9
particle pt cut:            0.15
jet cone size:              0.4
kt-jet cone size:           0.4
Using pion mass in kt-jets: 0.0
Using DeltaPhi in BG subtr: 1.0
Using kt-jet scheme:        pt_scheme
jet costituent cut:         5.0
dijet leading pt cut:       20.0
dijet subleading pt cut:    20.0
dijet DeltaPhi cut:         pi/2.0
tracking inefficiency:      0.0

Let's start

 --------  PYTHIA Info Listing  ---------------------------------------- 
 
 Beam A: id =   2212, pz =  2.510e+03, e =  2.510e+03, m =  9.383e-01.
 Beam B: id =   2212, pz = -2.510e+03, e =  2.510e+03, m =  9.383e-01.

 In 1: id =    1, x =  1.715e-01, pdf =  2.542e-01 at Q2 =  3.838e+04.
 In 2: id =   21, x =  4.773e-02, pdf =  2.001e+00 at same Q2.

 Subprocess q g -> q g with code 113 is 2 -> 2.
 It has sHat =  2.063e+05,    tHat = -5.098e+04,    uHat = -1.553e+05,
       pTHat =  1.959e+02,   m3Hat =  3.300e-01,   m4Hat =  0.000e+00,
    thetaHat =  1.041e+00,  phiHat =  7.255e-01.
     alphaEM =  7.886e-03,  alphaS =  1.161e-01    at Q2 =  3.838e+04.

 Impact parameter b =  1.060e+00 gives enhancement factor =  5.348e-01.
 Max pT scale for MPI =  1.959e+02, ISR =  1.959e+02, FSR =  1.959e+02.
 Number of MPI =     1, ISR =     5, FSRproc =    31, FSRreson =     0.

 --------  End PYTHIA Info Listing  ------------------------------------

 --------  PYTHIA Event Listing  (hard process)  -----------------------------------------------------------------------------------
 
    no        id   name            status     mothers   daughters     colours      p_x        p_y        p_z         e          m 
     0        90   (system)           -11     0     0     0     0     0     0      0.000      0.000      0.000   5020.000   5020.000
     1      2212   (p+)               -12     0     0     3     0     0     0      0.000      0.000   2510.000   2510.000      0.938
     2      2212   (p+)               -12     0     0     4     0     0     0      0.000      0.000  -2510.000   2510.000      0.938
     3         1   (d)                -21     1     0     5     6   101     0      0.000      0.000    430.452    430.452      0.000
     4        21   (g)                -21     2     0     5     6   102   101      0.000      0.000   -119.794    119.794      0.000
     5         1   d                   23     3     4     0     0   103     0    146.562    129.990    294.464    353.676      0.330
     6        21   g                   23     3     4     0     0   102   103   -146.562   -129.990     16.194    196.570      0.000
                                   Charge sum: -0.333           Momentum sum:      0.000      0.000    310.658    550.247    454.162

 --------  End PYTHIA Event Listing  -----------------------------------------------------------------------------------------------

 --------  PYTHIA Event Listing  (complete event)  ---------------------------------------------------------------------------------
 
    no        id   name            status     mothers   daughters     colours      p_x        p_y        p_z         e          m 
     0        90   (system)           -11     0     0     0     0     0     0      0.000      0.000      0.000   5020.000   5020.000
     1      2212   (p+)               -12     0     0   154     0     0     0      0.000      0.000   2510.000   2510.000      0.938
     2      2212   (p+)               -12     0     0   155     0     0     0      0.000      0.000  -2510.000   2510.000      0.938
     3         1   (d)                -21     7     0     5     6   101     0      0.000      0.000    430.452    430.452      0.000
     4        21   (g)                -21     8     8     5     6   102   101      0.000      0.000   -119.794    119.794      0.000
     5         1   (d)                -23     3     4     9     9   103     0    146.562    129.990    294.464    353.676      0.330
     6        21   (g)                -23     3     4    10    10   102   103   -146.562   -129.990     16.194    196.570      0.000
     7         1   (d)                -41    12    12    11     3   104     0      0.000      0.000    497.952    497.952      0.000
     8        21   (g)                -42    13     0     4     4   102   101      0.000     -0.000   -119.794    119.794      0.000
     9         1   (d)                -44     5     5    14    14   103     0    132.717    117.090    309.421    356.462      0.330
    10        21   (g)                -44     6     6    15    15   102   103   -151.106   -134.225     15.855    202.733      0.000
    11        21   (g)                -43     7     0    16    16   104   101     18.389     17.135     52.881     58.551      0.000
    12         1   (d)                -42    23    23     7     7   104     0      0.000      0.000    497.952    497.952      0.000
    13        21   (g)                -41    31    31    17     8   105   101     -0.000     -0.000   -165.293    165.293      0.000
    14         1   (d)                -44     9     9    18    19   103     0    131.134    116.671    303.571    350.662      0.330
    15        21   (g)                -44    10    10    20    20   102   103   -157.393   -135.887     22.024    209.101      0.000
    16        21   (g)                -44    11    11    21    22   104   101     18.199     17.085     52.052     57.728      0.000
    17        21   (g)                -43    13     0    24    25   105   102      8.060      2.131    -44.989     45.755      0.000
    18         1   (d)                -51    14     0    32    32   106     0    116.681    101.608    282.265    321.889      0.330
    19        21   (g)                -51    14     0    29    29   103   106     13.960     14.638     21.374     29.428      0.000
    20        21   (g)                -52    15    15    26    26   102   103   -156.900   -135.462     21.955    208.445      0.000
    21        21   (g)                -51    16     0    34    34   107   101      0.029      7.706     13.482     15.528      0.000
    22        21   (g)                -51    16     0    37    37   104   107     18.170      9.379     55.793     59.422      0.000
    23         1   (d)                -53    30     0    12    12   104     0      0.000      0.000    515.174    515.174      0.000
    24        21   (g)                -51    17     0    35    35   105   108      9.889     -0.039    -44.156     45.250      0.000
    25        21   (g)                -51    17     0    38    38   108   102     -6.934     -2.237     -0.119      7.287      0.000
    26        21   (g)                -52    20    20    27    28   102   103   -151.795   -131.054     21.241    201.664      0.000
    27        21   (g)                -51    26     0    33    33   102   109    -71.573    -67.297     13.281     99.136      0.000
    28        21   (g)                -51    26     0    39    39   109   103    -80.148    -63.680      8.073    102.684      0.000
    29        21   (g)                -52    19    19    36    36   103   106     13.886     14.560     21.261     29.272      0.000
    30         1   (d)                -41    50    50    40    23   110     0      0.000     -0.000    531.431    531.431      0.000
    31        21   (g)                -42    51     0    13    13   105   101     -0.000      0.000   -165.293    165.293      0.000
    32         1   (d)                -44    18    18    52    52   106     0    113.925    102.089    283.470    322.112      0.330
    33        21   (g)                -44    27    27    44    45   102   109    -72.086    -67.207     13.242     99.441      0.000
    34        21   (g)                -44    21    21    47    48   107   101     -0.103      7.729     13.512     15.567      0.000
    35        21   (g)                -44    24    24    43    43   105   108      9.884     -0.038    -44.004     45.100      0.000
    36        21   (g)                -44    29    29    56    56   103   106     13.655     14.600     21.381     29.271      0.000
    37        21   (g)                -44    22    22    49    49   104   107     17.644      9.471     56.007     59.480      0.000
    38        21   (g)                -44    25    25    41    42   108   102     -6.967     -2.231     -0.131      7.316      0.000
    39        21   (g)                -44    28    28    59    59   109   103    -80.653    -63.591      8.000    103.019      0.000
    40        21   (g)                -43    30     0    60    60   110   104      4.701     -0.821     14.661     15.418      0.000
    41        21   (g)                -51    38     0    46    46   111   102     -5.001      2.441     -0.094      5.565      0.000
    42        21   (g)                -51    38     0    61    61   108   111     -0.808     -4.677     -5.193      7.035      0.000
    43        21   (g)                -52    35    35    55    55   105   108      8.726     -0.034    -38.848     39.816      0.000
    44        21   (g)                -51    33     0    53    53   112   109    -69.509    -60.498     11.857     92.909      0.000
    45        21   (g)                -51    33     0    62    62   102   112     -3.259     -6.376      1.372      7.291      0.000
    46        21   (g)                -52    41    41    58    58   111   102     -4.319      2.108     -0.081      4.807      0.000
    47        21   (g)                -51    34     0    54    54   113   101      3.418      9.539     16.583     19.434      0.000
    48        21   (g)                -51    34     0    63    63   107   113      0.694      0.452     10.312     10.345      0.000
    49        21   (g)                -52    37    37    57    57   104   107     13.428      7.208     42.625     45.268      0.000
    50         1   (d)                -42    68     0    30    30   110     0     -0.000      0.000    531.431    531.431      0.000
    51        21   (g)                -41    69    69    64    31   114   101      0.000     -0.000   -206.769    206.769      0.000
    52         1   (d)                -44    32    32    70    70   106     0    114.263    102.038    284.294    322.941      0.330
    53        21   (g)                -44    44    44    71    71   112   109    -68.799    -60.606     11.321     92.382      0.000
    54        21   (g)                -44    47    47    72    72   113   101      3.443      9.535     16.598     19.449      0.000
    55        21   (g)                -44    43    43    73    73   105   108      9.415     -0.138    -38.774     39.901      0.000
    56        21   (g)                -44    36    36    67    67   103   106     13.724     14.590     21.478     29.369      0.000
    57        21   (g)                -44    49    49    75    75   104   107     13.451      7.204     42.728     45.371      0.000
    58        21   (g)                -44    46    46    76    76   111   102     -4.276      2.102     -0.122      4.766      0.000
    59        21   (g)                -44    39    39    65    66   109   103    -79.821    -63.717      7.369    102.400      0.000
    60        21   (g)                -44    40    40    78    78   110   104      4.708     -0.822     14.701     15.458      0.000
    61        21   (g)                -44    42    42    79    79   108   111     -0.701     -4.693     -5.194      7.035      0.000
    62        21   (g)                -44    45    45    80    80   102   112     -3.207     -6.384      1.351      7.271      0.000
    63        21   (g)                -44    48    48    81    81   107   113      0.695      0.452     10.316     10.349      0.000
    64        21   (g)                -43    51     0    82    82   114   105     -2.895      0.439    -41.404     41.507      0.000
    65        21   (g)                -51    59     0    77    77   109   115    -74.002    -61.211      8.835     96.442      0.000
    66        21   (g)                -51    59     0    83    83   115   103     -5.675     -2.353     -1.239      6.267      0.000
    67        21   (g)                -52    56    56    74    74   103   106     13.580     14.436     21.252     29.059      0.000
    68         1   (d)                -41   154   154    84    50   110     0      0.000     -0.000    533.327    533.327      0.000
    69        21   (g)                -42    93    93    51    51   114   101     -0.000      0.000   -206.769    206.769      0.000
    70         1   (d)                -44    52    52   102   102   106     0    113.718    102.347    285.132    323.585      0.330
    71        21   (g)                -44    53    53    99    99   112   109    -68.892    -60.553     11.515     92.441      0.000
    72        21   (g)                -44    54    54    91    92   113   101      3.411      9.554     16.643     19.491      0.000
    73        21   (g)                -44    55    55   109   110   105   108      9.414     -0.137    -38.668     39.798      0.000
    74        21   (g)                -44    67    67   100   101   103   106     13.534     14.462     21.327     29.106      0.000
    75        21   (g)                -44    57    57    85    86   104   107     13.372      7.249     42.847     45.467      0.000
    76        21   (g)                -44    58    58   105   105   111   102     -4.280      2.104     -0.115      4.771      0.000
    77        21   (g)                -44    65    65    90    90   109   115    -74.097    -61.157      9.034     96.499      0.000
    78        21   (g)                -44    60    60    87    87   110   104      4.681     -0.807     14.743     15.490      0.000
    79        21   (g)                -44    61    61   103   104   108   111     -0.703     -4.692     -5.175      7.021      0.000
    80        21   (g)                -44    62    62    97    98   102   112     -3.215     -6.380      1.369      7.274      0.000
    81        21   (g)                -44    63    63   106   107   107   113      0.676      0.463     10.341     10.374      0.000
    82        21   (g)                -44    64    64   168   168   114   105     -2.895      0.439    -41.306     41.409      0.000
    83        21   (g)                -44    66    66    88    89   115   103     -5.679     -2.351     -1.227      6.268      0.000
    84        22   (gamma)            -43    68     0   170   170     0     0      0.955     -0.542      0.096      1.102      0.000
    85        21   (g)                -51    75     0   117   117   117   107      5.425      1.677     21.662     22.393      0.000
    86        21   (g)                -51    75     0   171   171   104   117      9.966      5.225     27.544     29.754      0.000
    87        21   (g)                -52    78    78   164   164   110   104      2.662     -0.459      8.385      8.809      0.000
    88        21   (g)                -51    83     0   135   135   118   103     -0.971     -0.716      0.940      1.529      0.000
    89        21   (g)                -51    83     0    96    96   115   118    -14.069     -9.360     -1.026     16.929      0.000
    90        21   (g)                -52    77    77    94    95   109   115    -64.736    -53.431      7.893     84.309      0.000
    91        21   (g)                -51    72     0   108   108   113   119      3.914      6.392     10.845     13.183      0.000
    92        21   (g)                -51    72     0   173   173   119   101     -0.504      3.162      5.630      6.476      0.000
    93        21   (g)                -53   155   155    69    69   114   101      0.000      0.000   -206.937    206.937      0.000
    94        21   (g)                -51    90     0   130   131   109   120    -56.713    -47.005      5.362     73.855      0.000
    95        21   (g)                -51    90     0   121   122   120   115    -11.030     -8.426      2.311     14.071      0.000
    96        21   (g)                -52    89    89   123   123   115   118    -11.062     -7.360     -0.806     13.311      0.000
    97        21   (g)                -51    80     0   118   119   102   121    -10.930    -12.094      2.734     16.529      0.000
    98        21   (g)                -51    80     0   120   120   121   112      0.055     -1.018     -0.084      1.023      0.000
    99        21   (g)                -52    71    71   132   132   112   109    -61.233    -53.821     10.235     82.164      0.000
   100        21   (g)                -51    74     0   114   114   103   122     14.919     16.918     26.100     34.497      0.000
   101        21   (g)                -51    74     0   112   113   122   106      2.347      0.902      4.583      5.228      0.000
   102         1   (d)                -52    70    70   126   126   106     0    109.986     98.989    275.776    312.967      0.330
   103        21   (g)                -51    79     0   111   111   108   123     -1.100     -1.743     -3.919      4.428      0.000
   104        21   (g)                -51    79     0   144   144   123   111      0.003     -2.755     -1.267      3.033      0.000
   105        21   (g)                -52    76    76   141   141   111   102     -3.886      1.910     -0.105      4.331      0.000
   106        21   (g)                -51    81     0   115   116   107   124      0.402     -0.496      5.613      5.649      0.000
   107        21   (g)                -51    81     0   129   129   124   113      0.805      1.826      6.200      6.513      0.000
   108        21   (g)                -52    91    91   158   158   113   119      3.383      5.525      9.374     11.395      0.000
   109        21   (g)                -51    73     0   159   159   105   125      7.176     -0.405    -25.655     26.643      0.000
   110        21   (g)                -51    73     0   179   179   125   108      2.165      0.151    -13.276     13.452      0.000
   111        21   (g)                -52   103   103   142   143   108   123     -1.026     -1.626     -3.656      4.131      0.000
   112        -2   (ubar)             -51   101     0   124   125     0   106      2.341      1.435      5.513      6.168      0.330
   113         2   (u)                -51   101     0   180   180   122     0      3.663      3.614      5.467      7.515      0.330
   114        21   (g)                -52   100   100   160   160   103   122     11.262     12.771     19.703     26.041      0.000
   115        21   (g)                -51   106     0   127   128   126   124      2.330      0.011     14.452     14.639      0.000
   116        21   (g)                -51   106     0   181   181   107   126      0.453      0.229      0.669      0.840      0.000
   117        21   (g)                -52    85    85   161   161   117   107      3.043      0.941     12.153     12.563      0.000
   118        21   (g)                -51    97     0   139   140   102   127     -9.806    -10.210      2.151     14.319      0.000
   119        21   (g)                -51    97     0   150   150   127   121     -1.107     -2.184      0.558      2.512      0.000
   120        21   (g)                -52    98    98   145   146   121   112      0.039     -0.717     -0.059      0.721      0.000
   121        21   (g)                -51    95     0   136   137   120   128     -8.959     -5.908      1.798     10.881      0.000
   122        21   (g)                -51    95     0   183   183   128   115     -4.832     -4.355      0.312      6.512      0.000
   123        21   (g)                -52    96    96   133   134   115   118     -8.301     -5.523     -0.605      9.989      0.000
   124        -2   (ubar)             -51   112     0   176   176     0   129      3.920      2.556      9.010     10.159      0.330
   125        21   (g)                -51   112     0   184   184   129   106     18.461     16.916     46.751     53.034      0.000
   126         1   (d)                -52   102   102   156   156   106     0     89.946     80.951    225.527    255.942      0.330
   127        21   (g)                -51   115     0   167   167   126   130      1.341     -0.450      6.702      6.850      0.000
   128        21   (g)                -51   115     0   185   185   130   124      1.214      0.971      9.483      9.610      0.000
   129        21   (g)                -52   107   107   178   178   124   113      0.580      1.316      4.466      4.692      0.000
   130        21   (g)                -51    94     0   138   138   131   120    -49.786    -40.655      5.030     64.473      0.000
   131        21   (g)                -51    94     0   186   186   109   131    -14.673    -13.158      1.628     19.776      0.000
   132        21   (g)                -52    99    99   147   147   112   109    -53.487    -47.012      8.940     71.770      0.000
   133        21   (g)                -51   123     0   172   172   115   132     -7.363     -5.406     -0.142      9.136      0.000
   134        21   (g)                -51   123     0   187   187   132   118     -1.185     -0.299     -0.224      1.243      0.000
   135        21   (g)                -52    88    88   169   169   118   103     -0.723     -0.533      0.700      1.139      0.000
   136        21   (g)                -51   121     0   174   174   133   128    -14.205    -10.149      2.573     17.647      0.000
   137        21   (g)                -51   121     0   188   188   120   133     -1.159     -0.990     -0.127      1.529      0.000
   138        21   (g)                -52   130   130   163   163   131   120    -43.381    -35.425      4.383     56.179      0.000
   139        21   (g)                -51   118     0   148   149   134   127     -8.270     -8.812      2.331     12.307      0.000
   140        21   (g)                -51   118     0   189   189   102   134     -1.645     -1.345     -0.184      2.133      0.000
   141        21   (g)                -52   105   105   162   162   111   102     -3.777      1.857     -0.102      4.210      0.000
   142        21   (g)                -51   111     0   165   165   108   135     -0.909     -1.005     -1.403      1.950      0.000
   143        21   (g)                -51   111     0   151   152   135   123     -0.116     -1.108     -2.477      2.716      0.000
   144        21   (g)                -52   104   104   153   153   123   111      0.003     -2.268     -1.043      2.497      0.000
   145        21   (g)                -51   120     0   175   175   121   136     -0.623     -1.521     -0.323      1.675      0.000
   146        21   (g)                -51   120     0   191   191   136   112     -2.100     -1.624      0.725      2.752      0.000
   147        21   (g)                -52   132   132   157   157   112   109    -50.725    -44.584      8.479     68.063      0.000
   148        21   (g)                -51   139     0   166   166   134   137     -5.525     -6.341      2.150      8.681      0.000
   149        21   (g)                -51   139     0   192   192   137   127     -3.248     -3.464      0.435      4.768      0.000
   150        21   (g)                -52   119   119   182   182   127   121     -0.604     -1.191      0.304      1.370      0.000
   151        21   (g)                -51   143     0   190   190   135   138      0.247     -0.150     -0.899      0.944      0.000
   152        21   (g)                -51   143     0   193   193   138   123     -0.362     -1.708     -1.923      2.598      0.000
   153        21   (g)                -52   144   144   177   177   123   111      0.002     -1.518     -0.698      1.671      0.000
   154         1   (d)                -61     1     0    68    68   110     0     -1.130     -0.584    533.320    533.321      0.000
   155        21   (g)                -61     2     0    93    93   114   101      2.145     -2.261   -206.927    206.950      0.000
   156         1   (d)                -62   126   126   197     0   106     0     89.593     80.522    225.689    255.825      0.330
   157        21   (g)                -62   147   147   214   214   112   109    -50.496    -44.952      8.382     68.124      0.000
   158        21   (g)                -62   108   108   288   288   113   119      3.372      5.503      9.368     11.376      0.000
   159        21   (g)                -62   109   109   227   227   105   125      7.446     -0.691    -25.607     26.677      0.000
   160        21   (g)                -62   114   114   205   205   103   122     11.247     12.712     19.710     26.011      0.000
   161        21   (g)                -62   117   117   293   293   117   107      3.019      0.925     12.167     12.570      0.000
   162        21   (g)                -62   141   141   221   221   111   102     -3.759      1.831     -0.134      4.184      0.000
   163        21   (g)                -62   138   138   212   212   131   120    -43.177    -35.741      4.287     56.214      0.000
   164        21   (g)                -62    87    87   295   295   110   104      2.646     -0.471      8.404      8.823      0.000
   165        21   (g)                -62   142   142   225   225   108   135     -0.893     -1.023     -1.404      1.953      0.000
   166        21   (g)                -62   148   148   219   219   134   137     -5.503     -6.382      2.147      8.696      0.000
   167        21   (g)                -62   127   127   291   291   126   130      1.327     -0.458      6.713      6.858      0.000
   168        21   (g)                -62    82    82   228   228   114   105     -2.466     -0.013    -41.324     41.397      0.000
   169        21   (g)                -62   135   135   206   206   118   103     -0.723     -0.537      0.698      1.139      0.000
   170        22   gamma               62    84    84     0     0     0     0      0.959     -0.548      0.105      1.109      0.000
   171        21   (g)                -62    86    86   294   294   104   117      9.917      5.181     27.580     29.763      0.000
   172        21   (g)                -62   133   133   208   208   115   132     -7.325     -5.462     -0.161      9.138      0.000
   173        21   (g)                -62    92    92   287   287   119   101     -0.512      3.151      5.611      6.455      0.000
   174        21   (g)                -62   136   136   210   210   133   128    -14.148    -10.243      2.534     17.649      0.000
   175        21   (g)                -62   145   145   216   216   121   136     -0.614     -1.533     -0.319      1.682      0.000
   176        -2   (ubar)             -62   124   124   199   199     0   129      3.906      2.540      9.022     10.159      0.330
   177        21   (g)                -62   153   153   222   222   123   111      0.013     -1.532     -0.691      1.680      0.000
   178        21   (g)                -62   129   129   289   289   124   113      0.572      1.309      4.463      4.687      0.000
   179        21   (g)                -62   110   110   226   226   125   108      2.303      0.004    -13.262     13.461      0.000
   180         2   (u)                -62   113   113   204   204   122     0      3.659      3.595      5.473      7.508      0.330
   181        21   (g)                -62   116   116   292   292   107   126      0.453      0.227      0.671      0.841      0.000
   182        21   (g)                -62   150   150   217   217   127   121     -0.600     -1.198      0.306      1.375      0.000
   183        21   (g)                -62   122   122   209   209   128   115     -4.807     -4.393      0.303      6.519      0.000
   184        21   (g)                -62   125   125   197     0   129   106     18.387     16.828     46.783     53.008      0.000
   185        21   (g)                -62   128   128   290   290   130   124      1.194      0.960      9.486      9.609      0.000
   186        21   (g)                -62   131   131   213   213   109   131    -14.602    -13.269      1.601     19.795      0.000
   187        21   (g)                -62   134   134   207   207   132   118     -1.179     -0.308     -0.230      1.240      0.000
   188        21   (g)                -62   137   137   211   211   120   133     -1.152     -0.999     -0.130      1.530      0.000
   189        21   (g)                -62   140   140   220   220   102   134     -1.635     -1.359     -0.187      2.135      0.000
   190        21   (g)                -62   151   151   224   224   135   138      0.256     -0.160     -0.896      0.946      0.000
   191        21   (g)                -62   146   146   215   215   136   112     -2.093     -1.637      0.720      2.753      0.000
   192        21   (g)                -62   149   149   218   218   137   127     -3.231     -3.490      0.431      4.776      0.000
   193        21   (g)                -62   152   152   223   223   138   123     -0.340     -1.733     -1.917      2.607      0.000
   194      2203   (uu_1)             -63     1     0   296   296     0   110      1.130      0.584   1976.666   1976.667      0.771
   195      2101   (ud_0)             -63     2     0   229   229     0   114     -0.811      0.946  -1360.333   1360.334      0.579
   196         2   (u)                -63     2     0   286   286   101     0     -1.334      1.315   -942.725    942.727      0.330
   197         1   (d)                -73   156   184   198   198   129     0    107.981     97.350    272.471    308.833      0.619
   198         1   (d)                -71   197   197   200   203   129     0    107.981     97.350    272.471    308.833      0.619
   199        -2   (ubar)             -71   176   176   200   203     0   129      3.906      2.540      9.022     10.159      0.330
   200      -211   pi-                 83   198   199     0     0     0     0     65.996     59.084    165.931    188.095      0.140
   201       213   (rho+)             -84   198   199   333   334     0     0     14.565     12.925     37.045     41.860      0.821
   202      -213   (rho-)             -84   198   199   335   336     0     0     19.693     18.300     50.199     56.951      0.851
   203       223   (omega)            -84   198   199   395   397     0     0     11.632      9.580     28.318     32.087      0.782
   204         2   (u)                -71   180   180   230   285   122     0      3.659      3.595      5.473      7.508      0.330
   205        21   (g)                -71   160   160   230   285   103   122     11.247     12.712     19.710     26.011      0.000
   206        21   (g)                -71   169   169   230   285   118   103     -0.723     -0.537      0.698      1.139      0.000
   207        21   (g)                -71   187   187   230   285   132   118     -1.179     -0.308     -0.230      1.240      0.000
   208        21   (g)                -71   172   172   230   285   115   132     -7.325     -5.462     -0.161      9.138      0.000
   209        21   (g)                -71   183   183   230   285   128   115     -4.807     -4.393      0.303      6.519      0.000
   210        21   (g)                -71   174   174   230   285   133   128    -14.148    -10.243      2.534     17.649      0.000
   211        21   (g)                -71   188   188   230   285   120   133     -1.152     -0.999     -0.130      1.530      0.000
   212        21   (g)                -71   163   163   230   285   131   120    -43.177    -35.741      4.287     56.214      0.000
   213        21   (g)                -71   186   186   230   285   109   131    -14.602    -13.269      1.601     19.795      0.000
   214        21   (g)                -71   157   157   230   285   112   109    -50.496    -44.952      8.382     68.124      0.000
   215        21   (g)                -71   191   191   230   285   136   112     -2.093     -1.637      0.720      2.753      0.000
   216        21   (g)                -71   175   175   230   285   121   136     -0.614     -1.533     -0.319      1.682      0.000
   217        21   (g)                -71   182   182   230   285   127   121     -0.600     -1.198      0.306      1.375      0.000
   218        21   (g)                -71   192   192   230   285   137   127     -3.231     -3.490      0.431      4.776      0.000
   219        21   (g)                -71   166   166   230   285   134   137     -5.503     -6.382      2.147      8.696      0.000
   220        21   (g)                -71   189   189   230   285   102   134     -1.635     -1.359     -0.187      2.135      0.000
   221        21   (g)                -71   162   162   230   285   111   102     -3.759      1.831     -0.134      4.184      0.000
   222        21   (g)                -71   177   177   230   285   123   111      0.013     -1.532     -0.691      1.680      0.000
   223        21   (g)                -71   193   193   230   285   138   123     -0.340     -1.733     -1.917      2.607      0.000
   224        21   (g)                -71   190   190   230   285   135   138      0.256     -0.160     -0.896      0.946      0.000
   225        21   (g)                -71   165   165   230   285   108   135     -0.893     -1.023     -1.404      1.953      0.000
   226        21   (g)                -71   179   179   230   285   125   108      2.303      0.004    -13.262     13.461      0.000
   227        21   (g)                -71   159   159   230   285   105   125      7.446     -0.691    -25.607     26.677      0.000
   228        21   (g)                -71   168   168   230   285   114   105     -2.466     -0.013    -41.324     41.397      0.000
   229      2101   (ud_0)             -71   195   195   230   285     0   114     -0.811      0.946  -1360.333   1360.334      0.579
   230       211   pi+                 83   204   229     0     0     0     0      1.975      2.530      3.457      4.719      0.140
   231       111   (pi0)              -83   204   229   398   399     0     0      6.093      6.243     10.348     13.535      0.135
   232      2112   n0                  83   204   229     0     0     0     0      4.489      4.904      6.673      9.466      0.940
   233     -2212   pbar-               83   204   229     0     0     0     0      0.918      1.264      3.133      3.624      0.938
   234       211   pi+                 83   204   229     0     0     0     0      0.453      0.031      0.190      0.512      0.140
   235      -211   pi-                 83   204   229     0     0     0     0      0.515      1.022      1.295      1.733      0.140
   236       211   pi+                 83   204   229     0     0     0     0     -0.049     -0.088      0.239      0.294      0.140
   237      -211   pi-                 83   204   229     0     0     0     0     -0.031     -0.062      0.063      0.168      0.140
   238      2224   (Delta++)          -83   204   229   337   338     0     0     -2.600     -1.932     -0.355      3.492      1.257
   239     -2224   (Deltabar--)       -83   204   229   339   340     0     0     -2.077     -1.656      0.460      2.935      1.162
   240       223   (omega)            -83   204   229   400   401     0     0     -7.754     -5.373      0.716      9.494      0.788
   241       111   (pi0)              -83   204   229   402   403     0     0    -13.659    -10.891      1.690     17.551      0.135
   242       321   K+                  83   204   229     0     0     0     0     -6.404     -5.519      0.252      8.472      0.494
   243      -311   (Kbar0)            -83   204   229   341   341     0     0    -16.019    -12.781      1.657     20.565      0.498
   244      -211   pi-                 83   204   229     0     0     0     0     -2.995     -3.094      0.643      4.356      0.140
   245       111   (pi0)              -83   204   229   404   405     0     0    -12.637    -11.005      1.617     16.836      0.135
   246       213   (rho+)             -83   204   229   342   343     0     0    -19.062    -16.737      3.528     25.625      0.835
   247       111   (pi0)              -83   204   229   406   407     0     0    -16.741    -13.664      1.759     21.681      0.135
   248      -211   pi-                 83   204   229     0     0     0     0     -7.615     -6.131      0.285      9.782      0.140
   249       113   (rho0)             -83   204   229   344   345     0     0    -26.765    -24.865      4.121     36.776      0.940
   250       211   pi+                 83   204   229     0     0     0     0     -0.251     -0.757     -0.144      0.822      0.140
   251      -211   pi-                 83   204   229     0     0     0     0     -5.734     -4.970      1.645      7.765      0.140
   252       323   (K*+)              -83   204   229   346   347     0     0     -3.118     -3.328      1.009      4.768      0.959
   253      -311   (Kbar0)            -83   204   229   348   348     0     0     -1.928     -2.360      0.391      3.113      0.498
   254      -211   pi-                 83   204   229     0     0     0     0     -1.429     -1.961     -0.120      2.433      0.140
   255       211   pi+                 83   204   229     0     0     0     0     -0.760     -0.793      0.204      1.126      0.140
   256       113   (rho0)             -83   204   229   349   350     0     0     -1.185     -0.595      0.610      1.660      0.789
   257       111   (pi0)              -83   204   229   408   409     0     0     -1.518     -1.389     -0.290      2.082      0.135
   258      -211   pi-                 83   204   229     0     0     0     0     -0.988      0.549      0.623      1.298      0.140
   259       213   (rho+)             -83   204   229   351   352     0     0     -0.940     -0.792     -0.328      1.597      0.965
   260      -211   pi-                 83   204   229     0     0     0     0     -1.170      0.434      0.027      1.256      0.140
   261       211   pi+                 84   204   229     0     0     0     0      0.069     -0.682     -0.069      0.702      0.140
   262      -211   pi-                 84   204   229     0     0     0     0     -0.800     -0.312     -0.371      0.945      0.140
   263       321   K+                  84   204   229     0     0     0     0     -0.533     -0.337     -0.966      1.254      0.494
   264      -321   K-                  84   204   229     0     0     0     0      0.047     -0.169     -0.296      0.602      0.494
   265       223   (omega)            -84   204   229   410   412     0     0     -0.528     -0.795     -0.669      1.402      0.780
   266       211   pi+                 84   204   229     0     0     0     0     -0.185     -0.149     -0.534      0.601      0.140
   267      -211   pi-                 84   204   229     0     0     0     0      0.266     -1.041     -1.486      1.839      0.140
   268       211   pi+                 84   204   229     0     0     0     0     -0.212     -0.513     -1.404      1.516      0.140
   269      -211   pi-                 84   204   229     0     0     0     0      0.802      0.484     -4.470      4.569      0.140
   270       213   (rho+)             -84   204   229   353   354     0     0      0.937     -0.846     -3.870      4.148      0.795
   271       111   (pi0)              -84   204   229   413   414     0     0      2.272      0.322     -7.965      8.290      0.135
   272      -213   (rho-)             -84   204   229   355   356     0     0      1.451      0.147     -8.382      8.540      0.736
   273       323   (K*+)              -84   204   229   357   358     0     0      2.068     -0.631     -7.450      7.800      0.810
   274      -321   K-                  84   204   229     0     0     0     0      0.741     -0.398     -4.339      4.447      0.494
   275       321   K+                  84   204   229     0     0     0     0      0.053      0.016     -8.668      8.682      0.494
   276      -313   (K*bar0)           -84   204   229   359   360     0     0     -0.355      0.364     -9.065      9.147      1.105
   277       221   (eta)              -84   204   229   415   417     0     0      0.122     -0.327     -5.990      6.025      0.548
   278       111   (pi0)              -84   204   229   418   419     0     0     -0.177      0.075     -4.431      4.437      0.135
   279       111   (pi0)              -84   204   229   420   421     0     0      0.261      0.067     -5.736      5.744      0.135
   280      -213   (rho-)             -84   204   229   361   362     0     0      0.095      0.102    -10.062     10.076      0.525
   281       113   (rho0)             -84   204   229   363   364     0     0     -0.938     -0.446    -49.005     49.021      0.718
   282       113   (rho0)             -84   204   229   365   366     0     0     -0.182      0.759    -39.104     39.120      0.819
   283       211   pi+                 84   204   229     0     0     0     0     -0.515     -0.565   -121.974    121.977      0.140
   284      -211   pi-                 84   204   229     0     0     0     0     -0.014      0.496   -363.064    363.064      0.140
   285      2212   p+                  84   204   229     0     0     0     0     -0.389      0.577   -786.033    786.033      0.938
   286         2   (u)                -71   196   196   297   332   101     0     -1.334      1.315   -942.725    942.727      0.330
   287        21   (g)                -71   173   173   297   332   119   101     -0.512      3.151      5.611      6.455      0.000
   288        21   (g)                -71   158   158   297   332   113   119      3.372      5.503      9.368     11.376      0.000
   289        21   (g)                -71   178   178   297   332   124   113      0.572      1.309      4.463      4.687      0.000
   290        21   (g)                -71   185   185   297   332   130   124      1.194      0.960      9.486      9.609      0.000
   291        21   (g)                -71   167   167   297   332   126   130      1.327     -0.458      6.713      6.858      0.000
   292        21   (g)                -71   181   181   297   332   107   126      0.453      0.227      0.671      0.841      0.000
   293        21   (g)                -71   161   161   297   332   117   107      3.019      0.925     12.167     12.570      0.000
   294        21   (g)                -71   171   171   297   332   104   117      9.917      5.181     27.580     29.763      0.000
   295        21   (g)                -71   164   164   297   332   110   104      2.646     -0.471      8.404      8.823      0.000
   296      2203   (uu_1)             -71   194   194   297   332     0   110      1.130      0.584   1976.666   1976.667      0.771
   297       223   (omega)            -83   286   296   422   424     0     0     -1.548      1.114   -875.088    875.090      0.776
   298       111   (pi0)              -83   286   296   425   426     0     0      0.320      0.069    -22.435     22.437      0.135
   299       213   (rho+)             -83   286   296   367   368     0     0     -0.123      0.144    -25.605     25.618      0.792
   300      -211   pi-                 83   286   296     0     0     0     0      0.084     -0.309    -14.960     14.964      0.140
   301       111   (pi0)              -83   286   296   427   428     0     0     -0.251      0.225     -2.393      2.421      0.135
   302       211   pi+                 83   286   296     0     0     0     0      0.494     -0.008     -0.455      0.686      0.140
   303      -213   (rho-)             -83   286   296   369   370     0     0     -0.192      0.249     -0.916      1.196      0.701
   304       211   pi+                 83   286   296     0     0     0     0      0.058      0.245     -0.306      0.420      0.140
   305      -213   (rho-)             -83   286   296   371   372     0     0     -0.414      1.020      2.856      3.167      0.811
   306       213   (rho+)             -83   286   296   373   374     0     0      0.621      0.435      1.041      1.526      0.819
   307      -211   pi-                 83   286   296     0     0     0     0      0.171      1.724      1.065      2.038      0.140
   308       111   (pi0)              -83   286   296   429   430     0     0      1.158      2.826      7.207      7.828      0.135
   309       113   (rho0)             -83   286   296   375   376     0     0      0.580      1.253      2.400      2.865      0.736
   310       211   pi+                 83   286   296     0     0     0     0      0.592      1.039      3.396      3.603      0.140
   311      -211   pi-                 83   286   296     0     0     0     0     -0.077      0.097      0.556      0.587      0.140
   312       223   (omega)            -83   286   296   431   433     0     0      0.650      0.605      3.247      3.464      0.814
   313       211   pi+                 83   286   296     0     0     0     0      0.664      0.318      2.110      2.239      0.140
   314      -211   pi-                 83   286   296     0     0     0     0     -0.191      0.139      0.321      0.422      0.140
   315       331   (eta')             -83   286   296   434   436     0     0      2.293      0.689      9.361      9.709      0.958
   316       213   (rho+)             -83   286   296   377   378     0     0      1.922      1.102      7.215      7.591      0.806
   317       223   (omega)            -83   286   296   437   439     0     0      1.625      0.733      5.116      5.474      0.782
   318       113   (rho0)             -83   286   296   379   380     0     0      2.107      1.083      7.764      8.177      0.980
   319       111   (pi0)              -83   286   296   440   441     0     0      1.782      0.716      4.277      4.690      0.135
   320       111   (pi0)              -84   286   296   442   443     0     0      2.085      0.355      6.987      7.301      0.135
   321      -213   (rho-)             -84   286   296   381   382     0     0      1.551      0.426      6.594      6.837      0.819
   322       213   (rho+)             -84   286   296   383   384     0     0      1.948      0.955      5.927      6.361      0.799
   323      -211   pi-                 84   286   296     0     0     0     0      0.314      0.217      0.790      0.889      0.140
   324       111   (pi0)              -84   286   296   444   445     0     0      1.355      0.110      3.342      3.610      0.135
   325       321   K+                  84   286   296     0     0     0     0      0.629      0.282      3.361      3.467      0.494
   326      -321   K-                  84   286   296     0     0     0     0      0.748     -0.363     10.016     10.063      0.494
   327       111   (pi0)              -84   286   296   446   447     0     0     -0.232      0.405     16.070     16.077      0.135
   328       323   (K*+)              -84   286   296   385   386     0     0     -0.253     -0.322     44.435     44.450      1.059
   329      -313   (K*bar0)           -84   286   296   387   388     0     0     -0.069      0.177    205.903    205.905      0.870
   330      -211   pi-                 84   286   296     0     0     0     0      0.622      0.118    270.946    270.947      0.140
   331      2212   p+                  84   286   296     0     0     0     0      0.669      0.135    696.960    696.961      0.938
   332       213   (rho+)             -84   286   296   389   390     0     0      0.090      0.222    731.297    731.298      0.691
   333       211   pi+                 91   201     0     0     0     0     0      7.665      6.508     19.806     22.212      0.140
   334       111   (pi0)              -91   201     0   448   449     0     0      6.901      6.417     17.240     19.647      0.135
   335      -211   pi-                 91   202     0     0     0     0     0     18.980     17.512     48.254     54.730      0.140
   336       111   (pi0)              -91   202     0   450   451     0     0      0.713      0.789      1.945      2.220      0.135
   337      2212   p+                  91   238     0     0     0     0     0     -1.515     -1.251     -0.105      2.180      0.938
   338       211   pi+                 91   238     0     0     0     0     0     -1.086     -0.680     -0.250      1.313      0.140
   339     -2212   pbar-               91   239     0     0     0     0     0     -1.472     -1.102      0.387      2.100      0.938
   340      -211   pi-                 91   239     0     0     0     0     0     -0.604     -0.554      0.073      0.835      0.140
   341       310   K_S0                91   243   243     0     0     0     0    -16.019    -12.781      1.657     20.565      0.498
   342       211   pi+                 91   246     0     0     0     0     0    -17.968    -15.839      3.200     24.166      0.140
   343       111   (pi0)              -91   246     0   452   453     0     0     -1.095     -0.898      0.327      1.459      0.135
   344       211   pi+                 91   249     0     0     0     0     0     -1.565     -1.408      0.072      2.111      0.140
   345      -211   pi-                 91   249     0     0     0     0     0    -25.200    -23.457      4.049     34.665      0.140
   346       321   K+                  91   252     0     0     0     0     0     -2.582     -2.905      1.093      4.067      0.494
   347       111   (pi0)              -91   252     0   454   455     0     0     -0.535     -0.423     -0.083      0.700      0.135
   348       310   K_S0                91   253   253     0     0     0     0     -1.928     -2.360      0.391      3.113      0.498
   349       211   pi+                 91   256     0     0     0     0     0     -0.727     -0.692      0.226      1.038      0.140
   350      -211   pi-                 91   256     0     0     0     0     0     -0.459      0.097      0.384      0.622      0.140
   351       211   pi+                 91   259     0     0     0     0     0     -0.965     -0.840     -0.492      1.377      0.140
   352       111   (pi0)              -91   259     0   456   457     0     0      0.024      0.048      0.164      0.219      0.135
   353       211   pi+                 91   270     0     0     0     0     0      0.369      0.002     -0.590      0.710      0.140
   354       111   (pi0)              -91   270     0   458   459     0     0      0.567     -0.848     -3.280      3.438      0.135
   355      -211   pi-                 91   272     0     0     0     0     0      1.189      0.044     -7.660      7.753      0.140
   356       111   (pi0)              -91   272     0   460   461     0     0      0.261      0.104     -0.722      0.787      0.135
   357       311   (K0)               -91   273     0   391   391     0     0      1.512     -0.403     -4.620      4.903      0.498
   358       211   pi+                 91   273     0     0     0     0     0      0.556     -0.229     -2.830      2.897      0.140
   359      -311   (Kbar0)            -91   276     0   392   392     0     0     -0.451     -0.120     -4.302      4.356      0.498
   360       111   (pi0)              -91   276     0   462   463     0     0      0.097      0.484     -4.763      4.791      0.135
   361      -211   pi-                 91   280     0     0     0     0     0      0.181      0.120     -2.571      2.583      0.140
   362       111   (pi0)              -91   280     0   464   465     0     0     -0.086     -0.019     -7.491      7.493      0.135
   363       211   pi+                 91   281     0     0     0     0     0     -0.127      0.154    -10.252     10.254      0.140
   364      -211   pi-                 91   281     0     0     0     0     0     -0.811     -0.599    -38.753     38.767      0.140
   365       211   pi+                 91   282     0     0     0     0     0     -0.183      0.633    -14.483     14.498      0.140
   366      -211   pi-                 91   282     0     0     0     0     0      0.001      0.126    -24.621     24.622      0.140
   367       211   pi+                 91   299     0     0     0     0     0     -0.142     -0.068     -1.903      1.915      0.140
   368       111   (pi0)              -91   299     0   466   467     0     0      0.020      0.211    -23.702     23.703      0.135
   369      -211   pi-                 91   303     0     0     0     0     0     -0.213      0.415     -0.377      0.616      0.140
   370       111   (pi0)              -91   303     0   468   469     0     0      0.021     -0.165     -0.539      0.580      0.135
   371      -211   pi-                 91   305     0     0     0     0     0      0.218      0.324      0.958      1.044      0.140
   372       111   (pi0)              -91   305     0   470   471     0     0     -0.632      0.695      1.898      2.122      0.135
   373       211   pi+                 91   306     0     0     0     0     0      0.586     -0.049      0.653      0.890      0.140
   374       111   (pi0)              -91   306     0   472   473     0     0      0.035      0.485      0.388      0.636      0.135
   375       211   pi+                 91   309     0     0     0     0     0      0.338      0.295      1.286      1.369      0.140
   376      -211   pi-                 91   309     0     0     0     0     0      0.243      0.959      1.114      1.496      0.140
   377       211   pi+                 91   316     0     0     0     0     0      0.626      0.779      3.369      3.517      0.140
   378       111   (pi0)              -91   316     0   474   475     0     0      1.296      0.323      3.846      4.074      0.135
   379       211   pi+                 91   318     0     0     0     0     0      0.422      0.406      3.312      3.366      0.140
   380      -211   pi-                 91   318     0     0     0     0     0      1.685      0.678      4.453      4.811      0.140
   381      -211   pi-                 91   321     0     0     0     0     0      0.903      0.130      2.243      2.426      0.140
   382       111   (pi0)              -91   321     0   476   477     0     0      0.648      0.295      4.351      4.411      0.135
   383       211   pi+                 91   322     0     0     0     0     0      1.573      1.043      4.617      4.989      0.140
   384       111   (pi0)              -91   322     0   478   479     0     0      0.374     -0.088      1.310      1.372      0.135
   385       311   (K0)               -91   328     0   393   393     0     0      0.025     -0.079     10.415     10.427      0.498
   386       211   pi+                 91   328     0     0     0     0     0     -0.277     -0.243     34.020     34.022      0.140
   387      -311   (Kbar0)            -91   329     0   394   394     0     0     -0.087      0.185    198.105    198.106      0.498
   388       111   (pi0)              -91   329     0   480   481     0     0      0.019     -0.008      7.798      7.800      0.135
   389       211   pi+                 91   332     0     0     0     0     0     -0.248      0.191    260.705    260.705      0.140
   390       111   (pi0)              -91   332     0   482   483     0     0      0.338      0.032    470.592    470.592      0.135
   391       130   K_L0                91   357   357     0     0     0     0      1.512     -0.403     -4.620      4.903      0.498
   392       130   K_L0                91   359   359     0     0     0     0     -0.451     -0.120     -4.302      4.356      0.498
   393       310   K_S0                91   385   385     0     0     0     0      0.025     -0.079     10.415     10.427      0.498
   394       310   K_S0                91   387   387     0     0     0     0     -0.087      0.185    198.105    198.106      0.498
   395       211   pi+                 91   203     0     0     0     0     0      2.160      1.967      5.752      6.453      0.140
   396      -211   pi-                 91   203     0     0     0     0     0      8.535      6.911     20.380     23.151      0.140
   397       111   (pi0)              -91   203     0   484   485     0     0      0.937      0.702      2.186      2.483      0.135
   398        22   gamma               91   231     0     0     0     0     0      2.912      3.023      5.075      6.586      0.000
   399        22   gamma               91   231     0     0     0     0     0      3.180      3.221      5.273      6.949      0.000
   400       111   (pi0)              -91   240     0   486   487     0     0     -2.655     -1.907      0.605      3.327      0.135
   401        22   gamma               91   240     0     0     0     0     0     -5.099     -3.466      0.111      6.166      0.000
   402        22   gamma               91   241     0     0     0     0     0     -8.958     -7.061      1.110     11.460      0.000
   403        22   gamma               91   241     0     0     0     0     0     -4.701     -3.830      0.580      6.091      0.000
   404        22   gamma               91   245     0     0     0     0     0     -1.692     -1.415      0.224      2.217      0.000
   405        22   gamma               91   245     0     0     0     0     0    -10.945     -9.590      1.394     14.618      0.000
   406        22   gamma               91   247     0     0     0     0     0    -12.881    -10.570      1.320     16.715      0.000
   407        22   gamma               91   247     0     0     0     0     0     -3.860     -3.094      0.439      4.966      0.000
   408        22   gamma               91   257     0     0     0     0     0     -0.676     -0.693     -0.097      0.972      0.000
   409        22   gamma               91   257     0     0     0     0     0     -0.842     -0.696     -0.193      1.110      0.000
   410       211   pi+                 91   265     0     0     0     0     0     -0.196     -0.400     -0.460      0.656      0.140
   411      -211   pi-                 91   265     0     0     0     0     0     -0.404     -0.232     -0.188      0.522      0.140
   412       111   (pi0)              -91   265     0   488   489     0     0      0.073     -0.163     -0.020      0.225      0.135
   413        22   gamma               91   271     0     0     0     0     0      1.888      0.263     -6.788      7.051      0.000
   414        22   gamma               91   271     0     0     0     0     0      0.384      0.059     -1.177      1.239      0.000
   415       111   (pi0)              -91   277     0   490   491     0     0      0.170     -0.101     -1.756      1.773      0.135
   416       111   (pi0)              -91   277     0   492   493     0     0     -0.066     -0.147     -1.546      1.560      0.135
   417       111   (pi0)              -91   277     0   494   495     0     0      0.018     -0.079     -2.687      2.692      0.135
   418        22   gamma               91   278     0     0     0     0     0     -0.088      0.027     -0.877      0.882      0.000
   419        22   gamma               91   278     0     0     0     0     0     -0.090      0.048     -3.553      3.555      0.000
   420        22   gamma               91   279     0     0     0     0     0      0.255      0.095     -5.028      5.036      0.000
   421        22   gamma               91   279     0     0     0     0     0      0.006     -0.028     -0.708      0.709      0.000
   422       211   pi+                 91   297     0     0     0     0     0     -0.302      0.087    -87.076     87.077      0.140
   423      -211   pi-                 91   297     0     0     0     0     0     -0.723      0.433   -401.103    401.104      0.140
   424       111   (pi0)              -91   297     0   496   497     0     0     -0.523      0.594   -386.909    386.910      0.135
   425        22   gamma               91   298     0     0     0     0     0      0.180      0.040     -8.203      8.205      0.000
   426        22   gamma               91   298     0     0     0     0     0      0.139      0.030    -14.232     14.233      0.000
   427        22   gamma               91   301     0     0     0     0     0     -0.047     -0.003     -0.172      0.178      0.000
   428        22   gamma               91   301     0     0     0     0     0     -0.203      0.228     -2.222      2.243      0.000
   429        22   gamma               91   308     0     0     0     0     0      0.709      1.618      4.298      4.647      0.000
   430        22   gamma               91   308     0     0     0     0     0      0.449      1.208      2.909      3.182      0.000
   431       211   pi+                 91   312     0     0     0     0     0      0.251     -0.005      0.991      1.032      0.140
   432      -211   pi-                 91   312     0     0     0     0     0      0.230      0.231      0.448      0.571      0.140
   433       111   (pi0)              -91   312     0   498   499     0     0      0.169      0.380      1.809      1.861      0.135
   434       111   (pi0)              -91   315     0   500   501     0     0      0.381      0.061      1.779      1.825      0.135
   435       111   (pi0)              -91   315     0   502   503     0     0      0.386     -0.007      1.141      1.212      0.135
   436       221   (eta)              -91   315     0   504   505     0     0      1.526      0.636      6.441      6.672      0.548
   437       211   pi+                 91   317     0     0     0     0     0      0.153      0.092      0.335      0.404      0.140
   438      -211   pi-                 91   317     0     0     0     0     0      0.842      0.547      2.509      2.706      0.140
   439       111   (pi0)              -91   317     0   506   507     0     0      0.631      0.094      2.272      2.363      0.135
   440        22   gamma               91   319     0     0     0     0     0      0.973      0.319      2.247      2.469      0.000
   441        22   gamma               91   319     0     0     0     0     0      0.809      0.397      2.029      2.221      0.000
   442        22   gamma               91   320     0     0     0     0     0      0.984      0.170      3.531      3.670      0.000
   443        22   gamma               91   320     0     0     0     0     0      1.101      0.185      3.455      3.631      0.000
   444        22   gamma               91   324     0     0     0     0     0      1.108      0.097      2.588      2.817      0.000
   445        22   gamma               91   324     0     0     0     0     0      0.246      0.013      0.753      0.793      0.000
   446        22   gamma               91   327     0     0     0     0     0     -0.114      0.250      7.263      7.268      0.000
   447        22   gamma               91   327     0     0     0     0     0     -0.118      0.155      8.807      8.809      0.000
   448        22   gamma               91   334     0     0     0     0     0      5.943      5.589     14.905     16.992      0.000
   449        22   gamma               91   334     0     0     0     0     0      0.957      0.829      2.334      2.655      0.000
   450        22   gamma               91   336     0     0     0     0     0      0.184      0.219      0.652      0.712      0.000
   451        22   gamma               91   336     0     0     0     0     0      0.529      0.569      1.293      1.508      0.000
   452        22   gamma               91   343     0     0     0     0     0     -0.424     -0.371      0.065      0.567      0.000
   453        22   gamma               91   343     0     0     0     0     0     -0.670     -0.527      0.262      0.892      0.000
   454        22   gamma               91   347     0     0     0     0     0     -0.193     -0.165     -0.096      0.272      0.000
   455        22   gamma               91   347     0     0     0     0     0     -0.343     -0.258      0.013      0.429      0.000
   456        22   gamma               91   352     0     0     0     0     0      0.057      0.080      0.123      0.158      0.000
   457        22   gamma               91   352     0     0     0     0     0     -0.033     -0.032      0.041      0.062      0.000
   458        22   gamma               91   354     0     0     0     0     0      0.558     -0.775     -3.066      3.211      0.000
   459        22   gamma               91   354     0     0     0     0     0      0.009     -0.073     -0.214      0.227      0.000
   460        22   gamma               91   356     0     0     0     0     0      0.197      0.118     -0.647      0.687      0.000
   461        22   gamma               91   356     0     0     0     0     0      0.064     -0.015     -0.075      0.099      0.000
   462        22   gamma               91   360     0     0     0     0     0      0.087      0.289     -3.418      3.431      0.000
   463        22   gamma               91   360     0     0     0     0     0      0.010      0.195     -1.346      1.360      0.000
   464        22   gamma               91   362     0     0     0     0     0     -0.030      0.023     -5.966      5.966      0.000
   465        22   gamma               91   362     0     0     0     0     0     -0.056     -0.042     -1.525      1.527      0.000
   466        22   gamma               91   368     0     0     0     0     0     -0.023      0.006     -6.711      6.711      0.000
   467        22   gamma               91   368     0     0     0     0     0      0.043      0.205    -16.991     16.993      0.000
   468        22   gamma               91   370     0     0     0     0     0      0.007     -0.120     -0.170      0.208      0.000
   469        22   gamma               91   370     0     0     0     0     0      0.015     -0.046     -0.369      0.372      0.000
   470        22   gamma               91   372     0     0     0     0     0     -0.031      0.083      0.136      0.162      0.000
   471        22   gamma               91   372     0     0     0     0     0     -0.601      0.612      1.763      1.960      0.000
   472        22   gamma               91   374     0     0     0     0     0     -0.018      0.121      0.036      0.128      0.000
   473        22   gamma               91   374     0     0     0     0     0      0.053      0.364      0.352      0.509      0.000
   474        22   gamma               91   378     0     0     0     0     0      0.807      0.153      2.498      2.630      0.000
   475        22   gamma               91   378     0     0     0     0     0      0.489      0.170      1.348      1.444      0.000
   476        22   gamma               91   382     0     0     0     0     0      0.449      0.264      3.290      3.331      0.000
   477        22   gamma               91   382     0     0     0     0     0      0.199      0.031      1.061      1.080      0.000
   478        22   gamma               91   384     0     0     0     0     0      0.290     -0.080      0.795      0.850      0.000
   479        22   gamma               91   384     0     0     0     0     0      0.085     -0.008      0.515      0.522      0.000
   480        22   gamma               91   388     0     0     0     0     0     -0.041      0.039      4.215      4.215      0.000
   481        22   gamma               91   388     0     0     0     0     0      0.059     -0.048      3.584      3.584      0.000
   482        22   gamma               91   390     0     0     0     0     0      0.308      0.025    346.111    346.111      0.000
   483        22   gamma               91   390     0     0     0     0     0      0.030      0.007    124.481    124.481      0.000
   484        22   gamma               91   397     0     0     0     0     0      0.210      0.103      0.504      0.555      0.000
   485        22   gamma               91   397     0     0     0     0     0      0.727      0.599      1.682      1.928      0.000
   486        22   gamma               91   400     0     0     0     0     0     -1.975     -1.345      0.436      2.429      0.000
   487        22   gamma               91   400     0     0     0     0     0     -0.680     -0.562      0.169      0.898      0.000
   488        22   gamma               91   412     0     0     0     0     0      0.027     -0.174     -0.024      0.177      0.000
   489        22   gamma               91   412     0     0     0     0     0      0.046      0.011      0.004      0.047      0.000
   490        22   gamma               91   415     0     0     0     0     0      0.071     -0.114     -0.825      0.836      0.000
   491        22   gamma               91   415     0     0     0     0     0      0.099      0.013     -0.931      0.937      0.000
   492        22   gamma               91   416     0     0     0     0     0     -0.015     -0.084     -0.306      0.317      0.000
   493        22   gamma               91   416     0     0     0     0     0     -0.051     -0.064     -1.240      1.243      0.000
   494        22   gamma               91   417     0     0     0     0     0     -0.021     -0.005     -1.914      1.914      0.000
   495        22   gamma               91   417     0     0     0     0     0      0.039     -0.074     -0.773      0.778      0.000
   496        22   gamma               91   424     0     0     0     0     0     -0.487      0.483   -328.204    328.205      0.000
   497        22   gamma               91   424     0     0     0     0     0     -0.036      0.111    -58.705     58.705      0.000
   498        22   gamma               91   433     0     0     0     0     0      0.192      0.354      1.669      1.717      0.000
   499        22   gamma               91   433     0     0     0     0     0     -0.023      0.026      0.140      0.144      0.000
   500        22   gamma               91   434     0     0     0     0     0      0.251     -0.026      1.057      1.087      0.000
   501        22   gamma               91   434     0     0     0     0     0      0.130      0.086      0.721      0.738      0.000
   502        22   gamma               91   435     0     0     0     0     0      0.298      0.052      0.855      0.907      0.000
   503        22   gamma               91   435     0     0     0     0     0      0.088     -0.060      0.286      0.305      0.000
   504        22   gamma               91   436     0     0     0     0     0      0.505      0.486      2.943      3.025      0.000
   505        22   gamma               91   436     0     0     0     0     0      1.021      0.150      3.498      3.647      0.000
   506        22   gamma               91   439     0     0     0     0     0      0.209     -0.017      0.594      0.630      0.000
   507        22   gamma               91   439     0     0     0     0     0      0.422      0.111      1.678      1.734      0.000
                                   Charge sum:  2.000           Momentum sum:     -0.000     -0.000     -0.000   5020.000   5020.000

 --------  End PYTHIA Event Listing  -----------------------------------------------------------------------------------------------
0	0%, nTried:8, nTrial:8, sigma:0.000
#--------------------------------------------------------------------------
#                         FastJet release 3.2.1
#                 M. Cacciari, G.P. Salam and G. Soyez                  
#     A software package for jet finding and analysis at colliders      
#                           http://fastjet.fr                           
#	                                                                      
# Please cite EPJC72(2012)1896 [arXiv:1111.6097] if you use this package
# for scientific work and optionally PLB641(2006)57 [hep-ph/0512210].   
#                                                                       
# FastJet is provided without warranty under the terms of the GNU GPLv2.
# It uses T. Chan's closest pair algorithm, S. Fortune's Voronoi code,
# CGAL and 3rd party plugin jet algorithms. See COPYING file for details.
#--------------------------------------------------------------------------
 PYTHIA Warning in StringFragmentation::fragmentToJunction: bad convergence junction rest frame  
 PYTHIA Error in StringFragmentation::fragment: stuck in joining  
 PYTHIA Error in Pythia::next: hadronLevel failed; try again  

 Pythia::next(): 1000 events have been generated 
 PYTHIA Error in SpaceShower::pT2nearThreshold: stuck in loop  

 Pythia::next(): 2000 events have been generated 

 Pythia::next(): 3000 events have been generated 

 Pythia::next(): 4000 events have been generated 
 PYTHIA Error in StringFragmentation::fragmentToJunction: caught in junction flavour loop  

 Pythia::next(): 5000 events have been generated 
5000	5%, nTried:39499, nTrial:2, sigma:0.000
 PYTHIA Warning in SpaceShower::pT2nextQCD: weight above unity  

 Pythia::next(): 6000 events have been generated 
 PYTHIA Warning in TauDecays::decay: unknown correlated tau production, assuming from unpolarized photon  

 Pythia::next(): 7000 events have been generated 

 Pythia::next(): 8000 events have been generated 

 Pythia::next(): 9000 events have been generated 

 Pythia::next(): 10000 events have been generated 
10000	10%, nTried:80608, nTrial:8, sigma:0.000

 Pythia::next(): 11000 events have been generated 

 Pythia::next(): 12000 events have been generated 

 Pythia::next(): 13000 events have been generated 

 Pythia::next(): 14000 events have been generated 

 Pythia::next(): 15000 events have been generated 
15000	15%, nTried:120552, nTrial:5, sigma:0.000

 Pythia::next(): 16000 events have been generated 

 Pythia::next(): 17000 events have been generated 

 Pythia::next(): 18000 events have been generated 

 Pythia::next(): 19000 events have been generated 

 Pythia::next(): 20000 events have been generated 
20000	20%, nTried:160282, nTrial:1, sigma:0.000

 Pythia::next(): 21000 events have been generated 

 Pythia::next(): 22000 events have been generated 

 Pythia::next(): 23000 events have been generated 

 Pythia::next(): 24000 events have been generated 

 Pythia::next(): 25000 events have been generated 
25000	25%, nTried:199846, nTrial:1, sigma:0.000

 Pythia::next(): 26000 events have been generated 

 Pythia::next(): 27000 events have been generated 

 Pythia::next(): 28000 events have been generated 

 Pythia::next(): 29000 events have been generated 

 Pythia::next(): 30000 events have been generated 
30000	30%, nTried:240579, nTrial:7, sigma:0.000

 Pythia::next(): 31000 events have been generated 

 Pythia::next(): 32000 events have been generated 

 Pythia::next(): 33000 events have been generated 

 Pythia::next(): 34000 events have been generated 

 Pythia::next(): 35000 events have been generated 
35000	35%, nTried:281445, nTrial:4, sigma:0.000

 Pythia::next(): 36000 events have been generated 

 Pythia::next(): 37000 events have been generated 

 Pythia::next(): 38000 events have been generated 

 Pythia::next(): 39000 events have been generated 

 Pythia::next(): 40000 events have been generated 
40000	40%, nTried:321594, nTrial:6, sigma:0.000

 Pythia::next(): 41000 events have been generated 

 Pythia::next(): 42000 events have been generated 

 Pythia::next(): 43000 events have been generated 

 Pythia::next(): 44000 events have been generated 

 Pythia::next(): 45000 events have been generated 
45000	45%, nTried:362204, nTrial:4, sigma:0.000

 Pythia::next(): 46000 events have been generated 

 Pythia::next(): 47000 events have been generated 

 Pythia::next(): 48000 events have been generated 

 Pythia::next(): 49000 events have been generated 

 Pythia::next(): 50000 events have been generated 
50000	50%, nTried:402397, nTrial:8, sigma:0.000

 Pythia::next(): 51000 events have been generated 

 Pythia::next(): 52000 events have been generated 
 PYTHIA Warning in MultipartonInteractions::pTnext: weight above unity  

 Pythia::next(): 53000 events have been generated 

 Pythia::next(): 54000 events have been generated 

 Pythia::next(): 55000 events have been generated 
55000	55%, nTried:442773, nTrial:2, sigma:0.000

 Pythia::next(): 56000 events have been generated 

 Pythia::next(): 57000 events have been generated 

 Pythia::next(): 58000 events have been generated 

 Pythia::next(): 59000 events have been generated 

 Pythia::next(): 60000 events have been generated 
60000	60%, nTried:483671, nTrial:11, sigma:0.000

 Pythia::next(): 61000 events have been generated 

 Pythia::next(): 62000 events have been generated 

 Pythia::next(): 63000 events have been generated 

 Pythia::next(): 64000 events have been generated 

 Pythia::next(): 65000 events have been generated 
65000	65%, nTried:523132, nTrial:6, sigma:0.000

 Pythia::next(): 66000 events have been generated 

 Pythia::next(): 67000 events have been generated 

 Pythia::next(): 68000 events have been generated 

 Pythia::next(): 69000 events have been generated 

 Pythia::next(): 70000 events have been generated 
70000	70%, nTried:564127, nTrial:10, sigma:0.000

 Pythia::next(): 71000 events have been generated 

 Pythia::next(): 72000 events have been generated 

 Pythia::next(): 73000 events have been generated 

 Pythia::next(): 74000 events have been generated 

 Pythia::next(): 75000 events have been generated 
75000	75%, nTried:603628, nTrial:4, sigma:0.000

 Pythia::next(): 76000 events have been generated 

 Pythia::next(): 77000 events have been generated 

 Pythia::next(): 78000 events have been generated 

 Pythia::next(): 79000 events have been generated 

 Pythia::next(): 80000 events have been generated 
80000	80%, nTried:642896, nTrial:4, sigma:0.000

 Pythia::next(): 81000 events have been generated 

 Pythia::next(): 82000 events have been generated 

 Pythia::next(): 83000 events have been generated 

 Pythia::next(): 84000 events have been generated 

 Pythia::next(): 85000 events have been generated 
85000	85%, nTried:683796, nTrial:11, sigma:0.000

 Pythia::next(): 86000 events have been generated 

 Pythia::next(): 87000 events have been generated 

 Pythia::next(): 88000 events have been generated 

 Pythia::next(): 89000 events have been generated 

 Pythia::next(): 90000 events have been generated 
90000	90%, nTried:723882, nTrial:10, sigma:0.000

 Pythia::next(): 91000 events have been generated 

 Pythia::next(): 92000 events have been generated 

 Pythia::next(): 93000 events have been generated 

 Pythia::next(): 94000 events have been generated 

 Pythia::next(): 95000 events have been generated 
95000	95%, nTried:764807, nTrial:13, sigma:0.000

 Pythia::next(): 96000 events have been generated 

 Pythia::next(): 97000 events have been generated 

 Pythia::next(): 98000 events have been generated 

 Pythia::next(): 99000 events have been generated 
 PYTHIA Warning in Pythia::check: not quite matched particle energy/momentum/mass  
100000	100%, nTried:805660, sigma:0.000
nTried after loop:805660
sigma after loop:0.000
100000 events are analyzed successfully.
Real time 0:29:05, CP time 1745.760
