
 *------------------------------------------------------------------------------------* 
 |                                                                                    | 
 |  *------------------------------------------------------------------------------*  | 
 |  |                                                                              |  | 
 |  |                                                                              |  | 
 |  |   PPP   Y   Y  TTTTT  H   H  III    A      Welcome to the Lund Monte Carlo!  |  | 
 |  |   P  P   Y Y     T    H   H   I    A A     This is PYTHIA version 8.226      |  | 
 |  |   PPP     Y      T    HHHHH   I   AAAAA    Last date of change: 26 Apr 2017  |  | 
 |  |   P       Y      T    H   H   I   A   A                                      |  | 
 |  |   P       Y      T    H   H  III  A   A    Now is 22 Oct 2020 at 11:22:27    |  | 
 |  |                                                                              |  | 
 |  |   Torbjorn Sjostrand;  Department of Astronomy and Theoretical Physics,      |  | 
 |  |      Lund University, Solvegatan 14A, SE-223 62 Lund, Sweden;                |  | 
 |  |      e-mail: torbjorn@thep.lu.se                                             |  | 
 |  |   Nishita Desai;  Laboratoire Charles Coulomb (L2C),                         |  | 
 |  |      CNRS-Universite de Montpellier, 34090 Montpellier, France;              |  | 
 |  |      e-mail: nishita.desai@umontpellier.fr                                   |  | 
 |  |   Nadine Fischer;  School of Physics,                                        |  | 
 |  |      Monash University, PO Box 27, 3800 Melbourne, Australia;                |  | 
 |  |      e-mail: nadine.fischer@monash.edu                                       |  | 
 |  |   Ilkka Helenius;  Institute for Theoretical Physics,                        |  | 
 |  |     Tuebingen University, Auf der Morgenstelle 14, 72076 Tuebingen, Germany; |  | 
 |  |      e-mail: ilkka.helenius@uni-tuebingen.de                                 |  | 
 |  |   Philip Ilten;  Massachusetts Institute of Technology,                      |  | 
 |  |      77 Massachusetts Ave, Cambridge, MA 02139, USA;                         |  | 
 |  |      e-mail: philten@cern.ch                                                 |  | 
 |  |   Leif Lonnblad;  Department of Astronomy and Theoretical Physics,           |  | 
 |  |      Lund University, Solvegatan 14A, SE-223 62 Lund, Sweden;                |  | 
 |  |      e-mail: leif.lonnblad@thep.lu.se                                        |  | 
 |  |   Stephen Mrenna;  Computing Division, Simulations Group,                    |  | 
 |  |      Fermi National Accelerator Laboratory, MS 234, Batavia, IL 60510, USA;  |  | 
 |  |      e-mail: mrenna@fnal.gov                                                 |  | 
 |  |   Stefan Prestel;  Theoretical Physics Department,                           |  | 
 |  |      Fermi National Accelerator Laboratory, MS 106, Batavia, IL 60510, USA;  |  | 
 |  |      e-mail: sprestel@fnal.gov                                               |  | 
 |  |   Christine O. Rasmussen;  Department of Astronomy and Theoretical Physics,  |  | 
 |  |      Lund University, Solvegatan 14A, SE-223 62 Lund, Sweden;                |  | 
 |  |      e-mail: christine.rasmussen@thep.lu.se                                  |  | 
 |  |   Peter Skands;  School of Physics,                                          |  | 
 |  |      Monash University, PO Box 27, 3800 Melbourne, Australia;                |  | 
 |  |      e-mail: peter.skands@monash.edu                                         |  | 
 |  |                                                                              |  | 
 |  |   The main program reference is 'An Introduction to PYTHIA 8.2',             |  | 
 |  |   T. Sjostrand et al, Comput. Phys. Commun. 191 (2015) 159                   |  | 
 |  |   [arXiv:1410.3012 [hep-ph]]                                                 |  | 
 |  |                                                                              |  | 
 |  |   The main physics reference is the 'PYTHIA 6.4 Physics and Manual',         |  | 
 |  |   T. Sjostrand, S. Mrenna and P. Skands, JHEP05 (2006) 026 [hep-ph/0603175]  |  | 
 |  |                                                                              |  | 
 |  |   An archive of program versions and documentation is found on the web:      |  | 
 |  |   http://www.thep.lu.se/Pythia                                               |  | 
 |  |                                                                              |  | 
 |  |   This program is released under the GNU General Public Licence version 2.   |  | 
 |  |   Please respect the MCnet Guidelines for Event Generator Authors and Users. |  | 
 |  |                                                                              |  | 
 |  |   Disclaimer: this program comes without any guarantees.                     |  | 
 |  |   Beware of errors and use common sense when interpreting results.           |  | 
 |  |                                                                              |  | 
 |  |   Copyright (C) 2017 Torbjorn Sjostrand                                      |  | 
 |  |                                                                              |  | 
 |  |                                                                              |  | 
 |  *------------------------------------------------------------------------------*  | 
 |                                                                                    | 
 *------------------------------------------------------------------------------------* 

 PYTHIA Error in Settings::flag: unknown key Main:showChangedParticleData
 PYTHIA Error in Settings::mode: unknown key Beams:eCM
Events=100000 RNDM seed 1001

 *-------  PYTHIA Process Initialization  --------------------------*
 |                                                                  |
 | We collide p+ with p+ at a CM energy of 5.020e+03 GeV            |
 |                                                                  |
 |------------------------------------------------------------------|
 |                                                    |             |
 | Subprocess                                    Code |   Estimated |
 |                                                    |    max (mb) |
 |                                                    |             |
 |------------------------------------------------------------------|
 |                                                    |             |
 | g g -> g g                                     111 |   3.221e-01 |
 | g g -> q qbar (uds)                            112 |   5.144e-03 |
 | q g -> q g                                     113 |   2.831e-01 |
 | q q(bar)' -> q q(bar)'                         114 |   3.691e-02 |
 | q qbar -> g g                                  115 |   3.159e-04 |
 | q qbar -> q' qbar' (uds)                       116 |   2.269e-04 |
 | g g -> c cbar                                  121 |   1.703e-03 |
 | q qbar -> c cbar                               122 |   7.522e-05 |
 | g g -> b bbar                                  123 |   1.739e-03 |
 | q qbar -> b bbar                               124 |   7.157e-05 |
 |                                                                  |
 *-------  End PYTHIA Process Initialization -----------------------*

 *-------  PYTHIA Multiparton Interactions Initialization  ---------* 
 |                                                                  | 
 |                   sigmaNonDiffractive =    48.03 mb              | 
 |                                                                  | 
 |    pT0 =  2.12 gives sigmaInteraction =   212.15 mb: accepted    | 
 |                                                                  | 
 *-------  End PYTHIA Multiparton Interactions Initialization  -----* 

 *-------  PYTHIA Flag + Mode + Parm + Word + FVec + MVec + PVec + WVec Settings (changes only)  ------------------* 
 |                                                                                                                 | 
 | Name                                          |                      Now |      Default         Min         Max | 
 |                                               |                          |                                      | 
 | Beams:eCM                                     |                 5020.000 |    14000.000    10.00000             | 
 | HardQCD:all                                   |                       on |          off                         | 
 | Main:numberOfEvents                           |                   100000 |         1000           0             | 
 | ParticleDecays:limitTau0                      |                       on |          off                         | 
 | PhaseSpace:mHatMin                            |                      0.0 |      4.00000         0.0             | 
 | PhaseSpace:pTHatMax                           |                 36.00000 |     -1.00000                         | 
 | PhaseSpace:pTHatMin                           |                 21.00000 |          0.0         0.0             | 
 | Random:seed                                   |                     1001 |           -1               900000000 | 
 | Random:setSeed                                |                       on |          off                         | 
 |                                                                                                                 | 
 *-------  End PYTHIA Flag + Mode + Parm + Word + FVec + MVec + PVec + WVec Settings  -----------------------------* 

 --------  PYTHIA Particle Data Table (changed only)  ------------------------------------------------------------------------------
 
      id   name            antiName         spn chg col      m0        mWidth      mMin       mMax       tau0    res dec ext vis wid
             no onMode   bRatio   meMode     products 

 no particle data has been changed from its default value 

 --------  End PYTHIA Particle Data Table  -----------------------------------------------------------------------------------------

============ AliJHistManager : AliJCDijetHistManagerjcdijet ===================

---- AliJBin ----
*AliJBin	CentBin	CentBin	"Cent:"	&mode=Single	0.000000 1.000000
*AliJBin	JetBin	JetBin	"Jet bin:"	&mode=Single	0.000000 1.000000 2.000000 3.000000 4.000000

---- AliJTH1 ----
*AliJTH1D	h_events	"h_events"	&Dir=default&Lazy	 CentBin
*AliJTH1D	h_eventSel	"h_eventSel"	&Lazy&Single	 1
*AliJTH1D	h_info	"h_info"	&Lazy&Single	 1
*AliJTH1D	h_centrality	"h_centrality"	&Lazy&Single	 1
*AliJTH1D	h_zvtx	"h_zvtx"	&Lazy&Single	 1
*AliJTH1D	h_nch	"h_nch"	&Dir=default&Lazy	 CentBin
*AliJTH1D	h_pt	"h_pt"	&Dir=default&Lazy	 CentBin
*AliJTH1D	h_ptPosEta	"h_ptPosEta"	&Dir=default&Lazy	 CentBin
*AliJTH1D	h_ptNegEta	"h_ptNegEta"	&Dir=default&Lazy	 CentBin
*AliJTH1D	h_eta	"h_eta"	&Dir=default&Lazy	 CentBin
*AliJTH1D	h_phi	"h_phi"	&Dir=default&Lazy	 CentBin
*AliJTH2D	h_etaPhi	"h_etaPhi"	&Dir=default&Lazy	 CentBin
*AliJTH1D	h_rho	"h_rho"	&Dir=default&Lazy	 CentBin
*AliJTH1D	h_rhoHighPt	"h_rhoHighPt"	&Dir=default&Lazy	 CentBin
*AliJTH1D	h_rhom	"h_rhom"	&Dir=default&Lazy	 CentBin
*AliJTH1D	h_rhomHighPt	"h_rhomHighPt"	&Dir=default&Lazy	 CentBin
*AliJTH1D	h_rhoLin	"h_rhoLin"	&Dir=default&Lazy	 CentBin
*AliJTH1D	h_rhoLinHighPt	"h_rhoLinHighPt"	&Dir=default&Lazy	 CentBin
*AliJTH1D	h_rhomLin	"h_rhomLin"	&Dir=default&Lazy	 CentBin
*AliJTH1D	h_rhomLinHighPt	"h_rhomLinHighPt"	&Dir=default&Lazy	 CentBin
*AliJTH1D	h_jetPt	"h_jetPt"	&Dir=default&Lazy	 CentBin JetBin
*AliJTH1D	h_jetPt_ALICE	"h_jetPt_ALICE"	&Dir=default&Lazy	 CentBin JetBin
*AliJTH1D	h_jetPtTransBGSub	"h_jetPtTransBGSub"	&Dir=default&Lazy	 CentBin JetBin
*AliJTH1D	h_jetN	"h_jetN"	&Dir=default&Lazy	 CentBin
*AliJTH1D	h_jetEta	"h_jetEta"	&Dir=default&Lazy	 CentBin JetBin
*AliJTH1D	h_jetPhi	"h_jetPhi"	&Dir=default&Lazy	 CentBin JetBin
*AliJTH2D	h_jetEtaPhi	"h_jetEtaPhi"	&Dir=default&Lazy	 CentBin JetBin
*AliJTH2D	h_randConeEtaPhi	"h_randConeEtaPhi"	&Dir=default&Lazy	 CentBin
*AliJTH1D	h_jetArea	"h_jetArea"	&Dir=default&Lazy	 CentBin JetBin
*AliJTH1D	h_jetAreaRho	"h_jetAreaRho"	&Dir=default&Lazy	 CentBin JetBin
*AliJTH1D	h_deltaPt	"h_deltaPt"	&Dir=default&Lazy	 CentBin
*AliJTH1D	h_maxJetptOverPtHard	"h_maxJetptOverPtHard"	&Dir=default&Lazy	 CentBin
*AliJTH1D	h_ptHard	"h_ptHard"	&Dir=default&Lazy	 CentBin
*AliJTH1D	h_dijetInvM	"h_dijetInvM"	&Dir=default&Lazy	 CentBin JetBin
*AliJTH1D	h_dijetPtPair	"h_dijetPtPair"	&Dir=default&Lazy	 CentBin JetBin
*AliJTH1D	h_dijetDeltaPhi	"h_dijetDeltaPhi"	&Dir=default&Lazy	 CentBin JetBin
*AliJTH1D	h_dijetPtPairDeltaPhiCut	"h_dijetPtPairDeltaPhiCut"	&Dir=default&Lazy	 CentBin JetBin
*AliJTH1D	h_dijetInvMDeltaPhiCut	"h_dijetInvMDeltaPhiCut"	&Dir=default&Lazy	 CentBin JetBin
*AliJTH1D	h_dijetDeltaPhiWithCut	"h_dijetDeltaPhiWithCut"	&Dir=default&Lazy	 CentBin JetBin
*AliJTH1D	h_responseInfo	"h_responseInfo"	&Lazy&Single	 1
*AliJTH1D	h_jetResponseDeltaR	"h_jetResponseDeltaR"	&Lazy&Single	 1
*AliJTH1D	h_jetResponseDeltaRClosest	"h_jetResponseDeltaRClosest"	&Lazy&Single	 1
*AliJTH1D	h_jetResponseDeltaPt	"h_jetResponseDeltaPt"	&Lazy&Single	 1
*AliJTH1D	h_jetDeltaRMin	"h_jetDeltaRMin"	&Dir=default&Lazy	 CentBin JetBin
*AliJTH1D	h_jetBGSubtrDeltaR	"h_jetBGSubtrDeltaR"	&Dir=default&Lazy	 CentBin
*AliJTH2D	h_jetResponse	"h_jetResponse"	&Lazy&Single	 1
*AliJTH2D	h_jetResponse_ALICE	"h_jetResponse_ALICE"	&Lazy&Single	 1
*AliJTH2D	h_deltaPtResponse	"h_deltaPtResponse"	&Lazy&Single	 1
*AliJTH2D	h_deltaPtResponse_ALICE	"h_deltaPtResponse_ALICE"	&Lazy&Single	 1
*AliJTH2D	h_deltaPtResponseEvery	"h_deltaPtResponseEvery"	&Lazy&Single	 1
*AliJTH2D	h_deltaPtResponseEvery_ALICE	"h_deltaPtResponseEvery_ALICE"	&Lazy&Single	 1
*AliJTH2D	h_dijetResponse	"h_dijetResponse"	&Lazy&Single	 1
*AliJTH2D	h_dijetResponseDeltaPhiCut	"h_dijetResponseDeltaPhiCut"	&Lazy&Single	 1
============ AliJHistManager : AliJCDijetHistManagerjcdijetDetMC ===================

---- AliJBin ----
*AliJBin	CentBin	CentBin	"Cent:"	&mode=Single	0.000000 1.000000
*AliJBin	JetBin	JetBin	"Jet bin:"	&mode=Single	0.000000 1.000000 2.000000 3.000000 4.000000

---- AliJTH1 ----
*AliJTH1D	h_events	"h_events"	&Dir=default&Lazy	 CentBin
*AliJTH1D	h_eventSel	"h_eventSel"	&Lazy&Single	 1
*AliJTH1D	h_info	"h_info"	&Lazy&Single	 1
*AliJTH1D	h_centrality	"h_centrality"	&Lazy&Single	 1
*AliJTH1D	h_zvtx	"h_zvtx"	&Lazy&Single	 1
*AliJTH1D	h_nch	"h_nch"	&Dir=default&Lazy	 CentBin
*AliJTH1D	h_pt	"h_pt"	&Dir=default&Lazy	 CentBin
*AliJTH1D	h_ptPosEta	"h_ptPosEta"	&Dir=default&Lazy	 CentBin
*AliJTH1D	h_ptNegEta	"h_ptNegEta"	&Dir=default&Lazy	 CentBin
*AliJTH1D	h_eta	"h_eta"	&Dir=default&Lazy	 CentBin
*AliJTH1D	h_phi	"h_phi"	&Dir=default&Lazy	 CentBin
*AliJTH2D	h_etaPhi	"h_etaPhi"	&Dir=default&Lazy	 CentBin
*AliJTH1D	h_rho	"h_rho"	&Dir=default&Lazy	 CentBin
*AliJTH1D	h_rhoHighPt	"h_rhoHighPt"	&Dir=default&Lazy	 CentBin
*AliJTH1D	h_rhom	"h_rhom"	&Dir=default&Lazy	 CentBin
*AliJTH1D	h_rhomHighPt	"h_rhomHighPt"	&Dir=default&Lazy	 CentBin
*AliJTH1D	h_rhoLin	"h_rhoLin"	&Dir=default&Lazy	 CentBin
*AliJTH1D	h_rhoLinHighPt	"h_rhoLinHighPt"	&Dir=default&Lazy	 CentBin
*AliJTH1D	h_rhomLin	"h_rhomLin"	&Dir=default&Lazy	 CentBin
*AliJTH1D	h_rhomLinHighPt	"h_rhomLinHighPt"	&Dir=default&Lazy	 CentBin
*AliJTH1D	h_jetPt	"h_jetPt"	&Dir=default&Lazy	 CentBin JetBin
*AliJTH1D	h_jetPt_ALICE	"h_jetPt_ALICE"	&Dir=default&Lazy	 CentBin JetBin
*AliJTH1D	h_jetPtTransBGSub	"h_jetPtTransBGSub"	&Dir=default&Lazy	 CentBin JetBin
*AliJTH1D	h_jetN	"h_jetN"	&Dir=default&Lazy	 CentBin
*AliJTH1D	h_jetEta	"h_jetEta"	&Dir=default&Lazy	 CentBin JetBin
*AliJTH1D	h_jetPhi	"h_jetPhi"	&Dir=default&Lazy	 CentBin JetBin
*AliJTH2D	h_jetEtaPhi	"h_jetEtaPhi"	&Dir=default&Lazy	 CentBin JetBin
*AliJTH2D	h_randConeEtaPhi	"h_randConeEtaPhi"	&Dir=default&Lazy	 CentBin
*AliJTH1D	h_jetArea	"h_jetArea"	&Dir=default&Lazy	 CentBin JetBin
*AliJTH1D	h_jetAreaRho	"h_jetAreaRho"	&Dir=default&Lazy	 CentBin JetBin
*AliJTH1D	h_deltaPt	"h_deltaPt"	&Dir=default&Lazy	 CentBin
*AliJTH1D	h_maxJetptOverPtHard	"h_maxJetptOverPtHard"	&Dir=default&Lazy	 CentBin
*AliJTH1D	h_ptHard	"h_ptHard"	&Dir=default&Lazy	 CentBin
*AliJTH1D	h_dijetInvM	"h_dijetInvM"	&Dir=default&Lazy	 CentBin JetBin
*AliJTH1D	h_dijetPtPair	"h_dijetPtPair"	&Dir=default&Lazy	 CentBin JetBin
*AliJTH1D	h_dijetDeltaPhi	"h_dijetDeltaPhi"	&Dir=default&Lazy	 CentBin JetBin
*AliJTH1D	h_dijetPtPairDeltaPhiCut	"h_dijetPtPairDeltaPhiCut"	&Dir=default&Lazy	 CentBin JetBin
*AliJTH1D	h_dijetInvMDeltaPhiCut	"h_dijetInvMDeltaPhiCut"	&Dir=default&Lazy	 CentBin JetBin
*AliJTH1D	h_dijetDeltaPhiWithCut	"h_dijetDeltaPhiWithCut"	&Dir=default&Lazy	 CentBin JetBin
*AliJTH1D	h_responseInfo	"h_responseInfo"	&Lazy&Single	 1
*AliJTH1D	h_jetResponseDeltaR	"h_jetResponseDeltaR"	&Lazy&Single	 1
*AliJTH1D	h_jetResponseDeltaRClosest	"h_jetResponseDeltaRClosest"	&Lazy&Single	 1
*AliJTH1D	h_jetResponseDeltaPt	"h_jetResponseDeltaPt"	&Lazy&Single	 1
*AliJTH1D	h_jetDeltaRMin	"h_jetDeltaRMin"	&Dir=default&Lazy	 CentBin JetBin
*AliJTH1D	h_jetBGSubtrDeltaR	"h_jetBGSubtrDeltaR"	&Dir=default&Lazy	 CentBin
*AliJTH2D	h_jetResponse	"h_jetResponse"	&Lazy&Single	 1
*AliJTH2D	h_jetResponse_ALICE	"h_jetResponse_ALICE"	&Lazy&Single	 1
*AliJTH2D	h_deltaPtResponse	"h_deltaPtResponse"	&Lazy&Single	 1
*AliJTH2D	h_deltaPtResponse_ALICE	"h_deltaPtResponse_ALICE"	&Lazy&Single	 1
*AliJTH2D	h_deltaPtResponseEvery	"h_deltaPtResponseEvery"	&Lazy&Single	 1
*AliJTH2D	h_deltaPtResponseEvery_ALICE	"h_deltaPtResponseEvery_ALICE"	&Lazy&Single	 1
*AliJTH2D	h_dijetResponse	"h_dijetResponse"	&Lazy&Single	 1
*AliJTH2D	h_dijetResponseDeltaPhiCut	"h_dijetResponseDeltaPhiCut"	&Lazy&Single	 1

============= Settings =============
cent bin:                   0
particle eta cut:           0.9
particle pt cut:            0.15
jet cone size:              0.4
kt-jet cone size:           0.4
Using pion mass in kt-jets: 0.0
Using DeltaPhi in BG subtr: 1.0
Using kt-jet scheme:        pt_scheme
jet costituent cut:         5.0
dijet leading pt cut:       20.0
dijet subleading pt cut:    20.0
dijet DeltaPhi cut:         pi/2.0
tracking inefficiency:      0.0

Let's start

 --------  PYTHIA Info Listing  ---------------------------------------- 
 
 Beam A: id =   2212, pz =  2.510e+03, e =  2.510e+03, m =  9.383e-01.
 Beam B: id =   2212, pz = -2.510e+03, e =  2.510e+03, m =  9.383e-01.

 In 1: id =   21, x =  7.468e-03, pdf =  8.973e+00 at Q2 =  6.615e+02.
 In 2: id =   21, x =  1.459e-02, pdf =  5.738e+00 at same Q2.

 Subprocess g g -> g g with code 111 is 2 -> 2.
 It has sHat =  2.746e+03,    tHat = -1.636e+03,    uHat = -1.111e+03,
       pTHat =  2.572e+01,   m3Hat =  0.000e+00,   m4Hat =  0.000e+00,
    thetaHat =  1.763e+00,  phiHat =  5.259e+00.
     alphaEM =  7.707e-03,  alphaS =  1.627e-01    at Q2 =  6.615e+02.

 Impact parameter b =  8.672e-01 gives enhancement factor =  9.859e-01.
 Max pT scale for MPI =  2.572e+01, ISR =  2.572e+01, FSR =  2.572e+01.
 Number of MPI =     4, ISR =     4, FSRproc =    14, FSRreson =     0.

 --------  End PYTHIA Info Listing  ------------------------------------

 --------  PYTHIA Event Listing  (hard process)  -----------------------------------------------------------------------------------
 
    no        id   name            status     mothers   daughters     colours      p_x        p_y        p_z         e          m 
     0        90   (system)           -11     0     0     0     0     0     0      0.000      0.000      0.000   5020.000   5020.000
     1      2212   (p+)               -12     0     0     3     0     0     0      0.000      0.000   2510.000   2510.000      0.938
     2      2212   (p+)               -12     0     0     4     0     0     0      0.000      0.000  -2510.000   2510.000      0.938
     3        21   (g)                -21     1     0     5     6   101   102      0.000      0.000     18.745     18.745      0.000
     4        21   (g)                -21     2     0     5     6   103   104      0.000      0.000    -36.625     36.625      0.000
     5        21   g                   23     3     4     0     0   101   104     13.371    -21.970    -14.232     29.394      0.000
     6        21   g                   23     3     4     0     0   103   102    -13.371     21.970     -3.648     25.976      0.000
                                   Charge sum:  0.000           Momentum sum:      0.000      0.000    -17.879     55.370     52.404

 --------  End PYTHIA Event Listing  -----------------------------------------------------------------------------------------------

 --------  PYTHIA Event Listing  (complete event)  ---------------------------------------------------------------------------------
 
    no        id   name            status     mothers   daughters     colours      p_x        p_y        p_z         e          m 
     0        90   (system)           -11     0     0     0     0     0     0      0.000      0.000      0.000   5020.000   5020.000
     1      2212   (p+)               -12     0     0    82     0     0     0      0.000      0.000   2510.000   2510.000      0.938
     2      2212   (p+)               -12     0     0    83     0     0     0      0.000      0.000  -2510.000   2510.000      0.938
     3        21   (g)                -21     7     7     5     6   101   102      0.000      0.000     18.745     18.745      0.000
     4        21   (g)                -21     8     0     5     6   103   104      0.000      0.000    -36.625     36.625      0.000
     5        21   (g)                -23     3     4     9     9   101   104     13.371    -21.970    -14.232     29.394      0.000
     6        21   (g)                -23     3     4    10    10   103   102    -13.371     21.970     -3.648     25.976      0.000
     7        21   (g)                -42    51    51     3     3   101   102      0.000     -0.000     18.745     18.745      0.000
     8        21   (g)                -41    18    18    11     4   103   105     -0.000      0.000    -70.664     70.664      0.000
     9        21   (g)                -44     5     5    61    62   101   104     10.255    -14.610    -22.295     28.560      0.000
    10        21   (g)                -44     6     6    16    17   103   102    -15.486     26.969     -3.263     31.269      0.000
    11        21   (g)                -43     8     0    23    24   104   105      5.232    -12.359    -26.361     29.581      0.000
    12        21   (g)                -31    44    44    14    15   107   106      0.000      0.000      0.058      0.058      0.000
    13        21   (g)                -31    45     0    14    15   109   108      0.000      0.000   -262.077    262.077      0.000
    14        21   (g)                -33    12    13    46    46   109   106     -1.845      0.721   -243.814    243.822      0.000
    15        21   (g)                -33    12    13    47    47   107   108      1.845     -0.721    -18.206     18.313      0.000
    16        21   (g)                -51    10     0    49    50   110   102    -12.790     24.103     -1.467     27.325      0.000
    17        21   (g)                -51    10     0    87    87   103   110     -2.696      2.866     -2.531      4.679      0.000
    18        21   (g)                -53    25    25     8     8   103   105      0.000      0.000    -71.398     71.398      0.000
    19        21   (g)                -31    26     0    21    22   112   111      0.000      0.000     55.831     55.831      0.000
    20        21   (g)                -31    27    27    21    22   114   113      0.000      0.000     -0.407      0.407      0.000
    21        21   (g)                -33    19    20    28    28   114   111      0.952      1.180     54.371     54.393      0.000
    22        21   (g)                -33    19    20    29    29   112   113     -0.952     -1.180      1.052      1.845      0.000
    23        21   (g)                -51    11     0    63    63   104   115      3.063     -7.806    -19.602     21.320      0.000
    24        21   (g)                -51    11     0    88    88   115   105      2.168     -4.553     -7.719      9.221      0.000
    25        21   (g)                -53    83    83    18    18   103   105      0.000      0.000    -72.358     72.358      0.000
    26        21   (g)                -41    35    35    30    19   112   116      0.000      0.000     80.773     80.773      0.000
    27        21   (g)                -42    36     0    20    20   114   113      0.000      0.000     -0.407      0.407      0.000
    28        21   (g)                -44    21    21    37    37   114   111     -0.009      1.046     56.483     56.493      0.000
    29        21   (g)                -44    22    22    38    38   112   113     -0.978     -1.183      1.113      1.896      0.000
    30        21   (g)                -43    26     0    39    39   111   116      0.987      0.138     22.770     22.792      0.000
    31        21   (g)                -31   109   109    33    34   117   118      0.000      0.000    389.639    389.639      0.000
    32        21   (g)                -31   110   110    33    34   118   119      0.000      0.000   -138.038    138.038      0.000
    33        21   (g)                -33    31    32    41    42   117   120      0.877      0.511    389.636    389.638      0.000
    34        21   (g)                -33    31    32    43    43   120   119     -0.877     -0.511   -138.036    138.040      0.000
    35        21   (g)                -42   102   102    26    26   112   116     -0.000     -0.000     80.773     80.773      0.000
    36         1   (d)                -41   103   103    40    27   114     0      0.000      0.000     -0.448      0.448      0.000
    37        21   (g)                -44    28    28    78    78   114   111     -0.009      1.050     53.383     53.394      0.000
    38        21   (g)                -44    29    29   105   105   112   113     -0.948     -0.800      0.502      1.338      0.000
    39        21   (g)                -44    30    30    76    77   111   116      0.988      0.148     21.426     21.449      0.000
    40         1   (d)                -43    36     0   107   107   113     0     -0.031     -0.399      5.013      5.040      0.330
    41        21   (g)                -51    33     0   111   111   117   121      1.027      1.307    379.779    379.783      0.000
    42        21   (g)                -51    33     0    69    69   121   120     -0.151     -0.796      9.839      9.872      0.000
    43        21   (g)                -52    34    34    67    68   120   119     -0.876     -0.511   -138.018    138.022      0.000
    44        21   (g)                -42    92    92    12    12   107   106      0.000      0.000      0.058      0.058      0.000
    45         2   (u)                -41    57    57    48    13   109     0      0.000      0.000   -874.570    874.570      0.000
    46        21   (g)                -44    14    14    55    56   109   106     -1.115      0.658   -247.598    247.602      0.000
    47        21   (g)                -44    15    15    60    60   107   108      1.900     -0.726    -18.487     18.598      0.000
    48         2   (u)                -43    45     0    58    59   108     0     -0.785      0.068   -608.427    608.428      0.330
    49        21   (g)                -51    16     0    85    85   110   122     -2.179      5.681     -0.417      6.098      0.000
    50        21   (g)                -51    16     0    52    53   122   102    -10.611     18.422     -0.994     21.283      0.000
    51        21   (g)                -53    54    54     7     7   101   102      0.000     -0.000     18.801     18.801      0.000
    52        21   (g)                -51    50     0    89    89   122   123     -4.999     10.123     -0.374     11.297      0.000
    53        21   (g)                -51    50     0    90    90   123   102     -5.612      8.299     -0.572     10.034      0.000
    54        21   (g)                -53    82    82    51    51   101   102      0.000     -0.000     18.850     18.850      0.000
    55        21   (g)                -51    46     0    94    94   124   106      0.032      0.369    -33.142     33.144      0.000
    56        21   (g)                -51    46     0    97    97   109   124     -1.147      0.288   -533.275    533.277      0.000
    57         2   (u)                -53    93    93    45    45   109     0      0.000      0.000  -1193.389   1193.389      0.000
    58         2   (u)                -51    48     0    66    66   125     0     -0.609     -0.038   -609.035    609.035      0.330
    59        21   (g)                -51    48     0    64    65   108   125     -0.060      0.061     -0.519      0.526      0.000
    60        21   (g)                -52    47    47    73    74   107   108      1.784     -0.681    -17.360     17.465      0.000
    61        21   (g)                -51     9     0    84    84   101   126      6.550     -8.594    -14.458     18.050      0.000
    62        21   (g)                -51     9     0    91    91   126   104      3.814     -6.295     -8.537     11.272      0.000
    63        21   (g)                -52    23    23    86    86   104   115      2.954     -7.526    -18.901     20.557      0.000
    64        21   (g)                -51    59     0    75    75   108   127     -0.410      0.608    -54.694     54.699      0.000
    65        21   (g)                -51    59     0    99    99   127   125      0.213     -0.555    -82.964     82.966      0.000
    66         2   (u)                -52    58    58    96    96   125     0     -0.472     -0.029   -471.896    471.897      0.330
    67        21   (g)                -51    43     0   112   112   128   119     -1.305     -0.787   -121.080    121.090      0.000
    68        21   (g)                -51    43     0    70    71   120   128      0.428      0.275    -16.931     16.939      0.000
    69        21   (g)                -52    42    42    72    72   121   120     -0.151     -0.795      9.832      9.865      0.000
    70        21   (g)                -51    68     0   114   114   129   128      0.009     -0.209    -14.850     14.851      0.000
    71        21   (g)                -51    68     0   115   115   120   129      0.418      0.481     -2.036      2.133      0.000
    72        21   (g)                -52    69    69   113   113   121   120     -0.150     -0.792      9.787      9.820      0.000
    73         3   (s)                -51    60     0    95    95   107     0      0.503      0.086    -11.385     11.407      0.500
    74        -3   (sbar)             -51    60     0    81    81     0   108      1.225     -0.686    -13.348     13.431      0.500
    75        21   (g)                -52    64    64    79    80   108   127     -0.354      0.526    -47.321     47.325      0.000
    76        21   (g)                -51    39     0   106   106   130   116      0.161     -0.298      9.680      9.685      0.000
    77        21   (g)                -51    39     0   108   108   111   130      0.823      0.872     33.376     33.398      0.000
    78        21   (g)                -52    37    37   104   104   114   111     -0.005      0.625     31.754     31.760      0.000
    79        21   (g)                -51    75     0    98    98   131   127     -0.020      0.730    -24.855     24.865      0.000
    80        21   (g)                -51    75     0   101   101   108   131     -0.199     -0.283    -23.635     23.637      0.000
    81        -3   (sbar)             -52    74    74   100   100     0   108      1.089     -0.608    -12.180     12.254      0.500
    82        21   (g)                -61     1     0    54    54   106   102      0.502      0.386     18.834     18.845      0.000
    83        21   (g)                -61     2     0    25    25   108   105     -0.917     -1.756    -72.353     72.380      0.000
    84        21   (g)                -62    61    61   143   143   101   126      6.392     -8.951    -14.395     18.116      0.000
    85        21   (g)                -62    49    49   180   180   110   122     -2.145      5.659     -0.504      6.073      0.000
    86        21   (g)                -62    63    63   141   141   104   115      2.727     -7.987    -18.790     20.598      0.000
    87        21   (g)                -62    17    17   181   181   103   110     -2.714      2.801     -2.543      4.655      0.000
    88        21   (g)                -62    24    24   140   140   115   107      2.082     -4.743     -7.660      9.247      0.000
    89        21   (g)                -62    52    52   179   179   122   123     -4.929     10.092     -0.506     11.243      0.000
    90        21   (g)                -62    53    53   178   178   123   112     -5.554      8.266     -0.651      9.980      0.000
    91        21   (g)                -62    62    62   142   142   126   104      3.726     -6.507     -8.472     11.314      0.000
    92        21   (g)                -61     1     0    44    44   105   106     -1.153     -1.095    -10.840     10.956      0.000
    93         2   (u)                -61     2     0    57    57   106     0      0.442     -0.655  -1190.188   1190.189      0.000
    94        21   (g)                -62    55    55   121     0   124   131      0.022      0.334    -29.460     29.462      0.000
    95         3   (s)                -62    73    73   139   139   107     0      0.282     -0.129     -7.627      7.650      0.500
    96         2   (u)                -62    66    66   122   122   105     0     -0.299     -0.294   -475.651    475.651      0.330
    97        21   (g)                -62    56    56   184   184   109   124     -0.959     -0.021   -540.713    540.714      0.000
    98        21   (g)                -62    79    79   121     0   131   120     -0.120      0.619    -19.133     19.144      0.000
    99        21   (g)                -62    65    65   120     0   127   128      0.224     -0.623    -86.037     86.040      0.000
   100        -3   (sbar)             -62    81    81   123   123     0   105      0.354     -1.312    -13.953     14.028      0.500
   101        21   (g)                -62    80    80   187   187   108   129     -0.214     -0.322    -28.453     28.456      0.000
   102        21   (g)                -61     1     0    35    35   113   105      1.503      0.817     81.206     81.224      0.000
   103         1   (d)                -61     2     0    36    36   105     0     -0.551      0.912      0.192      1.082      0.000
   104        21   (g)                -62    78    78   173   173   114   102      0.593      0.959     32.564     32.583      0.000
   105        21   (g)                -62    38    38   177   177   112   121     -1.447      0.056      0.901      1.706      0.000
   106        21   (g)                -62    76    76   175   175   130   117      0.331     -0.198      9.331      9.339      0.000
   107         1   (d)                -62    40    40   130   130   113     0      0.040     -0.325      4.675      4.698      0.330
   108        21   (g)                -62    77    77   144   144   106   101      1.436      1.237     33.927     33.980      0.000
   109        21   (g)                -61     1     0    31    31   119   119     -0.463     -1.162    389.635    389.637      0.000
   110        21   (g)                -61     2     0    32    32   118   118      1.449      0.453   -138.034    138.042      0.000
   111        21   (g)                -62    41    41   174   174   117   114      0.576      0.174    379.786    379.786      0.000
   112        21   (g)                -62    67    67   185   185   128   109     -0.034     -0.390   -121.086    121.087      0.000
   113        21   (g)                -62    72    72   176   176   121   130     -0.161     -0.821      9.783      9.819      0.000
   114        21   (g)                -62    70    70   120     0   129   127      0.165     -0.160    -14.850     14.852      0.000
   115        21   (g)                -62    71    71   182   182   120   103      0.440      0.487     -2.032      2.135      0.000
   116         2   (u)                -63     1     0   172   172   102     0     -0.069     -0.049    349.619    349.619      0.330
   117      2103   (ud_1)             -63     1     0   131   131     0   113     -0.319      1.103   1669.973   1669.973      0.771
   118      2101   (ud_0)             -63     2     0   188   188     0   108     -0.303      0.774  -1084.217   1084.217      0.579
   119        -1   (dbar)             -63     2     0   145   145     0   106     -0.120      0.274    -13.828     13.835      0.330
   120        21   (g)                -73    99   114   186   186   129   128      0.389     -0.783   -100.887    100.891      0.330
   121        21   (g)                -73    94    98   183   183   124   120     -0.099      0.952    -48.594     48.606      0.526
   122         2   (u)                -71    96    96   124   129   105     0     -0.299     -0.294   -475.651    475.651      0.330
   123        -3   (sbar)             -71   100   100   124   129     0   105      0.354     -1.312    -13.953     14.028      0.500
   124       223   (omega)            -83   122   123   272   274     0     0      0.013     -0.033   -196.302    196.303      0.777
   125       211   pi+                 83   122   123     0     0     0     0      0.080     -0.491   -148.099    148.100      0.140
   126       311   (K0)               -83   122   123   227   227     0     0      0.023     -0.270    -68.964     68.966      0.498
   127      3122   Lambda0             84   122   123     0     0     0     0     -0.334     -0.095    -23.483     23.512      1.116
   128     -2212   pbar-               84   122   123     0     0     0     0      0.423      0.153    -31.878     31.895      0.938
   129       321   K+                  84   122   123     0     0     0     0     -0.151     -0.870    -20.878     20.903      0.494
   130         1   (d)                -71   107   107   132   138   113     0      0.040     -0.325      4.675      4.698      0.330
   131      2103   (ud_1)             -71   117   117   132   138     0   113     -0.319      1.103   1669.973   1669.973      0.771
   132      -211   pi-                 83   130   131     0     0     0     0     -0.084      0.310     21.122     21.125      0.140
   133       211   pi+                 83   130   131     0     0     0     0      0.204     -0.695     25.976     25.986      0.140
   134      -211   pi-                 83   130   131     0     0     0     0      0.007     -0.167      4.496      4.501      0.140
   135       111   (pi0)              -84   130   131   275   276     0     0     -0.165      0.516    214.393    214.393      0.135
   136       113   (rho0)             -84   130   131   228   229     0     0      0.375      0.116    150.578    150.581      0.761
   137      2214   (Delta+)           -84   130   131   230   231     0     0     -0.792      0.166    706.105    706.107      1.225
   138       111   (pi0)              -84   130   131   277   278     0     0      0.176      0.531    551.978    551.978      0.135
   139         3   (s)                -71    95    95   146   171   107     0      0.282     -0.129     -7.627      7.650      0.500
   140        21   (g)                -71    88    88   146   171   115   107      2.082     -4.743     -7.660      9.247      0.000
   141        21   (g)                -71    86    86   146   171   104   115      2.727     -7.987    -18.790     20.598      0.000
   142        21   (g)                -71    91    91   146   171   126   104      3.726     -6.507     -8.472     11.314      0.000
   143        21   (g)                -71    84    84   146   171   101   126      6.392     -8.951    -14.395     18.116      0.000
   144        21   (g)                -71   108   108   146   171   106   101      1.436      1.237     33.927     33.980      0.000
   145        -1   (dbar)             -71   119   119   146   171     0   106     -0.120      0.274    -13.828     13.835      0.330
   146      3122   Lambda0             83   139   145     0     0     0     0      0.589     -0.227     -4.890      5.055      1.116
   147     -2212   pbar-               83   139   145     0     0     0     0      0.917     -2.040     -4.782      5.362      0.938
   148       211   pi+                 83   139   145     0     0     0     0      0.160     -1.606     -3.041      3.446      0.140
   149      -213   (rho-)             -83   139   145   232   233     0     0      0.464     -0.923     -3.639      3.866      0.798
   150       223   (omega)            -83   139   145   279   281     0     0      0.955     -2.324     -5.175      5.808      0.800
   151       213   (rho+)             -83   139   145   234   235     0     0      1.960     -4.570     -8.302      9.709      0.784
   152      -211   pi-                 83   139   145     0     0     0     0      0.992     -1.310     -3.688      4.040      0.140
   153       211   pi+                 83   139   145     0     0     0     0      0.674     -2.203     -2.695      3.549      0.140
   154      -211   pi-                 83   139   145     0     0     0     0      0.022     -0.008     -0.096      0.171      0.140
   155       211   pi+                 83   139   145     0     0     0     0      0.485     -1.584     -2.613      3.097      0.140
   156       221   (eta)              -84   139   145   282   283     0     0      6.881     -9.190    -14.434     18.450      0.548
   157       311   (K0)               -84   139   145   236   236     0     0      0.261     -1.204     -1.427      1.950      0.498
   158      -321   K-                  84   139   145     0     0     0     0      0.201      0.131     -0.859      1.019      0.494
   159       111   (pi0)              -84   139   145   284   285     0     0      0.397     -1.146     -0.375      1.277      0.135
   160      2212   p+                  84   139   145     0     0     0     0     -0.026      0.104      1.356      1.652      0.938
   161     -2212   pbar-               84   139   145     0     0     0     0      0.730     -0.130      1.094      1.621      0.938
   162       113   (rho0)             -84   139   145   237   238     0     0      0.019      0.116      1.997      2.090      0.606
   163       223   (omega)            -84   139   145   286   288     0     0      0.092     -0.450      7.782      7.835      0.785
   164       321   K+                  84   139   145     0     0     0     0      0.256      0.941      3.791      3.946      0.494
   165      -311   (Kbar0)            -84   139   145   239   239     0     0      0.489      0.233     12.672     12.693      0.498
   166      -211   pi-                 84   139   145     0     0     0     0     -0.149      0.437      3.494      3.528      0.140
   167       221   (eta)              -84   139   145   289   290     0     0     -0.099     -0.564      0.268      0.836      0.548
   168       321   K+                  84   139   145     0     0     0     0      0.564      0.554     -1.306      1.605      0.494
   169      -323   (K*-)              -84   139   145   240   241     0     0      0.033     -0.011     -3.141      3.263      0.882
   170       211   pi+                 84   139   145     0     0     0     0      0.013     -0.145     -0.978      0.999      0.140
   171       111   (pi0)              -84   139   145   291   292     0     0     -0.356      0.312     -7.858      7.874      0.135
   172         2   (u)                -71   116   116   189   226   102     0     -0.069     -0.049    349.619    349.619      0.330
   173        21   (g)                -71   104   104   189   226   114   102      0.593      0.959     32.564     32.583      0.000
   174        21   (g)                -71   111   111   189   226   117   114      0.576      0.174    379.786    379.786      0.000
   175        21   (g)                -71   106   106   189   226   130   117      0.331     -0.198      9.331      9.339      0.000
   176        21   (g)                -71   113   113   189   226   121   130     -0.161     -0.821      9.783      9.819      0.000
   177        21   (g)                -71   105   105   189   226   112   121     -1.447      0.056      0.901      1.706      0.000
   178        21   (g)                -71    90    90   189   226   123   112     -5.554      8.266     -0.651      9.980      0.000
   179        21   (g)                -71    89    89   189   226   122   123     -4.929     10.092     -0.506     11.243      0.000
   180        21   (g)                -71    85    85   189   226   110   122     -2.145      5.659     -0.504      6.073      0.000
   181        21   (g)                -71    87    87   189   226   103   110     -2.714      2.801     -2.543      4.655      0.000
   182        21   (g)                -71   115   115   189   226   120   103      0.440      0.487     -2.032      2.135      0.000
   183        21   (g)                -71   121   121   189   226   124   120     -0.099      0.952    -48.594     48.606      0.526
   184        21   (g)                -71    97    97   189   226   109   124     -0.959     -0.021   -540.713    540.714      0.000
   185        21   (g)                -71   112   112   189   226   128   109     -0.034     -0.390   -121.086    121.087      0.000
   186        21   (g)                -71   120   120   189   226   129   128      0.389     -0.783   -100.887    100.891      0.330
   187        21   (g)                -71   101   101   189   226   108   129     -0.214     -0.322    -28.453     28.456      0.000
   188      2101   (ud_0)             -71   118   118   189   226     0   108     -0.303      0.774  -1084.217   1084.217      0.579
   189       211   pi+                 83   172   188     0     0     0     0     -0.051      0.018    256.019    256.019      0.140
   190      3212   (Sigma0)           -83   172   188   293   294     0     0      0.131      1.093    191.698    191.705      1.193
   191     -3222   Sigmabar-           83   172   188     0     0     0     0      1.137     -0.380    133.951    133.962      1.189
   192       111   (pi0)              -83   172   188   295   296     0     0     -0.151      0.245      7.785      7.792      0.135
   193       211   pi+                 83   172   188     0     0     0     0     -0.139      0.161     49.256     49.256      0.140
   194       111   (pi0)              -83   172   188   297   298     0     0      0.324     -0.219     69.959     69.960      0.135
   195       313   (K*0)              -83   172   188   242   243     0     0     -0.086     -0.326     38.401     38.413      0.877
   196      -311   (Kbar0)            -83   172   188   244   244     0     0     -0.271      0.286      6.600      6.630      0.498
   197      -213   (rho-)             -83   172   188   245   246     0     0      0.319     -0.442     16.406     16.441      0.918
   198      2212   p+                  83   172   188     0     0     0     0     -0.262      0.173      3.307      3.452      0.938
   199     -2112   nbar0               83   172   188     0     0     0     0     -0.188     -0.252      4.627      4.732      0.940
   200      -211   pi-                 83   172   188     0     0     0     0     -0.087      0.069      1.150      1.164      0.140
   201       211   pi+                 83   172   188     0     0     0     0     -0.581      0.089      0.074      0.609      0.140
   202      -211   pi-                 83   172   188     0     0     0     0      0.350     -0.075      1.383      1.436      0.140
   203       211   pi+                 83   172   188     0     0     0     0     -0.634      0.968      0.452      1.250      0.140
   204      -211   pi-                 83   172   188     0     0     0     0     -0.158      0.318      0.850      0.931      0.140
   205       211   pi+                 83   172   188     0     0     0     0     -0.508      0.278     -0.420      0.729      0.140
   206       311   (K0)               -83   172   188   247   247     0     0     -0.719      1.073      0.037      1.385      0.498
   207      -313   (K*bar0)           -83   172   188   248   249     0     0     -2.183      2.879     -0.102      3.718      0.869
   208       311   (K0)               -83   172   188   250   250     0     0     -1.126      3.918     -0.138      4.109      0.498
   209      -323   (K*-)              -83   172   188   251   252     0     0     -3.156      4.692     -0.274      5.724      0.839
   210       323   (K*+)              -83   172   188   253   254     0     0     -3.761      7.071     -0.769      8.089      0.832
   211      3122   Lambda0             84   172   188     0     0     0     0     -1.295      1.180     -0.686      2.188      1.116
   212     -2112   nbar0               84   172   188     0     0     0     0     -0.600      2.382     -0.870      2.770      0.940
   213       111   (pi0)              -84   172   188   299   300     0     0     -0.395      1.018     -0.834      1.380      0.135
   214       311   (K0)               -84   172   188   255   255     0     0     -0.443      0.495     -0.369      0.909      0.498
   215      -311   (Kbar0)            -84   172   188   256   256     0     0      0.133      0.331     -2.279      2.360      0.498
   216       111   (pi0)              -84   172   188   301   302     0     0     -0.864     -0.256     -4.540      4.631      0.135
   217      -211   pi-                 84   172   188     0     0     0     0     -0.599      0.600     -2.155      2.320      0.140
   218       223   (omega)            -84   172   188   303   305     0     0      0.520     -0.125     -8.113      8.169      0.790
   219       113   (rho0)             -84   172   188   257   258     0     0      0.119      0.383    -17.952     18.007      1.347
   220       213   (rho+)             -84   172   188   259   260     0     0      0.059      0.365   -193.221    193.223      0.859
   221       311   (K0)               -84   172   188   261   261     0     0     -0.235      0.435    -77.402     77.405      0.498
   222      -323   (K*-)              -84   172   188   262   263     0     0     -0.056     -0.740   -109.005    109.011      0.914
   223       113   (rho0)             -84   172   188   264   265     0     0     -0.580     -0.070   -378.726    378.727      0.803
   224       221   (eta)              -84   172   188   306   308     0     0      0.175     -0.307   -142.003    142.005      0.548
   225      2114   (Delta0)           -84   172   188   266   267     0     0     -0.435      0.039   -550.238    550.239      1.253
   226       213   (rho+)             -84   172   188   268   269     0     0     -0.006      0.265   -440.062    440.062      0.718
   227       130   K_L0                91   126   126     0     0     0     0      0.023     -0.270    -68.964     68.966      0.498
   228       211   pi+                 91   136     0     0     0     0     0      0.489      0.084    139.168    139.169      0.140
   229      -211   pi-                 91   136     0     0     0     0     0     -0.115      0.032     11.411     11.412      0.140
   230      2212   p+                  91   137     0     0     0     0     0     -0.678      0.100    464.589    464.590      0.938
   231       111   (pi0)              -91   137     0   309   310     0     0     -0.114      0.066    241.516    241.516      0.135
   232      -211   pi-                 91   149     0     0     0     0     0      0.043     -0.054     -0.078      0.174      0.140
   233       111   (pi0)              -91   149     0   311   312     0     0      0.422     -0.869     -3.561      3.692      0.135
   234       211   pi+                 91   151     0     0     0     0     0      0.458     -1.553     -3.262      3.644      0.140
   235       111   (pi0)              -91   151     0   313   314     0     0      1.502     -3.017     -5.039      6.064      0.135
   236       310   K_S0                91   157   157     0     0     0     0      0.261     -1.204     -1.427      1.950      0.498
   237       211   pi+                 91   162     0     0     0     0     0     -0.013      0.236      0.416      0.498      0.140
   238      -211   pi-                 91   162     0     0     0     0     0      0.032     -0.120      1.581      1.592      0.140
   239       310   K_S0                91   165   165     0     0     0     0      0.489      0.233     12.672     12.693      0.498
   240      -321   K-                  91   169     0     0     0     0     0      0.253     -0.169     -1.991      2.074      0.494
   241       111   (pi0)              -91   169     0   315   316     0     0     -0.219      0.158     -1.150      1.189      0.135
   242       321   K+                  91   195     0     0     0     0     0     -0.318     -0.132     23.089     23.097      0.494
   243      -211   pi-                 91   195     0     0     0     0     0      0.233     -0.195     15.312     15.316      0.140
   244       130   K_L0                91   196   196     0     0     0     0     -0.271      0.286      6.600      6.630      0.498
   245      -211   pi-                 91   197     0     0     0     0     0     -0.182      0.120      6.514      6.519      0.140
   246       111   (pi0)              -91   197     0   317   318     0     0      0.501     -0.562      9.892      9.922      0.135
   247       310   K_S0                91   206   206     0     0     0     0     -0.719      1.073      0.037      1.385      0.498
   248      -321   K-                  91   207     0     0     0     0     0     -1.228      2.068     -0.074      2.456      0.494
   249       211   pi+                 91   207     0     0     0     0     0     -0.956      0.811     -0.028      1.261      0.140
   250       310   K_S0                91   208   208     0     0     0     0     -1.126      3.918     -0.138      4.109      0.498
   251      -311   (Kbar0)            -91   209     0   270   270     0     0     -2.715      3.696     -0.320      4.624      0.498
   252      -211   pi-                 91   209     0     0     0     0     0     -0.441      0.997      0.046      1.100      0.140
   253       321   K+                  91   210     0     0     0     0     0     -3.455      6.621     -0.629      7.511      0.494
   254       111   (pi0)              -91   210     0   319   320     0     0     -0.307      0.450     -0.139      0.578      0.135
   255       310   K_S0                91   214   214     0     0     0     0     -0.443      0.495     -0.369      0.909      0.498
   256       310   K_S0                91   215   215     0     0     0     0      0.133      0.331     -2.279      2.360      0.498
   257       211   pi+                 91   219     0     0     0     0     0      0.200     -0.459     -5.134      5.160      0.140
   258      -211   pi-                 91   219     0     0     0     0     0     -0.081      0.842    -12.818     12.847      0.140
   259       211   pi+                 91   220     0     0     0     0     0      0.414      0.337   -120.600    120.602      0.140
   260       111   (pi0)              -91   220     0   321   322     0     0     -0.355      0.028    -72.621     72.622      0.135
   261       130   K_L0                91   221   221     0     0     0     0     -0.235      0.435    -77.402     77.405      0.498
   262      -311   (Kbar0)            -91   222     0   271   271     0     0     -0.284     -0.316    -51.067     51.071      0.498
   263      -211   pi-                 91   222     0     0     0     0     0      0.228     -0.424    -57.938     57.940      0.140
   264       211   pi+                 91   223     0     0     0     0     0     -0.752     -0.073   -281.001    281.002      0.140
   265      -211   pi-                 91   223     0     0     0     0     0      0.172      0.003    -97.725     97.725      0.140
   266      2212   p+                  91   225     0     0     0     0     0     -0.217      0.149   -487.114    487.115      0.938
   267      -211   pi-                 91   225     0     0     0     0     0     -0.218     -0.110    -63.124     63.124      0.140
   268       211   pi+                 91   226     0     0     0     0     0     -0.117      0.388   -386.690    386.691      0.140
   269       111   (pi0)              -91   226     0   323   324     0     0      0.112     -0.123    -53.371     53.371      0.135
   270       310   K_S0                91   251   251     0     0     0     0     -2.715      3.696     -0.320      4.624      0.498
   271       310   K_S0                91   262   262     0     0     0     0     -0.284     -0.316    -51.067     51.071      0.498
   272       211   pi+                 91   124     0     0     0     0     0     -0.082     -0.140   -134.454    134.454      0.140
   273      -211   pi-                 91   124     0     0     0     0     0      0.156      0.119    -47.165     47.166      0.140
   274       111   (pi0)              -91   124     0   325   326     0     0     -0.061     -0.013    -14.683     14.684      0.135
   275        22   gamma               91   135     0     0     0     0     0     -0.100      0.309    152.830    152.830      0.000
   276        22   gamma               91   135     0     0     0     0     0     -0.065      0.207     61.563     61.563      0.000
   277        22   gamma               91   138     0     0     0     0     0      0.138      0.506    525.056    525.057      0.000
   278        22   gamma               91   138     0     0     0     0     0      0.038      0.025     26.922     26.922      0.000
   279       211   pi+                 91   150     0     0     0     0     0      0.019     -0.204     -0.278      0.373      0.140
   280      -211   pi-                 91   150     0     0     0     0     0      0.512     -1.513     -3.452      3.806      0.140
   281       111   (pi0)              -91   150     0   327   328     0     0      0.425     -0.607     -1.445      1.629      0.135
   282        22   gamma               91   156     0     0     0     0     0      3.094     -3.756     -5.874      7.628      0.000
   283        22   gamma               91   156     0     0     0     0     0      3.786     -5.433     -8.559     10.822      0.000
   284        22   gamma               91   159     0     0     0     0     0      0.391     -0.996     -0.334      1.121      0.000
   285        22   gamma               91   159     0     0     0     0     0      0.006     -0.151     -0.041      0.156      0.000
   286       211   pi+                 91   163     0     0     0     0     0     -0.137     -0.015      2.059      2.068      0.140
   287      -211   pi-                 91   163     0     0     0     0     0      0.209     -0.219      4.715      4.726      0.140
   288       111   (pi0)              -91   163     0   329   330     0     0      0.020     -0.216      1.009      1.041      0.135
   289        22   gamma               91   167     0     0     0     0     0     -0.050     -0.612      0.059      0.617      0.000
   290        22   gamma               91   167     0     0     0     0     0     -0.049      0.048      0.209      0.220      0.000
   291        22   gamma               91   171     0     0     0     0     0     -0.031     -0.012     -0.470      0.471      0.000
   292        22   gamma               91   171     0     0     0     0     0     -0.325      0.324     -7.388      7.402      0.000
   293      3122   Lambda0             91   190     0     0     0     0     0      0.159      0.969    181.414    181.420      1.116
   294        22   gamma               91   190     0     0     0     0     0     -0.028      0.124     10.285     10.285      0.000
   295        22   gamma               91   192     0     0     0     0     0     -0.096      0.245      6.485      6.490      0.000
   296        22   gamma               91   192     0     0     0     0     0     -0.054     -0.000      1.300      1.301      0.000
   297        22   gamma               91   194     0     0     0     0     0      0.247     -0.171     61.647     61.648      0.000
   298        22   gamma               91   194     0     0     0     0     0      0.076     -0.048      8.311      8.312      0.000
   299        22   gamma               91   213     0     0     0     0     0     -0.311      0.918     -0.747      1.223      0.000
   300        22   gamma               91   213     0     0     0     0     0     -0.084      0.100     -0.086      0.157      0.000
   301        22   gamma               91   216     0     0     0     0     0     -0.241     -0.026     -1.013      1.042      0.000
   302        22   gamma               91   216     0     0     0     0     0     -0.623     -0.229     -3.527      3.589      0.000
   303       211   pi+                 91   218     0     0     0     0     0      0.292     -0.233     -2.190      2.227      0.140
   304      -211   pi-                 91   218     0     0     0     0     0      0.133      0.204     -4.164      4.173      0.140
   305       111   (pi0)              -91   218     0   331   332     0     0      0.095     -0.096     -1.759      1.769      0.135
   306       211   pi+                 91   224     0     0     0     0     0      0.042     -0.076    -24.426     24.427      0.140
   307      -211   pi-                 91   224     0     0     0     0     0      0.206     -0.111    -60.601     60.601      0.140
   308       111   (pi0)              -91   224     0   333   334     0     0     -0.073     -0.120    -56.976     56.977      0.135
   309        22   gamma               91   231     0     0     0     0     0     -0.111      0.092    149.882    149.882      0.000
   310        22   gamma               91   231     0     0     0     0     0     -0.002     -0.026     91.634     91.634      0.000
   311        22   gamma               91   233     0     0     0     0     0      0.031     -0.176     -0.588      0.615      0.000
   312        22   gamma               91   233     0     0     0     0     0      0.391     -0.693     -2.972      3.077      0.000
   313        22   gamma               91   235     0     0     0     0     0      1.444     -2.947     -4.891      5.890      0.000
   314        22   gamma               91   235     0     0     0     0     0      0.058     -0.070     -0.149      0.175      0.000
   315        22   gamma               91   241     0     0     0     0     0     -0.069      0.084     -0.708      0.716      0.000
   316        22   gamma               91   241     0     0     0     0     0     -0.151      0.074     -0.442      0.473      0.000
   317        22   gamma               91   246     0     0     0     0     0      0.401     -0.370      7.442      7.462      0.000
   318        22   gamma               91   246     0     0     0     0     0      0.101     -0.193      2.450      2.460      0.000
   319        22   gamma               91   254     0     0     0     0     0     -0.149      0.187     -0.128      0.271      0.000
   320        22   gamma               91   254     0     0     0     0     0     -0.158      0.263     -0.011      0.307      0.000
   321        22   gamma               91   260     0     0     0     0     0     -0.203     -0.051    -41.218     41.218      0.000
   322        22   gamma               91   260     0     0     0     0     0     -0.152      0.079    -31.403     31.403      0.000
   323        22   gamma               91   269     0     0     0     0     0      0.087     -0.152    -45.062     45.063      0.000
   324        22   gamma               91   269     0     0     0     0     0      0.025      0.029     -8.309      8.309      0.000
   325        22   gamma               91   274     0     0     0     0     0      0.031     -0.038     -6.747      6.748      0.000
   326        22   gamma               91   274     0     0     0     0     0     -0.092      0.025     -7.935      7.936      0.000
   327        22   gamma               91   281     0     0     0     0     0      0.391     -0.506     -1.150      1.316      0.000
   328        22   gamma               91   281     0     0     0     0     0      0.034     -0.101     -0.295      0.314      0.000
   329        22   gamma               91   288     0     0     0     0     0     -0.011     -0.112      0.249      0.273      0.000
   330        22   gamma               91   288     0     0     0     0     0      0.032     -0.105      0.760      0.768      0.000
   331        22   gamma               91   305     0     0     0     0     0      0.099     -0.122     -1.639      1.647      0.000
   332        22   gamma               91   305     0     0     0     0     0     -0.004      0.026     -0.119      0.122      0.000
   333        22   gamma               91   308     0     0     0     0     0     -0.020     -0.100    -17.995     17.995      0.000
   334        22   gamma               91   308     0     0     0     0     0     -0.053     -0.019    -38.981     38.981      0.000
                                   Charge sum:  2.000           Momentum sum:     -0.000     -0.000      0.000   5020.000   5020.000

 --------  End PYTHIA Event Listing  -----------------------------------------------------------------------------------------------
0	0%, nTried:1, nTrial:1, sigma:0.104
#--------------------------------------------------------------------------
#                         FastJet release 3.2.1
#                 M. Cacciari, G.P. Salam and G. Soyez                  
#     A software package for jet finding and analysis at colliders      
#                           http://fastjet.fr                           
#	                                                                      
# Please cite EPJC72(2012)1896 [arXiv:1111.6097] if you use this package
# for scientific work and optionally PLB641(2006)57 [hep-ph/0512210].   
#                                                                       
# FastJet is provided without warranty under the terms of the GNU GPLv2.
# It uses T. Chan's closest pair algorithm, S. Fortune's Voronoi code,
# CGAL and 3rd party plugin jet algorithms. See COPYING file for details.
#--------------------------------------------------------------------------
 PYTHIA Warning in StringFragmentation::fragmentToJunction: bad convergence junction rest frame  

 Pythia::next(): 1000 events have been generated 
 PYTHIA Warning in PhaseSpace2to2tauyz::trialKin: maximum for cross section violated  
 PYTHIA Error in StringFragmentation::fragmentToJunction: caught in junction flavour loop  
 PYTHIA Error in Pythia::next: hadronLevel failed; try again  

 Pythia::next(): 2000 events have been generated 
 PYTHIA Error in StringFragmentation::fragment: stuck in joining  

 Pythia::next(): 3000 events have been generated 

 Pythia::next(): 4000 events have been generated 

 Pythia::next(): 5000 events have been generated 
5000	5%, nTried:24975, nTrial:9, sigma:0.128

 Pythia::next(): 6000 events have been generated 

 Pythia::next(): 7000 events have been generated 

 Pythia::next(): 8000 events have been generated 
 PYTHIA Error in SpaceShower::pT2nearThreshold: stuck in loop  

 Pythia::next(): 9000 events have been generated 

 Pythia::next(): 10000 events have been generated 
10000	10%, nTried:49654, nTrial:2, sigma:0.129

 Pythia::next(): 11000 events have been generated 

 Pythia::next(): 12000 events have been generated 

 Pythia::next(): 13000 events have been generated 

 Pythia::next(): 14000 events have been generated 

 Pythia::next(): 15000 events have been generated 
15000	15%, nTried:75120, nTrial:1, sigma:0.128

 Pythia::next(): 16000 events have been generated 

 Pythia::next(): 17000 events have been generated 

 Pythia::next(): 18000 events have been generated 

 Pythia::next(): 19000 events have been generated 

 Pythia::next(): 20000 events have been generated 
20000	20%, nTried:100664, nTrial:17, sigma:0.128

 Pythia::next(): 21000 events have been generated 

 Pythia::next(): 22000 events have been generated 

 Pythia::next(): 23000 events have been generated 

 Pythia::next(): 24000 events have been generated 

 Pythia::next(): 25000 events have been generated 
25000	25%, nTried:126370, nTrial:10, sigma:0.128

 Pythia::next(): 26000 events have been generated 

 Pythia::next(): 27000 events have been generated 
 PYTHIA Warning in MultipartonInteractions::pTnext: weight above unity  

 Pythia::next(): 28000 events have been generated 

 Pythia::next(): 29000 events have been generated 

 Pythia::next(): 30000 events have been generated 
30000	30%, nTried:151790, nTrial:1, sigma:0.128

 Pythia::next(): 31000 events have been generated 

 Pythia::next(): 32000 events have been generated 

 Pythia::next(): 33000 events have been generated 

 Pythia::next(): 34000 events have been generated 

 Pythia::next(): 35000 events have been generated 
35000	35%, nTried:176854, nTrial:8, sigma:0.128

 Pythia::next(): 36000 events have been generated 

 Pythia::next(): 37000 events have been generated 

 Pythia::next(): 38000 events have been generated 

 Pythia::next(): 39000 events have been generated 

 Pythia::next(): 40000 events have been generated 
40000	40%, nTried:202371, nTrial:5, sigma:0.128

 Pythia::next(): 41000 events have been generated 

 Pythia::next(): 42000 events have been generated 

 Pythia::next(): 43000 events have been generated 

 Pythia::next(): 44000 events have been generated 

 Pythia::next(): 45000 events have been generated 
45000	45%, nTried:227825, nTrial:1, sigma:0.128

 Pythia::next(): 46000 events have been generated 
 PYTHIA Warning in SpaceShower::pT2nextQCD: weight above unity  

 Pythia::next(): 47000 events have been generated 

 Pythia::next(): 48000 events have been generated 

 Pythia::next(): 49000 events have been generated 

 Pythia::next(): 50000 events have been generated 
50000	50%, nTried:253302, nTrial:4, sigma:0.128

 Pythia::next(): 51000 events have been generated 

 Pythia::next(): 52000 events have been generated 

 Pythia::next(): 53000 events have been generated 

 Pythia::next(): 54000 events have been generated 

 Pythia::next(): 55000 events have been generated 
55000	55%, nTried:278989, nTrial:4, sigma:0.128

 Pythia::next(): 56000 events have been generated 

 Pythia::next(): 57000 events have been generated 

 Pythia::next(): 58000 events have been generated 

 Pythia::next(): 59000 events have been generated 

 Pythia::next(): 60000 events have been generated 
60000	60%, nTried:304701, nTrial:4, sigma:0.128

 Pythia::next(): 61000 events have been generated 

 Pythia::next(): 62000 events have been generated 

 Pythia::next(): 63000 events have been generated 

 Pythia::next(): 64000 events have been generated 

 Pythia::next(): 65000 events have been generated 
65000	65%, nTried:330528, nTrial:2, sigma:0.128

 Pythia::next(): 66000 events have been generated 

 Pythia::next(): 67000 events have been generated 

 Pythia::next(): 68000 events have been generated 

 Pythia::next(): 69000 events have been generated 

 Pythia::next(): 70000 events have been generated 
70000	70%, nTried:356456, nTrial:22, sigma:0.128

 Pythia::next(): 71000 events have been generated 

 Pythia::next(): 72000 events have been generated 

 Pythia::next(): 73000 events have been generated 

 Pythia::next(): 74000 events have been generated 

 Pythia::next(): 75000 events have been generated 
75000	75%, nTried:381812, nTrial:5, sigma:0.127

 Pythia::next(): 76000 events have been generated 

 Pythia::next(): 77000 events have been generated 

 Pythia::next(): 78000 events have been generated 

 Pythia::next(): 79000 events have been generated 

 Pythia::next(): 80000 events have been generated 
80000	80%, nTried:407013, nTrial:2, sigma:0.127

 Pythia::next(): 81000 events have been generated 

 Pythia::next(): 82000 events have been generated 

 Pythia::next(): 83000 events have been generated 

 Pythia::next(): 84000 events have been generated 

 Pythia::next(): 85000 events have been generated 
85000	85%, nTried:432263, nTrial:3, sigma:0.128

 Pythia::next(): 86000 events have been generated 

 Pythia::next(): 87000 events have been generated 

 Pythia::next(): 88000 events have been generated 

 Pythia::next(): 89000 events have been generated 

 Pythia::next(): 90000 events have been generated 
90000	90%, nTried:457862, nTrial:5, sigma:0.128

 Pythia::next(): 91000 events have been generated 

 Pythia::next(): 92000 events have been generated 

 Pythia::next(): 93000 events have been generated 

 Pythia::next(): 94000 events have been generated 

 Pythia::next(): 95000 events have been generated 
95000	95%, nTried:483581, nTrial:7, sigma:0.128

 Pythia::next(): 96000 events have been generated 

 Pythia::next(): 97000 events have been generated 

 Pythia::next(): 98000 events have been generated 

 Pythia::next(): 99000 events have been generated 
100000	100%, nTried:509303, sigma:0.128
nTried after loop:509303
sigma after loop:0.128
100000 events are analyzed successfully.
Real time 0:22:00, CP time 1320.400
