
 *------------------------------------------------------------------------------------* 
 |                                                                                    | 
 |  *------------------------------------------------------------------------------*  | 
 |  |                                                                              |  | 
 |  |                                                                              |  | 
 |  |   PPP   Y   Y  TTTTT  H   H  III    A      Welcome to the Lund Monte Carlo!  |  | 
 |  |   P  P   Y Y     T    H   H   I    A A     This is PYTHIA version 8.226      |  | 
 |  |   PPP     Y      T    HHHHH   I   AAAAA    Last date of change: 26 Apr 2017  |  | 
 |  |   P       Y      T    H   H   I   A   A                                      |  | 
 |  |   P       Y      T    H   H  III  A   A    Now is 22 Oct 2020 at 17:14:00    |  | 
 |  |                                                                              |  | 
 |  |   Torbjorn Sjostrand;  Department of Astronomy and Theoretical Physics,      |  | 
 |  |      Lund University, Solvegatan 14A, SE-223 62 Lund, Sweden;                |  | 
 |  |      e-mail: torbjorn@thep.lu.se                                             |  | 
 |  |   Nishita Desai;  Laboratoire Charles Coulomb (L2C),                         |  | 
 |  |      CNRS-Universite de Montpellier, 34090 Montpellier, France;              |  | 
 |  |      e-mail: nishita.desai@umontpellier.fr                                   |  | 
 |  |   Nadine Fischer;  School of Physics,                                        |  | 
 |  |      Monash University, PO Box 27, 3800 Melbourne, Australia;                |  | 
 |  |      e-mail: nadine.fischer@monash.edu                                       |  | 
 |  |   Ilkka Helenius;  Institute for Theoretical Physics,                        |  | 
 |  |     Tuebingen University, Auf der Morgenstelle 14, 72076 Tuebingen, Germany; |  | 
 |  |      e-mail: ilkka.helenius@uni-tuebingen.de                                 |  | 
 |  |   Philip Ilten;  Massachusetts Institute of Technology,                      |  | 
 |  |      77 Massachusetts Ave, Cambridge, MA 02139, USA;                         |  | 
 |  |      e-mail: philten@cern.ch                                                 |  | 
 |  |   Leif Lonnblad;  Department of Astronomy and Theoretical Physics,           |  | 
 |  |      Lund University, Solvegatan 14A, SE-223 62 Lund, Sweden;                |  | 
 |  |      e-mail: leif.lonnblad@thep.lu.se                                        |  | 
 |  |   Stephen Mrenna;  Computing Division, Simulations Group,                    |  | 
 |  |      Fermi National Accelerator Laboratory, MS 234, Batavia, IL 60510, USA;  |  | 
 |  |      e-mail: mrenna@fnal.gov                                                 |  | 
 |  |   Stefan Prestel;  Theoretical Physics Department,                           |  | 
 |  |      Fermi National Accelerator Laboratory, MS 106, Batavia, IL 60510, USA;  |  | 
 |  |      e-mail: sprestel@fnal.gov                                               |  | 
 |  |   Christine O. Rasmussen;  Department of Astronomy and Theoretical Physics,  |  | 
 |  |      Lund University, Solvegatan 14A, SE-223 62 Lund, Sweden;                |  | 
 |  |      e-mail: christine.rasmussen@thep.lu.se                                  |  | 
 |  |   Peter Skands;  School of Physics,                                          |  | 
 |  |      Monash University, PO Box 27, 3800 Melbourne, Australia;                |  | 
 |  |      e-mail: peter.skands@monash.edu                                         |  | 
 |  |                                                                              |  | 
 |  |   The main program reference is 'An Introduction to PYTHIA 8.2',             |  | 
 |  |   T. Sjostrand et al, Comput. Phys. Commun. 191 (2015) 159                   |  | 
 |  |   [arXiv:1410.3012 [hep-ph]]                                                 |  | 
 |  |                                                                              |  | 
 |  |   The main physics reference is the 'PYTHIA 6.4 Physics and Manual',         |  | 
 |  |   T. Sjostrand, S. Mrenna and P. Skands, JHEP05 (2006) 026 [hep-ph/0603175]  |  | 
 |  |                                                                              |  | 
 |  |   An archive of program versions and documentation is found on the web:      |  | 
 |  |   http://www.thep.lu.se/Pythia                                               |  | 
 |  |                                                                              |  | 
 |  |   This program is released under the GNU General Public Licence version 2.   |  | 
 |  |   Please respect the MCnet Guidelines for Event Generator Authors and Users. |  | 
 |  |                                                                              |  | 
 |  |   Disclaimer: this program comes without any guarantees.                     |  | 
 |  |   Beware of errors and use common sense when interpreting results.           |  | 
 |  |                                                                              |  | 
 |  |   Copyright (C) 2017 Torbjorn Sjostrand                                      |  | 
 |  |                                                                              |  | 
 |  |                                                                              |  | 
 |  *------------------------------------------------------------------------------*  | 
 |                                                                                    | 
 *------------------------------------------------------------------------------------* 

 PYTHIA Error in Settings::flag: unknown key Main:showChangedParticleData
 PYTHIA Error in Settings::mode: unknown key Beams:eCM
Events=100000 RNDM seed 1002
 PYTHIA Warning in PhaseSpace2to2tauyz::trialKin: maximum for cross section violated  

 *-------  PYTHIA Process Initialization  --------------------------*
 |                                                                  |
 | We collide p+ with p+ at a CM energy of 5.020e+03 GeV            |
 |                                                                  |
 |------------------------------------------------------------------|
 |                                                    |             |
 | Subprocess                                    Code |   Estimated |
 |                                                    |    max (mb) |
 |                                                    |             |
 |------------------------------------------------------------------|
 |                                                    |             |
 | g g -> g g                                     111 |   3.221e-01 |
 | g g -> q qbar (uds)                            112 |   6.034e-03 |
 | q g -> q g                                     113 |   2.831e-01 |
 | q q(bar)' -> q q(bar)'                         114 |   3.691e-02 |
 | q qbar -> g g                                  115 |   3.159e-04 |
 | q qbar -> q' qbar' (uds)                       116 |   2.269e-04 |
 | g g -> c cbar                                  121 |   1.806e-03 |
 | q qbar -> c cbar                               122 |   7.522e-05 |
 | g g -> b bbar                                  123 |   1.739e-03 |
 | q qbar -> b bbar                               124 |   7.157e-05 |
 |                                                                  |
 *-------  End PYTHIA Process Initialization -----------------------*

 *-------  PYTHIA Multiparton Interactions Initialization  ---------* 
 |                                                                  | 
 |                   sigmaNonDiffractive =    48.03 mb              | 
 |                                                                  | 
 |    pT0 =  2.12 gives sigmaInteraction =   210.98 mb: accepted    | 
 |                                                                  | 
 *-------  End PYTHIA Multiparton Interactions Initialization  -----* 

 *-------  PYTHIA Flag + Mode + Parm + Word + FVec + MVec + PVec + WVec Settings (changes only)  ------------------* 
 |                                                                                                                 | 
 | Name                                          |                      Now |      Default         Min         Max | 
 |                                               |                          |                                      | 
 | Beams:eCM                                     |                 5020.000 |    14000.000    10.00000             | 
 | HardQCD:all                                   |                       on |          off                         | 
 | Main:numberOfEvents                           |                   100000 |         1000           0             | 
 | ParticleDecays:limitTau0                      |                       on |          off                         | 
 | PhaseSpace:mHatMin                            |                      0.0 |      4.00000         0.0             | 
 | PhaseSpace:pTHatMax                           |                 36.00000 |     -1.00000                         | 
 | PhaseSpace:pTHatMin                           |                 21.00000 |          0.0         0.0             | 
 | Random:seed                                   |                     1002 |           -1               900000000 | 
 | Random:setSeed                                |                       on |          off                         | 
 |                                                                                                                 | 
 *-------  End PYTHIA Flag + Mode + Parm + Word + FVec + MVec + PVec + WVec Settings  -----------------------------* 

 --------  PYTHIA Particle Data Table (changed only)  ------------------------------------------------------------------------------
 
      id   name            antiName         spn chg col      m0        mWidth      mMin       mMax       tau0    res dec ext vis wid
             no onMode   bRatio   meMode     products 

 no particle data has been changed from its default value 

 --------  End PYTHIA Particle Data Table  -----------------------------------------------------------------------------------------

============ AliJHistManager : AliJCDijetHistManagerjcdijet ===================

---- AliJBin ----
*AliJBin	CentBin	CentBin	"Cent:"	&mode=Single	0.000000 1.000000
*AliJBin	JetBin	JetBin	"Jet bin:"	&mode=Single	0.000000 1.000000 2.000000 3.000000 4.000000

---- AliJTH1 ----
*AliJTH1D	h_events	"h_events"	&Dir=default&Lazy	 CentBin
*AliJTH1D	h_eventSel	"h_eventSel"	&Lazy&Single	 1
*AliJTH1D	h_info	"h_info"	&Lazy&Single	 1
*AliJTH1D	h_centrality	"h_centrality"	&Lazy&Single	 1
*AliJTH1D	h_zvtx	"h_zvtx"	&Lazy&Single	 1
*AliJTH1D	h_nch	"h_nch"	&Dir=default&Lazy	 CentBin
*AliJTH1D	h_pt	"h_pt"	&Dir=default&Lazy	 CentBin
*AliJTH1D	h_ptPosEta	"h_ptPosEta"	&Dir=default&Lazy	 CentBin
*AliJTH1D	h_ptNegEta	"h_ptNegEta"	&Dir=default&Lazy	 CentBin
*AliJTH1D	h_eta	"h_eta"	&Dir=default&Lazy	 CentBin
*AliJTH1D	h_phi	"h_phi"	&Dir=default&Lazy	 CentBin
*AliJTH2D	h_etaPhi	"h_etaPhi"	&Dir=default&Lazy	 CentBin
*AliJTH1D	h_rho	"h_rho"	&Dir=default&Lazy	 CentBin
*AliJTH1D	h_rhoHighPt	"h_rhoHighPt"	&Dir=default&Lazy	 CentBin
*AliJTH1D	h_rhom	"h_rhom"	&Dir=default&Lazy	 CentBin
*AliJTH1D	h_rhomHighPt	"h_rhomHighPt"	&Dir=default&Lazy	 CentBin
*AliJTH1D	h_rhoLin	"h_rhoLin"	&Dir=default&Lazy	 CentBin
*AliJTH1D	h_rhoLinHighPt	"h_rhoLinHighPt"	&Dir=default&Lazy	 CentBin
*AliJTH1D	h_rhomLin	"h_rhomLin"	&Dir=default&Lazy	 CentBin
*AliJTH1D	h_rhomLinHighPt	"h_rhomLinHighPt"	&Dir=default&Lazy	 CentBin
*AliJTH1D	h_jetPt	"h_jetPt"	&Dir=default&Lazy	 CentBin JetBin
*AliJTH1D	h_jetPt_ALICE	"h_jetPt_ALICE"	&Dir=default&Lazy	 CentBin JetBin
*AliJTH1D	h_jetPtTransBGSub	"h_jetPtTransBGSub"	&Dir=default&Lazy	 CentBin JetBin
*AliJTH1D	h_jetN	"h_jetN"	&Dir=default&Lazy	 CentBin
*AliJTH1D	h_jetEta	"h_jetEta"	&Dir=default&Lazy	 CentBin JetBin
*AliJTH1D	h_jetPhi	"h_jetPhi"	&Dir=default&Lazy	 CentBin JetBin
*AliJTH2D	h_jetEtaPhi	"h_jetEtaPhi"	&Dir=default&Lazy	 CentBin JetBin
*AliJTH2D	h_randConeEtaPhi	"h_randConeEtaPhi"	&Dir=default&Lazy	 CentBin
*AliJTH1D	h_jetArea	"h_jetArea"	&Dir=default&Lazy	 CentBin JetBin
*AliJTH1D	h_jetAreaRho	"h_jetAreaRho"	&Dir=default&Lazy	 CentBin JetBin
*AliJTH1D	h_deltaPt	"h_deltaPt"	&Dir=default&Lazy	 CentBin
*AliJTH1D	h_maxJetptOverPtHard	"h_maxJetptOverPtHard"	&Dir=default&Lazy	 CentBin
*AliJTH1D	h_ptHard	"h_ptHard"	&Dir=default&Lazy	 CentBin
*AliJTH1D	h_dijetInvM	"h_dijetInvM"	&Dir=default&Lazy	 CentBin JetBin
*AliJTH1D	h_dijetPtPair	"h_dijetPtPair"	&Dir=default&Lazy	 CentBin JetBin
*AliJTH1D	h_dijetDeltaPhi	"h_dijetDeltaPhi"	&Dir=default&Lazy	 CentBin JetBin
*AliJTH1D	h_dijetPtPairDeltaPhiCut	"h_dijetPtPairDeltaPhiCut"	&Dir=default&Lazy	 CentBin JetBin
*AliJTH1D	h_dijetInvMDeltaPhiCut	"h_dijetInvMDeltaPhiCut"	&Dir=default&Lazy	 CentBin JetBin
*AliJTH1D	h_dijetDeltaPhiWithCut	"h_dijetDeltaPhiWithCut"	&Dir=default&Lazy	 CentBin JetBin
*AliJTH1D	h_responseInfo	"h_responseInfo"	&Lazy&Single	 1
*AliJTH1D	h_jetResponseDeltaR	"h_jetResponseDeltaR"	&Lazy&Single	 1
*AliJTH1D	h_jetResponseDeltaRClosest	"h_jetResponseDeltaRClosest"	&Lazy&Single	 1
*AliJTH1D	h_jetResponseDeltaPt	"h_jetResponseDeltaPt"	&Lazy&Single	 1
*AliJTH1D	h_jetDeltaRMin	"h_jetDeltaRMin"	&Dir=default&Lazy	 CentBin JetBin
*AliJTH1D	h_jetBGSubtrDeltaR	"h_jetBGSubtrDeltaR"	&Dir=default&Lazy	 CentBin
*AliJTH2D	h_jetResponse	"h_jetResponse"	&Lazy&Single	 1
*AliJTH2D	h_jetResponse_ALICE	"h_jetResponse_ALICE"	&Lazy&Single	 1
*AliJTH2D	h_deltaPtResponse	"h_deltaPtResponse"	&Lazy&Single	 1
*AliJTH2D	h_deltaPtResponse_ALICE	"h_deltaPtResponse_ALICE"	&Lazy&Single	 1
*AliJTH2D	h_deltaPtResponseEvery	"h_deltaPtResponseEvery"	&Lazy&Single	 1
*AliJTH2D	h_deltaPtResponseEvery_ALICE	"h_deltaPtResponseEvery_ALICE"	&Lazy&Single	 1
*AliJTH2D	h_dijetResponse	"h_dijetResponse"	&Lazy&Single	 1
*AliJTH2D	h_dijetResponseDeltaPhiCut	"h_dijetResponseDeltaPhiCut"	&Lazy&Single	 1
============ AliJHistManager : AliJCDijetHistManagerjcdijetDetMC ===================

---- AliJBin ----
*AliJBin	CentBin	CentBin	"Cent:"	&mode=Single	0.000000 1.000000
*AliJBin	JetBin	JetBin	"Jet bin:"	&mode=Single	0.000000 1.000000 2.000000 3.000000 4.000000

---- AliJTH1 ----
*AliJTH1D	h_events	"h_events"	&Dir=default&Lazy	 CentBin
*AliJTH1D	h_eventSel	"h_eventSel"	&Lazy&Single	 1
*AliJTH1D	h_info	"h_info"	&Lazy&Single	 1
*AliJTH1D	h_centrality	"h_centrality"	&Lazy&Single	 1
*AliJTH1D	h_zvtx	"h_zvtx"	&Lazy&Single	 1
*AliJTH1D	h_nch	"h_nch"	&Dir=default&Lazy	 CentBin
*AliJTH1D	h_pt	"h_pt"	&Dir=default&Lazy	 CentBin
*AliJTH1D	h_ptPosEta	"h_ptPosEta"	&Dir=default&Lazy	 CentBin
*AliJTH1D	h_ptNegEta	"h_ptNegEta"	&Dir=default&Lazy	 CentBin
*AliJTH1D	h_eta	"h_eta"	&Dir=default&Lazy	 CentBin
*AliJTH1D	h_phi	"h_phi"	&Dir=default&Lazy	 CentBin
*AliJTH2D	h_etaPhi	"h_etaPhi"	&Dir=default&Lazy	 CentBin
*AliJTH1D	h_rho	"h_rho"	&Dir=default&Lazy	 CentBin
*AliJTH1D	h_rhoHighPt	"h_rhoHighPt"	&Dir=default&Lazy	 CentBin
*AliJTH1D	h_rhom	"h_rhom"	&Dir=default&Lazy	 CentBin
*AliJTH1D	h_rhomHighPt	"h_rhomHighPt"	&Dir=default&Lazy	 CentBin
*AliJTH1D	h_rhoLin	"h_rhoLin"	&Dir=default&Lazy	 CentBin
*AliJTH1D	h_rhoLinHighPt	"h_rhoLinHighPt"	&Dir=default&Lazy	 CentBin
*AliJTH1D	h_rhomLin	"h_rhomLin"	&Dir=default&Lazy	 CentBin
*AliJTH1D	h_rhomLinHighPt	"h_rhomLinHighPt"	&Dir=default&Lazy	 CentBin
*AliJTH1D	h_jetPt	"h_jetPt"	&Dir=default&Lazy	 CentBin JetBin
*AliJTH1D	h_jetPt_ALICE	"h_jetPt_ALICE"	&Dir=default&Lazy	 CentBin JetBin
*AliJTH1D	h_jetPtTransBGSub	"h_jetPtTransBGSub"	&Dir=default&Lazy	 CentBin JetBin
*AliJTH1D	h_jetN	"h_jetN"	&Dir=default&Lazy	 CentBin
*AliJTH1D	h_jetEta	"h_jetEta"	&Dir=default&Lazy	 CentBin JetBin
*AliJTH1D	h_jetPhi	"h_jetPhi"	&Dir=default&Lazy	 CentBin JetBin
*AliJTH2D	h_jetEtaPhi	"h_jetEtaPhi"	&Dir=default&Lazy	 CentBin JetBin
*AliJTH2D	h_randConeEtaPhi	"h_randConeEtaPhi"	&Dir=default&Lazy	 CentBin
*AliJTH1D	h_jetArea	"h_jetArea"	&Dir=default&Lazy	 CentBin JetBin
*AliJTH1D	h_jetAreaRho	"h_jetAreaRho"	&Dir=default&Lazy	 CentBin JetBin
*AliJTH1D	h_deltaPt	"h_deltaPt"	&Dir=default&Lazy	 CentBin
*AliJTH1D	h_maxJetptOverPtHard	"h_maxJetptOverPtHard"	&Dir=default&Lazy	 CentBin
*AliJTH1D	h_ptHard	"h_ptHard"	&Dir=default&Lazy	 CentBin
*AliJTH1D	h_dijetInvM	"h_dijetInvM"	&Dir=default&Lazy	 CentBin JetBin
*AliJTH1D	h_dijetPtPair	"h_dijetPtPair"	&Dir=default&Lazy	 CentBin JetBin
*AliJTH1D	h_dijetDeltaPhi	"h_dijetDeltaPhi"	&Dir=default&Lazy	 CentBin JetBin
*AliJTH1D	h_dijetPtPairDeltaPhiCut	"h_dijetPtPairDeltaPhiCut"	&Dir=default&Lazy	 CentBin JetBin
*AliJTH1D	h_dijetInvMDeltaPhiCut	"h_dijetInvMDeltaPhiCut"	&Dir=default&Lazy	 CentBin JetBin
*AliJTH1D	h_dijetDeltaPhiWithCut	"h_dijetDeltaPhiWithCut"	&Dir=default&Lazy	 CentBin JetBin
*AliJTH1D	h_responseInfo	"h_responseInfo"	&Lazy&Single	 1
*AliJTH1D	h_jetResponseDeltaR	"h_jetResponseDeltaR"	&Lazy&Single	 1
*AliJTH1D	h_jetResponseDeltaRClosest	"h_jetResponseDeltaRClosest"	&Lazy&Single	 1
*AliJTH1D	h_jetResponseDeltaPt	"h_jetResponseDeltaPt"	&Lazy&Single	 1
*AliJTH1D	h_jetDeltaRMin	"h_jetDeltaRMin"	&Dir=default&Lazy	 CentBin JetBin
*AliJTH1D	h_jetBGSubtrDeltaR	"h_jetBGSubtrDeltaR"	&Dir=default&Lazy	 CentBin
*AliJTH2D	h_jetResponse	"h_jetResponse"	&Lazy&Single	 1
*AliJTH2D	h_jetResponse_ALICE	"h_jetResponse_ALICE"	&Lazy&Single	 1
*AliJTH2D	h_deltaPtResponse	"h_deltaPtResponse"	&Lazy&Single	 1
*AliJTH2D	h_deltaPtResponse_ALICE	"h_deltaPtResponse_ALICE"	&Lazy&Single	 1
*AliJTH2D	h_deltaPtResponseEvery	"h_deltaPtResponseEvery"	&Lazy&Single	 1
*AliJTH2D	h_deltaPtResponseEvery_ALICE	"h_deltaPtResponseEvery_ALICE"	&Lazy&Single	 1
*AliJTH2D	h_dijetResponse	"h_dijetResponse"	&Lazy&Single	 1
*AliJTH2D	h_dijetResponseDeltaPhiCut	"h_dijetResponseDeltaPhiCut"	&Lazy&Single	 1

============= Settings =============
cent bin:                   0
particle eta cut:           0.9
particle pt cut:            0.15
jet cone size:              0.4
kt-jet cone size:           0.4
Using pion mass in kt-jets: 0.0
Using DeltaPhi in BG subtr: 1.0
Using kt-jet scheme:        pt_scheme
jet costituent cut:         5.0
dijet leading pt cut:       20.0
dijet subleading pt cut:    20.0
dijet DeltaPhi cut:         pi/2.0
tracking inefficiency:      0.0

Let's start

 --------  PYTHIA Info Listing  ---------------------------------------- 
 
 Beam A: id =   2212, pz =  2.510e+03, e =  2.510e+03, m =  9.383e-01.
 Beam B: id =   2212, pz = -2.510e+03, e =  2.510e+03, m =  9.383e-01.

 In 1: id =    3, x =  5.389e-01, pdf =  1.112e-03 at Q2 =  6.807e+02.
 In 2: id =   21, x =  2.161e-04, pdf =  5.805e+01 at same Q2.

 Subprocess q g -> q g with code 113 is 2 -> 2.
 It has sHat =  2.935e+03,    tHat = -1.073e+03,    uHat = -1.862e+03,
       pTHat =  2.609e+01,   m3Hat =  5.000e-01,   m4Hat =  0.000e+00,
    thetaHat =  1.298e+00,  phiHat =  2.989e+00.
     alphaEM =  7.708e-03,  alphaS =  1.622e-01    at Q2 =  6.807e+02.

 Impact parameter b =  1.175e+00 gives enhancement factor =  3.547e-01.
 Max pT scale for MPI =  2.609e+01, ISR =  2.609e+01, FSR =  2.609e+01.
 Number of MPI =     1, ISR =     3, FSRproc =    19, FSRreson =     0.

 --------  End PYTHIA Info Listing  ------------------------------------

 --------  PYTHIA Event Listing  (hard process)  -----------------------------------------------------------------------------------
 
    no        id   name            status     mothers   daughters     colours      p_x        p_y        p_z         e          m 
     0        90   (system)           -11     0     0     0     0     0     0      0.000      0.000      0.000   5020.000   5020.000
     1      2212   (p+)               -12     0     0     3     0     0     0      0.000      0.000   2510.000   2510.000      0.938
     2      2212   (p+)               -12     0     0     4     0     0     0      0.000      0.000  -2510.000   2510.000      0.938
     3         3   (s)                -21     1     0     5     6   101     0      0.000      0.000   1352.667   1352.667      0.000
     4        21   (g)                -21     2     0     5     6   102   101      0.000      0.000     -0.542      0.542      0.000
     5         3   s                   23     3     4     0     0   103     0    -25.784      3.968    858.144    858.540      0.500
     6        21   g                   23     3     4     0     0   102   103     25.784     -3.968    493.981    494.669      0.000
                                   Charge sum: -0.333           Momentum sum:      0.000      0.000   1352.125   1353.210     54.177

 --------  End PYTHIA Event Listing  -----------------------------------------------------------------------------------------------

 --------  PYTHIA Event Listing  (complete event)  ---------------------------------------------------------------------------------
 
    no        id   name            status     mothers   daughters     colours      p_x        p_y        p_z         e          m 
     0        90   (system)           -11     0     0     0     0     0     0      0.000      0.000      0.000   5020.000   5020.000
     1      2212   (p+)               -12     0     0    83     0     0     0      0.000      0.000   2510.000   2510.000      0.938
     2      2212   (p+)               -12     0     0    84     0     0     0      0.000      0.000  -2510.000   2510.000      0.938
     3         3   (s)                -21     7     0     5     6   101     0      0.000      0.000   1352.667   1352.667      0.000
     4        21   (g)                -21     8     8     5     6   102   101      0.000      0.000     -0.542      0.542      0.000
     5         3   (s)                -23     3     4     9     9   103     0    -25.784      3.968    858.144    858.540      0.500
     6        21   (g)                -23     3     4    10    10   102   103     25.784     -3.968    493.981    494.669      0.000
     7         3   (s)                -41    12    12    11     3   104     0      0.000      0.000   1983.753   1983.753      0.000
     8        21   (g)                -42    13     0     4     4   102   101      0.000      0.000     -0.542      0.542      0.000
     9         3   (s)                -44     5     5    14    14   103     0    -28.819      9.229    978.493    978.961      0.500
    10        21   (g)                -44     6     6    15    15   102   103     24.036     -0.939    563.399    563.912      0.000
    11        21   (g)                -43     7     0    16    16   104   101      4.783     -8.290    441.319    441.423      0.000
    12         3   (s)                -42    21    21     7     7   104     0     -0.000     -0.000   1983.753   1983.753      0.000
    13        21   (g)                -41    22     0    17     8   102   106      0.000      0.000     -0.655      0.655      0.000
    14         3   (s)                -44     9     9    18    19   103     0    -26.212      9.636    765.791    766.300      0.500
    15        21   (g)                -44    10    10    20    20   102   103     26.896     -0.492    647.498    648.057      0.000
    16        21   (g)                -44    11    11    25    25   104   101      5.361     -8.199    424.910    425.023      0.000
    17        21   (g)                -43    13     0    26    26   101   106     -6.045     -0.944    144.899    145.028      0.000
    18         3   (s)                -51    14     0    23    23   107     0     -9.803      6.449    286.556    286.796      0.500
    19        21   (g)                -51    14     0    27    27   103   107    -16.076      3.180    487.238    487.513      0.000
    20        21   (g)                -52    15    15    24    24   102   103     26.564     -0.486    639.496    640.048      0.000
    21         3   (s)                -42    83    83    12    12   104     0     -0.000     -0.000   1983.753   1983.753      0.000
    22        21   (g)                -41    43    43    28    13   108   106      0.000      0.000     -4.180      4.180      0.000
    23         3   (s)                -44    18    18    50    51   107     0    -10.017      5.989    282.938    283.179      0.500
    24        21   (g)                -44    20    20    29    30   102   103     26.075     -1.542    617.038    617.591      0.000
    25        21   (g)                -44    16    16    61    61   104   101      5.261     -8.416    435.349    435.462      0.000
    26        21   (g)                -44    17    17    41    42   101   106     -6.160     -1.191    152.085    152.215      0.000
    27        21   (g)                -44    19    19    32    33   103   107    -16.320      2.653    495.145    495.421      0.000
    28        21   (g)                -43    22     0    31    31   108   102      1.161      2.508     -2.983      4.066      0.000
    29        21   (g)                -51    24     0    34    34   109   103     25.637     -1.075    615.980    616.514      0.000
    30        21   (g)                -51    24     0    37    37   102   109      0.464     -0.411      0.991      1.169      0.000
    31        21   (g)                -52    28    28    71    72   108   102      1.134      2.451     -2.915      3.974      0.000
    32        21   (g)                -51    27     0    52    52   110   107    -15.531      2.978    506.180    506.427      0.000
    33        21   (g)                -51    27     0    40    40   103   110     -0.239     -0.348      2.183      2.223      0.000
    34        21   (g)                -52    29    29    35    36   109   103     25.087     -1.052    602.761    603.284      0.000
    35        21   (g)                -51    34     0    38    39   111   103     24.417     -0.278    578.300    578.816      0.000
    36        21   (g)                -51    34     0    55    55   109   111      0.712     -0.812     24.552     24.575      0.000
    37        21   (g)                -52    30    30    53    54   102   109      0.422     -0.373      0.901      1.062      0.000
    38        21   (g)                -51    35     0    58    58   111   112      9.003     -0.605    242.010    242.178      0.000
    39        21   (g)                -51    35     0    47    48   112   103     15.387      0.288    336.536    336.888      0.000
    40        21   (g)                -52    33    33    49    49   103   110     -0.212     -0.309      1.937      1.973      0.000
    41        21   (g)                -51    26     0    46    46   101   113     -5.668     -0.492    112.445    112.589      0.000
    42        21   (g)                -51    26     0    44    45   113   106     -0.491     -0.699     39.628     39.637      0.000
    43        21   (g)                -53    84    84    22    22   108   106      0.000      0.000     -4.192      4.192      0.000
    44        21   (g)                -51    42     0    95    95   114   106      0.243     -0.174      6.379      6.386      0.000
    45        21   (g)                -51    42     0    96    96   113   114     -3.813     -0.792     94.333     94.413      0.000
    46        21   (g)                -52    41    41    59    60   101   113     -2.589     -0.225     51.361     51.427      0.000
    47        21   (g)                -51    39     0    56    57   112   115     14.665      0.403    328.826    329.153      0.000
    48        21   (g)                -51    39     0    97    97   115   103      0.685     -0.169      8.047      8.078      0.000
    49        21   (g)                -52    40    40    67    67   103   110     -0.175     -0.255      1.599      1.629      0.000
    50         3   (s)                -51    23     0    85    85   116     0     -8.450      5.348    260.094    260.286      0.500
    51        21   (g)                -51    23     0    98    98   107   116     -2.868      0.890     65.247     65.316      0.000
    52        21   (g)                -52    32    32    65    66   110   107    -14.230      2.729    463.778    464.004      0.000
    53         2   (u)                -51    37     0    73    73   102     0      0.516      0.319      5.166      5.211      0.330
    54        -2   (ubar)             -51    37     0    99    99     0   109      0.155     -0.976      4.314      4.438      0.330
    55        21   (g)                -52    36    36    93    93   109   111      0.463     -0.528     15.972     15.988      0.000
    56        21   (g)                -51    47     0    79    79   117   115      6.987      0.488    150.129    150.292      0.000
    57        21   (g)                -51    47     0    77    78   112   117     10.895     -0.301    265.178    265.402      0.000
    58        21   (g)                -52    38    38    86    86   111   112      5.786     -0.389    155.529    155.637      0.000
    59        21   (g)                -51    46     0    88    88   118   113     -2.299     -0.350     60.249     60.294      0.000
    60        21   (g)                -51    46     0    62    63   101   118     -0.174     -0.060      0.717      0.741      0.000
    61        21   (g)                -52    25    25    64    64   104   101      5.145     -8.230    425.744    425.855      0.000
    62        -2   (ubar)             -51    60     0   101   101     0   118      0.332     -1.264     51.610     51.628      0.330
    63         2   (u)                -51    60     0    70    70   101     0      0.155      0.145      3.846      3.866      0.330
    64        21   (g)                -52    61    61    68    69   104   101      4.483     -7.172    371.005    371.102      0.000
    65        21   (g)                -51    52     0    89    89   119   107     -8.488      1.195    287.893    288.021      0.000
    66        21   (g)                -51    52     0    74    75   110   119     -5.753      1.518    175.985    176.085      0.000
    67        21   (g)                -52    49    49    76    76   103   110     -0.164     -0.239      1.500      1.528      0.000
    68        21   (g)                -51    64     0    87    87   104   121      0.555     -1.834     89.397     89.418      0.000
    69        21   (g)                -51    64     0   104   104   121   101      3.937     -5.314    281.472    281.549      0.000
    70         2   (u)                -52    63    63   102   102   101     0      0.146      0.121      3.983      4.001      0.330
    71        21   (g)                -51    31     0    90    90   108   123      1.105      1.279     -1.252      2.103      0.000
    72        21   (g)                -51    31     0    80    81   123   102      0.039      1.177     -1.571      1.963      0.000
    73         2   (u)                -52    53    53    82    82   102     0      0.507      0.313      5.073      5.119      0.330
    74        21   (g)                -51    66     0   103   103   124   119     -0.905      0.408     42.618     42.630      0.000
    75        21   (g)                -51    66     0   106   106   110   124     -4.873      1.074    133.591    133.684      0.000
    76        21   (g)                -52    67    67    92    92   103   110     -0.140     -0.204      1.276      1.300      0.000
    77        21   (g)                -51    57     0   100   100   112   125     13.946     -0.152    333.374    333.665      0.000
    78        21   (g)                -51    57     0   107   107   125   117      1.067      0.139     20.267     20.295      0.000
    79        21   (g)                -52    56    56    94    94   117   115      2.870      0.200     61.666     61.733      0.000
    80        21   (g)                -51    72     0   105   105   123   126      0.033      1.472     -1.371      2.012      0.000
    81        21   (g)                -51    72     0   108   108   126   102      0.043     -0.272      0.175      0.326      0.000
    82         2   (u)                -52    73    73    91    91   102     0      0.469      0.291      4.699      4.743      0.330
    83         3   (s)                -61     1     0    21    21   104     0     -2.094      0.410   1984.012   1984.014      0.000
    84        21   (g)                -61     2     0    43    43   108   106     -1.826      0.976     -3.937      4.448      0.000
    85         3   (s)                -62    50    50   130   130   116     0     -8.769      5.425    262.592    262.795      0.500
    86        21   (g)                -62    58    58   139   139   111   112      5.600     -0.344    154.251    154.353      0.000
    87        21   (g)                -62    68    68   120   120   104   121      0.456     -1.813     89.076     89.095      0.000
    88        21   (g)                -62    59    59   114     0   118   113     -2.373     -0.332     60.717     60.764      0.000
    89        21   (g)                -62    65    65   132   132   119   107     -8.821      1.270    289.918    290.054      0.000
    90        21   (g)                -62    71    71   178   178   108   123      0.374      1.670     -1.241      2.114      0.000
    91         2   (u)                -62    82    82   175   175   102     0      0.455      0.297      4.633      4.677      0.330
    92        21   (g)                -62    76    76   135   135   103   110     -0.146     -0.201      1.283      1.307      0.000
    93        21   (g)                -62    55    55   140   140   109   111      0.443     -0.523     15.813     15.828      0.000
    94        21   (g)                -62    79    79   115     0   117   115      2.791      0.221     61.076     61.140      0.000
    95        21   (g)                -62    44    44   160   160   114   106      0.235     -0.172      6.307      6.314      0.000
    96        21   (g)                -62    45    45   114     0   113   114     -3.931     -0.763     95.084     95.168      0.000
    97        21   (g)                -62    48    48   136   136   115   103      0.670     -0.164      7.881      7.911      0.000
    98        21   (g)                -62    51    51   131   131   107   116     -2.953      0.912     65.984     66.056      0.000
    99        -2   (ubar)             -62    54    54   141   141     0   109      0.123     -0.961      4.171      4.295      0.330
   100        21   (g)                -62    77    77   138   138   112   125     13.533     -0.050    330.378    330.656      0.000
   101        -2   (ubar)             -62    62    62   162   162     0   118      0.274     -1.251     51.399     51.416      0.330
   102         2   (u)                -62    70    70   118   118   101     0      0.138      0.124      3.966      3.984      0.330
   103        21   (g)                -62    74    74   133   133   124   119     -0.953      0.418     42.868     42.881      0.000
   104        21   (g)                -62    69    69   119   119   121   101      3.625     -5.247    280.037    280.110      0.000
   105        21   (g)                -62    80    80   177   177   123   126     -0.705      1.867     -1.104      2.280      0.000
   106        21   (g)                -62    75    75   134   134   110   124     -5.035      1.113    134.795    134.893      0.000
   107        21   (g)                -62    78    78   115     0   125   117      1.039      0.147     20.055     20.082      0.000
   108        21   (g)                -62    81    81   176   176   126   102      0.010     -0.255      0.138      0.290      0.000
   109      2203   (uu_1)             -63     1     0   121   121     0   104      0.881     -0.688    261.955    261.959      0.771
   110         1   (d)                -63     1     0   116   117   128     0      0.955      0.164    246.849    246.851      0.330
   111        -3   (sbar)             -63     1     0   116   117     0   128      0.258      0.114     16.917     16.927      0.500
   112         2   (u)                -63     2     0   159   159   106     0      0.491     -0.428    -59.965     59.969      0.330
   113      2101   (ud_0)             -63     2     0   179   179     0   108      1.335     -0.548  -2445.832   2445.833      0.579
   114        21   (g)                -73    88    96   161   161   118   114     -6.304     -1.095    155.801    155.932      0.259
   115        21   (g)                -73    94   107   137   137   125   115      3.830      0.368     81.131     81.223      0.250
   116       111   (pi0)              -83   110   111   232   233     0     0      1.507      0.327    239.257    239.262      0.135
   117       311   (K0)               -84   110   111   197   197     0     0     -0.294     -0.049     24.509     24.516      0.498
   118         2   (u)                -71   102   102   122   129   101     0      0.138      0.124      3.966      3.984      0.330
   119        21   (g)                -71   104   104   122   129   121   101      3.625     -5.247    280.037    280.110      0.000
   120        21   (g)                -71    87    87   122   129   104   121      0.456     -1.813     89.076     89.095      0.000
   121      2203   (uu_1)             -71   109   109   122   129     0   104      0.881     -0.688    261.955    261.959      0.771
   122       111   (pi0)              -83   118   121   234   235     0     0     -0.086     -0.021     10.777     10.778      0.135
   123       111   (pi0)              -83   118   121   236   237     0     0      1.928     -2.161     97.710     97.753      0.135
   124       211   pi+                 83   118   121     0     0     0     0     -0.012     -0.112     24.930     24.931      0.140
   125       111   (pi0)              -83   118   121   238   239     0     0     -0.006     -0.065      8.797      8.798      0.135
   126      2114   (Delta0)           -83   118   121   198   199     0     0      1.013     -2.083    100.136    100.171      1.316
   127     -2214   (Deltabar-)        -84   118   121   200   201     0     0      1.329     -2.221    196.746    196.767      1.204
   128      2212   p+                  84   118   121     0     0     0     0      1.164     -0.954    145.814    145.824      0.938
   129       211   pi+                 84   118   121     0     0     0     0     -0.229     -0.007     50.126     50.127      0.140
   130         3   (s)                -71    85    85   142   158   116     0     -8.769      5.425    262.592    262.795      0.500
   131        21   (g)                -71    98    98   142   158   107   116     -2.953      0.912     65.984     66.056      0.000
   132        21   (g)                -71    89    89   142   158   119   107     -8.821      1.270    289.918    290.054      0.000
   133        21   (g)                -71   103   103   142   158   124   119     -0.953      0.418     42.868     42.881      0.000
   134        21   (g)                -71   106   106   142   158   110   124     -5.035      1.113    134.795    134.893      0.000
   135        21   (g)                -71    92    92   142   158   103   110     -0.146     -0.201      1.283      1.307      0.000
   136        21   (g)                -71    97    97   142   158   115   103      0.670     -0.164      7.881      7.911      0.000
   137        21   (g)                -71   115   115   142   158   125   115      3.830      0.368     81.131     81.223      0.250
   138        21   (g)                -71   100   100   142   158   112   125     13.533     -0.050    330.378    330.656      0.000
   139        21   (g)                -71    86    86   142   158   111   112      5.600     -0.344    154.251    154.353      0.000
   140        21   (g)                -71    93    93   142   158   109   111      0.443     -0.523     15.813     15.828      0.000
   141        -2   (ubar)             -71    99    99   142   158     0   109      0.123     -0.961      4.171      4.295      0.330
   142       331   (eta')             -83   130   141   240   242     0     0     -4.114      1.814    107.056    107.155      0.958
   143      -321   K-                  83   130   141     0     0     0     0     -3.883      1.896    114.826    114.909      0.494
   144       111   (pi0)              -83   130   141   243   244     0     0     -1.961      0.662     58.928     58.965      0.135
   145       113   (rho0)             -83   130   141   202   203     0     0     -2.558      1.343    104.288    104.332      0.831
   146       223   (omega)            -83   130   141   245   247     0     0     -5.807      1.814    164.752    164.866      0.823
   147       113   (rho0)             -83   130   141   204   205     0     0     -6.900      1.216    219.349    219.463      0.719
   148       211   pi+                 84   130   141     0     0     0     0     -0.416     -0.006      4.811      4.831      0.140
   149       113   (rho0)             -84   130   141   206   207     0     0     -0.709      0.051     24.256     24.309      1.431
   150      -211   pi-                 84   130   141     0     0     0     0      2.502      0.082     67.308     67.355      0.140
   151      3214   (Sigma*0)          -84   130   141   208   209     0     0      6.117     -0.014    128.917    129.069      1.379
   152     -3114   (Sigma*bar+)       -84   130   141   210   211     0     0      8.805     -0.177    227.199    227.374      1.415
   153       111   (pi0)              -84   130   141   248   249     0     0      0.480      0.079     20.034     20.040      0.135
   154       113   (rho0)             -84   130   141   212   213     0     0      2.800      0.197     60.933     61.003      0.835
   155      -213   (rho-)             -84   130   141   214   215     0     0      1.505     -0.451     37.607     37.648      0.805
   156       211   pi+                 84   130   141     0     0     0     0      1.488     -0.614     45.608     45.637      0.140
   157       111   (pi0)              -84   130   141   250   251     0     0     -0.139     -0.030      0.316      0.371      0.135
   158      -211   pi-                 84   130   141     0     0     0     0      0.314     -0.601      4.876      4.925      0.140
   159         2   (u)                -71   112   112   163   174   106     0      0.491     -0.428    -59.965     59.969      0.330
   160        21   (g)                -71    95    95   163   174   114   106      0.235     -0.172      6.307      6.314      0.000
   161        21   (g)                -71   114   114   163   174   118   114     -6.304     -1.095    155.801    155.932      0.259
   162        -2   (ubar)             -71   101   101   163   174     0   118      0.274     -1.251     51.399     51.416      0.330
   163       111   (pi0)              -83   159   162   252   253     0     0      0.019     -0.059    -50.588     50.589      0.135
   164       111   (pi0)              -83   159   162   254   255     0     0      0.423     -0.253     -3.242      3.282      0.135
   165       211   pi+                 83   159   162     0     0     0     0     -0.302      0.201     -1.881      1.921      0.140
   166       223   (omega)            -83   159   162   256   258     0     0      0.101     -0.194     -3.289      3.368      0.690
   167       113   (rho0)             -83   159   162   216   217     0     0      0.319     -0.674     -0.317      1.146      0.810
   168       221   (eta)              -83   159   162   259   261     0     0     -0.143      0.534      2.843      2.948      0.548
   169       221   (eta)              -83   159   162   262   264     0     0      0.059     -0.343      1.049      1.234      0.548
   170      -211   pi-                 83   159   162     0     0     0     0      0.069      0.189      1.931      1.946      0.140
   171       211   pi+                 83   159   162     0     0     0     0      0.068     -0.167      1.009      1.034      0.140
   172      -211   pi-                 84   159   162     0     0     0     0     -4.246     -0.715    101.024    101.116      0.140
   173       211   pi+                 84   159   162     0     0     0     0     -1.708     -0.361     56.407     56.434      0.140
   174      -213   (rho-)             -84   159   162   218   219     0     0      0.037     -1.103     48.596     48.613      0.694
   175         2   (u)                -71    91    91   180   196   102     0      0.455      0.297      4.633      4.677      0.330
   176        21   (g)                -71   108   108   180   196   126   102      0.010     -0.255      0.138      0.290      0.000
   177        21   (g)                -71   105   105   180   196   123   126     -0.705      1.867     -1.104      2.280      0.000
   178        21   (g)                -71    90    90   180   196   108   123      0.374      1.670     -1.241      2.114      0.000
   179      2101   (ud_0)             -71   113   113   180   196     0   108      1.335     -0.548  -2445.832   2445.833      0.579
   180       111   (pi0)              -83   175   179   265   266     0     0     -0.001     -0.154      0.592      0.626      0.135
   181       211   pi+                 83   175   179     0     0     0     0      0.078      0.266      2.329      2.350      0.140
   182       111   (pi0)              -83   175   179   267   268     0     0      0.602     -0.069      0.305      0.691      0.135
   183      -213   (rho-)             -83   175   179   220   221     0     0     -0.905      0.816      1.104      1.859      0.867
   184       211   pi+                 83   175   179     0     0     0     0      0.463      0.112     -0.035      0.498      0.140
   185      -213   (rho-)             -83   175   179   222   223     0     0      0.027      0.851     -1.115      1.569      0.704
   186      2214   (Delta+)           -83   175   179   224   225     0     0     -0.354      0.804     -1.992      2.499      1.226
   187     -2212   pbar-               83   175   179     0     0     0     0     -0.121      0.568     -1.436      1.811      0.938
   188       211   pi+                 84   175   179     0     0     0     0     -0.265      0.051     -4.926      4.935      0.140
   189       111   (pi0)              -84   175   179   269   270     0     0      0.242      0.541     -5.083      5.120      0.135
   190      -213   (rho-)             -84   175   179   226   227     0     0      0.261     -0.382    -12.028     12.104      1.276
   191       321   K+                  84   175   179     0     0     0     0     -0.084      0.231    -34.464     34.468      0.494
   192      -321   K-                  84   175   179     0     0     0     0      0.675      0.365   -363.555    363.556      0.494
   193       213   (rho+)             -84   175   179   228   229     0     0     -0.177     -0.150   -122.593    122.596      0.793
   194      -211   pi-                 84   175   179     0     0     0     0     -0.139     -0.083    -81.680     81.680      0.140
   195      2224   (Delta++)          -84   175   179   230   231     0     0      0.386     -0.951   -967.652    967.653      1.129
   196      -211   pi-                 84   175   179     0     0     0     0      0.778      0.215   -851.177    851.177      0.140
   197       130   K_L0                91   117   117     0     0     0     0     -0.294     -0.049     24.509     24.516      0.498
   198      2212   p+                  91   126     0     0     0     0     0      0.457     -1.121     52.999     53.021      0.938
   199      -211   pi-                 91   126     0     0     0     0     0      0.556     -0.962     47.137     47.150      0.140
   200     -2212   pbar-               91   127     0     0     0     0     0      0.907     -1.744    139.476    139.493      0.938
   201       111   (pi0)              -91   127     0   271   272     0     0      0.422     -0.477     57.270     57.274      0.135
   202       211   pi+                 91   145     0     0     0     0     0     -0.948      0.808     35.069     35.091      0.140
   203      -211   pi-                 91   145     0     0     0     0     0     -1.610      0.536     69.220     69.241      0.140
   204       211   pi+                 91   147     0     0     0     0     0     -6.022      1.027    184.355    184.456      0.140
   205      -211   pi-                 91   147     0     0     0     0     0     -0.877      0.188     34.995     35.007      0.140
   206       211   pi+                 91   149     0     0     0     0     0     -0.698     -0.522     18.822     18.843      0.140
   207      -211   pi-                 91   149     0     0     0     0     0     -0.012      0.573      5.434      5.466      0.140
   208      3122   Lambda0             91   151     0     0     0     0     0      5.709      0.051    117.067    117.211      1.116
   209       111   (pi0)              -91   151     0   273   274     0     0      0.408     -0.066     11.850     11.858      0.135
   210     -3122   Lambdabar0          91   152     0     0     0     0     0      6.195     -0.097    165.203    165.322      1.116
   211       211   pi+                 91   152     0     0     0     0     0      2.609     -0.080     61.997     62.052      0.140
   212       211   pi+                 91   154     0     0     0     0     0      2.099      0.023     37.668     37.726      0.140
   213      -211   pi-                 91   154     0     0     0     0     0      0.701      0.174     23.265     23.277      0.140
   214      -211   pi-                 91   155     0     0     0     0     0      1.180      0.005     24.571     24.600      0.140
   215       111   (pi0)              -91   155     0   275   276     0     0      0.326     -0.456     13.036     13.049      0.135
   216       211   pi+                 91   167     0     0     0     0     0      0.514     -0.241     -0.060      0.588      0.140
   217      -211   pi-                 91   167     0     0     0     0     0     -0.196     -0.433     -0.256      0.558      0.140
   218      -211   pi-                 91   174     0     0     0     0     0     -0.226     -0.623     18.876     18.888      0.140
   219       111   (pi0)              -91   174     0   277   278     0     0      0.263     -0.481     29.720     29.725      0.135
   220      -211   pi-                 91   183     0     0     0     0     0     -0.789      0.886      0.637      1.354      0.140
   221       111   (pi0)              -91   183     0   279   280     0     0     -0.115     -0.070      0.467      0.504      0.135
   222      -211   pi-                 91   185     0     0     0     0     0      0.328      0.326     -0.533      0.719      0.140
   223       111   (pi0)              -91   185     0   281   282     0     0     -0.301      0.525     -0.582      0.850      0.135
   224      2112   n0                  91   186     0     0     0     0     0     -0.433      0.827     -1.886      2.305      0.940
   225       211   pi+                 91   186     0     0     0     0     0      0.080     -0.023     -0.106      0.194      0.140
   226      -211   pi-                 91   190     0     0     0     0     0      0.311      0.414     -4.021      4.057      0.140
   227       111   (pi0)              -91   190     0   283   284     0     0     -0.050     -0.796     -8.007      8.047      0.135
   228       211   pi+                 91   193     0     0     0     0     0      0.204     -0.303    -63.710     63.711      0.140
   229       111   (pi0)              -91   193     0   285   286     0     0     -0.381      0.153    -58.883     58.885      0.135
   230      2212   p+                  91   195     0     0     0     0     0      0.244     -0.892   -825.438    825.439      0.938
   231       211   pi+                 91   195     0     0     0     0     0      0.143     -0.059   -142.214    142.214      0.140
   232        22   gamma               91   116     0     0     0     0     0      0.523      0.174     81.116     81.118      0.000
   233        22   gamma               91   116     0     0     0     0     0      0.984      0.154    158.142    158.145      0.000
   234        22   gamma               91   122     0     0     0     0     0      0.021      0.016      0.598      0.598      0.000
   235        22   gamma               91   122     0     0     0     0     0     -0.107     -0.037     10.179     10.180      0.000
   236        22   gamma               91   123     0     0     0     0     0      0.989     -1.130     52.874     52.896      0.000
   237        22   gamma               91   123     0     0     0     0     0      0.939     -1.031     44.835     44.857      0.000
   238        22   gamma               91   125     0     0     0     0     0      0.005     -0.003      7.273      7.273      0.000
   239        22   gamma               91   125     0     0     0     0     0     -0.011     -0.061      1.524      1.525      0.000
   240       211   pi+                 91   142     0     0     0     0     0     -1.185      0.539     28.024     28.054      0.140
   241      -211   pi-                 91   142     0     0     0     0     0     -0.889      0.397     20.983     21.006      0.140
   242       221   (eta)              -91   142     0   287   289     0     0     -2.041      0.879     58.049     58.094      0.548
   243        22   gamma               91   144     0     0     0     0     0     -1.316      0.427     41.093     41.117      0.000
   244        22   gamma               91   144     0     0     0     0     0     -0.646      0.234     17.835     17.848      0.000
   245       211   pi+                 91   146     0     0     0     0     0     -2.121      0.787     62.525     62.566      0.140
   246      -211   pi-                 91   146     0     0     0     0     0     -0.233      0.126      7.450      7.456      0.140
   247       111   (pi0)              -91   146     0   290   291     0     0     -3.453      0.901     94.776     94.843      0.135
   248        22   gamma               91   153     0     0     0     0     0      0.119     -0.005      3.081      3.083      0.000
   249        22   gamma               91   153     0     0     0     0     0      0.361      0.084     16.953     16.957      0.000
   250        22   gamma               91   157     0     0     0     0     0     -0.094     -0.050      0.086      0.136      0.000
   251        22   gamma               91   157     0     0     0     0     0     -0.045      0.020      0.230      0.235      0.000
   252        22   gamma               91   163     0     0     0     0     0      0.051      0.004     -8.322      8.322      0.000
   253        22   gamma               91   163     0     0     0     0     0     -0.033     -0.063    -42.267     42.267      0.000
   254        22   gamma               91   164     0     0     0     0     0      0.054     -0.014     -0.176      0.184      0.000
   255        22   gamma               91   164     0     0     0     0     0      0.369     -0.239     -3.067      3.098      0.000
   256       211   pi+                 91   166     0     0     0     0     0      0.050     -0.137     -1.200      1.217      0.140
   257      -211   pi-                 91   166     0     0     0     0     0     -0.186     -0.038     -0.852      0.884      0.140
   258       111   (pi0)              -91   166     0   292   293     0     0      0.238     -0.019     -1.237      1.267      0.135
   259       111   (pi0)              -91   168     0   294   295     0     0      0.038      0.103      0.625      0.649      0.135
   260       111   (pi0)              -91   168     0   296   297     0     0     -0.129      0.384      1.303      1.371      0.135
   261       111   (pi0)              -91   168     0   298   299     0     0     -0.051      0.046      0.916      0.928      0.135
   262       211   pi+                 91   169     0     0     0     0     0     -0.050     -0.090      0.297      0.344      0.140
   263      -211   pi-                 91   169     0     0     0     0     0      0.049     -0.287      0.475      0.574      0.140
   264       111   (pi0)              -91   169     0   300   301     0     0      0.059      0.033      0.278      0.316      0.135
   265        22   gamma               91   180     0     0     0     0     0      0.053     -0.140      0.425      0.450      0.000
   266        22   gamma               91   180     0     0     0     0     0     -0.053     -0.014      0.167      0.176      0.000
   267        22   gamma               91   182     0     0     0     0     0      0.470     -0.104      0.265      0.550      0.000
   268        22   gamma               91   182     0     0     0     0     0      0.132      0.035      0.040      0.142      0.000
   269        22   gamma               91   189     0     0     0     0     0      0.053      0.187     -1.211      1.227      0.000
   270        22   gamma               91   189     0     0     0     0     0      0.189      0.354     -3.872      3.893      0.000
   271        22   gamma               91   201     0     0     0     0     0      0.013     -0.052      2.879      2.879      0.000
   272        22   gamma               91   201     0     0     0     0     0      0.409     -0.424     54.391     54.395      0.000
   273        22   gamma               91   209     0     0     0     0     0      0.002      0.019      0.383      0.384      0.000
   274        22   gamma               91   209     0     0     0     0     0      0.406     -0.084     11.467     11.474      0.000
   275        22   gamma               91   215     0     0     0     0     0      0.179     -0.314      9.483      9.490      0.000
   276        22   gamma               91   215     0     0     0     0     0      0.146     -0.142      3.552      3.558      0.000
   277        22   gamma               91   219     0     0     0     0     0      0.031     -0.077      7.635      7.635      0.000
   278        22   gamma               91   219     0     0     0     0     0      0.232     -0.404     22.085     22.090      0.000
   279        22   gamma               91   221     0     0     0     0     0      0.001     -0.026      0.006      0.027      0.000
   280        22   gamma               91   221     0     0     0     0     0     -0.117     -0.045      0.461      0.478      0.000
   281        22   gamma               91   223     0     0     0     0     0     -0.059      0.024     -0.066      0.092      0.000
   282        22   gamma               91   223     0     0     0     0     0     -0.242      0.501     -0.516      0.758      0.000
   283        22   gamma               91   227     0     0     0     0     0     -0.015     -0.010     -0.097      0.099      0.000
   284        22   gamma               91   227     0     0     0     0     0     -0.035     -0.786     -7.909      7.948      0.000
   285        22   gamma               91   229     0     0     0     0     0     -0.276      0.043    -39.857     39.858      0.000
   286        22   gamma               91   229     0     0     0     0     0     -0.105      0.110    -19.026     19.027      0.000
   287       111   (pi0)              -91   242     0   302   303     0     0     -0.221      0.047      6.859      6.864      0.135
   288       111   (pi0)              -91   242     0   304   305     0     0     -1.301      0.637     36.593     36.622      0.135
   289       111   (pi0)              -91   242     0   306   307     0     0     -0.520      0.195     14.597     14.608      0.135
   290        22   gamma               91   247     0     0     0     0     0     -1.275      0.399     35.075     35.100      0.000
   291        22   gamma               91   247     0     0     0     0     0     -2.178      0.502     59.702     59.744      0.000
   292        22   gamma               91   258     0     0     0     0     0      0.202      0.002     -1.176      1.193      0.000
   293        22   gamma               91   258     0     0     0     0     0      0.036     -0.021     -0.061      0.074      0.000
   294        22   gamma               91   259     0     0     0     0     0     -0.050      0.035      0.184      0.194      0.000
   295        22   gamma               91   259     0     0     0     0     0      0.088      0.068      0.441      0.455      0.000
   296        22   gamma               91   260     0     0     0     0     0     -0.026      0.229      0.867      0.897      0.000
   297        22   gamma               91   260     0     0     0     0     0     -0.103      0.156      0.435      0.474      0.000
   298        22   gamma               91   261     0     0     0     0     0     -0.029     -0.046      0.427      0.430      0.000
   299        22   gamma               91   261     0     0     0     0     0     -0.022      0.092      0.489      0.498      0.000
   300        22   gamma               91   264     0     0     0     0     0      0.003     -0.041      0.163      0.168      0.000
   301        22   gamma               91   264     0     0     0     0     0      0.056      0.075      0.114      0.148      0.000
   302        22   gamma               91   287     0     0     0     0     0     -0.216      0.051      6.847      6.851      0.000
   303        22   gamma               91   287     0     0     0     0     0     -0.005     -0.003      0.012      0.013      0.000
   304        22   gamma               91   288     0     0     0     0     0     -0.821      0.430     21.861     21.880      0.000
   305        22   gamma               91   288     0     0     0     0     0     -0.480      0.206     14.732     14.741      0.000
   306        22   gamma               91   289     0     0     0     0     0     -0.296      0.181      9.038      9.045      0.000
   307        22   gamma               91   289     0     0     0     0     0     -0.223      0.014      5.559      5.564      0.000
                                   Charge sum:  2.000           Momentum sum:      0.000      0.000      0.000   5020.000   5020.000

 --------  End PYTHIA Event Listing  -----------------------------------------------------------------------------------------------
0	0%, nTried:2, nTrial:2, sigma:0.007
#--------------------------------------------------------------------------
#                         FastJet release 3.2.1
#                 M. Cacciari, G.P. Salam and G. Soyez                  
#     A software package for jet finding and analysis at colliders      
#                           http://fastjet.fr                           
#	                                                                      
# Please cite EPJC72(2012)1896 [arXiv:1111.6097] if you use this package
# for scientific work and optionally PLB641(2006)57 [hep-ph/0512210].   
#                                                                       
# FastJet is provided without warranty under the terms of the GNU GPLv2.
# It uses T. Chan's closest pair algorithm, S. Fortune's Voronoi code,
# CGAL and 3rd party plugin jet algorithms. See COPYING file for details.
#--------------------------------------------------------------------------
 PYTHIA Warning in SpaceShower::pT2nextQCD: weight above unity  
 PYTHIA Warning in StringFragmentation::fragmentToJunction: bad convergence junction rest frame  

 Pythia::next(): 1000 events have been generated 

 Pythia::next(): 2000 events have been generated 
 PYTHIA Error in StringFragmentation::fragment: stuck in joining  
 PYTHIA Error in Pythia::next: hadronLevel failed; try again  
 PYTHIA Warning in MultipartonInteractions::pTnext: weight above unity  
 PYTHIA Error in SpaceShower::pT2nearThreshold: stuck in loop  

 Pythia::next(): 3000 events have been generated 

 Pythia::next(): 4000 events have been generated 

 Pythia::next(): 5000 events have been generated 
5000	5%, nTried:25105, nTrial:3, sigma:0.128

 Pythia::next(): 6000 events have been generated 

 Pythia::next(): 7000 events have been generated 

 Pythia::next(): 8000 events have been generated 
 PYTHIA Error in StringFragmentation::fragmentToJunction: caught in junction flavour loop  

 Pythia::next(): 9000 events have been generated 

 Pythia::next(): 10000 events have been generated 
10000	10%, nTried:50452, nTrial:5, sigma:0.128

 Pythia::next(): 11000 events have been generated 

 Pythia::next(): 12000 events have been generated 

 Pythia::next(): 13000 events have been generated 

 Pythia::next(): 14000 events have been generated 

 Pythia::next(): 15000 events have been generated 
15000	15%, nTried:76186, nTrial:4, sigma:0.128

 Pythia::next(): 16000 events have been generated 

 Pythia::next(): 17000 events have been generated 

 Pythia::next(): 18000 events have been generated 

 Pythia::next(): 19000 events have been generated 

 Pythia::next(): 20000 events have been generated 
20000	20%, nTried:101748, nTrial:3, sigma:0.128

 Pythia::next(): 21000 events have been generated 

 Pythia::next(): 22000 events have been generated 

 Pythia::next(): 23000 events have been generated 

 Pythia::next(): 24000 events have been generated 

 Pythia::next(): 25000 events have been generated 
25000	25%, nTried:127780, nTrial:2, sigma:0.128

 Pythia::next(): 26000 events have been generated 

 Pythia::next(): 27000 events have been generated 

 Pythia::next(): 28000 events have been generated 

 Pythia::next(): 29000 events have been generated 

 Pythia::next(): 30000 events have been generated 
30000	30%, nTried:153145, nTrial:1, sigma:0.128

 Pythia::next(): 31000 events have been generated 

 Pythia::next(): 32000 events have been generated 

 Pythia::next(): 33000 events have been generated 

 Pythia::next(): 34000 events have been generated 

 Pythia::next(): 35000 events have been generated 
35000	35%, nTried:178022, nTrial:1, sigma:0.128
 PYTHIA Warning in SpaceShower::pT2nextQCD: small daughter PDF  

 Pythia::next(): 36000 events have been generated 

 Pythia::next(): 37000 events have been generated 

 Pythia::next(): 38000 events have been generated 

 Pythia::next(): 39000 events have been generated 

 Pythia::next(): 40000 events have been generated 
40000	40%, nTried:203561, nTrial:2, sigma:0.128

 Pythia::next(): 41000 events have been generated 

 Pythia::next(): 42000 events have been generated 

 Pythia::next(): 43000 events have been generated 

 Pythia::next(): 44000 events have been generated 

 Pythia::next(): 45000 events have been generated 
45000	45%, nTried:229108, nTrial:2, sigma:0.128

 Pythia::next(): 46000 events have been generated 

 Pythia::next(): 47000 events have been generated 

 Pythia::next(): 48000 events have been generated 

 Pythia::next(): 49000 events have been generated 

 Pythia::next(): 50000 events have been generated 
50000	50%, nTried:254324, nTrial:3, sigma:0.128

 Pythia::next(): 51000 events have been generated 

 Pythia::next(): 52000 events have been generated 

 Pythia::next(): 53000 events have been generated 

 Pythia::next(): 54000 events have been generated 

 Pythia::next(): 55000 events have been generated 
55000	55%, nTried:279804, nTrial:4, sigma:0.128

 Pythia::next(): 56000 events have been generated 

 Pythia::next(): 57000 events have been generated 

 Pythia::next(): 58000 events have been generated 

 Pythia::next(): 59000 events have been generated 

 Pythia::next(): 60000 events have been generated 
60000	60%, nTried:305236, nTrial:1, sigma:0.128

 Pythia::next(): 61000 events have been generated 

 Pythia::next(): 62000 events have been generated 

 Pythia::next(): 63000 events have been generated 

 Pythia::next(): 64000 events have been generated 

 Pythia::next(): 65000 events have been generated 
65000	65%, nTried:331134, nTrial:1, sigma:0.128

 Pythia::next(): 66000 events have been generated 

 Pythia::next(): 67000 events have been generated 

 Pythia::next(): 68000 events have been generated 

 Pythia::next(): 69000 events have been generated 

 Pythia::next(): 70000 events have been generated 
70000	70%, nTried:356685, nTrial:1, sigma:0.128

 Pythia::next(): 71000 events have been generated 

 Pythia::next(): 72000 events have been generated 

 Pythia::next(): 73000 events have been generated 

 Pythia::next(): 74000 events have been generated 

 Pythia::next(): 75000 events have been generated 
75000	75%, nTried:382062, nTrial:6, sigma:0.128

 Pythia::next(): 76000 events have been generated 

 Pythia::next(): 77000 events have been generated 

 Pythia::next(): 78000 events have been generated 

 Pythia::next(): 79000 events have been generated 

 Pythia::next(): 80000 events have been generated 
80000	80%, nTried:407584, nTrial:6, sigma:0.128

 Pythia::next(): 81000 events have been generated 

 Pythia::next(): 82000 events have been generated 

 Pythia::next(): 83000 events have been generated 

 Pythia::next(): 84000 events have been generated 

 Pythia::next(): 85000 events have been generated 
85000	85%, nTried:434049, nTrial:7, sigma:0.128

 Pythia::next(): 86000 events have been generated 

 Pythia::next(): 87000 events have been generated 

 Pythia::next(): 88000 events have been generated 

 Pythia::next(): 89000 events have been generated 

 Pythia::next(): 90000 events have been generated 
90000	90%, nTried:459405, nTrial:4, sigma:0.128

 Pythia::next(): 91000 events have been generated 

 Pythia::next(): 92000 events have been generated 

 Pythia::next(): 93000 events have been generated 

 Pythia::next(): 94000 events have been generated 

 Pythia::next(): 95000 events have been generated 
95000	95%, nTried:485242, nTrial:5, sigma:0.128

 Pythia::next(): 96000 events have been generated 

 Pythia::next(): 97000 events have been generated 

 Pythia::next(): 98000 events have been generated 

 Pythia::next(): 99000 events have been generated 
100000	100%, nTried:510944, sigma:0.128
nTried after loop:510944
sigma after loop:0.128
100000 events are analyzed successfully.
Real time 0:26:28, CP time 1588.140
