
 *------------------------------------------------------------------------------------* 
 |                                                                                    | 
 |  *------------------------------------------------------------------------------*  | 
 |  |                                                                              |  | 
 |  |                                                                              |  | 
 |  |   PPP   Y   Y  TTTTT  H   H  III    A      Welcome to the Lund Monte Carlo!  |  | 
 |  |   P  P   Y Y     T    H   H   I    A A     This is PYTHIA version 8.226      |  | 
 |  |   PPP     Y      T    HHHHH   I   AAAAA    Last date of change: 26 Apr 2017  |  | 
 |  |   P       Y      T    H   H   I   A   A                                      |  | 
 |  |   P       Y      T    H   H  III  A   A    Now is 22 Oct 2020 at 20:30:08    |  | 
 |  |                                                                              |  | 
 |  |   Torbjorn Sjostrand;  Department of Astronomy and Theoretical Physics,      |  | 
 |  |      Lund University, Solvegatan 14A, SE-223 62 Lund, Sweden;                |  | 
 |  |      e-mail: torbjorn@thep.lu.se                                             |  | 
 |  |   Nishita Desai;  Laboratoire Charles Coulomb (L2C),                         |  | 
 |  |      CNRS-Universite de Montpellier, 34090 Montpellier, France;              |  | 
 |  |      e-mail: nishita.desai@umontpellier.fr                                   |  | 
 |  |   Nadine Fischer;  School of Physics,                                        |  | 
 |  |      Monash University, PO Box 27, 3800 Melbourne, Australia;                |  | 
 |  |      e-mail: nadine.fischer@monash.edu                                       |  | 
 |  |   Ilkka Helenius;  Institute for Theoretical Physics,                        |  | 
 |  |     Tuebingen University, Auf der Morgenstelle 14, 72076 Tuebingen, Germany; |  | 
 |  |      e-mail: ilkka.helenius@uni-tuebingen.de                                 |  | 
 |  |   Philip Ilten;  Massachusetts Institute of Technology,                      |  | 
 |  |      77 Massachusetts Ave, Cambridge, MA 02139, USA;                         |  | 
 |  |      e-mail: philten@cern.ch                                                 |  | 
 |  |   Leif Lonnblad;  Department of Astronomy and Theoretical Physics,           |  | 
 |  |      Lund University, Solvegatan 14A, SE-223 62 Lund, Sweden;                |  | 
 |  |      e-mail: leif.lonnblad@thep.lu.se                                        |  | 
 |  |   Stephen Mrenna;  Computing Division, Simulations Group,                    |  | 
 |  |      Fermi National Accelerator Laboratory, MS 234, Batavia, IL 60510, USA;  |  | 
 |  |      e-mail: mrenna@fnal.gov                                                 |  | 
 |  |   Stefan Prestel;  Theoretical Physics Department,                           |  | 
 |  |      Fermi National Accelerator Laboratory, MS 106, Batavia, IL 60510, USA;  |  | 
 |  |      e-mail: sprestel@fnal.gov                                               |  | 
 |  |   Christine O. Rasmussen;  Department of Astronomy and Theoretical Physics,  |  | 
 |  |      Lund University, Solvegatan 14A, SE-223 62 Lund, Sweden;                |  | 
 |  |      e-mail: christine.rasmussen@thep.lu.se                                  |  | 
 |  |   Peter Skands;  School of Physics,                                          |  | 
 |  |      Monash University, PO Box 27, 3800 Melbourne, Australia;                |  | 
 |  |      e-mail: peter.skands@monash.edu                                         |  | 
 |  |                                                                              |  | 
 |  |   The main program reference is 'An Introduction to PYTHIA 8.2',             |  | 
 |  |   T. Sjostrand et al, Comput. Phys. Commun. 191 (2015) 159                   |  | 
 |  |   [arXiv:1410.3012 [hep-ph]]                                                 |  | 
 |  |                                                                              |  | 
 |  |   The main physics reference is the 'PYTHIA 6.4 Physics and Manual',         |  | 
 |  |   T. Sjostrand, S. Mrenna and P. Skands, JHEP05 (2006) 026 [hep-ph/0603175]  |  | 
 |  |                                                                              |  | 
 |  |   An archive of program versions and documentation is found on the web:      |  | 
 |  |   http://www.thep.lu.se/Pythia                                               |  | 
 |  |                                                                              |  | 
 |  |   This program is released under the GNU General Public Licence version 2.   |  | 
 |  |   Please respect the MCnet Guidelines for Event Generator Authors and Users. |  | 
 |  |                                                                              |  | 
 |  |   Disclaimer: this program comes without any guarantees.                     |  | 
 |  |   Beware of errors and use common sense when interpreting results.           |  | 
 |  |                                                                              |  | 
 |  |   Copyright (C) 2017 Torbjorn Sjostrand                                      |  | 
 |  |                                                                              |  | 
 |  |                                                                              |  | 
 |  *------------------------------------------------------------------------------*  | 
 |                                                                                    | 
 *------------------------------------------------------------------------------------* 

 PYTHIA Error in Settings::flag: unknown key Main:showChangedParticleData
 PYTHIA Error in Settings::mode: unknown key Beams:eCM
Events=100000 RNDM seed 1002

 *-------  PYTHIA Process Initialization  --------------------------*
 |                                                                  |
 | We collide p+ with p+ at a CM energy of 5.020e+03 GeV            |
 |                                                                  |
 |------------------------------------------------------------------|
 |                                                    |             |
 | Subprocess                                    Code |   Estimated |
 |                                                    |    max (mb) |
 |                                                    |             |
 |------------------------------------------------------------------|
 |                                                    |             |
 | g g -> g g                                     111 |   2.717e-06 |
 | g g -> q qbar (uds)                            112 |   7.024e-08 |
 | q g -> q g                                     113 |   8.797e-06 |
 | q q(bar)' -> q q(bar)'                         114 |   2.941e-06 |
 | q qbar -> g g                                  115 |   2.861e-08 |
 | q qbar -> q' qbar' (uds)                       116 |   2.044e-08 |
 | g g -> c cbar                                  121 |   2.341e-08 |
 | q qbar -> c cbar                               122 |   6.813e-09 |
 | g g -> b bbar                                  123 |   2.339e-08 |
 | q qbar -> b bbar                               124 |   6.809e-09 |
 |                                                                  |
 *-------  End PYTHIA Process Initialization -----------------------*

 *-------  PYTHIA Multiparton Interactions Initialization  ---------* 
 |                                                                  | 
 |                   sigmaNonDiffractive =    48.03 mb              | 
 |                                                                  | 
 |    pT0 =  2.12 gives sigmaInteraction =   210.98 mb: accepted    | 
 |                                                                  | 
 *-------  End PYTHIA Multiparton Interactions Initialization  -----* 

 *-------  PYTHIA Flag + Mode + Parm + Word + FVec + MVec + PVec + WVec Settings (changes only)  ------------------* 
 |                                                                                                                 | 
 | Name                                          |                      Now |      Default         Min         Max | 
 |                                               |                          |                                      | 
 | Beams:eCM                                     |                 5020.000 |    14000.000    10.00000             | 
 | HardQCD:all                                   |                       on |          off                         | 
 | Main:numberOfEvents                           |                   100000 |         1000           0             | 
 | ParticleDecays:limitTau0                      |                       on |          off                         | 
 | PhaseSpace:mHatMin                            |                      0.0 |      4.00000         0.0             | 
 | PhaseSpace:pTHatMax                           |                300.00000 |     -1.00000                         | 
 | PhaseSpace:pTHatMin                           |                234.00000 |          0.0         0.0             | 
 | Random:seed                                   |                     1002 |           -1               900000000 | 
 | Random:setSeed                                |                       on |          off                         | 
 |                                                                                                                 | 
 *-------  End PYTHIA Flag + Mode + Parm + Word + FVec + MVec + PVec + WVec Settings  -----------------------------* 

 --------  PYTHIA Particle Data Table (changed only)  ------------------------------------------------------------------------------
 
      id   name            antiName         spn chg col      m0        mWidth      mMin       mMax       tau0    res dec ext vis wid
             no onMode   bRatio   meMode     products 

 no particle data has been changed from its default value 

 --------  End PYTHIA Particle Data Table  -----------------------------------------------------------------------------------------

============ AliJHistManager : AliJCDijetHistManagerjcdijet ===================

---- AliJBin ----
*AliJBin	CentBin	CentBin	"Cent:"	&mode=Single	0.000000 1.000000
*AliJBin	JetBin	JetBin	"Jet bin:"	&mode=Single	0.000000 1.000000 2.000000 3.000000 4.000000

---- AliJTH1 ----
*AliJTH1D	h_events	"h_events"	&Dir=default&Lazy	 CentBin
*AliJTH1D	h_eventSel	"h_eventSel"	&Lazy&Single	 1
*AliJTH1D	h_info	"h_info"	&Lazy&Single	 1
*AliJTH1D	h_centrality	"h_centrality"	&Lazy&Single	 1
*AliJTH1D	h_zvtx	"h_zvtx"	&Lazy&Single	 1
*AliJTH1D	h_nch	"h_nch"	&Dir=default&Lazy	 CentBin
*AliJTH1D	h_pt	"h_pt"	&Dir=default&Lazy	 CentBin
*AliJTH1D	h_ptPosEta	"h_ptPosEta"	&Dir=default&Lazy	 CentBin
*AliJTH1D	h_ptNegEta	"h_ptNegEta"	&Dir=default&Lazy	 CentBin
*AliJTH1D	h_eta	"h_eta"	&Dir=default&Lazy	 CentBin
*AliJTH1D	h_phi	"h_phi"	&Dir=default&Lazy	 CentBin
*AliJTH2D	h_etaPhi	"h_etaPhi"	&Dir=default&Lazy	 CentBin
*AliJTH1D	h_rho	"h_rho"	&Dir=default&Lazy	 CentBin
*AliJTH1D	h_rhoHighPt	"h_rhoHighPt"	&Dir=default&Lazy	 CentBin
*AliJTH1D	h_rhom	"h_rhom"	&Dir=default&Lazy	 CentBin
*AliJTH1D	h_rhomHighPt	"h_rhomHighPt"	&Dir=default&Lazy	 CentBin
*AliJTH1D	h_rhoLin	"h_rhoLin"	&Dir=default&Lazy	 CentBin
*AliJTH1D	h_rhoLinHighPt	"h_rhoLinHighPt"	&Dir=default&Lazy	 CentBin
*AliJTH1D	h_rhomLin	"h_rhomLin"	&Dir=default&Lazy	 CentBin
*AliJTH1D	h_rhomLinHighPt	"h_rhomLinHighPt"	&Dir=default&Lazy	 CentBin
*AliJTH1D	h_jetPt	"h_jetPt"	&Dir=default&Lazy	 CentBin JetBin
*AliJTH1D	h_jetPt_ALICE	"h_jetPt_ALICE"	&Dir=default&Lazy	 CentBin JetBin
*AliJTH1D	h_jetPtTransBGSub	"h_jetPtTransBGSub"	&Dir=default&Lazy	 CentBin JetBin
*AliJTH1D	h_jetN	"h_jetN"	&Dir=default&Lazy	 CentBin
*AliJTH1D	h_jetEta	"h_jetEta"	&Dir=default&Lazy	 CentBin JetBin
*AliJTH1D	h_jetPhi	"h_jetPhi"	&Dir=default&Lazy	 CentBin JetBin
*AliJTH2D	h_jetEtaPhi	"h_jetEtaPhi"	&Dir=default&Lazy	 CentBin JetBin
*AliJTH2D	h_randConeEtaPhi	"h_randConeEtaPhi"	&Dir=default&Lazy	 CentBin
*AliJTH1D	h_jetArea	"h_jetArea"	&Dir=default&Lazy	 CentBin JetBin
*AliJTH1D	h_jetAreaRho	"h_jetAreaRho"	&Dir=default&Lazy	 CentBin JetBin
*AliJTH1D	h_deltaPt	"h_deltaPt"	&Dir=default&Lazy	 CentBin
*AliJTH1D	h_maxJetptOverPtHard	"h_maxJetptOverPtHard"	&Dir=default&Lazy	 CentBin
*AliJTH1D	h_ptHard	"h_ptHard"	&Dir=default&Lazy	 CentBin
*AliJTH1D	h_dijetInvM	"h_dijetInvM"	&Dir=default&Lazy	 CentBin JetBin
*AliJTH1D	h_dijetPtPair	"h_dijetPtPair"	&Dir=default&Lazy	 CentBin JetBin
*AliJTH1D	h_dijetDeltaPhi	"h_dijetDeltaPhi"	&Dir=default&Lazy	 CentBin JetBin
*AliJTH1D	h_dijetPtPairDeltaPhiCut	"h_dijetPtPairDeltaPhiCut"	&Dir=default&Lazy	 CentBin JetBin
*AliJTH1D	h_dijetInvMDeltaPhiCut	"h_dijetInvMDeltaPhiCut"	&Dir=default&Lazy	 CentBin JetBin
*AliJTH1D	h_dijetDeltaPhiWithCut	"h_dijetDeltaPhiWithCut"	&Dir=default&Lazy	 CentBin JetBin
*AliJTH1D	h_responseInfo	"h_responseInfo"	&Lazy&Single	 1
*AliJTH1D	h_jetResponseDeltaR	"h_jetResponseDeltaR"	&Lazy&Single	 1
*AliJTH1D	h_jetResponseDeltaRClosest	"h_jetResponseDeltaRClosest"	&Lazy&Single	 1
*AliJTH1D	h_jetResponseDeltaPt	"h_jetResponseDeltaPt"	&Lazy&Single	 1
*AliJTH1D	h_jetDeltaRMin	"h_jetDeltaRMin"	&Dir=default&Lazy	 CentBin JetBin
*AliJTH1D	h_jetBGSubtrDeltaR	"h_jetBGSubtrDeltaR"	&Dir=default&Lazy	 CentBin
*AliJTH2D	h_jetResponse	"h_jetResponse"	&Lazy&Single	 1
*AliJTH2D	h_jetResponse_ALICE	"h_jetResponse_ALICE"	&Lazy&Single	 1
*AliJTH2D	h_deltaPtResponse	"h_deltaPtResponse"	&Lazy&Single	 1
*AliJTH2D	h_deltaPtResponse_ALICE	"h_deltaPtResponse_ALICE"	&Lazy&Single	 1
*AliJTH2D	h_deltaPtResponseEvery	"h_deltaPtResponseEvery"	&Lazy&Single	 1
*AliJTH2D	h_deltaPtResponseEvery_ALICE	"h_deltaPtResponseEvery_ALICE"	&Lazy&Single	 1
*AliJTH2D	h_dijetResponse	"h_dijetResponse"	&Lazy&Single	 1
*AliJTH2D	h_dijetResponseDeltaPhiCut	"h_dijetResponseDeltaPhiCut"	&Lazy&Single	 1
============ AliJHistManager : AliJCDijetHistManagerjcdijetDetMC ===================

---- AliJBin ----
*AliJBin	CentBin	CentBin	"Cent:"	&mode=Single	0.000000 1.000000
*AliJBin	JetBin	JetBin	"Jet bin:"	&mode=Single	0.000000 1.000000 2.000000 3.000000 4.000000

---- AliJTH1 ----
*AliJTH1D	h_events	"h_events"	&Dir=default&Lazy	 CentBin
*AliJTH1D	h_eventSel	"h_eventSel"	&Lazy&Single	 1
*AliJTH1D	h_info	"h_info"	&Lazy&Single	 1
*AliJTH1D	h_centrality	"h_centrality"	&Lazy&Single	 1
*AliJTH1D	h_zvtx	"h_zvtx"	&Lazy&Single	 1
*AliJTH1D	h_nch	"h_nch"	&Dir=default&Lazy	 CentBin
*AliJTH1D	h_pt	"h_pt"	&Dir=default&Lazy	 CentBin
*AliJTH1D	h_ptPosEta	"h_ptPosEta"	&Dir=default&Lazy	 CentBin
*AliJTH1D	h_ptNegEta	"h_ptNegEta"	&Dir=default&Lazy	 CentBin
*AliJTH1D	h_eta	"h_eta"	&Dir=default&Lazy	 CentBin
*AliJTH1D	h_phi	"h_phi"	&Dir=default&Lazy	 CentBin
*AliJTH2D	h_etaPhi	"h_etaPhi"	&Dir=default&Lazy	 CentBin
*AliJTH1D	h_rho	"h_rho"	&Dir=default&Lazy	 CentBin
*AliJTH1D	h_rhoHighPt	"h_rhoHighPt"	&Dir=default&Lazy	 CentBin
*AliJTH1D	h_rhom	"h_rhom"	&Dir=default&Lazy	 CentBin
*AliJTH1D	h_rhomHighPt	"h_rhomHighPt"	&Dir=default&Lazy	 CentBin
*AliJTH1D	h_rhoLin	"h_rhoLin"	&Dir=default&Lazy	 CentBin
*AliJTH1D	h_rhoLinHighPt	"h_rhoLinHighPt"	&Dir=default&Lazy	 CentBin
*AliJTH1D	h_rhomLin	"h_rhomLin"	&Dir=default&Lazy	 CentBin
*AliJTH1D	h_rhomLinHighPt	"h_rhomLinHighPt"	&Dir=default&Lazy	 CentBin
*AliJTH1D	h_jetPt	"h_jetPt"	&Dir=default&Lazy	 CentBin JetBin
*AliJTH1D	h_jetPt_ALICE	"h_jetPt_ALICE"	&Dir=default&Lazy	 CentBin JetBin
*AliJTH1D	h_jetPtTransBGSub	"h_jetPtTransBGSub"	&Dir=default&Lazy	 CentBin JetBin
*AliJTH1D	h_jetN	"h_jetN"	&Dir=default&Lazy	 CentBin
*AliJTH1D	h_jetEta	"h_jetEta"	&Dir=default&Lazy	 CentBin JetBin
*AliJTH1D	h_jetPhi	"h_jetPhi"	&Dir=default&Lazy	 CentBin JetBin
*AliJTH2D	h_jetEtaPhi	"h_jetEtaPhi"	&Dir=default&Lazy	 CentBin JetBin
*AliJTH2D	h_randConeEtaPhi	"h_randConeEtaPhi"	&Dir=default&Lazy	 CentBin
*AliJTH1D	h_jetArea	"h_jetArea"	&Dir=default&Lazy	 CentBin JetBin
*AliJTH1D	h_jetAreaRho	"h_jetAreaRho"	&Dir=default&Lazy	 CentBin JetBin
*AliJTH1D	h_deltaPt	"h_deltaPt"	&Dir=default&Lazy	 CentBin
*AliJTH1D	h_maxJetptOverPtHard	"h_maxJetptOverPtHard"	&Dir=default&Lazy	 CentBin
*AliJTH1D	h_ptHard	"h_ptHard"	&Dir=default&Lazy	 CentBin
*AliJTH1D	h_dijetInvM	"h_dijetInvM"	&Dir=default&Lazy	 CentBin JetBin
*AliJTH1D	h_dijetPtPair	"h_dijetPtPair"	&Dir=default&Lazy	 CentBin JetBin
*AliJTH1D	h_dijetDeltaPhi	"h_dijetDeltaPhi"	&Dir=default&Lazy	 CentBin JetBin
*AliJTH1D	h_dijetPtPairDeltaPhiCut	"h_dijetPtPairDeltaPhiCut"	&Dir=default&Lazy	 CentBin JetBin
*AliJTH1D	h_dijetInvMDeltaPhiCut	"h_dijetInvMDeltaPhiCut"	&Dir=default&Lazy	 CentBin JetBin
*AliJTH1D	h_dijetDeltaPhiWithCut	"h_dijetDeltaPhiWithCut"	&Dir=default&Lazy	 CentBin JetBin
*AliJTH1D	h_responseInfo	"h_responseInfo"	&Lazy&Single	 1
*AliJTH1D	h_jetResponseDeltaR	"h_jetResponseDeltaR"	&Lazy&Single	 1
*AliJTH1D	h_jetResponseDeltaRClosest	"h_jetResponseDeltaRClosest"	&Lazy&Single	 1
*AliJTH1D	h_jetResponseDeltaPt	"h_jetResponseDeltaPt"	&Lazy&Single	 1
*AliJTH1D	h_jetDeltaRMin	"h_jetDeltaRMin"	&Dir=default&Lazy	 CentBin JetBin
*AliJTH1D	h_jetBGSubtrDeltaR	"h_jetBGSubtrDeltaR"	&Dir=default&Lazy	 CentBin
*AliJTH2D	h_jetResponse	"h_jetResponse"	&Lazy&Single	 1
*AliJTH2D	h_jetResponse_ALICE	"h_jetResponse_ALICE"	&Lazy&Single	 1
*AliJTH2D	h_deltaPtResponse	"h_deltaPtResponse"	&Lazy&Single	 1
*AliJTH2D	h_deltaPtResponse_ALICE	"h_deltaPtResponse_ALICE"	&Lazy&Single	 1
*AliJTH2D	h_deltaPtResponseEvery	"h_deltaPtResponseEvery"	&Lazy&Single	 1
*AliJTH2D	h_deltaPtResponseEvery_ALICE	"h_deltaPtResponseEvery_ALICE"	&Lazy&Single	 1
*AliJTH2D	h_dijetResponse	"h_dijetResponse"	&Lazy&Single	 1
*AliJTH2D	h_dijetResponseDeltaPhiCut	"h_dijetResponseDeltaPhiCut"	&Lazy&Single	 1

============= Settings =============
cent bin:                   0
particle eta cut:           0.9
particle pt cut:            0.15
jet cone size:              0.4
kt-jet cone size:           0.4
Using pion mass in kt-jets: 0.0
Using DeltaPhi in BG subtr: 1.0
Using kt-jet scheme:        pt_scheme
jet costituent cut:         5.0
dijet leading pt cut:       20.0
dijet subleading pt cut:    20.0
dijet DeltaPhi cut:         pi/2.0
tracking inefficiency:      0.0

Let's start

 --------  PYTHIA Info Listing  ---------------------------------------- 
 
 Beam A: id =   2212, pz =  2.510e+03, e =  2.510e+03, m =  9.383e-01.
 Beam B: id =   2212, pz = -2.510e+03, e =  2.510e+03, m =  9.383e-01.

 In 1: id =    3, x =  5.455e-01, pdf =  7.024e-04 at Q2 =  6.452e+04.
 In 2: id =   21, x =  2.636e-02, pdf =  3.575e+00 at same Q2.

 Subprocess q g -> q g with code 113 is 2 -> 2.
 It has sHat =  3.624e+05,    tHat = -8.398e+04,    uHat = -2.784e+05,
       pTHat =  2.540e+02,   m3Hat =  5.000e-01,   m4Hat =  0.000e+00,
    thetaHat =  1.005e+00,  phiHat =  2.989e+00.
     alphaEM =  7.909e-03,  alphaS =  1.124e-01    at Q2 =  6.452e+04.

 Impact parameter b =  1.175e+00 gives enhancement factor =  3.547e-01.
 Max pT scale for MPI =  2.540e+02, ISR =  2.540e+02, FSR =  2.540e+02.
 Number of MPI =     1, ISR =     2, FSRproc =    18, FSRreson =     0.

 --------  End PYTHIA Info Listing  ------------------------------------

 --------  PYTHIA Event Listing  (hard process)  -----------------------------------------------------------------------------------
 
    no        id   name            status     mothers   daughters     colours      p_x        p_y        p_z         e          m 
     0        90   (system)           -11     0     0     0     0     0     0      0.000      0.000      0.000   5020.000   5020.000
     1      2212   (p+)               -12     0     0     3     0     0     0      0.000      0.000   2510.000   2510.000      0.938
     2      2212   (p+)               -12     0     0     4     0     0     0      0.000      0.000  -2510.000   2510.000      0.938
     3         3   (s)                -21     1     0     5     6   101     0      0.000      0.000   1369.176   1369.176      0.000
     4        21   (g)                -21     2     0     5     6   102   101      0.000      0.000    -66.165     66.165      0.000
     5         3   s                   23     3     4     0     0   103     0   -251.045     38.638   1036.533   1067.201      0.500
     6        21   g                   23     3     4     0     0   102   103    251.045    -38.638    266.478    368.140      0.000
                                   Charge sum: -0.333           Momentum sum:      0.000      0.000   1303.011   1435.341    601.968

 --------  End PYTHIA Event Listing  -----------------------------------------------------------------------------------------------

 --------  PYTHIA Event Listing  (complete event)  ---------------------------------------------------------------------------------
 
    no        id   name            status     mothers   daughters     colours      p_x        p_y        p_z         e          m 
     0        90   (system)           -11     0     0     0     0     0     0      0.000      0.000      0.000   5020.000   5020.000
     1      2212   (p+)               -12     0     0    76     0     0     0      0.000      0.000   2510.000   2510.000      0.938
     2      2212   (p+)               -12     0     0    77     0     0     0      0.000      0.000  -2510.000   2510.000      0.938
     3         3   (s)                -21    10    10     5     6   101     0      0.000      0.000   1369.176   1369.176      0.000
     4        21   (g)                -21    11     0     5     6   102   101      0.000      0.000    -66.165     66.165      0.000
     5         3   (s)                -23     3     4     9     9   103     0   -251.045     38.638   1036.533   1067.201      0.500
     6        21   (g)                -23     3     4     7     8   102   103    251.045    -38.638    266.478    368.140      0.000
     7         5   (b)                -51     6     0    13    13   102     0    161.112    -94.731    224.841    292.416      4.800
     8        -5   (bbar)             -51     6     0    14    14     0   103     74.245     58.507    106.411    142.414      4.800
     9         3   (s)                -52     5     5    12    12   103     0   -235.357     36.224    971.759   1000.511      0.500
    10         3   (s)                -42    22    22     3     3   101     0      0.000     -0.000   1369.176   1369.176      0.000
    11        21   (g)                -41    23     0    15     4   106   101     -0.000      0.000   -104.771    104.771      0.000
    12         3   (s)                -44     9     9    18    18   103     0   -237.517     40.702    991.487   1020.352      0.500
    13         5   (b)                -44     7     7    19    20   102     0    156.034    -84.204    197.940    265.782      4.800
    14        -5   (bbar)             -44     8     8    16    17     0   103     71.540     64.115    109.907    146.053      4.800
    15        21   (g)                -43    11     0    21    21   106   102      9.943    -20.613    -34.930     41.760      0.000
    16        -5   (bbar)             -51    14     0    26    26     0   108     63.619     51.963     94.995    125.676      4.800
    17        21   (g)                -51    14     0    28    28   108   103      7.639     12.200     16.093     21.592      0.000
    18         3   (s)                -52    12    12    24    24   103     0   -237.234     40.654    990.307   1019.137      0.500
    19         5   (b)                -51    13     0    25    25   110     0    146.789    -80.594    188.868    252.461      4.800
    20        21   (g)                -51    13     0    29    29   102   110      9.268     -3.659      8.989     13.420      0.000
    21        21   (g)                -52    15    15    27    27   106   102      9.920    -20.564    -34.847     41.661      0.000
    22         3   (s)                -42    51    51    10    10   101     0      0.000      0.000   1369.176   1369.176      0.000
    23         1   (d)                -41    72    72    30    11   106     0     -0.000     -0.000   -417.635    417.635      0.000
    24         3   (s)                -44    18    18    33    33   103     0   -237.264     40.411    990.197   1019.028      0.500
    25         5   (b)                -44    19    19    57    57   110     0    146.725    -81.130    189.400    252.993      4.800
    26        -5   (bbar)             -44    16    16    60    60     0   108     63.588     51.704     94.493    125.174      4.800
    27        21   (g)                -44    21    21    34    35   106   102      9.842    -21.209    -34.682     41.827      0.000
    28        21   (g)                -44    17    17    31    32   108   103      7.633     12.154     15.983     21.481      0.000
    29        21   (g)                -44    20    20    36    36   102   110      9.264     -3.697      9.011     13.441      0.000
    30         1   (d)                -43    23     0    49    50   101     0      0.212      1.766   -312.861    312.866      0.330
    31        21   (g)                -51    28     0    58    59   108   112      3.087      6.821      6.512      9.923      0.000
    32        21   (g)                -51    28     0    39    39   112   103      4.357      5.365     10.262     12.372      0.000
    33         3   (s)                -52    24    24    37    38   103     0   -237.074     40.379    989.407   1018.214      0.500
    34        21   (g)                -51    27     0    52    53   106   113      3.994     -6.674     -8.684     11.658      0.000
    35        21   (g)                -51    27     0    45    45   113   102      5.945    -14.573    -25.903     30.310      0.000
    36        21   (g)                -52    29    29    43    44   102   110      9.167     -3.658      8.916     13.300      0.000
    37         3   (s)                -51    33     0    42    42   114     0   -206.160     36.167    866.527    891.448      0.500
    38        21   (g)                -51    33     0    40    41   103   114    -30.898      4.232    122.918    126.812      0.000
    39        21   (g)                -52    32    32    48    48   112   103      4.341      5.345     10.224     12.326      0.000
    40        21   (g)                -51    38     0    46    47   103   116    -26.612      3.259    106.744    110.059      0.000
    41        21   (g)                -51    38     0    88    88   116   114    -66.616     11.917    278.215    286.327      0.000
    42         3   (s)                -52    37    37    78    78   114     0   -143.830     25.223    604.486    621.874      0.500
    43        -2   (ubar)             -51    36     0    55    56     0   110      8.601     -2.656      8.591     12.448      0.330
    44         2   (u)                -51    36     0    64    65   102     0      0.713     -1.364     -0.319      1.607      0.330
    45        21   (g)                -52    35    35    54    54   113   102      5.797    -14.211    -25.258     29.556      0.000
    46        21   (g)                -51    40     0    87    87   117   116    -22.758      2.678     94.785     97.515      0.000
    47        21   (g)                -51    40     0    63    63   103   117     -3.814      0.630     12.055     12.659      0.000
    48        21   (g)                -52    39    39    61    62   112   103      4.300      5.296     10.128     12.211      0.000
    49         1   (d)                -51    30     0    84    84   119     0     -0.363      1.957   -237.326    237.335      0.330
    50        21   (g)                -51    30     0    91    91   101   119      0.575     -0.191    -75.532     75.534      0.000
    51         3   (s)                -53    76    76    22    22   101     0      0.000      0.000   1369.179   1369.179      0.000
    52        21   (g)                -51    34     0    70    71   106   120      4.088     -6.423     -8.659     11.530      0.000
    53        21   (g)                -51    34     0    92    92   120   113      1.221     -3.475     -5.754      6.832      0.000
    54        21   (g)                -52    45    45    66    66   113   102      4.482    -10.987    -19.529     22.852      0.000
    55        -2   (ubar)             -51    43     0    83    83     0   121     11.747     -4.448     11.998     17.373      0.330
    56        21   (g)                -51    43     0    93    93   121   110      2.473     -1.358      3.898      4.812      0.000
    57         5   (b)                -52    25    25    79    79   110     0    141.106    -77.980    182.095    243.256      4.800
    58        21   (g)                -51    31     0    82    82   122   112      1.394      3.988      4.374      6.081      0.000
    59        21   (g)                -51    31     0    73    74   108   122      2.585      3.540      3.457      5.583      0.000
    60        -5   (bbar)             -52    26    26    75    75     0   108     62.695     50.997     93.174    123.433      4.800
    61        21   (g)                -51    48     0    85    85   112   123      2.554      3.847      5.998      7.570      0.000
    62        21   (g)                -51    48     0    69    69   123   103      1.661      1.462      4.401      4.926      0.000
    63        21   (g)                -52    47    47    67    68   103   117     -3.728      0.616     11.784     12.375      0.000
    64         2   (u)                -51    44     0    89    89   125     0      0.630     -0.427     -0.080      0.833      0.330
    65        21   (g)                -51    44     0    96    96   102   125      0.416     -1.752     -1.687      2.468      0.000
    66        21   (g)                -52    54    54    86    86   113   102      4.150    -10.173    -18.081     21.157      0.000
    67        21   (g)                -51    63     0    90    90   126   117     -2.489     -0.117      7.502      7.905      0.000
    68        21   (g)                -51    63     0    97    97   103   126     -1.154      0.808      4.507      4.722      0.000
    69        21   (g)                -52    62    62    95    95   123   103      1.576      1.387      4.175      4.673      0.000
    70        21   (g)                -51    52     0    81    81   127   120      3.479     -5.085     -7.837      9.969      0.000
    71        21   (g)                -51    52     0    98    98   106   127      0.609     -1.338     -1.092      1.831      0.000
    72         1   (d)                -53    77    77    23    23   106     0      0.000     -0.000   -417.905    417.905      0.000
    73        21   (g)                -51    59     0    94    94   128   122      1.900      2.210      1.881      3.468      0.000
    74        21   (g)                -51    59     0    99    99   108   128      3.308      3.402      5.488      7.255      0.000
    75        -5   (bbar)             -52    60    60    80    80     0   108     60.073     48.925     89.261    118.292      4.800
    76         3   (s)                -61     1     0    51    51   101     0     -1.235      0.776   1369.179   1369.180      0.000
    77         1   (d)                -61     2     0    72    72   106     0     -0.281      0.561   -417.905    417.906      0.000
    78         3   (s)                -62    42    42   105     0   114     0   -144.389     25.582    604.480    622.012      0.500
    79         5   (b)                -62    57    57   106   106   110     0    140.894    -77.818    182.081    243.071      4.800
    80        -5   (bbar)             -62    75    75   157   157     0   108     59.970     49.003     89.287    118.292      4.800
    81        21   (g)                -62    70    70   124   124   127   120      3.472     -5.072     -7.838      9.961      0.000
    82        21   (g)                -62    58    58   154   154   122   112      1.389      3.993      4.375      6.084      0.000
    83        -2   (ubar)             -62    55    55   108   108     0   121     11.732     -4.436     11.997     17.360      0.330
    84         1   (d)                -62    49    49   178   178   119     0     -0.523      2.276   -237.326    237.337      0.330
    85        21   (g)                -62    61    61   153   153   112   123      2.547      3.852      6.000      7.572      0.000
    86        21   (g)                -62    66    66   104     0   113   102      4.136    -10.145    -18.084     21.144      0.000
    87        21   (g)                -62    46    46   149   149   117   116    -22.846      2.735     94.783     97.536      0.000
    88        21   (g)                -62    41    41   105     0   116   114    -66.874     12.082    278.212    286.391      0.000
    89         2   (u)                -62    64    64   121   121   125     0      0.629     -0.426     -0.080      0.832      0.330
    90        21   (g)                -62    67    67   150   150   126   117     -2.496     -0.112      7.502      7.907      0.000
    91        21   (g)                -62    50    50   179   179   101   119      0.524     -0.089    -75.532     75.534      0.000
    92        21   (g)                -62    53    53   104     0   120   113      1.217     -3.466     -5.755      6.828      0.000
    93        21   (g)                -62    56    56   107   107   121   110      2.468     -1.355      3.898      4.809      0.000
    94        21   (g)                -62    73    73   155   155   128   122      1.897      2.212      1.882      3.469      0.000
    95        21   (g)                -62    69    69   152   152   123   103      1.572      1.390      4.176      4.674      0.000
    96        21   (g)                -62    65    65   122   122   102   125      0.414     -1.749     -1.688      2.466      0.000
    97        21   (g)                -62    68    68   151   151   103   126     -1.159      0.810      4.507      4.724      0.000
    98        21   (g)                -62    71    71   125   125   106   127      0.607     -1.336     -1.093      1.830      0.000
    99        21   (g)                -62    74    74   156   156   108   128      3.301      3.407      5.490      7.256      0.000
   100         2   (u)                -63     1     0   113   113   129     0      0.729     -0.529      0.636      1.151      0.330
   101      2103   (ud_1)             -63     1     0   180   180     0   101      0.437     -0.359   1103.644   1103.645      0.771
   102        -3   (sbar)             -63     1     0   114   114     0   129      0.070      0.112     36.280     36.284      0.500
   103      2203   (uu_1)             -63     2     0   126   126     0   106      0.281     -0.561  -2091.835   2091.835      0.771
   104        21   (g)                -73    86    92   123   123   120   102      5.352    -13.612    -23.840     27.972      0.421
   105         3   (s)                -73    78    88   148   148   116     0   -211.263     37.665    882.692    908.403      0.962
   106         5   (b)                -71    79    79   109   112   110     0    140.894    -77.818    182.081    243.071      4.800
   107        21   (g)                -71    93    93   109   112   121   110      2.468     -1.355      3.898      4.809      0.000
   108        -2   (ubar)             -71    83    83   109   112     0   121     11.732     -4.436     11.997     17.360      0.330
   109      -533   (B*_sbar0)         -83   106   108   242   243     0     0    127.940    -70.305    166.318    221.365      5.415
   110      -321   K-                  83   106   108     0     0     0     0     14.240     -7.863     17.509     23.904      0.494
   111       111   (pi0)              -84   106   108   244   245     0     0      6.392     -3.101      7.861     10.597      0.135
   112       221   (eta)              -84   106   108   246   248     0     0      6.521     -2.341      6.289      9.373      0.548
   113         2   (u)                -71   100   100   115   120   129     0      0.729     -0.529      0.636      1.151      0.330
   114        -3   (sbar)             -71   102   102   115   120     0   129      0.070      0.112     36.280     36.284      0.500
   115       111   (pi0)              -83   113   114   249   250     0     0      0.010     -0.047      0.172      0.223      0.135
   116       113   (rho0)             -83   113   114   200   201     0     0     -0.136     -0.695      3.928      4.058      0.733
   117       111   (pi0)              -83   113   114   251   252     0     0      0.593      0.127      1.171      1.326      0.135
   118       211   pi+                 84   113   114     0     0     0     0      0.046      0.315     12.997     13.001      0.140
   119      3212   (Sigma0)           -84   113   114   253   254     0     0      0.115     -0.039     10.709     10.776      1.193
   120     -3322   Xibar0              84   113   114     0     0     0     0      0.171     -0.079      7.939      8.050      1.315
   121         2   (u)                -71    89    89   127   147   125     0      0.629     -0.426     -0.080      0.832      0.330
   122        21   (g)                -71    96    96   127   147   102   125      0.414     -1.749     -1.688      2.466      0.000
   123        21   (g)                -71   104   104   127   147   120   102      5.352    -13.612    -23.840     27.972      0.421
   124        21   (g)                -71    81    81   127   147   127   120      3.472     -5.072     -7.838      9.961      0.000
   125        21   (g)                -71    98    98   127   147   106   127      0.607     -1.336     -1.093      1.830      0.000
   126      2203   (uu_1)             -71   103   103   127   147     0   106      0.281     -0.561  -2091.835   2091.835      0.771
   127       213   (rho+)             -83   121   126   202   203     0     0      0.268     -1.138     -0.897      1.689      0.826
   128      2114   (Delta0)           -83   121   126   204   205     0     0      2.835     -6.875    -10.822     13.196      1.316
   129       111   (pi0)              -83   121   126   255   256     0     0      0.551     -0.479     -1.444      1.624      0.135
   130     -2114   (Deltabar0)        -83   121   126   206   207     0     0      2.690     -4.535     -6.460      8.419      1.167
   131       311   (K0)               -83   121   126   208   208     0     0      0.788     -3.270     -5.150      6.171      0.498
   132      -313   (K*bar0)           -83   121   126   209   210     0     0      1.773     -2.620     -5.215      6.157      0.840
   133      -211   pi-                 83   121   126     0     0     0     0      0.030     -0.715     -2.047      2.173      0.140
   134       321   K+                  83   121   126     0     0     0     0      0.903     -0.960     -2.140      2.561      0.494
   135      -321   K-                  83   121   126     0     0     0     0      0.517     -1.088     -2.290      2.634      0.494
   136       211   pi+                 84   121   126     0     0     0     0      0.702     -0.409     -5.486      5.548      0.140
   137      -211   pi-                 84   121   126     0     0     0     0     -0.643     -0.187     -2.002      2.115      0.140
   138       213   (rho+)             -84   121   126   211   212     0     0      0.541     -0.530     -4.869      4.979      0.713
   139       111   (pi0)              -84   121   126   257   258     0     0     -0.309      0.629     -9.580      9.606      0.135
   140       221   (eta)              -84   121   126   259   260     0     0     -0.160      0.030     -9.141      9.158      0.548
   141      -211   pi-                 84   121   126     0     0     0     0      0.095     -0.016     -5.086      5.089      0.140
   142       213   (rho+)             -84   121   126   213   214     0     0     -0.352     -0.070    -62.714     62.730      1.381
   143      -211   pi-                 84   121   126     0     0     0     0      0.462     -0.120    -47.800     47.803      0.140
   144      2214   (Delta+)           -84   121   126   215   216     0     0     -0.185     -0.213   -209.605    209.609      1.223
   145     -2114   (Deltabar0)        -84   121   126   217   218     0     0     -0.072     -0.301   -336.190    336.192      1.216
   146      2114   (Delta0)           -84   121   126   219   220     0     0      0.573      0.667   -563.356    563.359      1.385
   147       211   pi+                 84   121   126     0     0     0     0     -0.249     -0.554   -834.083    834.083      0.140
   148         3   (s)                -71   105   105   158   177   116     0   -211.263     37.665    882.692    908.403      0.962
   149        21   (g)                -71    87    87   158   177   117   116    -22.846      2.735     94.783     97.536      0.000
   150        21   (g)                -71    90    90   158   177   126   117     -2.496     -0.112      7.502      7.907      0.000
   151        21   (g)                -71    97    97   158   177   103   126     -1.159      0.810      4.507      4.724      0.000
   152        21   (g)                -71    95    95   158   177   123   103      1.572      1.390      4.176      4.674      0.000
   153        21   (g)                -71    85    85   158   177   112   123      2.547      3.852      6.000      7.572      0.000
   154        21   (g)                -71    82    82   158   177   122   112      1.389      3.993      4.375      6.084      0.000
   155        21   (g)                -71    94    94   158   177   128   122      1.897      2.212      1.882      3.469      0.000
   156        21   (g)                -71    99    99   158   177   108   128      3.301      3.407      5.490      7.256      0.000
   157        -5   (bbar)             -71    80    80   158   177     0   108     59.970     49.003     89.287    118.292      4.800
   158      -313   (K*bar0)           -83   148   157   221   222     0     0   -108.644     19.485    453.253    466.500      0.833
   159       311   (K0)               -83   148   157   223   223     0     0    -20.736      3.220     86.181     88.700      0.498
   160      -321   K-                  83   148   157     0     0     0     0    -35.305      5.711    146.811    151.105      0.494
   161       323   (K*+)              -83   148   157   224   225     0     0    -33.066      6.019    139.012    143.020      0.884
   162      -321   K-                  83   148   157     0     0     0     0    -14.055      2.134     57.880     59.603      0.494
   163       213   (rho+)             -83   148   157   226   227     0     0     -7.195      1.806     31.083     31.965      0.729
   164       311   (K0)               -83   148   157   228   228     0     0    -12.908      2.064     54.218     55.774      0.498
   165      -311   (Kbar0)            -83   148   157   229   229     0     0     -2.570      0.106      8.843      9.223      0.498
   166       111   (pi0)              -83   148   157   261   262     0     0     -1.543      0.664      5.615      5.862      0.135
   167       111   (pi0)              -83   148   157   263   264     0     0     -0.741     -0.621      3.918      4.038      0.135
   168      -211   pi-                 83   148   157     0     0     0     0     -0.014      0.506      1.244      1.351      0.140
   169       211   pi+                 83   148   157     0     0     0     0     -0.518      0.563      2.374      2.498      0.140
   170       113   (rho0)             -84   148   157   230   231     0     0      1.722      2.198      3.761      4.794      1.021
   171      -211   pi-                 84   148   157     0     0     0     0      0.348      0.447      0.637      0.864      0.140
   172       211   pi+                 84   148   157     0     0     0     0      0.273      0.624      1.267      1.445      0.140
   173      -213   (rho-)             -84   148   157   232   233     0     0      0.464      0.802      1.371      1.825      0.770
   174       211   pi+                 84   148   157     0     0     0     0     -0.004      0.165      0.122      0.248      0.140
   175       111   (pi0)              -84   148   157   265   266     0     0      5.849      7.113     10.661     14.088      0.135
   176      -213   (rho-)             -84   148   157   234   235     0     0      1.269      2.686      2.809      4.167      0.803
   177       523   (B*+)              -84   148   157   267   268     0     0     60.288     49.263     89.634    118.845      5.325
   178         1   (d)                -71    84    84   181   199   119     0     -0.523      2.276   -237.326    237.337      0.330
   179        21   (g)                -71    91    91   181   199   101   119      0.524     -0.089    -75.532     75.534      0.000
   180      2103   (ud_1)             -71   101   101   181   199     0   101      0.437     -0.359   1103.644   1103.645      0.771
   181       111   (pi0)              -83   178   180   269   270     0     0     -0.597      0.774    -92.421     92.426      0.135
   182       311   (K0)               -83   178   180   236   236     0     0      0.518      0.020    -82.420     82.423      0.498
   183      -321   K-                  83   178   180     0     0     0     0     -0.167      1.282    -47.420     47.440      0.494
   184       211   pi+                 83   178   180     0     0     0     0      0.341     -0.094    -16.827     16.832      0.140
   185      -211   pi-                 83   178   180     0     0     0     0      0.507      0.243    -15.297     15.308      0.140
   186       211   pi+                 83   178   180     0     0     0     0     -0.907     -0.337    -39.973     39.985      0.140
   187       111   (pi0)              -83   178   180   271   272     0     0      0.037      0.366    -12.904     12.910      0.135
   188       221   (eta)              -83   178   180   273   275     0     0      0.271      0.007     -2.786      2.852      0.548
   189      -211   pi-                 83   178   180     0     0     0     0     -0.271     -0.081     -1.062      1.108      0.140
   190       221   (eta)              -83   178   180   276   278     0     0     -0.160      0.212      0.105      0.618      0.548
   191       221   (eta)              -83   178   180   279   280     0     0      0.364     -0.338     -0.800      1.089      0.548
   192       211   pi+                 84   178   180     0     0     0     0      0.013      0.672      0.967      1.186      0.140
   193      3112   Sigma-              84   178   180     0     0     0     0      0.031     -0.561      1.008      1.663      1.197
   194     -3112   Sigmabar+           84   178   180     0     0     0     0      0.139     -0.074     14.839     14.888      1.197
   195       311   (K0)               -84   178   180   237   237     0     0     -0.026      0.180     90.600     90.602      0.498
   196      -311   (Kbar0)            -84   178   180   238   238     0     0      0.271      0.356    143.212    143.214      0.498
   197       113   (rho0)             -84   178   180   239   240     0     0      0.142     -0.099    126.812    126.815      0.852
   198      2112   n0                  84   178   180     0     0     0     0     -0.226     -0.266    320.954    320.956      0.940
   199       111   (pi0)              -84   178   180   281   282     0     0      0.160     -0.434    404.201    404.201      0.135
   200       211   pi+                 91   116     0     0     0     0     0      0.250     -0.460      2.298      2.361      0.140
   201      -211   pi-                 91   116     0     0     0     0     0     -0.386     -0.235      1.630      1.697      0.140
   202       211   pi+                 91   127     0     0     0     0     0     -0.239     -0.548     -0.562      0.832      0.140
   203       111   (pi0)              -91   127     0   283   284     0     0      0.506     -0.591     -0.335      0.858      0.135
   204      2112   n0                  91   128     0     0     0     0     0      2.795     -6.369    -10.217     12.395      0.940
   205       111   (pi0)              -91   128     0   285   286     0     0      0.040     -0.506     -0.605      0.801      0.135
   206     -2112   nbar0               91   130     0     0     0     0     0      1.880     -3.170     -4.700      6.047      0.940
   207       111   (pi0)              -91   130     0   287   288     0     0      0.809     -1.365     -1.759      2.373      0.135
   208       130   K_L0                91   131   131     0     0     0     0      0.788     -3.270     -5.150      6.171      0.498
   209      -321   K-                  91   132     0     0     0     0     0      0.816     -1.615     -3.116      3.637      0.494
   210       211   pi+                 91   132     0     0     0     0     0      0.957     -1.005     -2.099      2.520      0.140
   211       211   pi+                 91   138     0     0     0     0     0      0.608     -0.244     -3.904      3.961      0.140
   212       111   (pi0)              -91   138     0   289   290     0     0     -0.067     -0.286     -0.965      1.017      0.135
   213       211   pi+                 91   142     0     0     0     0     0     -0.131      0.312     -4.648      4.662      0.140
   214       111   (pi0)              -91   142     0   291   292     0     0     -0.220     -0.382    -58.066     58.068      0.135
   215      2112   n0                  91   144     0     0     0     0     0     -0.029     -0.126   -131.063    131.067      0.940
   216       211   pi+                 91   144     0     0     0     0     0     -0.157     -0.088    -78.542     78.542      0.140
   217     -2112   nbar0               91   145     0     0     0     0     0      0.047     -0.194   -213.309    213.311      0.940
   218       111   (pi0)              -91   145     0   293   294     0     0     -0.119     -0.107   -122.881    122.881      0.135
   219      2212   p+                  91   146     0     0     0     0     0      0.334      0.375   -498.827    498.828      0.938
   220      -211   pi-                 91   146     0     0     0     0     0      0.239      0.292    -64.529     64.531      0.140
   221      -321   K-                  91   158     0     0     0     0     0    -54.730      9.617    227.900    234.577      0.494
   222       211   pi+                 91   158     0     0     0     0     0    -53.914      9.867    225.353    231.923      0.140
   223       130   K_L0                91   159   159     0     0     0     0    -20.736      3.220     86.181     88.700      0.498
   224       311   (K0)               -91   161     0   241   241     0     0    -29.428      5.497    123.318    126.901      0.498
   225       211   pi+                 91   161     0     0     0     0     0     -3.638      0.522     15.694     16.119      0.140
   226       211   pi+                 91   163     0     0     0     0     0     -5.950      1.507     24.593     25.348      0.140
   227       111   (pi0)              -91   163     0   295   296     0     0     -1.245      0.299      6.490      6.616      0.135
   228       130   K_L0                91   164   164     0     0     0     0    -12.908      2.064     54.218     55.774      0.498
   229       130   K_L0                91   165   165     0     0     0     0     -2.570      0.106      8.843      9.223      0.498
   230       211   pi+                 91   170     0     0     0     0     0      0.066     -0.053      0.321      0.360      0.140
   231      -211   pi-                 91   170     0     0     0     0     0      1.656      2.251      3.440      4.434      0.140
   232      -211   pi-                 91   173     0     0     0     0     0      0.416      0.589      0.433      0.852      0.140
   233       111   (pi0)              -91   173     0   297   298     0     0      0.048      0.213      0.938      0.973      0.135
   234      -211   pi-                 91   176     0     0     0     0     0      0.742      1.517      1.079      2.009      0.140
   235       111   (pi0)              -91   176     0   299   300     0     0      0.527      1.169      1.730      2.157      0.135
   236       310   K_S0                91   182   182     0     0     0     0      0.518      0.020    -82.420     82.423      0.498
   237       310   K_S0                91   195   195     0     0     0     0     -0.026      0.180     90.600     90.602      0.498
   238       130   K_L0                91   196   196     0     0     0     0      0.271      0.356    143.212    143.214      0.498
   239       211   pi+                 91   197     0     0     0     0     0      0.383      0.155     89.841     89.842      0.140
   240      -211   pi-                 91   197     0     0     0     0     0     -0.241     -0.254     36.971     36.973      0.140
   241       130   K_L0                91   224   224     0     0     0     0    -29.428      5.497    123.318    126.901      0.498
   242      -531   (B_sbar0)          -91   109     0   301   304     0     0    126.504    -69.462    164.423    218.842      5.367
   243        22   gamma               91   109     0     0     0     0     0      1.436     -0.842      1.895      2.523      0.000
   244        22   gamma               91   111     0     0     0     0     0      2.743     -1.352      3.288      4.490      0.000
   245        22   gamma               91   111     0     0     0     0     0      3.649     -1.749      4.573      6.107      0.000
   246       211   pi+                 91   112     0     0     0     0     0      3.403     -1.108      3.411      4.946      0.140
   247      -211   pi-                 91   112     0     0     0     0     0      2.568     -1.034      2.262      3.578      0.140
   248        22   gamma               91   112     0     0     0     0     0      0.550     -0.199      0.616      0.849      0.000
   249        22   gamma               91   115     0     0     0     0     0     -0.018     -0.086      0.142      0.167      0.000
   250        22   gamma               91   115     0     0     0     0     0      0.028      0.039      0.030      0.057      0.000
   251        22   gamma               91   117     0     0     0     0     0      0.538      0.133      0.970      1.118      0.000
   252        22   gamma               91   117     0     0     0     0     0      0.055     -0.006      0.201      0.208      0.000
   253      3122   Lambda0             91   119     0     0     0     0     0      0.171      0.003     10.126     10.189      1.116
   254        22   gamma               91   119     0     0     0     0     0     -0.056     -0.042      0.583      0.588      0.000
   255        22   gamma               91   129     0     0     0     0     0      0.237     -0.289     -0.781      0.866      0.000
   256        22   gamma               91   129     0     0     0     0     0      0.315     -0.190     -0.663      0.758      0.000
   257        22   gamma               91   139     0     0     0     0     0     -0.213      0.511     -6.858      6.880      0.000
   258        22   gamma               91   139     0     0     0     0     0     -0.096      0.118     -2.722      2.726      0.000
   259        22   gamma               91   140     0     0     0     0     0      0.112      0.018     -0.469      0.483      0.000
   260        22   gamma               91   140     0     0     0     0     0     -0.272      0.012     -8.672      8.676      0.000
   261        22   gamma               91   166     0     0     0     0     0     -1.508      0.669      5.505      5.747      0.000
   262        22   gamma               91   166     0     0     0     0     0     -0.035     -0.005      0.109      0.115      0.000
   263        22   gamma               91   167     0     0     0     0     0     -0.723     -0.573      3.647      3.762      0.000
   264        22   gamma               91   167     0     0     0     0     0     -0.017     -0.048      0.271      0.275      0.000
   265        22   gamma               91   175     0     0     0     0     0      5.074      6.241      9.319     12.310      0.000
   266        22   gamma               91   175     0     0     0     0     0      0.775      0.872      1.341      1.778      0.000
   267       521   (B+)               -91   177     0   305   306     0     0     60.058     49.116     89.291    118.406      5.279
   268        22   gamma               91   177     0     0     0     0     0      0.230      0.147      0.344      0.439      0.000
   269        22   gamma               91   181     0     0     0     0     0     -0.278      0.432    -43.551     43.554      0.000
   270        22   gamma               91   181     0     0     0     0     0     -0.318      0.342    -48.870     48.872      0.000
   271        22   gamma               91   187     0     0     0     0     0      0.031      0.378    -12.422     12.428      0.000
   272        22   gamma               91   187     0     0     0     0     0      0.006     -0.012     -0.482      0.482      0.000
   273       111   (pi0)              -91   188     0   307   308     0     0      0.068     -0.021     -0.466      0.490      0.135
   274       111   (pi0)              -91   188     0   309   310     0     0      0.147     -0.066     -0.656      0.689      0.135
   275       111   (pi0)              -91   188     0   311   312     0     0      0.056      0.094     -1.665      1.674      0.135
   276       211   pi+                 91   190     0     0     0     0     0     -0.135      0.139     -0.082      0.252      0.140
   277      -211   pi-                 91   190     0     0     0     0     0     -0.047      0.095      0.093      0.198      0.140
   278       111   (pi0)              -91   190     0   313   314     0     0      0.021     -0.022      0.094      0.167      0.135
   279        22   gamma               91   191     0     0     0     0     0     -0.023      0.058      0.046      0.078      0.000
   280        22   gamma               91   191     0     0     0     0     0      0.386     -0.396     -0.847      1.011      0.000
   281        22   gamma               91   199     0     0     0     0     0      0.131     -0.325    249.214    249.215      0.000
   282        22   gamma               91   199     0     0     0     0     0      0.029     -0.110    154.986    154.986      0.000
   283        22   gamma               91   203     0     0     0     0     0      0.150     -0.237     -0.176      0.331      0.000
   284        22   gamma               91   203     0     0     0     0     0      0.356     -0.354     -0.159      0.527      0.000
   285        22   gamma               91   205     0     0     0     0     0      0.011     -0.490     -0.548      0.736      0.000
   286        22   gamma               91   205     0     0     0     0     0      0.030     -0.016     -0.056      0.066      0.000
   287        22   gamma               91   207     0     0     0     0     0      0.658     -1.198     -1.525      2.048      0.000
   288        22   gamma               91   207     0     0     0     0     0      0.152     -0.166     -0.234      0.325      0.000
   289        22   gamma               91   212     0     0     0     0     0     -0.105     -0.169     -0.554      0.589      0.000
   290        22   gamma               91   212     0     0     0     0     0      0.038     -0.117     -0.410      0.428      0.000
   291        22   gamma               91   214     0     0     0     0     0     -0.028     -0.167    -24.866     24.866      0.000
   292        22   gamma               91   214     0     0     0     0     0     -0.193     -0.215    -33.200     33.201      0.000
   293        22   gamma               91   218     0     0     0     0     0     -0.030     -0.048    -87.013     87.013      0.000
   294        22   gamma               91   218     0     0     0     0     0     -0.089     -0.059    -35.868     35.868      0.000
   295        22   gamma               91   227     0     0     0     0     0     -0.017      0.022      0.182      0.184      0.000
   296        22   gamma               91   227     0     0     0     0     0     -1.227      0.277      6.308      6.432      0.000
   297        22   gamma               91   233     0     0     0     0     0      0.024      0.187      0.520      0.553      0.000
   298        22   gamma               91   233     0     0     0     0     0      0.024      0.027      0.418      0.419      0.000
   299        22   gamma               91   235     0     0     0     0     0      0.043      0.041      0.056      0.081      0.000
   300        22   gamma               91   235     0     0     0     0     0      0.483      1.129      1.674      2.076      0.000
   301       421   (D0)               -91   242     0   315   317     0     0     49.341    -27.772     64.133     85.571      1.865
   302      -413   (D*-)              -91   242     0   318   319     0     0     46.713    -25.262     59.805     80.005      2.010
   303      -311   (Kbar0)            -91   242     0   320   320     0     0     17.427     -9.191     22.516     29.923      0.498
   304       211   pi+                 91   242     0     0     0     0     0     13.023     -7.237     17.968     23.342      0.140
   305       433   (D*_s+)            -91   267     0   321   322     0     0     32.014     24.096     45.117     60.378      2.112
   306      -421   (Dbar0)            -91   267     0   323   325     0     0     28.043     25.020     44.174     58.028      1.865
   307        22   gamma               91   273     0     0     0     0     0      0.008     -0.070     -0.167      0.181      0.000
   308        22   gamma               91   273     0     0     0     0     0      0.060      0.049     -0.299      0.309      0.000
   309        22   gamma               91   274     0     0     0     0     0      0.111      0.022     -0.306      0.326      0.000
   310        22   gamma               91   274     0     0     0     0     0      0.036     -0.088     -0.350      0.363      0.000
   311        22   gamma               91   275     0     0     0     0     0     -0.022      0.089     -0.718      0.724      0.000
   312        22   gamma               91   275     0     0     0     0     0      0.079      0.006     -0.946      0.950      0.000
   313        22   gamma               91   278     0     0     0     0     0      0.065     -0.042      0.023      0.081      0.000
   314        22   gamma               91   278     0     0     0     0     0     -0.044      0.020      0.071      0.086      0.000
   315       331   (eta')             -91   301     0   326   328     0     0     33.117    -18.296     43.240     57.464      0.958
   316      -321   K-                  91   301     0     0     0     0     0     12.626     -7.324     16.091     21.730      0.494
   317       211   pi+                 91   301     0     0     0     0     0      3.599     -2.152      4.802      6.377      0.140
   318      -411   (D-)               -91   302     0   329   331     0     0     41.824    -22.739     53.549     71.675      1.870
   319        22   gamma               91   302     0     0     0     0     0      4.888     -2.523      6.255      8.330      0.000
   320       310   K_S0                91   303   303     0     0     0     0     17.427     -9.191     22.516     29.923      0.498
   321       431   (D_s+)             -91   305     0   332   333     0     0     31.326     23.667     44.308     59.233      1.968
   322        22   gamma               91   305     0     0     0     0     0      0.688      0.428      0.809      1.145      0.000
   323       310   K_S0                91   306     0     0     0     0     0     19.802     17.714     31.738     41.394      0.498
   324      -211   pi-                 91   306     0     0     0     0     0      6.616      5.469      9.450     12.767      0.140
   325       211   pi+                 91   306     0     0     0     0     0      1.625      1.838      2.986      3.867      0.140
   326       211   pi+                 91   315     0     0     0     0     0      9.757     -5.571     12.965     17.157      0.140
   327      -211   pi-                 91   315     0     0     0     0     0      3.690     -2.051      4.833      6.419      0.140
   328       221   (eta)              -91   315     0   334   335     0     0     19.670    -10.673     25.442     33.888      0.548
   329      -311   (Kbar0)            -91   318     0   336   336     0     0     16.410     -9.380     20.588     27.954      0.498
   330      -211   pi-                 91   318     0     0     0     0     0     19.730    -10.764     25.762     34.188      0.140
   331       111   (pi0)              -91   318     0   337   338     0     0      5.684     -2.595      7.200      9.534      0.135
   332       333   (phi)              -91   321     0   339   340     0     0      9.850      7.866     14.470     19.218      1.018
   333       211   pi+                 91   321     0     0     0     0     0     21.476     15.802     29.837     40.015      0.140
   334        22   gamma               91   328     0     0     0     0     0      7.757     -3.913      9.962     13.218      0.000
   335        22   gamma               91   328     0     0     0     0     0     11.912     -6.761     15.481     20.670      0.000
   336       130   K_L0                91   329   329     0     0     0     0     16.410     -9.380     20.588     27.954      0.498
   337        22   gamma               91   331     0     0     0     0     0      2.423     -1.093      2.962      3.980      0.000
   338        22   gamma               91   331     0     0     0     0     0      3.261     -1.502      4.237      5.554      0.000
   339       321   K+                  91   332     0     0     0     0     0      5.261      4.069      7.534     10.062      0.494
   340      -321   K-                  91   332     0     0     0     0     0      4.589      3.797      6.936      9.156      0.494
                                   Charge sum:  2.000           Momentum sum:      0.000     -0.000     -0.000   5020.000   5020.000

 --------  End PYTHIA Event Listing  -----------------------------------------------------------------------------------------------
0	0%, nTried:2, nTrial:2, sigma:0.000
#--------------------------------------------------------------------------
#                         FastJet release 3.2.1
#                 M. Cacciari, G.P. Salam and G. Soyez                  
#     A software package for jet finding and analysis at colliders      
#                           http://fastjet.fr                           
#	                                                                      
# Please cite EPJC72(2012)1896 [arXiv:1111.6097] if you use this package
# for scientific work and optionally PLB641(2006)57 [hep-ph/0512210].   
#                                                                       
# FastJet is provided without warranty under the terms of the GNU GPLv2.
# It uses T. Chan's closest pair algorithm, S. Fortune's Voronoi code,
# CGAL and 3rd party plugin jet algorithms. See COPYING file for details.
#--------------------------------------------------------------------------
 PYTHIA Error in StringFragmentation::fragment: stuck in joining  
 PYTHIA Error in Pythia::next: hadronLevel failed; try again  
 PYTHIA Warning in StringFragmentation::fragmentToJunction: bad convergence junction rest frame  

 Pythia::next(): 1000 events have been generated 

 Pythia::next(): 2000 events have been generated 

 Pythia::next(): 3000 events have been generated 

 Pythia::next(): 4000 events have been generated 
 PYTHIA Warning in SpaceShower::pT2nextQCD: weight above unity  

 Pythia::next(): 5000 events have been generated 
5000	5%, nTried:44213, nTrial:1, sigma:0.000

 Pythia::next(): 6000 events have been generated 

 Pythia::next(): 7000 events have been generated 
 PYTHIA Error in SpaceShower::pT2nearThreshold: stuck in loop  

 Pythia::next(): 8000 events have been generated 

 Pythia::next(): 9000 events have been generated 

 Pythia::next(): 10000 events have been generated 
10000	10%, nTried:88691, nTrial:22, sigma:0.000
 PYTHIA Error in StringFragmentation::fragmentToJunction: caught in junction flavour loop  

 Pythia::next(): 11000 events have been generated 

 Pythia::next(): 12000 events have been generated 

 Pythia::next(): 13000 events have been generated 

 Pythia::next(): 14000 events have been generated 

 Pythia::next(): 15000 events have been generated 
15000	15%, nTried:132709, nTrial:1, sigma:0.000

 Pythia::next(): 16000 events have been generated 

 Pythia::next(): 17000 events have been generated 

 Pythia::next(): 18000 events have been generated 

 Pythia::next(): 19000 events have been generated 

 Pythia::next(): 20000 events have been generated 
20000	20%, nTried:177274, nTrial:6, sigma:0.000

 Pythia::next(): 21000 events have been generated 

 Pythia::next(): 22000 events have been generated 
 PYTHIA Warning in MultipartonInteractions::pTnext: weight above unity  

 Pythia::next(): 23000 events have been generated 

 Pythia::next(): 24000 events have been generated 

 Pythia::next(): 25000 events have been generated 
25000	25%, nTried:221475, nTrial:24, sigma:0.000

 Pythia::next(): 26000 events have been generated 

 Pythia::next(): 27000 events have been generated 

 Pythia::next(): 28000 events have been generated 

 Pythia::next(): 29000 events have been generated 

 Pythia::next(): 30000 events have been generated 
30000	30%, nTried:264967, nTrial:6, sigma:0.000

 Pythia::next(): 31000 events have been generated 

 Pythia::next(): 32000 events have been generated 

 Pythia::next(): 33000 events have been generated 

 Pythia::next(): 34000 events have been generated 

 Pythia::next(): 35000 events have been generated 
35000	35%, nTried:308355, nTrial:5, sigma:0.000

 Pythia::next(): 36000 events have been generated 

 Pythia::next(): 37000 events have been generated 

 Pythia::next(): 38000 events have been generated 

 Pythia::next(): 39000 events have been generated 

 Pythia::next(): 40000 events have been generated 
40000	40%, nTried:352117, nTrial:15, sigma:0.000

 Pythia::next(): 41000 events have been generated 

 Pythia::next(): 42000 events have been generated 

 Pythia::next(): 43000 events have been generated 

 Pythia::next(): 44000 events have been generated 

 Pythia::next(): 45000 events have been generated 
45000	45%, nTried:397637, nTrial:13, sigma:0.000

 Pythia::next(): 46000 events have been generated 

 Pythia::next(): 47000 events have been generated 

 Pythia::next(): 48000 events have been generated 

 Pythia::next(): 49000 events have been generated 

 Pythia::next(): 50000 events have been generated 
50000	50%, nTried:441425, nTrial:2, sigma:0.000

 Pythia::next(): 51000 events have been generated 

 Pythia::next(): 52000 events have been generated 

 Pythia::next(): 53000 events have been generated 

 Pythia::next(): 54000 events have been generated 

 Pythia::next(): 55000 events have been generated 
55000	55%, nTried:486773, nTrial:2, sigma:0.000

 Pythia::next(): 56000 events have been generated 

 Pythia::next(): 57000 events have been generated 

 Pythia::next(): 58000 events have been generated 

 Pythia::next(): 59000 events have been generated 

 Pythia::next(): 60000 events have been generated 
60000	60%, nTried:531628, nTrial:10, sigma:0.000

 Pythia::next(): 61000 events have been generated 

 Pythia::next(): 62000 events have been generated 

 Pythia::next(): 63000 events have been generated 

 Pythia::next(): 64000 events have been generated 

 Pythia::next(): 65000 events have been generated 
65000	65%, nTried:574586, nTrial:5, sigma:0.000

 Pythia::next(): 66000 events have been generated 

 Pythia::next(): 67000 events have been generated 

 Pythia::next(): 68000 events have been generated 

 Pythia::next(): 69000 events have been generated 

 Pythia::next(): 70000 events have been generated 
70000	70%, nTried:619109, nTrial:1, sigma:0.000

 Pythia::next(): 71000 events have been generated 

 Pythia::next(): 72000 events have been generated 

 Pythia::next(): 73000 events have been generated 

 Pythia::next(): 74000 events have been generated 

 Pythia::next(): 75000 events have been generated 
75000	75%, nTried:663543, nTrial:11, sigma:0.000

 Pythia::next(): 76000 events have been generated 

 Pythia::next(): 77000 events have been generated 

 Pythia::next(): 78000 events have been generated 

 Pythia::next(): 79000 events have been generated 

 Pythia::next(): 80000 events have been generated 
80000	80%, nTried:706161, nTrial:2, sigma:0.000

 Pythia::next(): 81000 events have been generated 

 Pythia::next(): 82000 events have been generated 

 Pythia::next(): 83000 events have been generated 

 Pythia::next(): 84000 events have been generated 

 Pythia::next(): 85000 events have been generated 
85000	85%, nTried:749461, nTrial:2, sigma:0.000

 Pythia::next(): 86000 events have been generated 

 Pythia::next(): 87000 events have been generated 

 Pythia::next(): 88000 events have been generated 

 Pythia::next(): 89000 events have been generated 

 Pythia::next(): 90000 events have been generated 
90000	90%, nTried:793758, nTrial:3, sigma:0.000

 Pythia::next(): 91000 events have been generated 

 Pythia::next(): 92000 events have been generated 

 Pythia::next(): 93000 events have been generated 

 Pythia::next(): 94000 events have been generated 

 Pythia::next(): 95000 events have been generated 
95000	95%, nTried:837300, nTrial:6, sigma:0.000

 Pythia::next(): 96000 events have been generated 
 PYTHIA Warning in TauDecays::decay: unknown correlated tau production, assuming from unpolarized photon  

 Pythia::next(): 97000 events have been generated 

 Pythia::next(): 98000 events have been generated 

 Pythia::next(): 99000 events have been generated 
100000	100%, nTried:880867, sigma:0.000
nTried after loop:880867
sigma after loop:0.000
100000 events are analyzed successfully.
Real time 0:29:16, CP time 1756.080
