
 *------------------------------------------------------------------------------------* 
 |                                                                                    | 
 |  *------------------------------------------------------------------------------*  | 
 |  |                                                                              |  | 
 |  |                                                                              |  | 
 |  |   PPP   Y   Y  TTTTT  H   H  III    A      Welcome to the Lund Monte Carlo!  |  | 
 |  |   P  P   Y Y     T    H   H   I    A A     This is PYTHIA version 8.226      |  | 
 |  |   PPP     Y      T    HHHHH   I   AAAAA    Last date of change: 26 Apr 2017  |  | 
 |  |   P       Y      T    H   H   I   A   A                                      |  | 
 |  |   P       Y      T    H   H  III  A   A    Now is 02 Dec 2020 at 10:09:22    |  | 
 |  |                                                                              |  | 
 |  |   Torbjorn Sjostrand;  Department of Astronomy and Theoretical Physics,      |  | 
 |  |      Lund University, Solvegatan 14A, SE-223 62 Lund, Sweden;                |  | 
 |  |      e-mail: torbjorn@thep.lu.se                                             |  | 
 |  |   Nishita Desai;  Laboratoire Charles Coulomb (L2C),                         |  | 
 |  |      CNRS-Universite de Montpellier, 34090 Montpellier, France;              |  | 
 |  |      e-mail: nishita.desai@umontpellier.fr                                   |  | 
 |  |   Nadine Fischer;  School of Physics,                                        |  | 
 |  |      Monash University, PO Box 27, 3800 Melbourne, Australia;                |  | 
 |  |      e-mail: nadine.fischer@monash.edu                                       |  | 
 |  |   Ilkka Helenius;  Institute for Theoretical Physics,                        |  | 
 |  |     Tuebingen University, Auf der Morgenstelle 14, 72076 Tuebingen, Germany; |  | 
 |  |      e-mail: ilkka.helenius@uni-tuebingen.de                                 |  | 
 |  |   Philip Ilten;  Massachusetts Institute of Technology,                      |  | 
 |  |      77 Massachusetts Ave, Cambridge, MA 02139, USA;                         |  | 
 |  |      e-mail: philten@cern.ch                                                 |  | 
 |  |   Leif Lonnblad;  Department of Astronomy and Theoretical Physics,           |  | 
 |  |      Lund University, Solvegatan 14A, SE-223 62 Lund, Sweden;                |  | 
 |  |      e-mail: leif.lonnblad@thep.lu.se                                        |  | 
 |  |   Stephen Mrenna;  Computing Division, Simulations Group,                    |  | 
 |  |      Fermi National Accelerator Laboratory, MS 234, Batavia, IL 60510, USA;  |  | 
 |  |      e-mail: mrenna@fnal.gov                                                 |  | 
 |  |   Stefan Prestel;  Theoretical Physics Department,                           |  | 
 |  |      Fermi National Accelerator Laboratory, MS 106, Batavia, IL 60510, USA;  |  | 
 |  |      e-mail: sprestel@fnal.gov                                               |  | 
 |  |   Christine O. Rasmussen;  Department of Astronomy and Theoretical Physics,  |  | 
 |  |      Lund University, Solvegatan 14A, SE-223 62 Lund, Sweden;                |  | 
 |  |      e-mail: christine.rasmussen@thep.lu.se                                  |  | 
 |  |   Peter Skands;  School of Physics,                                          |  | 
 |  |      Monash University, PO Box 27, 3800 Melbourne, Australia;                |  | 
 |  |      e-mail: peter.skands@monash.edu                                         |  | 
 |  |                                                                              |  | 
 |  |   The main program reference is 'An Introduction to PYTHIA 8.2',             |  | 
 |  |   T. Sjostrand et al, Comput. Phys. Commun. 191 (2015) 159                   |  | 
 |  |   [arXiv:1410.3012 [hep-ph]]                                                 |  | 
 |  |                                                                              |  | 
 |  |   The main physics reference is the 'PYTHIA 6.4 Physics and Manual',         |  | 
 |  |   T. Sjostrand, S. Mrenna and P. Skands, JHEP05 (2006) 026 [hep-ph/0603175]  |  | 
 |  |                                                                              |  | 
 |  |   An archive of program versions and documentation is found on the web:      |  | 
 |  |   http://www.thep.lu.se/Pythia                                               |  | 
 |  |                                                                              |  | 
 |  |   This program is released under the GNU General Public Licence version 2.   |  | 
 |  |   Please respect the MCnet Guidelines for Event Generator Authors and Users. |  | 
 |  |                                                                              |  | 
 |  |   Disclaimer: this program comes without any guarantees.                     |  | 
 |  |   Beware of errors and use common sense when interpreting results.           |  | 
 |  |                                                                              |  | 
 |  |   Copyright (C) 2017 Torbjorn Sjostrand                                      |  | 
 |  |                                                                              |  | 
 |  |                                                                              |  | 
 |  *------------------------------------------------------------------------------*  | 
 |                                                                                    | 
 *------------------------------------------------------------------------------------* 

 PYTHIA Error in Settings::flag: unknown key Main:showChangedParticleData
 PYTHIA Error in Settings::mode: unknown key Beams:eCM
Events=10000 RNDM seed 1002

 *-------  PYTHIA Process Initialization  --------------------------*
 |                                                                  |
 | We collide p+ with p+ at a CM energy of 5.020e+03 GeV            |
 |                                                                  |
 |------------------------------------------------------------------|
 |                                                    |             |
 | Subprocess                                    Code |   Estimated |
 |                                                    |    max (mb) |
 |                                                    |             |
 |------------------------------------------------------------------|
 |                                                    |             |
 | g g -> g g                                     111 |   8.329e-06 |
 | g g -> q qbar (uds)                            112 |   2.260e-07 |
 | q g -> q g                                     113 |   2.120e-05 |
 | q q(bar)' -> q q(bar)'                         114 |   5.514e-06 |
 | q qbar -> g g                                  115 |   6.708e-08 |
 | q qbar -> q' qbar' (uds)                       116 |   5.081e-08 |
 | g g -> c cbar                                  121 |   7.531e-08 |
 | q qbar -> c cbar                               122 |   1.693e-08 |
 | g g -> b bbar                                  123 |   7.522e-08 |
 | q qbar -> b bbar                               124 |   1.692e-08 |
 |                                                                  |
 *-------  End PYTHIA Process Initialization -----------------------*

 *-------  PYTHIA Multiparton Interactions Initialization  ---------* 
 |                                                                  | 
 |                   sigmaNonDiffractive =    48.03 mb              | 
 |                                                                  | 
 |    pT0 =  2.12 gives sigmaInteraction =   210.98 mb: accepted    | 
 |                                                                  | 
 *-------  End PYTHIA Multiparton Interactions Initialization  -----* 

 *-------  PYTHIA Flag + Mode + Parm + Word + FVec + MVec + PVec + WVec Settings (changes only)  ------------------* 
 |                                                                                                                 | 
 | Name                                          |                      Now |      Default         Min         Max | 
 |                                               |                          |                                      | 
 | Beams:eCM                                     |                 5020.000 |    14000.000    10.00000             | 
 | HardQCD:all                                   |                       on |          off                         | 
 | Main:numberOfEvents                           |                    10000 |         1000           0             | 
 | ParticleDecays:limitTau0                      |                       on |          off                         | 
 | PhaseSpace:mHatMin                            |                      0.0 |      4.00000         0.0             | 
 | PhaseSpace:pTHatMax                           |                234.00000 |     -1.00000                         | 
 | PhaseSpace:pTHatMin                           |                191.00000 |          0.0         0.0             | 
 | Random:seed                                   |                     1002 |           -1               900000000 | 
 | Random:setSeed                                |                       on |          off                         | 
 |                                                                                                                 | 
 *-------  End PYTHIA Flag + Mode + Parm + Word + FVec + MVec + PVec + WVec Settings  -----------------------------* 

 --------  PYTHIA Particle Data Table (changed only)  ------------------------------------------------------------------------------
 
      id   name            antiName         spn chg col      m0        mWidth      mMin       mMax       tau0    res dec ext vis wid
             no onMode   bRatio   meMode     products 

 no particle data has been changed from its default value 

 --------  End PYTHIA Particle Data Table  -----------------------------------------------------------------------------------------

============ AliJHistManager : AliJCDijetHistManagerjcdijet ===================

---- AliJBin ----
*AliJBin	CentBin	CentBin	"Cent:"	&mode=Single	0.000000 1.000000
*AliJBin	JetBin	JetBin	"Jet bin:"	&mode=Single	0.000000 1.000000 2.000000 3.000000 4.000000

---- AliJTH1 ----
*AliJTH1D	h_events	"h_events"	&Dir=default&Lazy	 CentBin
*AliJTH1D	h_eventSel	"h_eventSel"	&Lazy&Single	 1
*AliJTH1D	h_info	"h_info"	&Lazy&Single	 1
*AliJTH1D	h_centrality	"h_centrality"	&Lazy&Single	 1
*AliJTH1D	h_zvtx	"h_zvtx"	&Lazy&Single	 1
*AliJTH1D	h_nch	"h_nch"	&Dir=default&Lazy	 CentBin
*AliJTH1D	h_pt	"h_pt"	&Dir=default&Lazy	 CentBin
*AliJTH1D	h_ptPosEta	"h_ptPosEta"	&Dir=default&Lazy	 CentBin
*AliJTH1D	h_ptNegEta	"h_ptNegEta"	&Dir=default&Lazy	 CentBin
*AliJTH1D	h_eta	"h_eta"	&Dir=default&Lazy	 CentBin
*AliJTH1D	h_phi	"h_phi"	&Dir=default&Lazy	 CentBin
*AliJTH2D	h_etaPhi	"h_etaPhi"	&Dir=default&Lazy	 CentBin
*AliJTH1D	h_rho	"h_rho"	&Dir=default&Lazy	 CentBin
*AliJTH1D	h_rhoHighPt	"h_rhoHighPt"	&Dir=default&Lazy	 CentBin
*AliJTH1D	h_rhom	"h_rhom"	&Dir=default&Lazy	 CentBin
*AliJTH1D	h_rhomHighPt	"h_rhomHighPt"	&Dir=default&Lazy	 CentBin
*AliJTH1D	h_rhoLin	"h_rhoLin"	&Dir=default&Lazy	 CentBin
*AliJTH1D	h_rhoLinHighPt	"h_rhoLinHighPt"	&Dir=default&Lazy	 CentBin
*AliJTH1D	h_rhomLin	"h_rhomLin"	&Dir=default&Lazy	 CentBin
*AliJTH1D	h_rhomLinHighPt	"h_rhomLinHighPt"	&Dir=default&Lazy	 CentBin
*AliJTH1D	h_jetPt	"h_jetPt"	&Dir=default&Lazy	 CentBin JetBin
*AliJTH1D	h_jetPt_ALICE	"h_jetPt_ALICE"	&Dir=default&Lazy	 CentBin JetBin
*AliJTH1D	h_jetPtTransBGSub	"h_jetPtTransBGSub"	&Dir=default&Lazy	 CentBin JetBin
*AliJTH1D	h_jetN	"h_jetN"	&Dir=default&Lazy	 CentBin
*AliJTH1D	h_jetEta	"h_jetEta"	&Dir=default&Lazy	 CentBin JetBin
*AliJTH1D	h_jetPhi	"h_jetPhi"	&Dir=default&Lazy	 CentBin JetBin
*AliJTH2D	h_jetEtaPhi	"h_jetEtaPhi"	&Dir=default&Lazy	 CentBin JetBin
*AliJTH2D	h_randConeEtaPhi	"h_randConeEtaPhi"	&Dir=default&Lazy	 CentBin
*AliJTH1D	h_jetArea	"h_jetArea"	&Dir=default&Lazy	 CentBin JetBin
*AliJTH1D	h_jetAreaRho	"h_jetAreaRho"	&Dir=default&Lazy	 CentBin JetBin
*AliJTH1D	h_deltaPt	"h_deltaPt"	&Dir=default&Lazy	 CentBin
*AliJTH1D	h_maxJetptOverPtHard	"h_maxJetptOverPtHard"	&Dir=default&Lazy	 CentBin
*AliJTH1D	h_ptHard	"h_ptHard"	&Dir=default&Lazy	 CentBin
*AliJTH1D	h_dijetInvM	"h_dijetInvM"	&Dir=default&Lazy	 CentBin JetBin
*AliJTH1D	h_dijetPtPair	"h_dijetPtPair"	&Dir=default&Lazy	 CentBin JetBin
*AliJTH1D	h_dijetDeltaPhi	"h_dijetDeltaPhi"	&Dir=default&Lazy	 CentBin JetBin
*AliJTH1D	h_dijetPtPairDeltaPhiCut	"h_dijetPtPairDeltaPhiCut"	&Dir=default&Lazy	 CentBin JetBin
*AliJTH1D	h_dijetInvMDeltaPhiCut	"h_dijetInvMDeltaPhiCut"	&Dir=default&Lazy	 CentBin JetBin
*AliJTH1D	h_dijetDeltaPhiWithCut	"h_dijetDeltaPhiWithCut"	&Dir=default&Lazy	 CentBin JetBin
*AliJTH1D	h_responseInfo	"h_responseInfo"	&Lazy&Single	 1
*AliJTH1D	h_jetResponseDeltaR	"h_jetResponseDeltaR"	&Lazy&Single	 1
*AliJTH1D	h_jetResponseDeltaRClosest	"h_jetResponseDeltaRClosest"	&Lazy&Single	 1
*AliJTH1D	h_jetResponseDeltaPt	"h_jetResponseDeltaPt"	&Lazy&Single	 1
*AliJTH1D	h_jetDeltaRMin	"h_jetDeltaRMin"	&Dir=default&Lazy	 CentBin JetBin
*AliJTH1D	h_jetBGSubtrDeltaR	"h_jetBGSubtrDeltaR"	&Dir=default&Lazy	 CentBin
*AliJTH2D	h_jetResponse	"h_jetResponse"	&Lazy&Single	 1
*AliJTH2D	h_jetResponse_ALICE	"h_jetResponse_ALICE"	&Lazy&Single	 1
*AliJTH2D	h_deltaPtResponse	"h_deltaPtResponse"	&Lazy&Single	 1
*AliJTH2D	h_deltaPtResponse_ALICE	"h_deltaPtResponse_ALICE"	&Lazy&Single	 1
*AliJTH2D	h_deltaPtResponseEvery	"h_deltaPtResponseEvery"	&Lazy&Single	 1
*AliJTH2D	h_deltaPtResponseEvery_ALICE	"h_deltaPtResponseEvery_ALICE"	&Lazy&Single	 1
*AliJTH2D	h_dijetResponse	"h_dijetResponse"	&Lazy&Single	 1
*AliJTH2D	h_dijetResponseDeltaPhiCut	"h_dijetResponseDeltaPhiCut"	&Lazy&Single	 1
*AliJTH1D	h_dijetdeltaM1	"h_dijetdeltaM1"	&Lazy&Single	 1
*AliJTH1D	h_dijetdeltaM2	"h_dijetdeltaM2"	&Lazy&Single	 1
============ AliJHistManager : AliJCDijetHistManagerjcdijetDetMC ===================

---- AliJBin ----
*AliJBin	CentBin	CentBin	"Cent:"	&mode=Single	0.000000 1.000000
*AliJBin	JetBin	JetBin	"Jet bin:"	&mode=Single	0.000000 1.000000 2.000000 3.000000 4.000000

---- AliJTH1 ----
*AliJTH1D	h_events	"h_events"	&Dir=default&Lazy	 CentBin
*AliJTH1D	h_eventSel	"h_eventSel"	&Lazy&Single	 1
*AliJTH1D	h_info	"h_info"	&Lazy&Single	 1
*AliJTH1D	h_centrality	"h_centrality"	&Lazy&Single	 1
*AliJTH1D	h_zvtx	"h_zvtx"	&Lazy&Single	 1
*AliJTH1D	h_nch	"h_nch"	&Dir=default&Lazy	 CentBin
*AliJTH1D	h_pt	"h_pt"	&Dir=default&Lazy	 CentBin
*AliJTH1D	h_ptPosEta	"h_ptPosEta"	&Dir=default&Lazy	 CentBin
*AliJTH1D	h_ptNegEta	"h_ptNegEta"	&Dir=default&Lazy	 CentBin
*AliJTH1D	h_eta	"h_eta"	&Dir=default&Lazy	 CentBin
*AliJTH1D	h_phi	"h_phi"	&Dir=default&Lazy	 CentBin
*AliJTH2D	h_etaPhi	"h_etaPhi"	&Dir=default&Lazy	 CentBin
*AliJTH1D	h_rho	"h_rho"	&Dir=default&Lazy	 CentBin
*AliJTH1D	h_rhoHighPt	"h_rhoHighPt"	&Dir=default&Lazy	 CentBin
*AliJTH1D	h_rhom	"h_rhom"	&Dir=default&Lazy	 CentBin
*AliJTH1D	h_rhomHighPt	"h_rhomHighPt"	&Dir=default&Lazy	 CentBin
*AliJTH1D	h_rhoLin	"h_rhoLin"	&Dir=default&Lazy	 CentBin
*AliJTH1D	h_rhoLinHighPt	"h_rhoLinHighPt"	&Dir=default&Lazy	 CentBin
*AliJTH1D	h_rhomLin	"h_rhomLin"	&Dir=default&Lazy	 CentBin
*AliJTH1D	h_rhomLinHighPt	"h_rhomLinHighPt"	&Dir=default&Lazy	 CentBin
*AliJTH1D	h_jetPt	"h_jetPt"	&Dir=default&Lazy	 CentBin JetBin
*AliJTH1D	h_jetPt_ALICE	"h_jetPt_ALICE"	&Dir=default&Lazy	 CentBin JetBin
*AliJTH1D	h_jetPtTransBGSub	"h_jetPtTransBGSub"	&Dir=default&Lazy	 CentBin JetBin
*AliJTH1D	h_jetN	"h_jetN"	&Dir=default&Lazy	 CentBin
*AliJTH1D	h_jetEta	"h_jetEta"	&Dir=default&Lazy	 CentBin JetBin
*AliJTH1D	h_jetPhi	"h_jetPhi"	&Dir=default&Lazy	 CentBin JetBin
*AliJTH2D	h_jetEtaPhi	"h_jetEtaPhi"	&Dir=default&Lazy	 CentBin JetBin
*AliJTH2D	h_randConeEtaPhi	"h_randConeEtaPhi"	&Dir=default&Lazy	 CentBin
*AliJTH1D	h_jetArea	"h_jetArea"	&Dir=default&Lazy	 CentBin JetBin
*AliJTH1D	h_jetAreaRho	"h_jetAreaRho"	&Dir=default&Lazy	 CentBin JetBin
*AliJTH1D	h_deltaPt	"h_deltaPt"	&Dir=default&Lazy	 CentBin
*AliJTH1D	h_maxJetptOverPtHard	"h_maxJetptOverPtHard"	&Dir=default&Lazy	 CentBin
*AliJTH1D	h_ptHard	"h_ptHard"	&Dir=default&Lazy	 CentBin
*AliJTH1D	h_dijetInvM	"h_dijetInvM"	&Dir=default&Lazy	 CentBin JetBin
*AliJTH1D	h_dijetPtPair	"h_dijetPtPair"	&Dir=default&Lazy	 CentBin JetBin
*AliJTH1D	h_dijetDeltaPhi	"h_dijetDeltaPhi"	&Dir=default&Lazy	 CentBin JetBin
*AliJTH1D	h_dijetPtPairDeltaPhiCut	"h_dijetPtPairDeltaPhiCut"	&Dir=default&Lazy	 CentBin JetBin
*AliJTH1D	h_dijetInvMDeltaPhiCut	"h_dijetInvMDeltaPhiCut"	&Dir=default&Lazy	 CentBin JetBin
*AliJTH1D	h_dijetDeltaPhiWithCut	"h_dijetDeltaPhiWithCut"	&Dir=default&Lazy	 CentBin JetBin
*AliJTH1D	h_responseInfo	"h_responseInfo"	&Lazy&Single	 1
*AliJTH1D	h_jetResponseDeltaR	"h_jetResponseDeltaR"	&Lazy&Single	 1
*AliJTH1D	h_jetResponseDeltaRClosest	"h_jetResponseDeltaRClosest"	&Lazy&Single	 1
*AliJTH1D	h_jetResponseDeltaPt	"h_jetResponseDeltaPt"	&Lazy&Single	 1
*AliJTH1D	h_jetDeltaRMin	"h_jetDeltaRMin"	&Dir=default&Lazy	 CentBin JetBin
*AliJTH1D	h_jetBGSubtrDeltaR	"h_jetBGSubtrDeltaR"	&Dir=default&Lazy	 CentBin
*AliJTH2D	h_jetResponse	"h_jetResponse"	&Lazy&Single	 1
*AliJTH2D	h_jetResponse_ALICE	"h_jetResponse_ALICE"	&Lazy&Single	 1
*AliJTH2D	h_deltaPtResponse	"h_deltaPtResponse"	&Lazy&Single	 1
*AliJTH2D	h_deltaPtResponse_ALICE	"h_deltaPtResponse_ALICE"	&Lazy&Single	 1
*AliJTH2D	h_deltaPtResponseEvery	"h_deltaPtResponseEvery"	&Lazy&Single	 1
*AliJTH2D	h_deltaPtResponseEvery_ALICE	"h_deltaPtResponseEvery_ALICE"	&Lazy&Single	 1
*AliJTH2D	h_dijetResponse	"h_dijetResponse"	&Lazy&Single	 1
*AliJTH2D	h_dijetResponseDeltaPhiCut	"h_dijetResponseDeltaPhiCut"	&Lazy&Single	 1
*AliJTH1D	h_dijetdeltaM1	"h_dijetdeltaM1"	&Lazy&Single	 1
*AliJTH1D	h_dijetdeltaM2	"h_dijetdeltaM2"	&Lazy&Single	 1

============= Settings =============
cent bin:                   0
particle eta cut:           0.9
particle pt cut:            0.15
jet cone size:              0.4
kt-jet cone size:           0.4
Using pion mass in kt-jets: 0.0
Using DeltaPhi in BG subtr: 1.0
Using kt-jet scheme:        pt_scheme
jet costituent cut:         5.0
dijet leading pt cut:       20.0
dijet subleading pt cut:    20.0
dijet DeltaPhi cut:         pi/2.0
tracking inefficiency:      0.0

Let's start

 --------  PYTHIA Info Listing  ---------------------------------------- 
 
 Beam A: id =   2212, pz =  2.510e+03, e =  2.510e+03, m =  9.383e-01.
 Beam B: id =   2212, pz = -2.510e+03, e =  2.510e+03, m =  9.383e-01.

 In 1: id =    3, x =  5.433e-01, pdf =  7.425e-04 at Q2 =  4.062e+04.
 In 2: id =   21, x =  1.767e-02, pdf =  5.131e+00 at same Q2.

 Subprocess q g -> q g with code 113 is 2 -> 2.
 It has sHat =  2.419e+05,    tHat = -5.165e+04,    uHat = -1.902e+05,
       pTHat =  2.015e+02,   m3Hat =  5.000e-01,   m4Hat =  0.000e+00,
    thetaHat =  9.607e-01,  phiHat =  2.989e+00.
     alphaEM =  7.888e-03,  alphaS =  1.157e-01    at Q2 =  4.062e+04.

 Impact parameter b =  1.175e+00 gives enhancement factor =  3.547e-01.
 Max pT scale for MPI =  2.015e+02, ISR =  2.015e+02, FSR =  2.015e+02.
 Number of MPI =     1, ISR =     4, FSRproc =    33, FSRreson =     0.

 --------  End PYTHIA Info Listing  ------------------------------------

 --------  PYTHIA Event Listing  (hard process)  -----------------------------------------------------------------------------------
 
    no        id   name            status     mothers   daughters     colours      p_x        p_y        p_z         e          m 
     0        90   (system)           -11     0     0     0     0     0     0      0.000      0.000      0.000   5020.000   5020.000
     1      2212   (p+)               -12     0     0     3     0     0     0      0.000      0.000   2510.000   2510.000      0.938
     2      2212   (p+)               -12     0     0     4     0     0     0      0.000      0.000  -2510.000   2510.000      0.938
     3         3   (s)                -21     1     0     5     6   101     0      0.000      0.000   1363.642   1363.642      0.000
     4        21   (g)                -21     2     0     5     6   102   101      0.000      0.000    -44.346     44.346      0.000
     5         3   s                   23     3     4     0     0   103     0   -199.199     30.659   1063.006   1081.943      0.500
     6        21   g                   23     3     4     0     0   102   103    199.199    -30.659    256.291    326.045      0.000
                                   Charge sum: -0.333           Momentum sum:      0.000      0.000   1319.296   1407.988    491.821

 --------  End PYTHIA Event Listing  -----------------------------------------------------------------------------------------------

 --------  PYTHIA Event Listing  (complete event)  ---------------------------------------------------------------------------------
 
    no        id   name            status     mothers   daughters     colours      p_x        p_y        p_z         e          m 
     0        90   (system)           -11     0     0     0     0     0     0      0.000      0.000      0.000   5020.000   5020.000
     1      2212   (p+)               -12     0     0   170     0     0     0      0.000      0.000   2510.000   2510.000      0.938
     2      2212   (p+)               -12     0     0   171     0     0     0      0.000      0.000  -2510.000   2510.000      0.938
     3         3   (s)                -21    10    10     5     6   101     0      0.000      0.000   1363.642   1363.642      0.000
     4        21   (g)                -21    11     0     5     6   102   101      0.000      0.000    -44.346     44.346      0.000
     5         3   (s)                -23     3     4     9     9   103     0   -199.199     30.659   1063.006   1081.943      0.500
     6        21   (g)                -23     3     4     7     8   102   103    199.199    -30.659    256.291    326.045      0.000
     7         5   (b)                -51     6     0    13    13   102     0    128.010    -77.881    218.758    265.199      4.800
     8        -5   (bbar)             -51     6     0    14    14     0   103     58.240     49.216    106.635    131.179      4.800
     9         3   (s)                -52     5     5    12    12   103     0   -186.250     28.666    993.903   1011.610      0.500
    10         3   (s)                -42    16     0     3     3   101     0     -0.000      0.000   1363.642   1363.642      0.000
    11        21   (g)                -41    17    17    15     4   102   106      0.000     -0.000    -55.720     55.720      0.000
    12         3   (s)                -44     9     9    18    18   103     0   -190.371     28.784   1028.559   1046.424      0.500
    13         5   (b)                -44     7     7    19    19   102     0    117.202    -77.570    187.607    234.463      4.800
    14        -5   (bbar)             -44     8     8    20    20     0   103     52.527     49.380     93.022    117.786      4.800
    15        21   (g)                -43    11     0    21    21   101   106     20.642     -0.594     -1.266     20.689      0.000
    16         3   (s)                -41    29    29    22    10   107     0     -0.000      0.000   1636.727   1636.727      0.000
    17        21   (g)                -42    30     0    11    11   102   106     -0.000     -0.000    -55.720     55.720      0.000
    18         3   (s)                -44    12    12    25    25   103     0   -179.605     36.255   1035.708   1051.791      0.500
    19         5   (b)                -44    13    13    32    32   102     0    119.392    -76.051    188.685    235.930      4.800
    20        -5   (bbar)             -44    14    14    23    24     0   103     53.621     50.139     93.280    118.800      4.800
    21        21   (g)                -44    15    15    26    27   101   106     20.742     -0.524     -1.246     20.786      0.000
    22        21   (g)                -43    16     0    28    28   107   101    -14.151     -9.819    264.580    265.140      0.000
    23        -5   (bbar)             -51    20     0    33    33     0   108     53.026     51.478     94.201    119.828      4.800
    24        21   (g)                -51    20     0    36    36   108   103     -5.595     -0.089     34.770     35.217      0.000
    25         3   (s)                -52    18    18    31    31   103     0   -173.415     35.005   1000.017   1015.546      0.500
    26        21   (g)                -51    21     0    34    34   109   106     22.329      4.353      2.419     22.878      0.000
    27        21   (g)                -51    21     0    37    37   101   109     -2.312     -5.381      9.901     11.504      0.000
    28        21   (g)                -52    22    22    35    35   107   101    -13.425     -9.315    251.013    251.545      0.000
    29         3   (s)                -42    62    62    16    16   107     0      0.000      0.000   1636.727   1636.727      0.000
    30        21   (g)                -41   101   101    38    17   112   106     -0.000     -0.000   -137.294    137.294      0.000
    31         3   (s)                -44    25    25    51    52   103     0   -173.173     35.404    998.169   1013.698      0.500
    32         5   (b)                -44    19    19    47    47   102     0    120.128    -74.838    188.601    235.850      4.800
    33        -5   (bbar)             -44    23    23    39    40     0   108     53.426     52.136     96.355    121.982      4.800
    34        21   (g)                -44    26    26    66    67   109   106     22.648      4.879      2.887     23.347      0.000
    35        21   (g)                -44    28    28    59    59   107   101    -13.417     -9.302    250.552    251.084      0.000
    36        21   (g)                -44    24    24    41    41   108   103     -5.588     -0.078     34.679     35.126      0.000
    37        21   (g)                -44    27    27    57    58   101   109     -2.287     -5.340      9.727     11.330      0.000
    38        21   (g)                -43    30     0    45    46   112   102     -1.736     -2.862    -81.536     81.605      0.000
    39        -5   (bbar)             -51    33     0   113   113     0   113     51.932     49.109     94.928    118.924      4.800
    40        21   (g)                -51    33     0    44    44   113   108      1.323      3.025      2.489      4.135      0.000
    41        21   (g)                -52    36    36    42    43   108   103     -5.416     -0.075     33.617     34.050      0.000
    42        21   (g)                -51    41     0    53    53   114   103     -4.111      0.025     11.712     12.412      0.000
    43        21   (g)                -51    41     0    74    74   108   114     -1.067      0.445     22.354     22.384      0.000
    44        21   (g)                -52    40    40    72    73   113   108      1.084      2.479      2.040      3.389      0.000
    45        21   (g)                -51    38     0    78    79   112   115     -0.260     -2.671    -81.425     81.469      0.000
    46        21   (g)                -51    38     0    48    49   115   102     -0.863     -0.573      0.853      1.341      0.000
    47         5   (b)                -52    32    32    50    50   102     0    119.514    -74.455    187.637    234.644      4.800
    48        21   (g)                -51    46     0    54    55   115   116      0.270      0.688      0.020      0.739      0.000
    49        21   (g)                -51    46     0    56    56   116   102      6.256     -5.856     12.418     15.088      0.000
    50         5   (b)                -52    47    47   132   132   102     0    112.125    -69.859    176.052    220.158      4.800
    51         3   (s)                -51    31     0   131   131   117     0   -116.325     23.565    661.314    671.881      0.500
    52        21   (g)                -51    31     0    63    64   103   117    -56.970     11.840    337.202    342.185      0.000
    53        21   (g)                -52    42    42    65    65   114   103     -3.989      0.025     11.364     12.044      0.000
    54        21   (g)                -51    48     0    80    80   115   119     -0.058     -1.335      0.790      1.552      0.000
    55        21   (g)                -51    48     0   144   144   119   116      2.150      0.318      2.846      3.581      0.000
    56        21   (g)                -52    49    49   142   142   116   102      4.434     -4.151      8.802     10.694      0.000
    57        21   (g)                -51    37     0    68    68   120   109     -1.468     -5.598     11.980     13.305      0.000
    58        21   (g)                -51    37     0   145   145   101   120     -1.033      0.110      1.740      2.026      0.000
    59        21   (g)                -52    35    35    60    61   107   101    -13.203     -9.154    246.559    247.082      0.000
    60        21   (g)                -51    59     0   107   107   121   101    -11.556     -7.982    199.516    200.010      0.000
    61        21   (g)                -51    59     0   105   106   107   121     -1.647     -1.171     70.099     70.128      0.000
    62         3   (s)                -53   110   110    29    29   107     0      0.000      0.000   1659.782   1659.782      0.000
    63        21   (g)                -51    52     0   120   121   122   117    -43.334      8.114    251.579    255.413      0.000
    64        21   (g)                -51    52     0    86    86   103   122    -13.818      3.727     86.139     87.320      0.000
    65        21   (g)                -52    53    53    84    85   114   103     -3.808      0.024     10.847     11.496      0.000
    66        21   (g)                -51    34     0    99   100   123   106     20.894      4.006      3.586     21.575      0.000
    67        21   (g)                -51    34     0    71    71   109   123      1.732      0.788     -0.519      1.972      0.000
    68        21   (g)                -52    57    57    69    70   120   109     -1.446     -5.514     11.800     13.104      0.000
    69        21   (g)                -51    68     0    98    98   120   124     -1.482     -4.796     11.632     12.669      0.000
    70        21   (g)                -51    68     0    96    97   124   109      0.248     -0.621      0.104      0.677      0.000
    71        21   (g)                -52    67    67   117   118   109   123      1.520      0.692     -0.455      1.731      0.000
    72        21   (g)                -51    44     0    90    91   113   125     -0.287      1.835      1.428      2.343      0.000
    73        21   (g)                -51    44     0    75    76   125   108      1.294      0.676      2.229      2.665      0.000
    74        21   (g)                -52    43    43    77    77   108   114     -0.990      0.413     20.737     20.765      0.000
    75        21   (g)                -51    73     0    92    92   125   126      0.610     -0.381      5.244      5.293      0.000
    76        21   (g)                -51    73     0   123   124   126   108      0.457      1.152      1.757      2.150      0.000
    77        21   (g)                -52    74    74   128   128   108   114     -0.762      0.318     15.966     15.987      0.000
    78        21   (g)                -51    45     0   138   138   112   127     -0.191     -3.005    -61.420     61.494      0.000
    79        21   (g)                -51    45     0    83    83   127   115     -0.069      0.315    -19.993     19.996      0.000
    80        21   (g)                -52    54    54    81    82   115   119     -0.057     -1.317      0.779      1.531      0.000
    81        21   (g)                -51    80     0   141   141   128   119     -0.093     -1.961     -0.043      1.964      0.000
    82        21   (g)                -51    80     0    89    89   115   128      0.032      0.664     -0.372      0.761      0.000
    83        21   (g)                -52    79    79    87    88   127   115     -0.065      0.296    -18.799     18.802      0.000
    84        21   (g)                -51    65     0    93    94   114   129     -2.204      1.017      7.282      7.676      0.000
    85        21   (g)                -51    65     0    95    95   129   103     -3.045     -0.604     12.554     12.932      0.000
    86        21   (g)                -52    64    64   122   122   103   122    -12.376      3.338     77.151     78.208      0.000
    87        21   (g)                -51    83     0   152   152   127   130     -0.212     -0.552     -2.282      2.358      0.000
    88        21   (g)                -51    83     0   102   103   130   115      0.155      1.028    -16.618     16.650      0.000
    89        21   (g)                -52    82    82   104   104   115   128      0.023      0.484     -0.271      0.555      0.000
    90        21   (g)                -51    72     0   111   112   113   131      0.063      0.362     -0.215      0.426      0.000
    91        21   (g)                -51    72     0   156   156   131   125     -0.176      1.365      3.137      3.425      0.000
    92        21   (g)                -52    75    75   125   125   125   126      0.436     -0.272      3.750      3.785      0.000
    93        21   (g)                -51    84     0   126   127   114   132     -4.600     -0.077     15.688     16.348      0.000
    94        21   (g)                -51    84     0   157   157   132   129     -0.334      0.552      2.847      2.919      0.000
    95        21   (g)                -52    85    85   154   154   129   103     -0.316     -0.063      1.301      1.340      0.000
    96        21   (g)                -51    70     0   149   149   133   109      0.578     -0.930      0.759      1.333      0.000
    97        21   (g)                -51    70     0   158   158   124   133     -0.827     -1.297      3.240      3.587      0.000
    98        21   (g)                -52    69    69   137   137   120   124     -0.986     -3.190      7.736      8.426      0.000
    99        21   (g)                -51    66     0   119   119   123   134     13.610      3.003      1.700     14.040      0.000
   100        21   (g)                -51    66     0   159   159   134   106      7.284      1.004      1.841      7.580      0.000
   101        21   (g)                -53   130   130    30    30   112   106     -0.000     -0.000   -137.339    137.339      0.000
   102        21   (g)                -51    88     0   155   155   130   135     -0.316      0.332    -12.079     12.088      0.000
   103        21   (g)                -51    88     0   160   160   135   115      0.477      0.821     -4.608      4.705      0.000
   104        21   (g)                -52    89    89   153   153   115   128      0.017      0.360     -0.201      0.413      0.000
   105        21   (g)                -51    61     0   108   109   107   136     -2.001     -1.993     69.315     69.372      0.000
   106        21   (g)                -51    61     0   116   116   136   121     -0.555      0.193     16.490     16.500      0.000
   107        21   (g)                -52    60    60   114   115   121   101    -10.647     -7.354    183.810    184.265      0.000
   108        21   (g)                -51   105     0   146   146   137   136     -2.123     -2.271     92.422     92.474      0.000
   109        21   (g)                -51   105     0   162   162   107   137      0.121      0.278      8.750      8.755      0.000
   110         3   (s)                -53   129     0    62    62   107     0      0.000      0.000   1691.639   1691.639      0.000
   111        21   (g)                -51    90     0   139   139   138   131      0.637      1.136      0.278      1.332      0.000
   112        21   (g)                -51    90     0   163   163   113   138      0.790      0.512      2.004      2.214      0.000
   113        -5   (bbar)             -52    39    39   133   133     0   113     50.568     47.823     92.430    115.804      4.800
   114        21   (g)                -51   107     0   135   135   139   101     -7.814     -5.621    130.422    130.776      0.000
   115        21   (g)                -51   107     0   164   164   121   139     -2.925     -1.700     56.122     56.224      0.000
   116        21   (g)                -52   106   106   161   161   136   121     -0.463      0.161     13.757     13.765      0.000
   117        21   (g)                -51    71     0   148   148   109   140      3.291      0.996     -0.547      3.482      0.000
   118        21   (g)                -51    71     0   165   165   140   123      2.408      0.618      0.614      2.560      0.000
   119        21   (g)                -52    99    99   134   134   123   134      9.430      2.080      1.178      9.729      0.000
   120        -3   (sbar)             -51    63     0   143   143     0   117    -19.961      4.054    115.905    117.682      0.500
   121         3   (s)                -51    63     0   166   166   122     0    -26.478      4.898    155.028    157.350      0.500
   122        21   (g)                -52    86    86   147   147   103   122     -9.272      2.501     57.797     58.589      0.000
   123        21   (g)                -51    76     0   151   151   141   108      0.520      1.200      3.071      3.338      0.000
   124        21   (g)                -51    76     0   167   167   126   141      0.094     -0.147      0.041      0.179      0.000
   125        21   (g)                -52    92    92   150   150   125   126      0.278     -0.174      2.395      2.418      0.000
   126        21   (g)                -51    93     0   136   136   142   132     -4.742     -0.090     16.647     17.309      0.000
   127        21   (g)                -51    93     0   168   168   114   142      0.028      0.060      1.412      1.413      0.000
   128        21   (g)                -52    77    77   140   140   108   114     -0.649      0.270     13.595     13.613      0.000
   129         3   (s)                -41   170   170   169   110   143     0      0.000      0.000   1697.889   1697.889      0.000
   130        21   (g)                -42   171   171   101   101   112   106      0.000     -0.000   -137.339    137.339      0.000
   131         3   (s)                -44    51    51   172   172   117     0   -116.224     23.501    661.342    671.889      0.500
   132         5   (b)                -44    50    50   173   173   102     0    112.155    -69.878    176.046    220.175      4.800
   133        -5   (bbar)             -44   113   113   174   174     0   113     50.583     47.813     92.432    115.808      4.800
   134        21   (g)                -44   119   119   175   175   123   134      9.431      2.080      1.177      9.729      0.000
   135        21   (g)                -44   114   114   176   176   139   101     -7.794     -5.634    130.425    130.780      0.000
   136        21   (g)                -44   126   126   177   177   142   132     -4.739     -0.092     16.648     17.310      0.000
   137        21   (g)                -44    98    98   178   178   120   124     -0.985     -3.191      7.737      8.426      0.000
   138        21   (g)                -44    78    78   179   179   112   127     -0.191     -3.005    -61.419     61.492      0.000
   139        21   (g)                -44   111   111   180   180   138   131      0.637      1.136      0.278      1.332      0.000
   140        21   (g)                -44   128   128   181   181   108   114     -0.647      0.269     13.595     13.613      0.000
   141        21   (g)                -44    81    81   182   182   128   119     -0.093     -1.962     -0.043      1.964      0.000
   142        21   (g)                -44    56    56   183   183   116   102      4.436     -4.152      8.802     10.695      0.000
   143        -3   (sbar)             -44   120   120   184   184     0   117    -19.943      4.042    115.910    117.683      0.500
   144        21   (g)                -44    55    55   185   185   119   116      2.150      0.317      2.846      3.581      0.000
   145        21   (g)                -44    58    58   186   186   101   120     -1.033      0.110      1.740      2.026      0.000
   146        21   (g)                -44   108   108   187   187   137   136     -2.109     -2.280     92.424     92.476      0.000
   147        21   (g)                -44   122   122   188   188   103   122     -9.263      2.495     57.799     58.590      0.000
   148        21   (g)                -44   117   117   189   189   109   140      3.292      0.996     -0.547      3.482      0.000
   149        21   (g)                -44    96    96   190   190   133   109      0.578     -0.930      0.759      1.333      0.000
   150        21   (g)                -44   125   125   191   191   125   126      0.279     -0.174      2.395      2.418      0.000
   151        21   (g)                -44   123   123   192   192   141   108      0.521      1.200      3.071      3.338      0.000
   152        21   (g)                -44    87    87   193   193   127   130     -0.212     -0.552     -2.282      2.358      0.000
   153        21   (g)                -44   104   104   194   194   115   128      0.017      0.360     -0.201      0.413      0.000
   154        21   (g)                -44    95    95   195   195   129   103     -0.315     -0.063      1.301      1.340      0.000
   155        21   (g)                -44   102   102   196   196   130   135     -0.316      0.332    -12.079     12.088      0.000
   156        21   (g)                -44    91    91   197   197   131   125     -0.175      1.365      3.137      3.425      0.000
   157        21   (g)                -44    94    94   198   198   132   129     -0.333      0.552      2.847      2.920      0.000
   158        21   (g)                -44    97    97   199   199   124   133     -0.826     -1.297      3.241      3.587      0.000
   159        21   (g)                -44   100   100   200   200   134   106      7.285      1.003      1.840      7.580      0.000
   160        21   (g)                -44   103   103   201   201   135   115      0.477      0.821     -4.608      4.705      0.000
   161        21   (g)                -44   116   116   202   202   136   121     -0.461      0.160     13.757     13.766      0.000
   162        21   (g)                -44   109   109   203   203   107   137      0.123      0.277      8.750      8.755      0.000
   163        21   (g)                -44   112   112   204   204   113   138      0.790      0.512      2.004      2.214      0.000
   164        21   (g)                -44   115   115   205   205   121   139     -2.917     -1.706     56.123     56.225      0.000
   165        21   (g)                -44   118   118   206   206   140   123      2.408      0.618      0.613      2.561      0.000
   166         3   (s)                -44   121   121   207   207   122     0    -26.454      4.883    155.035    157.352      0.500
   167        21   (g)                -44   124   124   208   208   126   141      0.094     -0.147      0.041      0.179      0.000
   168        21   (g)                -44   127   127   209   209   114   142      0.028      0.060      1.412      1.413      0.000
   169        21   (g)                -43   129     0   210   210   143   107     -0.256      0.161      6.201      6.208      0.000
   170         3   (s)                -61     1     0   129   129   143     0     -1.936      1.396   1697.888   1697.890      0.000
   171        21   (g)                -61     2     0   130   130   112   106      1.168      0.030   -137.336    137.341      0.000
   172         3   (s)                -62   131   131   221   221   117     0   -116.939     24.050    660.775    671.473      0.500
   173         5   (b)                -62   132   132   224   224   102     0    112.116    -69.710    176.608    220.552      4.800
   174        -5   (bbar)             -62   133   133   245   245     0   113     50.564     47.901     92.662    116.019      4.800
   175        21   (g)                -62   134   134   266   266   123   134      9.461      2.085      1.222      9.765      0.000
   176        21   (g)                -62   135   135   273   273   139   101     -7.941     -5.526    130.390    130.748      0.000
   177        21   (g)                -62   136   136   237   237   142   132     -4.755     -0.078     16.625     17.292      0.000
   178        21   (g)                -62   137   137   271   271   120   124     -0.991     -3.184      7.733      8.421      0.000
   179        21   (g)                -62   138   138   232   232   112   127      0.331     -2.992    -61.417     61.491      0.000
   180        21   (g)                -62   139   139   243   243   138   131      0.640      1.137      0.281      1.335      0.000
   181        21   (g)                -62   140   140   217     0   108   114     -0.662      0.280     13.592     13.611      0.000
   182        21   (g)                -62   141   141   227   227   128   119     -0.086     -1.961     -0.043      1.963      0.000
   183        21   (g)                -62   142   142   225   225   116   102      4.433     -4.143      8.824     10.709      0.000
   184        -3   (sbar)             -62   143   143   222   222     0   117    -20.069      4.139    115.812    117.612      0.500
   185        21   (g)                -62   144   144   226   226   119   116      2.150      0.320      2.856      3.589      0.000
   186        21   (g)                -62   145   145   272   272   101   120     -1.033      0.111      1.735      2.022      0.000
   187        21   (g)                -62   146   146   276   276   137   136     -2.214     -2.204     92.415     92.468      0.000
   188        21   (g)                -62   147   147   235   235   103   122     -9.326      2.543     57.754     58.557      0.000
   189        21   (g)                -62   148   148   268   268   109   140      3.307      0.998     -0.531      3.495      0.000
   190        21   (g)                -62   149   149   269   269   133   109      0.580     -0.929      0.762      1.335      0.000
   191        21   (g)                -62   150   150   241   241   125   126      0.276     -0.172      2.397      2.419      0.000
   192        21   (g)                -62   151   151   239   239   141   108      0.518      1.203      3.073      3.341      0.000
   193        21   (g)                -62   152   152   231   231   127   130     -0.192     -0.551     -2.283      2.356      0.000
   194        21   (g)                -62   153   153   228   228   115   128      0.020      0.360     -0.201      0.413      0.000
   195        21   (g)                -62   154   154   218     0   129   103     -0.317     -0.062      1.299      1.339      0.000
   196        21   (g)                -62   155   155   230   230   130   135     -0.213      0.334    -12.080     12.087      0.000
   197        21   (g)                -62   156   156   242   242   131   125     -0.178      1.367      3.136      3.426      0.000
   198        21   (g)                -62   157   157   218     0   132   129     -0.336      0.554      2.846      2.919      0.000
   199        21   (g)                -62   158   158   270   270   124   133     -0.828     -1.295      3.237      3.583      0.000
   200        21   (g)                -62   159   159   265   265   134   106      7.304      1.008      1.875      7.608      0.000
   201        21   (g)                -62   160   160   229   229   135   115      0.517      0.822     -4.606      4.707      0.000
   202        21   (g)                -62   161   161   275   275   136   121     -0.477      0.171     13.755     13.764      0.000
   203        21   (g)                -62   162   162   216     0   107   137      0.113      0.284      8.750      8.756      0.000
   204        21   (g)                -62   163   163   244   244   113   138      0.789      0.514      2.008      2.217      0.000
   205        21   (g)                -62   164   164   274   274   121   139     -2.980     -1.660     56.110     56.213      0.000
   206        21   (g)                -62   165   165   267   267   140   123      2.415      0.619      0.625      2.570      0.000
   207         3   (s)                -62   166   166   234   234   122     0    -26.622      5.012    154.906    157.257      0.500
   208        21   (g)                -62   167   167   240   240   126   141      0.094     -0.147      0.041      0.179      0.000
   209        21   (g)                -62   168   168   217     0   114   142      0.027      0.061      1.412      1.413      0.000
   210        21   (g)                -62   169   169   216     0   143   107     -0.264      0.166      6.200      6.207      0.000
   211      2101   (ud_0)             -63     1     0   278   278     0   143      0.979     -0.693    482.921    482.923      0.579
   212         2   (u)                -63     1     0   219   220   145     0      0.617     -0.767    123.311    123.315      0.330
   213        -3   (sbar)             -63     1     0   219   220     0   145      0.340      0.064    205.872    205.873      0.500
   214         2   (u)                -63     2     0   264   264   106     0     -0.791      0.037   -453.681    453.681      0.330
   215      2101   (ud_0)             -63     2     0   233   233     0   112     -0.377     -0.067  -1918.976   1918.976      0.579
   216        21   (g)                -73   203   210   277   277   143   137     -0.151      0.450     14.950     14.963      0.410
   217        21   (g)                -73   181   209   238   238   108   142     -0.635      0.342     15.004     15.024      0.313
   218        21   (g)                -73   195   198   236   236   132   103     -0.653      0.493      4.145      4.257      0.524
   219       323   (K*+)              -82   212   213   332   333     0     0      0.586     -0.475    210.204    210.207      0.883
   220       221   (eta)              -82   212   213   372   373     0     0      0.372     -0.228    118.979    118.981      0.548
   221         3   (s)                -71   172   172   223   223   117     0   -116.939     24.050    660.775    671.473      0.500
   222        -3   (sbar)             -71   184   184   223   223     0   117    -20.069      4.139    115.812    117.612      0.500
   223       333   (phi)              -81   221   222   374   375     0     0   -137.007     28.189    776.588    789.085      1.017
   224         5   (b)                -72   173   173   308   331   102     0    112.116    -69.710    176.608    220.552      4.800
   225        21   (g)                -72   183   183   308   331   116   102      4.433     -4.143      8.824     10.709      0.000
   226        21   (g)                -72   185   185   308   331   119   116      2.150      0.320      2.856      3.589      0.000
   227        21   (g)                -72   182   182   308   331   128   119     -0.086     -1.961     -0.043      1.963      0.000
   228        21   (g)                -72   194   194   308   331   115   128      0.020      0.360     -0.201      0.413      0.000
   229        21   (g)                -72   201   201   308   331   135   115      0.517      0.822     -4.606      4.707      0.000
   230        21   (g)                -72   196   196   308   331   130   135     -0.213      0.334    -12.080     12.087      0.000
   231        21   (g)                -72   193   193   308   331   127   130     -0.192     -0.551     -2.283      2.356      0.000
   232        21   (g)                -72   179   179   308   331   112   127      0.331     -2.992    -61.417     61.491      0.000
   233      2101   (ud_0)             -72   215   215   308   331     0   112     -0.377     -0.067  -1918.977   1918.977      0.579
   234         3   (s)                -71   207   207   246   263   122     0    -26.622      5.012    154.906    157.257      0.500
   235        21   (g)                -71   188   188   246   263   103   122     -9.326      2.543     57.754     58.557      0.000
   236        21   (g)                -71   218   218   246   263   132   103     -0.653      0.493      4.145      4.257      0.524
   237        21   (g)                -71   177   177   246   263   142   132     -4.755     -0.078     16.625     17.292      0.000
   238        21   (g)                -71   217   217   246   263   108   142     -0.635      0.342     15.004     15.024      0.313
   239        21   (g)                -71   192   192   246   263   141   108      0.518      1.203      3.073      3.341      0.000
   240        21   (g)                -71   208   208   246   263   126   141      0.094     -0.147      0.041      0.179      0.000
   241        21   (g)                -71   191   191   246   263   125   126      0.276     -0.172      2.397      2.419      0.000
   242        21   (g)                -71   197   197   246   263   131   125     -0.178      1.367      3.136      3.426      0.000
   243        21   (g)                -71   180   180   246   263   138   131      0.640      1.137      0.281      1.335      0.000
   244        21   (g)                -71   204   204   246   263   113   138      0.789      0.514      2.008      2.217      0.000
   245        -5   (bbar)             -71   174   174   246   263     0   113     50.564     47.901     92.662    116.019      4.800
   246      -321   K-                  83   234   245     0     0     0     0    -21.815      4.224    126.571    128.507      0.494
   247       321   K+                  83   234   245     0     0     0     0     -7.377      1.584     44.607     45.243      0.494
   248      -323   (K*-)              -83   234   245   334   335     0     0     -3.666      0.837     22.627     22.954      0.896
   249       223   (omega)            -83   234   245   376   378     0     0     -2.370      0.208     12.939     13.180      0.792
   250       213   (rho+)             -83   234   245   336   337     0     0     -2.180      0.566      9.256      9.554      0.731
   251       313   (K*0)              -83   234   245   338   339     0     0     -1.161      0.291     10.329     10.440      0.934
   252      -311   (Kbar0)            -83   234   245   340   340     0     0     -1.509      0.589      6.787      6.996      0.498
   253       223   (omega)            -83   234   245   379   381     0     0     -1.476      0.231      7.501      7.687      0.767
   254       221   (eta)              -84   234   245   382   383     0     0     -0.145      0.129      2.845      2.904      0.548
   255      3214   (Sigma*0)          -84   234   245   341   342     0     0      0.334      0.164      5.999      6.166      1.376
   256     -3224   (Sigma*bar-)       -84   234   245   343   344     0     0      0.022      1.369      4.689      5.069      1.354
   257      2212   p+                  84   234   245     0     0     0     0      0.252      0.353      0.982      1.425      0.938
   258     -2112   nbar0               84   234   245     0     0     0     0      0.641      1.004      2.671      3.072      0.940
   259      -213   (rho-)             -84   234   245   345   346     0     0      0.767      0.844      1.817      2.291      0.805
   260       211   pi+                 84   234   245     0     0     0     0      0.216      0.106      0.604      0.665      0.140
   261      -213   (rho-)             -84   234   245   347   348     0     0      3.580      3.658      6.552      8.354      0.811
   262       321   K+                  84   234   245     0     0     0     0      3.782      3.290      6.075      7.892      0.494
   263       533   (B*_s0)            -84   234   245   384   385     0     0     42.818     40.667     79.181     98.925      5.415
   264         2   (u)                -71   214   214   279   307   106     0     -0.791      0.037   -453.681    453.681      0.330
   265        21   (g)                -71   200   200   279   307   134   106      7.304      1.008      1.875      7.608      0.000
   266        21   (g)                -71   175   175   279   307   123   134      9.461      2.085      1.222      9.765      0.000
   267        21   (g)                -71   206   206   279   307   140   123      2.415      0.619      0.625      2.570      0.000
   268        21   (g)                -71   189   189   279   307   109   140      3.307      0.998     -0.531      3.495      0.000
   269        21   (g)                -71   190   190   279   307   133   109      0.580     -0.929      0.762      1.335      0.000
   270        21   (g)                -71   199   199   279   307   124   133     -0.828     -1.295      3.237      3.583      0.000
   271        21   (g)                -71   178   178   279   307   120   124     -0.991     -3.184      7.733      8.421      0.000
   272        21   (g)                -71   186   186   279   307   101   120     -1.033      0.111      1.735      2.022      0.000
   273        21   (g)                -71   176   176   279   307   139   101     -7.941     -5.526    130.390    130.748      0.000
   274        21   (g)                -71   205   205   279   307   121   139     -2.980     -1.660     56.110     56.213      0.000
   275        21   (g)                -71   202   202   279   307   136   121     -0.477      0.171     13.755     13.764      0.000
   276        21   (g)                -71   187   187   279   307   137   136     -2.214     -2.204     92.415     92.468      0.000
   277        21   (g)                -71   216   216   279   307   143   137     -0.151      0.450     14.950     14.963      0.410
   278      2101   (ud_0)             -71   211   211   279   307     0   143      0.979     -0.693    482.921    482.923      0.579
   279       321   K+                  83   264   278     0     0     0     0     -0.367      0.066   -289.152    289.152      0.494
   280      -311   (Kbar0)            -83   264   278   349   349     0     0     -0.766     -0.024   -156.298    156.301      0.498
   281       111   (pi0)              -83   264   278   386   387     0     0      0.609      0.050     -3.933      3.983      0.135
   282      -211   pi-                 83   264   278     0     0     0     0      0.544      0.158     -0.105      0.593      0.140
   283       211   pi+                 83   264   278     0     0     0     0     -0.486     -0.101     -3.912      3.946      0.140
   284      -211   pi-                 83   264   278     0     0     0     0      0.597     -0.069      0.045      0.619      0.140
   285       321   K+                  83   264   278     0     0     0     0      2.985      0.290      0.517      3.083      0.494
   286      -311   (Kbar0)            -83   264   278   350   350     0     0      6.030      1.359      0.847      6.259      0.498
   287       311   (K0)               -83   264   278   351   351     0     0      1.247      0.515     -0.209      1.453      0.498
   288      -311   (Kbar0)            -83   264   278   352   352     0     0      7.399      1.384      1.966      7.796      0.498
   289      -211   pi-                 83   264   278     0     0     0     0      0.099      0.096      0.032      0.199      0.140
   290      2214   (Delta+)           -83   264   278   353   354     0     0      2.316      0.225      0.642      2.770      1.358
   291       221   (eta)              -83   264   278   388   390     0     0      1.520     -0.171     -0.405      1.675      0.548
   292     -2212   pbar-               83   264   278     0     0     0     0      0.363     -0.162      1.335      1.679      0.938
   293       223   (omega)            -84   264   278   391   393     0     0     -0.526     -1.729      4.508      4.920      0.782
   294       221   (eta)              -84   264   278   394   396     0     0     -1.062     -1.104      3.165      3.559      0.548
   295       223   (omega)            -84   264   278   397   399     0     0     -0.205     -0.811      2.089      2.382      0.782
   296       211   pi+                 84   264   278     0     0     0     0     -1.389     -1.035      9.596      9.753      0.140
   297       111   (pi0)              -84   264   278   400   401     0     0      0.219      0.157      0.982      1.027      0.135
   298      -211   pi-                 84   264   278     0     0     0     0     -0.307     -0.343      1.451      1.529      0.140
   299       223   (omega)            -84   264   278   402   404     0     0     -1.502     -0.585     24.627     24.692      0.784
   300       211   pi+                 84   264   278     0     0     0     0     -1.898     -1.148     22.983     23.090      0.140
   301       113   (rho0)             -84   264   278   355   356     0     0     -4.035     -2.978     73.707     73.886      1.118
   302      -211   pi-                 84   264   278     0     0     0     0     -4.403     -2.783    100.603    100.738      0.140
   303       111   (pi0)              -84   264   278   405   406     0     0      0.114     -0.058     15.592     15.593      0.135
   304       213   (rho+)             -84   264   278   357   358     0     0     -0.675     -0.560     75.723     75.742      1.426
   305       223   (omega)            -84   264   278   407   409     0     0     -0.490     -0.547     42.600     42.614      0.779
   306       223   (omega)            -84   264   278   410   412     0     0      0.179      0.392     66.493     66.500      0.858
   307      2112   n0                  84   264   278     0     0     0     0      0.530     -0.495    358.029    358.031      0.940
   308      -513   (B*bar0)           -83   224   233   413   414     0     0    106.867    -66.171    168.440    210.236      5.325
   309      -213   (rho-)             -83   224   233   359   360     0     0      6.629     -4.777     11.273     13.972      1.172
   310      2212   p+                  83   224   233     0     0     0     0      2.738     -2.114      4.433      5.701      0.938
   311       111   (pi0)              -83   224   233   415   416     0     0      0.715     -0.039      1.374      1.555      0.135
   312     -2212   pbar-               83   224   233     0     0     0     0      0.339     -0.662      1.172      1.675      0.938
   313       111   (pi0)              -83   224   233   417   418     0     0      0.165     -0.804      0.230      0.863      0.135
   314       211   pi+                 83   224   233     0     0     0     0      0.703     -0.136      0.022      0.730      0.140
   315      -211   pi-                 83   224   233     0     0     0     0      0.324      0.402      0.740      0.913      0.140
   316       211   pi+                 83   224   233     0     0     0     0      0.149      0.295     -0.148      0.389      0.140
   317      -211   pi-                 83   224   233     0     0     0     0     -0.436     -0.069      0.072      0.469      0.140
   318       211   pi+                 83   224   233     0     0     0     0      0.407     -0.200     -0.275      0.549      0.140
   319       223   (omega)            -83   224   233   419   421     0     0     -0.149     -0.846     -1.329      1.765      0.782
   320       111   (pi0)              -83   224   233   422   423     0     0      0.808      0.312     -0.959      1.300      0.135
   321       223   (omega)            -83   224   233   424   426     0     0     -0.016     -0.167     -2.670      2.786      0.777
   322       111   (pi0)              -83   224   233   427   428     0     0     -0.661      0.598     -3.732      3.840      0.135
   323      -211   pi-                 83   224   233     0     0     0     0      0.133      0.091     -0.474      0.520      0.140
   324       113   (rho0)             -83   224   233   361   362     0     0     -0.128     -0.255    -10.945     10.971      0.706
   325       211   pi+                 84   224   233     0     0     0     0      0.317     -2.082    -48.136     48.183      0.140
   326      -213   (rho-)             -84   224   233   363   364     0     0      0.082     -0.522    -87.088     87.095      0.958
   327      2112   n0                  84   224   233     0     0     0     0     -0.154     -0.086   -170.380    170.383      0.940
   328     -2114   (Deltabar0)        -84   224   233   365   366     0     0     -0.098     -0.110   -140.923    140.929      1.294
   329       211   pi+                 84   224   233     0     0     0     0      0.111     -0.225     -9.797      9.801      0.140
   330      -213   (rho-)             -84   224   233   367   368     0     0     -0.241      0.626   -576.082    576.084      1.213
   331      2212   p+                  84   224   233     0     0     0     0      0.095     -0.650   -946.136    946.136      0.938
   332       311   (K0)               -91   219     0   369   369     0     0      0.108     -0.086    110.535    110.536      0.498
   333       211   pi+                 91   219     0     0     0     0     0      0.478     -0.389     99.669     99.671      0.140
   334      -311   (Kbar0)            -91   248     0   370   370     0     0     -2.047      0.241     13.434     13.600      0.498
   335      -211   pi-                 91   248     0     0     0     0     0     -1.618      0.596      9.193      9.354      0.140
   336       211   pi+                 91   250     0     0     0     0     0     -0.723     -0.129      3.012      3.104      0.140
   337       111   (pi0)              -91   250     0   429   430     0     0     -1.457      0.695      6.243      6.450      0.135
   338       311   (K0)               -91   251     0   371   371     0     0     -0.397      0.226      3.330      3.398      0.498
   339       111   (pi0)              -91   251     0   431   432     0     0     -0.764      0.065      6.999      7.043      0.135
   340       130   K_L0                91   252   252     0     0     0     0     -1.509      0.589      6.787      6.996      0.498
   341      3122   Lambda0             91   255     0     0     0     0     0      0.407      0.291      5.286      5.426      1.116
   342       111   (pi0)              -91   255     0   433   434     0     0     -0.073     -0.127      0.713      0.740      0.135
   343     -3122   Lambdabar0          91   256     0     0     0     0     0      0.005      0.897      3.585      3.860      1.116
   344      -211   pi-                 91   256     0     0     0     0     0      0.017      0.472      1.104      1.209      0.140
   345      -211   pi-                 91   259     0     0     0     0     0      0.388      0.129      0.196      0.474      0.140
   346       111   (pi0)              -91   259     0   435   436     0     0      0.380      0.715      1.621      1.817      0.135
   347      -211   pi-                 91   261     0     0     0     0     0      0.680      0.351      1.100      1.348      0.140
   348       111   (pi0)              -91   261     0   437   438     0     0      2.899      3.307      5.452      7.006      0.135
   349       130   K_L0                91   280   280     0     0     0     0     -0.766     -0.024   -156.298    156.301      0.498
   350       310   K_S0                91   286   286     0     0     0     0      6.030      1.359      0.847      6.259      0.498
   351       130   K_L0                91   287   287     0     0     0     0      1.247      0.515     -0.209      1.453      0.498
   352       310   K_S0                91   288   288     0     0     0     0      7.399      1.384      1.966      7.796      0.498
   353      2212   p+                  91   290     0     0     0     0     0      1.930      0.488      0.447      2.246      0.938
   354       111   (pi0)              -91   290     0   439   440     0     0      0.386     -0.263      0.195      0.524      0.135
   355       211   pi+                 91   301     0     0     0     0     0     -0.861     -1.233     20.586     20.641      0.140
   356      -211   pi-                 91   301     0     0     0     0     0     -3.174     -1.745     53.121     53.245      0.140
   357       211   pi+                 91   304     0     0     0     0     0     -0.733      0.282     42.740     42.748      0.140
   358       111   (pi0)              -91   304     0   441   442     0     0      0.058     -0.842     32.983     32.994      0.135
   359      -211   pi-                 91   309     0     0     0     0     0      3.644     -1.988      6.086      7.368      0.140
   360       111   (pi0)              -91   309     0   443   444     0     0      2.985     -2.789      5.187      6.604      0.135
   361       211   pi+                 91   324     0     0     0     0     0      0.185      0.019     -1.676      1.692      0.140
   362      -211   pi-                 91   324     0     0     0     0     0     -0.313     -0.274     -9.269      9.279      0.140
   363      -211   pi-                 91   326     0     0     0     0     0     -0.257      0.145    -31.304     31.305      0.140
   364       111   (pi0)              -91   326     0   445   446     0     0      0.338     -0.667    -55.785     55.790      0.135
   365     -2112   nbar0               91   328     0     0     0     0     0     -0.008      0.027    -78.136     78.142      0.940
   366       111   (pi0)              -91   328     0   447   448     0     0     -0.091     -0.137    -62.787     62.787      0.135
   367      -211   pi-                 91   330     0     0     0     0     0     -0.654      0.400   -456.766    456.767      0.140
   368       111   (pi0)              -91   330     0   449   450     0     0      0.412      0.226   -119.316    119.317      0.135
   369       310   K_S0                91   332   332     0     0     0     0      0.108     -0.086    110.535    110.536      0.498
   370       130   K_L0                91   334   334     0     0     0     0     -2.047      0.241     13.434     13.600      0.498
   371       130   K_L0                91   338   338     0     0     0     0     -0.397      0.226      3.330      3.398      0.498
   372        22   gamma               91   220     0     0     0     0     0      0.219      0.087     83.448     83.449      0.000
   373        22   gamma               91   220     0     0     0     0     0      0.152     -0.315     35.531     35.532      0.000
   374       321   K+                  91   223     0     0     0     0     0    -77.776     16.092    441.227    448.318      0.494
   375      -321   K-                  91   223     0     0     0     0     0    -59.232     12.097    335.361    340.767      0.494
   376       211   pi+                 91   249     0     0     0     0     0     -0.830      0.054      4.936      5.007      0.140
   377      -211   pi-                 91   249     0     0     0     0     0     -1.250      0.044      5.264      5.413      0.140
   378       111   (pi0)              -91   249     0   451   452     0     0     -0.289      0.110      2.739      2.759      0.135
   379       211   pi+                 91   253     0     0     0     0     0     -0.372      0.265      2.009      2.065      0.140
   380      -211   pi-                 91   253     0     0     0     0     0     -0.953     -0.074      3.967      4.083      0.140
   381       111   (pi0)              -91   253     0   453   454     0     0     -0.152      0.040      1.525      1.539      0.135
   382        22   gamma               91   254     0     0     0     0     0     -0.055      0.144      0.179      0.236      0.000
   383        22   gamma               91   254     0     0     0     0     0     -0.090     -0.014      2.667      2.668      0.000
   384       531   (B_s0)             -91   263     0   455   459     0     0     42.544     40.343     78.595     98.201      5.367
   385        22   gamma               91   263     0     0     0     0     0      0.275      0.324      0.586      0.724      0.000
   386        22   gamma               91   281     0     0     0     0     0      0.471      0.014     -2.651      2.692      0.000
   387        22   gamma               91   281     0     0     0     0     0      0.138      0.036     -1.283      1.291      0.000
   388       111   (pi0)              -91   291     0   460   461     0     0      0.213     -0.026     -0.143      0.291      0.135
   389       111   (pi0)              -91   291     0   462   463     0     0      1.062     -0.115     -0.222      1.100      0.135
   390       111   (pi0)              -91   291     0   464   465     0     0      0.244     -0.029     -0.040      0.284      0.135
   391       211   pi+                 91   293     0     0     0     0     0      0.073     -0.409      0.916      1.015      0.140
   392      -211   pi-                 91   293     0     0     0     0     0     -0.409     -0.464      1.306      1.452      0.140
   393       111   (pi0)              -91   293     0   466   467     0     0     -0.190     -0.856      2.286      2.453      0.135
   394       111   (pi0)              -91   294     0   468   469     0     0     -0.300     -0.301      0.731      0.856      0.135
   395       111   (pi0)              -91   294     0   470   471     0     0     -0.230     -0.417      1.192      1.291      0.135
   396       111   (pi0)              -91   294     0   472   473     0     0     -0.532     -0.386      1.242      1.412      0.135
   397       211   pi+                 91   295     0     0     0     0     0     -0.175     -0.213      0.466      0.560      0.140
   398      -211   pi-                 91   295     0     0     0     0     0     -0.016     -0.339      0.318      0.485      0.140
   399       111   (pi0)              -91   295     0   474   475     0     0     -0.014     -0.259      1.305      1.338      0.135
   400        22   gamma               91   297     0     0     0     0     0      0.236      0.158      0.917      0.960      0.000
   401        22   gamma               91   297     0     0     0     0     0     -0.017     -0.001      0.065      0.067      0.000
   402       211   pi+                 91   299     0     0     0     0     0     -0.430     -0.042      4.939      4.960      0.140
   403      -211   pi-                 91   299     0     0     0     0     0     -0.345     -0.203      3.812      3.836      0.140
   404       111   (pi0)              -91   299     0   476   477     0     0     -0.728     -0.339     15.875     15.896      0.135
   405        22   gamma               91   303     0     0     0     0     0      0.112     -0.096     13.104     13.105      0.000
   406        22   gamma               91   303     0     0     0     0     0      0.002      0.038      2.488      2.488      0.000
   407       211   pi+                 91   305     0     0     0     0     0     -0.279     -0.448     16.980     16.989      0.140
   408      -211   pi-                 91   305     0     0     0     0     0      0.048     -0.057     14.171     14.172      0.140
   409       111   (pi0)              -91   305     0   478   479     0     0     -0.258     -0.042     11.449     11.453      0.135
   410       211   pi+                 91   306     0     0     0     0     0      0.288      0.378     37.784     37.787      0.140
   411      -211   pi-                 91   306     0     0     0     0     0     -0.204      0.102     18.993     18.995      0.140
   412       111   (pi0)              -91   306     0   480   481     0     0      0.095     -0.088      9.716      9.717      0.135
   413      -511   (Bbar0)            -91   308     0   482   484     0     0    105.619    -65.349    166.430    207.732      5.280
   414        22   gamma               91   308     0     0     0     0     0      1.248     -0.821      2.010      2.504      0.000
   415        22   gamma               91   311     0     0     0     0     0      0.507     -0.070      1.064      1.181      0.000
   416        22   gamma               91   311     0     0     0     0     0      0.208      0.031      0.310      0.375      0.000
   417        22   gamma               91   313     0     0     0     0     0     -0.009     -0.259      0.055      0.264      0.000
   418        22   gamma               91   313     0     0     0     0     0      0.173     -0.546      0.175      0.599      0.000
   419       211   pi+                 91   319     0     0     0     0     0     -0.030     -0.189     -0.037      0.240      0.140
   420      -211   pi-                 91   319     0     0     0     0     0     -0.058     -0.065     -0.494      0.520      0.140
   421       111   (pi0)              -91   319     0   485   486     0     0     -0.060     -0.592     -0.799      1.005      0.135
   422        22   gamma               91   320     0     0     0     0     0      0.237      0.060     -0.194      0.312      0.000
   423        22   gamma               91   320     0     0     0     0     0      0.572      0.252     -0.765      0.987      0.000
   424       211   pi+                 91   321     0     0     0     0     0      0.063     -0.134     -0.457      0.500      0.140
   425      -211   pi-                 91   321     0     0     0     0     0      0.091      0.189     -1.213      1.238      0.140
   426       111   (pi0)              -91   321     0   487   488     0     0     -0.169     -0.221     -1.001      1.048      0.135
   427        22   gamma               91   322     0     0     0     0     0     -0.254      0.266     -1.803      1.840      0.000
   428        22   gamma               91   322     0     0     0     0     0     -0.407      0.332     -1.929      1.999      0.000
   429        22   gamma               91   337     0     0     0     0     0     -0.875      0.469      3.643      3.776      0.000
   430        22   gamma               91   337     0     0     0     0     0     -0.582      0.227      2.600      2.674      0.000
   431        22   gamma               91   339     0     0     0     0     0     -0.609      0.103      5.395      5.430      0.000
   432        22   gamma               91   339     0     0     0     0     0     -0.155     -0.038      1.605      1.612      0.000
   433        22   gamma               91   342     0     0     0     0     0     -0.056     -0.112      0.704      0.715      0.000
   434        22   gamma               91   342     0     0     0     0     0     -0.017     -0.016      0.009      0.025      0.000
   435        22   gamma               91   346     0     0     0     0     0      0.196      0.355      0.662      0.776      0.000
   436        22   gamma               91   346     0     0     0     0     0      0.184      0.360      0.959      1.041      0.000
   437        22   gamma               91   348     0     0     0     0     0      0.438      0.432      0.784      0.996      0.000
   438        22   gamma               91   348     0     0     0     0     0      2.461      2.875      4.668      6.010      0.000
   439        22   gamma               91   354     0     0     0     0     0      0.219     -0.215      0.086      0.319      0.000
   440        22   gamma               91   354     0     0     0     0     0      0.166     -0.048      0.109      0.205      0.000
   441        22   gamma               91   358     0     0     0     0     0     -0.023     -0.052      3.101      3.101      0.000
   442        22   gamma               91   358     0     0     0     0     0      0.082     -0.789     29.882     29.893      0.000
   443        22   gamma               91   360     0     0     0     0     0      2.122     -1.930      3.719      4.697      0.000
   444        22   gamma               91   360     0     0     0     0     0      0.863     -0.859      1.468      1.907      0.000
   445        22   gamma               91   364     0     0     0     0     0      0.110     -0.101    -10.516     10.517      0.000
   446        22   gamma               91   364     0     0     0     0     0      0.228     -0.566    -45.269     45.273      0.000
   447        22   gamma               91   366     0     0     0     0     0     -0.071     -0.111    -60.311     60.312      0.000
   448        22   gamma               91   366     0     0     0     0     0     -0.020     -0.026     -2.476      2.476      0.000
   449        22   gamma               91   368     0     0     0     0     0      0.306      0.229    -90.653     90.654      0.000
   450        22   gamma               91   368     0     0     0     0     0      0.107     -0.003    -28.663     28.663      0.000
   451        22   gamma               91   378     0     0     0     0     0     -0.262      0.117      2.665      2.680      0.000
   452        22   gamma               91   378     0     0     0     0     0     -0.027     -0.008      0.074      0.079      0.000
   453        22   gamma               91   381     0     0     0     0     0     -0.140      0.064      1.467      1.475      0.000
   454        22   gamma               91   381     0     0     0     0     0     -0.012     -0.024      0.057      0.063      0.000
   455      -431   (D_s-)             -91   384     0   489   490     0     0     24.151     22.827     44.769     55.790      1.968
   456       211   pi+                 91   384     0     0     0     0     0      5.210      4.766      9.229     11.621      0.140
   457      -211   pi-                 91   384     0     0     0     0     0      4.105      4.618      8.057     10.154      0.140
   458       213   (rho+)             -91   384     0   491   492     0     0      5.558      4.832      8.960     11.617      0.664
   459       223   (omega)            -91   384     0   493   495     0     0      3.519      3.299      7.581      9.019      0.775
   460        22   gamma               91   388     0     0     0     0     0      0.095     -0.079     -0.083      0.148      0.000
   461        22   gamma               91   388     0     0     0     0     0      0.119      0.052     -0.060      0.143      0.000
   462        22   gamma               91   389     0     0     0     0     0      1.031     -0.105     -0.190      1.054      0.000
   463        22   gamma               91   389     0     0     0     0     0      0.031     -0.011     -0.032      0.046      0.000
   464        22   gamma               91   390     0     0     0     0     0      0.239     -0.038     -0.070      0.252      0.000
   465        22   gamma               91   390     0     0     0     0     0      0.005      0.009      0.030      0.032      0.000
   466        22   gamma               91   393     0     0     0     0     0      0.004     -0.238      0.679      0.720      0.000
   467        22   gamma               91   393     0     0     0     0     0     -0.194     -0.618      1.607      1.733      0.000
   468        22   gamma               91   394     0     0     0     0     0     -0.125     -0.090      0.387      0.417      0.000
   469        22   gamma               91   394     0     0     0     0     0     -0.175     -0.210      0.344      0.439      0.000
   470        22   gamma               91   395     0     0     0     0     0     -0.233     -0.382      1.159      1.242      0.000
   471        22   gamma               91   395     0     0     0     0     0      0.003     -0.036      0.034      0.049      0.000
   472        22   gamma               91   396     0     0     0     0     0     -0.327     -0.295      0.911      1.012      0.000
   473        22   gamma               91   396     0     0     0     0     0     -0.205     -0.091      0.331      0.400      0.000
   474        22   gamma               91   399     0     0     0     0     0      0.058     -0.086      0.399      0.413      0.000
   475        22   gamma               91   399     0     0     0     0     0     -0.072     -0.174      0.906      0.925      0.000
   476        22   gamma               91   404     0     0     0     0     0     -0.661     -0.326     15.056     15.074      0.000
   477        22   gamma               91   404     0     0     0     0     0     -0.067     -0.014      0.819      0.822      0.000
   478        22   gamma               91   409     0     0     0     0     0     -0.063     -0.011      5.760      5.760      0.000
   479        22   gamma               91   409     0     0     0     0     0     -0.195     -0.030      5.689      5.692      0.000
   480        22   gamma               91   412     0     0     0     0     0      0.004      0.034      1.634      1.635      0.000
   481        22   gamma               91   412     0     0     0     0     0      0.091     -0.122      8.081      8.083      0.000
   482       -14   nu_mubar            91   413     0     0     0     0     0      0.287     -0.292      0.513      0.656      0.000
   483        13   mu-                 91   413     0     0     0     0     0      3.959     -2.288      7.634      8.900      0.106
   484       413   (D*+)              -91   413     0   496   497     0     0    101.373    -62.770    158.283    198.177      2.010
   485        22   gamma               91   421     0     0     0     0     0     -0.080     -0.174     -0.266      0.327      0.000
   486        22   gamma               91   421     0     0     0     0     0      0.019     -0.418     -0.533      0.677      0.000
   487        22   gamma               91   426     0     0     0     0     0     -0.084     -0.025     -0.196      0.215      0.000
   488        22   gamma               91   426     0     0     0     0     0     -0.084     -0.196     -0.805      0.833      0.000
   489      -323   (K*-)              -91   455     0   498   499     0     0     13.819     12.472     24.615     30.870      0.770
   490       313   (K*0)              -91   455     0   500   501     0     0     10.333     10.355     20.154     24.919      0.888
   491       211   pi+                 91   458     0     0     0     0     0      4.165      3.373      6.211      8.205      0.140
   492       111   (pi0)              -91   458     0   502   503     0     0      1.393      1.459      2.749      3.413      0.135
   493       211   pi+                 91   459     0     0     0     0     0      1.036      1.098      2.738      3.130      0.140
   494      -211   pi-                 91   459     0     0     0     0     0      2.261      1.998      4.396      5.334      0.140
   495       111   (pi0)              -91   459     0   504   505     0     0      0.222      0.203      0.447      0.555      0.135
   496       411   (D+)               -91   484     0   506   509     0     0     93.704    -58.002    146.241    183.125      1.870
   497       111   (pi0)              -91   484     0   510   511     0     0      7.669     -4.767     12.041     15.052      0.135
   498      -321   K-                  91   489     0     0     0     0     0      9.070      8.214     15.862     20.039      0.494
   499       111   (pi0)              -91   489     0   512   513     0     0      4.749      4.258      8.753     10.831      0.135
   500       311   (K0)               -91   490     0   514   514     0     0      3.725      3.630      7.022      8.753      0.498
   501       111   (pi0)              -91   490     0   515   516     0     0      6.608      6.725     13.132     16.167      0.135
   502        22   gamma               91   492     0     0     0     0     0      0.291      0.372      0.700      0.844      0.000
   503        22   gamma               91   492     0     0     0     0     0      1.102      1.088      2.049      2.568      0.000
   504        22   gamma               91   495     0     0     0     0     0      0.044     -0.016      0.077      0.090      0.000
   505        22   gamma               91   495     0     0     0     0     0      0.178      0.219      0.370      0.465      0.000
   506       -13   mu+                 91   496     0     0     0     0     0     22.602    -13.384     35.226     43.941      0.106
   507        14   nu_mu               91   496     0     0     0     0     0      0.550     -0.343      0.980      1.175      0.000
   508       311   (K0)               -91   496     0   517   517     0     0     63.698    -39.825     99.225    124.456      0.498
   509       111   (pi0)              -91   496     0   518   519     0     0      6.854     -4.450     10.810     13.552      0.135
   510        22   gamma               91   497     0     0     0     0     0      6.029     -3.741      9.369     11.752      0.000
   511        22   gamma               91   497     0     0     0     0     0      1.640     -1.026      2.673      3.299      0.000
   512        22   gamma               91   499     0     0     0     0     0      3.661      3.358      6.827      8.443      0.000
   513        22   gamma               91   499     0     0     0     0     0      1.087      0.900      1.926      2.388      0.000
   514       310   K_S0                91   500   500     0     0     0     0      3.725      3.630      7.022      8.753      0.498
   515        22   gamma               91   501     0     0     0     0     0      6.050      6.178     12.102     14.874      0.000
   516        22   gamma               91   501     0     0     0     0     0      0.557      0.548      1.030      1.293      0.000
   517       130   K_L0                91   508   508     0     0     0     0     63.698    -39.825     99.225    124.456      0.498
   518        22   gamma               91   509     0     0     0     0     0      2.549     -1.677      4.140      5.143      0.000
   519        22   gamma               91   509     0     0     0     0     0      4.305     -2.774      6.670      8.410      0.000
                                   Charge sum:  2.000           Momentum sum:     -0.000      0.000      0.000   5020.000   5020.000

 --------  End PYTHIA Event Listing  -----------------------------------------------------------------------------------------------
0	0%, nTried:2, nTrial:2, sigma:0.000
#--------------------------------------------------------------------------
#                         FastJet release 3.2.1
#                 M. Cacciari, G.P. Salam and G. Soyez                  
#     A software package for jet finding and analysis at colliders      
#                           http://fastjet.fr                           
#	                                                                      
# Please cite EPJC72(2012)1896 [arXiv:1111.6097] if you use this package
# for scientific work and optionally PLB641(2006)57 [hep-ph/0512210].   
#                                                                       
# FastJet is provided without warranty under the terms of the GNU GPLv2.
# It uses T. Chan's closest pair algorithm, S. Fortune's Voronoi code,
# CGAL and 3rd party plugin jet algorithms. See COPYING file for details.
#--------------------------------------------------------------------------
 PYTHIA Warning in StringFragmentation::fragmentToJunction: bad convergence junction rest frame  
500	5%, nTried:4065, nTrial:1, sigma:0.000
 PYTHIA Error in StringFragmentation::fragment: stuck in joining  
 PYTHIA Error in Pythia::next: hadronLevel failed; try again  

 Pythia::next(): 1000 events have been generated 
1000	10%, nTried:8050, nTrial:10, sigma:0.000
1500	15%, nTried:12039, nTrial:1, sigma:0.000

 Pythia::next(): 2000 events have been generated 
2000	20%, nTried:16098, nTrial:12, sigma:0.000
2500	25%, nTried:20043, nTrial:13, sigma:0.000

 Pythia::next(): 3000 events have been generated 
3000	30%, nTried:23967, nTrial:1, sigma:0.000
3500	35%, nTried:28063, nTrial:2, sigma:0.000
 PYTHIA Error in SpaceShower::pT2nearThreshold: stuck in loop  

 Pythia::next(): 4000 events have been generated 
4000	40%, nTried:32227, nTrial:1, sigma:0.000
4500	45%, nTried:36512, nTrial:4, sigma:0.000

 Pythia::next(): 5000 events have been generated 
5000	50%, nTried:40464, nTrial:3, sigma:0.000
 PYTHIA Warning in MultipartonInteractions::pTnext: weight above unity  
5500	55%, nTried:44512, nTrial:13, sigma:0.000

 Pythia::next(): 6000 events have been generated 
6000	60%, nTried:48516, nTrial:12, sigma:0.000
6500	65%, nTried:52368, nTrial:5, sigma:0.000

 Pythia::next(): 7000 events have been generated 
7000	70%, nTried:56421, nTrial:19, sigma:0.000
7500	75%, nTried:60322, nTrial:1, sigma:0.000
 PYTHIA Warning in SpaceShower::pT2nextQCD: weight above unity  

 Pythia::next(): 8000 events have been generated 
8000	80%, nTried:64223, nTrial:8, sigma:0.000
8500	85%, nTried:68382, nTrial:9, sigma:0.000

 Pythia::next(): 9000 events have been generated 
9000	90%, nTried:72475, nTrial:15, sigma:0.000
9500	95%, nTried:76473, nTrial:11, sigma:0.000
10000	100%, nTried:80481, sigma:0.000
nTried after loop:80481
sigma after loop:0.000
10000 events are analyzed successfully.
Real time 0:05:03, CP time 301.550
