
 *------------------------------------------------------------------------------------* 
 |                                                                                    | 
 |  *------------------------------------------------------------------------------*  | 
 |  |                                                                              |  | 
 |  |                                                                              |  | 
 |  |   PPP   Y   Y  TTTTT  H   H  III    A      Welcome to the Lund Monte Carlo!  |  | 
 |  |   P  P   Y Y     T    H   H   I    A A     This is PYTHIA version 8.226      |  | 
 |  |   PPP     Y      T    HHHHH   I   AAAAA    Last date of change: 26 Apr 2017  |  | 
 |  |   P       Y      T    H   H   I   A   A                                      |  | 
 |  |   P       Y      T    H   H  III  A   A    Now is 02 Dec 2020 at 10:18:49    |  | 
 |  |                                                                              |  | 
 |  |   Torbjorn Sjostrand;  Department of Astronomy and Theoretical Physics,      |  | 
 |  |      Lund University, Solvegatan 14A, SE-223 62 Lund, Sweden;                |  | 
 |  |      e-mail: torbjorn@thep.lu.se                                             |  | 
 |  |   Nishita Desai;  Laboratoire Charles Coulomb (L2C),                         |  | 
 |  |      CNRS-Universite de Montpellier, 34090 Montpellier, France;              |  | 
 |  |      e-mail: nishita.desai@umontpellier.fr                                   |  | 
 |  |   Nadine Fischer;  School of Physics,                                        |  | 
 |  |      Monash University, PO Box 27, 3800 Melbourne, Australia;                |  | 
 |  |      e-mail: nadine.fischer@monash.edu                                       |  | 
 |  |   Ilkka Helenius;  Institute for Theoretical Physics,                        |  | 
 |  |     Tuebingen University, Auf der Morgenstelle 14, 72076 Tuebingen, Germany; |  | 
 |  |      e-mail: ilkka.helenius@uni-tuebingen.de                                 |  | 
 |  |   Philip Ilten;  Massachusetts Institute of Technology,                      |  | 
 |  |      77 Massachusetts Ave, Cambridge, MA 02139, USA;                         |  | 
 |  |      e-mail: philten@cern.ch                                                 |  | 
 |  |   Leif Lonnblad;  Department of Astronomy and Theoretical Physics,           |  | 
 |  |      Lund University, Solvegatan 14A, SE-223 62 Lund, Sweden;                |  | 
 |  |      e-mail: leif.lonnblad@thep.lu.se                                        |  | 
 |  |   Stephen Mrenna;  Computing Division, Simulations Group,                    |  | 
 |  |      Fermi National Accelerator Laboratory, MS 234, Batavia, IL 60510, USA;  |  | 
 |  |      e-mail: mrenna@fnal.gov                                                 |  | 
 |  |   Stefan Prestel;  Theoretical Physics Department,                           |  | 
 |  |      Fermi National Accelerator Laboratory, MS 106, Batavia, IL 60510, USA;  |  | 
 |  |      e-mail: sprestel@fnal.gov                                               |  | 
 |  |   Christine O. Rasmussen;  Department of Astronomy and Theoretical Physics,  |  | 
 |  |      Lund University, Solvegatan 14A, SE-223 62 Lund, Sweden;                |  | 
 |  |      e-mail: christine.rasmussen@thep.lu.se                                  |  | 
 |  |   Peter Skands;  School of Physics,                                          |  | 
 |  |      Monash University, PO Box 27, 3800 Melbourne, Australia;                |  | 
 |  |      e-mail: peter.skands@monash.edu                                         |  | 
 |  |                                                                              |  | 
 |  |   The main program reference is 'An Introduction to PYTHIA 8.2',             |  | 
 |  |   T. Sjostrand et al, Comput. Phys. Commun. 191 (2015) 159                   |  | 
 |  |   [arXiv:1410.3012 [hep-ph]]                                                 |  | 
 |  |                                                                              |  | 
 |  |   The main physics reference is the 'PYTHIA 6.4 Physics and Manual',         |  | 
 |  |   T. Sjostrand, S. Mrenna and P. Skands, JHEP05 (2006) 026 [hep-ph/0603175]  |  | 
 |  |                                                                              |  | 
 |  |   An archive of program versions and documentation is found on the web:      |  | 
 |  |   http://www.thep.lu.se/Pythia                                               |  | 
 |  |                                                                              |  | 
 |  |   This program is released under the GNU General Public Licence version 2.   |  | 
 |  |   Please respect the MCnet Guidelines for Event Generator Authors and Users. |  | 
 |  |                                                                              |  | 
 |  |   Disclaimer: this program comes without any guarantees.                     |  | 
 |  |   Beware of errors and use common sense when interpreting results.           |  | 
 |  |                                                                              |  | 
 |  |   Copyright (C) 2017 Torbjorn Sjostrand                                      |  | 
 |  |                                                                              |  | 
 |  |                                                                              |  | 
 |  *------------------------------------------------------------------------------*  | 
 |                                                                                    | 
 *------------------------------------------------------------------------------------* 

 PYTHIA Error in Settings::flag: unknown key Main:showChangedParticleData
 PYTHIA Error in Settings::mode: unknown key Beams:eCM
Events=10000 RNDM seed 1006

 *-------  PYTHIA Process Initialization  --------------------------*
 |                                                                  |
 | We collide p+ with p+ at a CM energy of 5.020e+03 GeV            |
 |                                                                  |
 |------------------------------------------------------------------|
 |                                                    |             |
 | Subprocess                                    Code |   Estimated |
 |                                                    |    max (mb) |
 |                                                    |             |
 |------------------------------------------------------------------|
 |                                                    |             |
 | g g -> g g                                     111 |   6.097e-07 |
 | g g -> q qbar (uds)                            112 |   1.557e-08 |
 | q g -> q g                                     113 |   2.128e-06 |
 | q q(bar)' -> q q(bar)'                         114 |   1.024e-06 |
 | q qbar -> g g                                  115 |   8.540e-09 |
 | q qbar -> q' qbar' (uds)                       116 |   6.081e-09 |
 | g g -> c cbar                                  121 |   5.159e-09 |
 | q qbar -> c cbar                               122 |   2.027e-09 |
 | g g -> b bbar                                  123 |   5.186e-09 |
 | q qbar -> b bbar                               124 |   2.026e-09 |
 |                                                                  |
 *-------  End PYTHIA Process Initialization -----------------------*

 *-------  PYTHIA Multiparton Interactions Initialization  ---------* 
 |                                                                  | 
 |                   sigmaNonDiffractive =    48.03 mb              | 
 |                                                                  | 
 |    pT0 =  2.12 gives sigmaInteraction =   211.93 mb: accepted    | 
 |                                                                  | 
 *-------  End PYTHIA Multiparton Interactions Initialization  -----* 

 *-------  PYTHIA Flag + Mode + Parm + Word + FVec + MVec + PVec + WVec Settings (changes only)  ------------------* 
 |                                                                                                                 | 
 | Name                                          |                      Now |      Default         Min         Max | 
 |                                               |                          |                                      | 
 | Beams:eCM                                     |                 5020.000 |    14000.000    10.00000             | 
 | HardQCD:all                                   |                       on |          off                         | 
 | Main:numberOfEvents                           |                    10000 |         1000           0             | 
 | ParticleDecays:limitTau0                      |                       on |          off                         | 
 | PhaseSpace:mHatMin                            |                      0.0 |      4.00000         0.0             | 
 | PhaseSpace:pTHatMin                           |                300.00000 |          0.0         0.0             | 
 | Random:seed                                   |                     1006 |           -1               900000000 | 
 | Random:setSeed                                |                       on |          off                         | 
 |                                                                                                                 | 
 *-------  End PYTHIA Flag + Mode + Parm + Word + FVec + MVec + PVec + WVec Settings  -----------------------------* 

 --------  PYTHIA Particle Data Table (changed only)  ------------------------------------------------------------------------------
 
      id   name            antiName         spn chg col      m0        mWidth      mMin       mMax       tau0    res dec ext vis wid
             no onMode   bRatio   meMode     products 

 no particle data has been changed from its default value 

 --------  End PYTHIA Particle Data Table  -----------------------------------------------------------------------------------------

============ AliJHistManager : AliJCDijetHistManagerjcdijet ===================

---- AliJBin ----
*AliJBin	CentBin	CentBin	"Cent:"	&mode=Single	0.000000 1.000000
*AliJBin	JetBin	JetBin	"Jet bin:"	&mode=Single	0.000000 1.000000 2.000000 3.000000 4.000000

---- AliJTH1 ----
*AliJTH1D	h_events	"h_events"	&Dir=default&Lazy	 CentBin
*AliJTH1D	h_eventSel	"h_eventSel"	&Lazy&Single	 1
*AliJTH1D	h_info	"h_info"	&Lazy&Single	 1
*AliJTH1D	h_centrality	"h_centrality"	&Lazy&Single	 1
*AliJTH1D	h_zvtx	"h_zvtx"	&Lazy&Single	 1
*AliJTH1D	h_nch	"h_nch"	&Dir=default&Lazy	 CentBin
*AliJTH1D	h_pt	"h_pt"	&Dir=default&Lazy	 CentBin
*AliJTH1D	h_ptPosEta	"h_ptPosEta"	&Dir=default&Lazy	 CentBin
*AliJTH1D	h_ptNegEta	"h_ptNegEta"	&Dir=default&Lazy	 CentBin
*AliJTH1D	h_eta	"h_eta"	&Dir=default&Lazy	 CentBin
*AliJTH1D	h_phi	"h_phi"	&Dir=default&Lazy	 CentBin
*AliJTH2D	h_etaPhi	"h_etaPhi"	&Dir=default&Lazy	 CentBin
*AliJTH1D	h_rho	"h_rho"	&Dir=default&Lazy	 CentBin
*AliJTH1D	h_rhoHighPt	"h_rhoHighPt"	&Dir=default&Lazy	 CentBin
*AliJTH1D	h_rhom	"h_rhom"	&Dir=default&Lazy	 CentBin
*AliJTH1D	h_rhomHighPt	"h_rhomHighPt"	&Dir=default&Lazy	 CentBin
*AliJTH1D	h_rhoLin	"h_rhoLin"	&Dir=default&Lazy	 CentBin
*AliJTH1D	h_rhoLinHighPt	"h_rhoLinHighPt"	&Dir=default&Lazy	 CentBin
*AliJTH1D	h_rhomLin	"h_rhomLin"	&Dir=default&Lazy	 CentBin
*AliJTH1D	h_rhomLinHighPt	"h_rhomLinHighPt"	&Dir=default&Lazy	 CentBin
*AliJTH1D	h_jetPt	"h_jetPt"	&Dir=default&Lazy	 CentBin JetBin
*AliJTH1D	h_jetPt_ALICE	"h_jetPt_ALICE"	&Dir=default&Lazy	 CentBin JetBin
*AliJTH1D	h_jetPtTransBGSub	"h_jetPtTransBGSub"	&Dir=default&Lazy	 CentBin JetBin
*AliJTH1D	h_jetN	"h_jetN"	&Dir=default&Lazy	 CentBin
*AliJTH1D	h_jetEta	"h_jetEta"	&Dir=default&Lazy	 CentBin JetBin
*AliJTH1D	h_jetPhi	"h_jetPhi"	&Dir=default&Lazy	 CentBin JetBin
*AliJTH2D	h_jetEtaPhi	"h_jetEtaPhi"	&Dir=default&Lazy	 CentBin JetBin
*AliJTH2D	h_randConeEtaPhi	"h_randConeEtaPhi"	&Dir=default&Lazy	 CentBin
*AliJTH1D	h_jetArea	"h_jetArea"	&Dir=default&Lazy	 CentBin JetBin
*AliJTH1D	h_jetAreaRho	"h_jetAreaRho"	&Dir=default&Lazy	 CentBin JetBin
*AliJTH1D	h_deltaPt	"h_deltaPt"	&Dir=default&Lazy	 CentBin
*AliJTH1D	h_maxJetptOverPtHard	"h_maxJetptOverPtHard"	&Dir=default&Lazy	 CentBin
*AliJTH1D	h_ptHard	"h_ptHard"	&Dir=default&Lazy	 CentBin
*AliJTH1D	h_dijetInvM	"h_dijetInvM"	&Dir=default&Lazy	 CentBin JetBin
*AliJTH1D	h_dijetPtPair	"h_dijetPtPair"	&Dir=default&Lazy	 CentBin JetBin
*AliJTH1D	h_dijetDeltaPhi	"h_dijetDeltaPhi"	&Dir=default&Lazy	 CentBin JetBin
*AliJTH1D	h_dijetPtPairDeltaPhiCut	"h_dijetPtPairDeltaPhiCut"	&Dir=default&Lazy	 CentBin JetBin
*AliJTH1D	h_dijetInvMDeltaPhiCut	"h_dijetInvMDeltaPhiCut"	&Dir=default&Lazy	 CentBin JetBin
*AliJTH1D	h_dijetDeltaPhiWithCut	"h_dijetDeltaPhiWithCut"	&Dir=default&Lazy	 CentBin JetBin
*AliJTH1D	h_responseInfo	"h_responseInfo"	&Lazy&Single	 1
*AliJTH1D	h_jetResponseDeltaR	"h_jetResponseDeltaR"	&Lazy&Single	 1
*AliJTH1D	h_jetResponseDeltaRClosest	"h_jetResponseDeltaRClosest"	&Lazy&Single	 1
*AliJTH1D	h_jetResponseDeltaPt	"h_jetResponseDeltaPt"	&Lazy&Single	 1
*AliJTH1D	h_jetDeltaRMin	"h_jetDeltaRMin"	&Dir=default&Lazy	 CentBin JetBin
*AliJTH1D	h_jetBGSubtrDeltaR	"h_jetBGSubtrDeltaR"	&Dir=default&Lazy	 CentBin
*AliJTH2D	h_jetResponse	"h_jetResponse"	&Lazy&Single	 1
*AliJTH2D	h_jetResponse_ALICE	"h_jetResponse_ALICE"	&Lazy&Single	 1
*AliJTH2D	h_deltaPtResponse	"h_deltaPtResponse"	&Lazy&Single	 1
*AliJTH2D	h_deltaPtResponse_ALICE	"h_deltaPtResponse_ALICE"	&Lazy&Single	 1
*AliJTH2D	h_deltaPtResponseEvery	"h_deltaPtResponseEvery"	&Lazy&Single	 1
*AliJTH2D	h_deltaPtResponseEvery_ALICE	"h_deltaPtResponseEvery_ALICE"	&Lazy&Single	 1
*AliJTH2D	h_dijetResponse	"h_dijetResponse"	&Lazy&Single	 1
*AliJTH2D	h_dijetResponseDeltaPhiCut	"h_dijetResponseDeltaPhiCut"	&Lazy&Single	 1
*AliJTH1D	h_dijetdeltaM1	"h_dijetdeltaM1"	&Lazy&Single	 1
*AliJTH1D	h_dijetdeltaM2	"h_dijetdeltaM2"	&Lazy&Single	 1
============ AliJHistManager : AliJCDijetHistManagerjcdijetDetMC ===================

---- AliJBin ----
*AliJBin	CentBin	CentBin	"Cent:"	&mode=Single	0.000000 1.000000
*AliJBin	JetBin	JetBin	"Jet bin:"	&mode=Single	0.000000 1.000000 2.000000 3.000000 4.000000

---- AliJTH1 ----
*AliJTH1D	h_events	"h_events"	&Dir=default&Lazy	 CentBin
*AliJTH1D	h_eventSel	"h_eventSel"	&Lazy&Single	 1
*AliJTH1D	h_info	"h_info"	&Lazy&Single	 1
*AliJTH1D	h_centrality	"h_centrality"	&Lazy&Single	 1
*AliJTH1D	h_zvtx	"h_zvtx"	&Lazy&Single	 1
*AliJTH1D	h_nch	"h_nch"	&Dir=default&Lazy	 CentBin
*AliJTH1D	h_pt	"h_pt"	&Dir=default&Lazy	 CentBin
*AliJTH1D	h_ptPosEta	"h_ptPosEta"	&Dir=default&Lazy	 CentBin
*AliJTH1D	h_ptNegEta	"h_ptNegEta"	&Dir=default&Lazy	 CentBin
*AliJTH1D	h_eta	"h_eta"	&Dir=default&Lazy	 CentBin
*AliJTH1D	h_phi	"h_phi"	&Dir=default&Lazy	 CentBin
*AliJTH2D	h_etaPhi	"h_etaPhi"	&Dir=default&Lazy	 CentBin
*AliJTH1D	h_rho	"h_rho"	&Dir=default&Lazy	 CentBin
*AliJTH1D	h_rhoHighPt	"h_rhoHighPt"	&Dir=default&Lazy	 CentBin
*AliJTH1D	h_rhom	"h_rhom"	&Dir=default&Lazy	 CentBin
*AliJTH1D	h_rhomHighPt	"h_rhomHighPt"	&Dir=default&Lazy	 CentBin
*AliJTH1D	h_rhoLin	"h_rhoLin"	&Dir=default&Lazy	 CentBin
*AliJTH1D	h_rhoLinHighPt	"h_rhoLinHighPt"	&Dir=default&Lazy	 CentBin
*AliJTH1D	h_rhomLin	"h_rhomLin"	&Dir=default&Lazy	 CentBin
*AliJTH1D	h_rhomLinHighPt	"h_rhomLinHighPt"	&Dir=default&Lazy	 CentBin
*AliJTH1D	h_jetPt	"h_jetPt"	&Dir=default&Lazy	 CentBin JetBin
*AliJTH1D	h_jetPt_ALICE	"h_jetPt_ALICE"	&Dir=default&Lazy	 CentBin JetBin
*AliJTH1D	h_jetPtTransBGSub	"h_jetPtTransBGSub"	&Dir=default&Lazy	 CentBin JetBin
*AliJTH1D	h_jetN	"h_jetN"	&Dir=default&Lazy	 CentBin
*AliJTH1D	h_jetEta	"h_jetEta"	&Dir=default&Lazy	 CentBin JetBin
*AliJTH1D	h_jetPhi	"h_jetPhi"	&Dir=default&Lazy	 CentBin JetBin
*AliJTH2D	h_jetEtaPhi	"h_jetEtaPhi"	&Dir=default&Lazy	 CentBin JetBin
*AliJTH2D	h_randConeEtaPhi	"h_randConeEtaPhi"	&Dir=default&Lazy	 CentBin
*AliJTH1D	h_jetArea	"h_jetArea"	&Dir=default&Lazy	 CentBin JetBin
*AliJTH1D	h_jetAreaRho	"h_jetAreaRho"	&Dir=default&Lazy	 CentBin JetBin
*AliJTH1D	h_deltaPt	"h_deltaPt"	&Dir=default&Lazy	 CentBin
*AliJTH1D	h_maxJetptOverPtHard	"h_maxJetptOverPtHard"	&Dir=default&Lazy	 CentBin
*AliJTH1D	h_ptHard	"h_ptHard"	&Dir=default&Lazy	 CentBin
*AliJTH1D	h_dijetInvM	"h_dijetInvM"	&Dir=default&Lazy	 CentBin JetBin
*AliJTH1D	h_dijetPtPair	"h_dijetPtPair"	&Dir=default&Lazy	 CentBin JetBin
*AliJTH1D	h_dijetDeltaPhi	"h_dijetDeltaPhi"	&Dir=default&Lazy	 CentBin JetBin
*AliJTH1D	h_dijetPtPairDeltaPhiCut	"h_dijetPtPairDeltaPhiCut"	&Dir=default&Lazy	 CentBin JetBin
*AliJTH1D	h_dijetInvMDeltaPhiCut	"h_dijetInvMDeltaPhiCut"	&Dir=default&Lazy	 CentBin JetBin
*AliJTH1D	h_dijetDeltaPhiWithCut	"h_dijetDeltaPhiWithCut"	&Dir=default&Lazy	 CentBin JetBin
*AliJTH1D	h_responseInfo	"h_responseInfo"	&Lazy&Single	 1
*AliJTH1D	h_jetResponseDeltaR	"h_jetResponseDeltaR"	&Lazy&Single	 1
*AliJTH1D	h_jetResponseDeltaRClosest	"h_jetResponseDeltaRClosest"	&Lazy&Single	 1
*AliJTH1D	h_jetResponseDeltaPt	"h_jetResponseDeltaPt"	&Lazy&Single	 1
*AliJTH1D	h_jetDeltaRMin	"h_jetDeltaRMin"	&Dir=default&Lazy	 CentBin JetBin
*AliJTH1D	h_jetBGSubtrDeltaR	"h_jetBGSubtrDeltaR"	&Dir=default&Lazy	 CentBin
*AliJTH2D	h_jetResponse	"h_jetResponse"	&Lazy&Single	 1
*AliJTH2D	h_jetResponse_ALICE	"h_jetResponse_ALICE"	&Lazy&Single	 1
*AliJTH2D	h_deltaPtResponse	"h_deltaPtResponse"	&Lazy&Single	 1
*AliJTH2D	h_deltaPtResponse_ALICE	"h_deltaPtResponse_ALICE"	&Lazy&Single	 1
*AliJTH2D	h_deltaPtResponseEvery	"h_deltaPtResponseEvery"	&Lazy&Single	 1
*AliJTH2D	h_deltaPtResponseEvery_ALICE	"h_deltaPtResponseEvery_ALICE"	&Lazy&Single	 1
*AliJTH2D	h_dijetResponse	"h_dijetResponse"	&Lazy&Single	 1
*AliJTH2D	h_dijetResponseDeltaPhiCut	"h_dijetResponseDeltaPhiCut"	&Lazy&Single	 1
*AliJTH1D	h_dijetdeltaM1	"h_dijetdeltaM1"	&Lazy&Single	 1
*AliJTH1D	h_dijetdeltaM2	"h_dijetdeltaM2"	&Lazy&Single	 1

============= Settings =============
cent bin:                   0
particle eta cut:           0.9
particle pt cut:            0.15
jet cone size:              0.4
kt-jet cone size:           0.4
Using pion mass in kt-jets: 0.0
Using DeltaPhi in BG subtr: 1.0
Using kt-jet scheme:        pt_scheme
jet costituent cut:         5.0
dijet leading pt cut:       20.0
dijet subleading pt cut:    20.0
dijet DeltaPhi cut:         pi/2.0
tracking inefficiency:      0.0

Let's start

 --------  PYTHIA Info Listing  ---------------------------------------- 
 
 Beam A: id =   2212, pz =  2.510e+03, e =  2.510e+03, m =  9.383e-01.
 Beam B: id =   2212, pz = -2.510e+03, e =  2.510e+03, m =  9.383e-01.

 In 1: id =    2, x =  2.902e-01, pdf =  3.020e-01 at Q2 =  1.321e+05.
 In 2: id =    1, x =  1.629e-01, pdf =  2.548e-01 at same Q2.

 Subprocess q q(bar)' -> q q(bar)' with code 114 is 2 -> 2.
 It has sHat =  1.191e+06,    tHat = -1.513e+05,    uHat = -1.040e+06,
       pTHat =  3.634e+02,   m3Hat =  3.300e-01,   m4Hat =  3.300e-01,
    thetaHat =  7.287e-01,  phiHat =  3.040e+00.
     alphaEM =  7.942e-03,  alphaS =  1.075e-01    at Q2 =  1.321e+05.

 Impact parameter b =  9.301e-01 gives enhancement factor =  8.169e-01.
 Max pT scale for MPI =  3.634e+02, ISR =  3.634e+02, FSR =  3.634e+02.
 Number of MPI =     3, ISR =     2, FSRproc =    21, FSRreson =     0.

 --------  End PYTHIA Info Listing  ------------------------------------

 --------  PYTHIA Event Listing  (hard process)  -----------------------------------------------------------------------------------
 
    no        id   name            status     mothers   daughters     colours      p_x        p_y        p_z         e          m 
     0        90   (system)           -11     0     0     0     0     0     0      0.000      0.000      0.000   5020.000   5020.000
     1      2212   (p+)               -12     0     0     3     0     0     0      0.000      0.000   2510.000   2510.000      0.938
     2      2212   (p+)               -12     0     0     4     0     0     0      0.000      0.000  -2510.000   2510.000      0.938
     3         2   (u)                -21     1     0     5     6   101     0      0.000      0.000    728.468    728.468      0.000
     4         1   (d)                -21     2     0     5     6   102     0      0.000      0.000   -408.897    408.897      0.000
     5         2   u                   23     3     4     0     0   102     0   -361.551     36.815    584.055    687.892      0.330
     6         1   d                   23     3     4     0     0   101     0    361.551    -36.815   -264.485    449.474      0.330
                                   Charge sum:  0.333           Momentum sum:      0.000      0.000    319.571   1137.366   1091.547

 --------  End PYTHIA Event Listing  -----------------------------------------------------------------------------------------------

 --------  PYTHIA Event Listing  (complete event)  ---------------------------------------------------------------------------------
 
    no        id   name            status     mothers   daughters     colours      p_x        p_y        p_z         e          m 
     0        90   (system)           -11     0     0     0     0     0     0      0.000      0.000      0.000   5020.000   5020.000
     1      2212   (p+)               -12     0     0    90     0     0     0      0.000      0.000   2510.000   2510.000      0.938
     2      2212   (p+)               -12     0     0    91     0     0     0      0.000      0.000  -2510.000   2510.000      0.938
     3         2   (u)                -21     7     7     5     6   101     0      0.000      0.000    728.468    728.468      0.000
     4         1   (d)                -21     8     0     5     6   102     0      0.000      0.000   -408.897    408.897      0.000
     5         2   (u)                -23     3     4     9     9   102     0   -361.551     36.815    584.055    687.892      0.330
     6         1   (d)                -23     3     4    10    10   101     0    361.551    -36.815   -264.485    449.474      0.330
     7         2   (u)                -42    14    14     3     3   101     0      0.000      0.000    728.468    728.468      0.000
     8         1   (d)                -41    45    45    11     4   103     0     -0.000     -0.000   -463.851    463.851      0.000
     9         2   (u)                -44     5     5    21    21   102     0   -364.769     33.401    516.498    633.200      0.330
    10         1   (d)                -44     6     6    12    13   101     0    339.425    -60.293   -327.156    475.263      0.330
    11        21   (g)                -43     8     0    19    20   103   102     25.344     26.892     75.275     83.856      0.000
    12         1   (d)                -51    10     0    31    32   104     0    333.958    -63.354   -326.530    471.343      0.330
    13        21   (g)                -51    10     0    33    33   101   104      5.466      3.062      2.045      6.591      0.000
    14         2   (u)                -53    90    90     7     7   101     0      0.000      0.000    731.138    731.138      0.000
    15        21   (g)                -31    52     0    17    18   106   105      0.000      0.000      0.092      0.092      0.000
    16        21   (g)                -31    53    53    17    18   107   106      0.000      0.000   -658.458    658.458      0.000
    17        21   (g)                -33    15    16    36    36   108   105     -1.803      3.295    -40.877     41.049      0.000
    18        21   (g)                -33    15    16    34    35   107   108      1.803     -3.295   -617.489    617.501      0.000
    19        21   (g)                -51    11     0    22    23   103   109     23.548     27.988     78.590     86.685      0.000
    20        21   (g)                -51    11     0    24    24   109   102     -0.412     -0.894     -0.190      1.003      0.000
    21         2   (u)                -52     9     9    27    27   102     0   -362.562     33.198    513.373    629.368      0.330
    22        21   (g)                -51    19     0    30    30   103   110      7.280     10.521     33.177     35.559      0.000
    23        21   (g)                -51    19     0    28    29   110   109     16.223     17.368     45.392     51.237      0.000
    24        21   (g)                -52    20    20    25    26   109   102     -0.366     -0.795     -0.169      0.892      0.000
    25        21   (g)                -51    24     0    49    50   109   111      0.155      1.120      2.238      2.508      0.000
    26        21   (g)                -51    24     0    51    51   111   102    -14.364     -0.648     17.193     22.413      0.000
    27         2   (u)                -52    21    21    92    92   102     0   -348.719     31.931    493.772    605.339      0.330
    28        -1   (dbar)             -51    23     0    80    81     0   109     18.282     22.042     58.602     65.225      0.330
    29         1   (d)                -51    23     0    99    99   110     0      1.577      0.581      3.362      3.773      0.330
    30        21   (g)                -52    22    22    43    44   103   110      3.644      5.266     16.606     17.798      0.000
    31         1   (d)                -51    12     0    93    93   112     0    330.233    -63.039   -323.931    466.861      0.330
    32        21   (g)                -51    12     0    37    38   104   112      3.840     -0.251     -2.556      4.620      0.000
    33        21   (g)                -52    13    13    39    39   101   104      5.352      2.998      2.002      6.453      0.000
    34        21   (g)                -51    18     0    55    55   107   113      2.595     -2.449   -516.729    516.741      0.000
    35        21   (g)                -51    18     0    40    41   113   108     -0.865     -0.712   -102.427    102.433      0.000
    36        21   (g)                -52    17    17    42    42   108   105     -1.729      3.161    -39.210     39.375      0.000
    37        21   (g)                -51    32     0    65    66   114   112      3.198     -0.696     -0.608      3.329      0.000
    38        21   (g)                -51    32     0    46    47   104   114      1.624      0.995     -1.581      2.476      0.000
    39        21   (g)                -52    33    33    48    48   101   104      4.369      2.447      1.634      5.268      0.000
    40        21   (g)                -51    35     0    56    56   113   115     -0.519     -1.227    -43.996     44.016      0.000
    41        21   (g)                -51    35     0    57    57   115   108     -0.601      0.980    -64.202     64.212      0.000
    42        21   (g)                -52    36    36    54    54   108   105     -1.475      2.696    -33.439     33.580      0.000
    43        21   (g)                -51    30     0    73    73   116   110      2.047      4.772     12.573     13.603      0.000
    44        21   (g)                -51    30     0    71    72   103   116      1.597      0.495      3.944      4.284      0.000
    45         1   (d)                -53    91    91     8     8   103     0     -0.000     -0.000   -463.940    463.940      0.000
    46        21   (g)                -51    38     0    67    67   117   114     -0.237      0.120     -0.366      0.452      0.000
    47        21   (g)                -51    38     0   103   103   104   117      3.345      1.707     -0.659      3.813      0.000
    48        21   (g)                -52    39    39    95    95   101   104      2.885      1.616      1.079      3.479      0.000
    49         3   (s)                -51    25     0    82    82   109     0      0.348     -0.017      1.218      1.362      0.500
    50        -3   (sbar)             -51    25     0    70    70     0   111     -1.732      1.068      2.863      3.548      0.500
    51        21   (g)                -52    26    26    68    69   111   102    -12.824     -0.578     15.350     20.010      0.000
    52        21   (g)                -41   111   111    58    15   106   118     -0.000      0.000      0.523      0.523      0.000
    53        21   (g)                -42   112   112    16    16   107   106      0.000     -0.000   -658.458    658.458      0.000
    54        21   (g)                -44    42    42    59    60   108   105     -1.655      3.321    -48.614     48.755      0.000
    55        21   (g)                -44    34    34   114   114   107   113      2.579     -2.394   -500.869    500.881      0.000
    56        21   (g)                -44    40    40   115   115   113   115     -0.545     -1.137    -39.288     39.308      0.000
    57        21   (g)                -44    41    41   116   116   115   108     -0.614      1.025    -69.177     69.188      0.000
    58        21   (g)                -43    52     0    61    61   105   118      0.235     -0.815      0.013      0.848      0.000
    59        21   (g)                -51    54     0   113   113   108   120     -1.032      2.324    -42.388     42.464      0.000
    60        21   (g)                -51    54     0    64    64   120   105     -0.612      0.960     -6.225      6.329      0.000
    61        21   (g)                -52    58    58    62    63   105   118      0.224     -0.779      0.012      0.811      0.000
    62        21   (g)                -51    61     0   117   117   121   118      0.199     -1.093     -1.052      1.530      0.000
    63        21   (g)                -51    61     0    76    76   105   121     -0.097      0.505     -0.180      0.545      0.000
    64        21   (g)                -52    60    60    74    75   120   105     -0.490      0.769     -4.982      5.065      0.000
    65        21   (g)                -51    37     0   100   100   123   112      1.751     -0.896     -0.029      1.967      0.000
    66        21   (g)                -51    37     0   105   105   114   123      1.347      0.251     -0.734      1.555      0.000
    67        21   (g)                -52    46    46   101   101   117   114     -0.136      0.069     -0.210      0.260      0.000
    68        21   (g)                -51    51     0    98    98   124   102     -1.152     -0.124      0.858      1.442      0.000
    69        21   (g)                -51    51     0    77    78   111   124    -11.865     -0.258     14.864     19.021      0.000
    70        -3   (sbar)             -52    50    50    79    79     0   111     -1.539      0.872      2.491      3.096      0.500
    71        21   (g)                -51    44     0   102   102   103   125      2.244      1.391      6.011      6.565      0.000
    72        21   (g)                -51    44     0   107   107   125   116     -0.113      0.348      1.213      1.267      0.000
    73        21   (g)                -52    43    43    94    94   116   110      1.513      3.527      9.293     10.054      0.000
    74        21   (g)                -51    64     0   118   118   120   128     -0.176     -0.067     -2.518      2.525      0.000
    75        21   (g)                -51    64     0   120   120   128   105     -0.355      1.052     -2.540      2.772      0.000
    76        21   (g)                -52    63    63   119   119   105   121     -0.056      0.289     -0.103      0.312      0.000
    77        21   (g)                -51    69     0   106   106   129   124     -6.195     -0.521      7.343      9.621      0.000
    78        21   (g)                -51    69     0    83    84   111   129     -5.778      0.401      7.743      9.670      0.000
    79        -3   (sbar)             -52    70    70    85    85     0   111     -1.432      0.733      2.269      2.826      0.500
    80        -1   (dbar)             -51    28     0    97    97     0   130      2.181      3.242      8.066      8.969      0.330
    81        21   (g)                -51    28     0   109   109   130   109     16.095     18.754     50.525     56.245      0.000
    82         3   (s)                -52    49    49    96    96   109     0      0.354      0.028      1.229      1.373      0.500
    83        21   (g)                -51    78     0   108   108   131   129     -3.610      0.806      5.611      6.721      0.000
    84        21   (g)                -51    78     0   110   110   111   131     -1.905     -0.082      1.969      2.741      0.000
    85        -3   (sbar)             -52    79    79   104   104     0   111     -1.694      0.411      2.432      3.034      0.500
    86        -2   (ubar)             -31   121   121    88    89     0   132      0.000      0.000      0.000      0.000      0.000
    87        21   (g)                -31   122   122    88    89   132   133      0.000      0.000   -452.952    452.952      0.000
    88        -2   (ubar)             -33    86    87   123   123     0   134     -0.295      0.098   -177.037    177.037      0.330
    89        21   (g)                -33    86    87   124   124   134   133      0.295     -0.098   -275.915    275.915      0.000
    90         2   (u)                -61     1     0    14    14   101     0      2.112      1.278    731.137    731.141      0.000
    91         1   (d)                -61     2     0    45    45   107     0      0.791     -1.648   -463.937    463.941      0.000
    92         2   (u)                -62    27    27   146   146   102     0   -347.037     32.694    493.893    604.512      0.330
    93         1   (d)                -62    31    31   196   196   112     0    331.114    -64.319   -323.957    467.677      0.330
    94        21   (g)                -62    73    73   160   160   116   110      1.542      3.542      9.283     10.054      0.000
    95        21   (g)                -62    48    48   201   201   101   104      2.894      1.616      1.073      3.484      0.000
    96         3   (s)                -62    82    82   131   131   109     0      0.358      0.030      1.228      1.374      0.500
    97        -1   (dbar)             -62    80    80   133   133     0   130      2.206      3.255      8.056      8.971      0.330
    98        21   (g)                -62    68    68   147   147   124   102     -1.148     -0.123      0.859      1.439      0.000
    99         1   (d)                -62    29    29   159   159   110     0      1.587      0.587      3.359      3.776      0.330
   100        21   (g)                -62    65    65   197   197   123   112      1.755     -0.898     -0.028      1.972      0.000
   101        21   (g)                -62    67    67   129     0   117   114     -0.135      0.068     -0.211      0.259      0.000
   102        21   (g)                -62    71    71   162   162   103   125      2.262      1.401      6.006      6.569      0.000
   103        21   (g)                -62    47    47   200   200   104   105      3.353      1.702     -0.666      3.819      0.000
   104        -3   (sbar)             -62    85    85   130     0     0   111     -1.686      0.414      2.432      3.030      0.500
   105        21   (g)                -62    66    66   198   198   114   123      1.350      0.248     -0.736      1.557      0.000
   106        21   (g)                -62    77    77   148   148   129   124     -6.168     -0.510      7.348      9.608      0.000
   107        21   (g)                -62    72    72   161   161   125   116     -0.109      0.350      1.212      1.267      0.000
   108        21   (g)                -62    83    83   149   149   131   129     -3.591      0.814      5.611      6.712      0.000
   109        21   (g)                -62    81    81   132   132   130   109     16.254     18.837     50.466     56.266      0.000
   110        21   (g)                -62    84    84   130     0   111   131     -1.898     -0.079      1.970      2.736      0.000
   111        21   (g)                -61     1     0    52    52   106   106     -0.235      0.887      0.120      0.925      0.000
   112        21   (g)                -61     2     0    53    53   118   118     -1.220      0.530   -659.040    659.041      0.000
   113        21   (g)                -62    59    59   165   165   108   128     -1.132      2.425    -44.657     44.737      0.000
   114        21   (g)                -62    55    55   169   169   107   134      1.653     -1.983   -498.710    498.717      0.000
   115        21   (g)                -62    56    56   128     0   113   120     -0.621     -1.089    -38.487     38.508      0.000
   116        21   (g)                -62    57    57   166   166   115   108     -0.746      1.091    -70.249     70.262      0.000
   117        21   (g)                -62    62    62   163   163   121   103      0.092     -0.687     -0.265      0.742      0.000
   118        21   (g)                -62    74    74   128     0   120   115     -0.182     -0.059     -2.506      2.513      0.000
   119        21   (g)                -62    76    76   129     0   105   117     -0.104      0.468     -0.442      0.651      0.000
   120        21   (g)                -62    75    75   164   164   128   121     -0.414      1.251     -3.603      3.837      0.000
   121        -2   (ubar)             -61     1     0    86    86     0   101      0.013     -0.053     -1.998      1.999      0.000
   122        21   (g)                -61     2     0    87    87   101   107      0.032     -0.065   -456.235    456.235      0.000
   123        -2   (ubar)             -62    88    88   170   170     0   107     -0.273      0.033   -167.759    167.760      0.330
   124        21   (g)                -62    89    89   168   168   134   113      0.318     -0.152   -290.475    290.475      0.000
   125      2103   (ud_1)             -63     1     0   140   140     0   135     -0.851     -1.169   1760.974   1760.975      0.771
   126         2   (u)                -63     1     0   139   139   135     0     -1.039     -0.943     17.330     17.390      0.330
   127      2203   (uu_1)             -63     2     0   202   202     0   101      0.397      1.183   -928.351    928.352      0.771
   128        21   (g)                -73   115   118   167   167   113   115     -0.803     -1.148    -40.993     41.021      0.558
   129        21   (g)                -73   101   119   199   199   105   114     -0.239      0.536     -0.652      0.911      0.246
   130        -3   (sbar)             -73   104   110   150   150     0   131     -3.583      0.335      4.402      5.766      0.957
   131         3   (s)                -71    96    96   134   138   109     0      0.358      0.030      1.228      1.374      0.500
   132        21   (g)                -71   109   109   134   138   130   109     16.254     18.837     50.466     56.266      0.000
   133        -1   (dbar)             -71    97    97   134   138     0   130      2.206      3.255      8.056      8.971      0.330
   134      -311   (Kbar0)            -83   131   133   226   226     0     0      0.881      0.991      3.902      4.151      0.498
   135      -211   pi-                 83   131   133     0     0     0     0      0.512      0.456      0.677      0.974      0.140
   136       111   (pi0)              -84   131   133   265   266     0     0      6.087      7.034     17.934     20.204      0.135
   137       111   (pi0)              -84   131   133   267   268     0     0      1.597      2.373      7.148      7.700      0.135
   138       213   (rho+)             -84   131   133   227   228     0     0      9.741     11.269     30.088     33.581      0.725
   139         2   (u)                -71   126   126   141   145   135     0     -1.039     -0.943     17.330     17.390      0.330
   140      2103   (ud_1)             -71   125   125   141   145     0   135     -0.851     -1.169   1760.974   1760.975      0.771
   141       223   (omega)            -83   139   140   269   271     0     0     -0.582     -0.868     17.710     17.757      0.770
   142       213   (rho+)             -83   139   140   229   230     0     0     -0.228      0.097     62.755     62.762      0.898
   143      3122   Lambda0             83   139   140     0     0     0     0     -0.572     -0.163    284.408    284.411      1.116
   144     -3222   Sigmabar-           84   139   140     0     0     0     0      0.308     -0.261    692.089    692.090      1.189
   145      2214   (Delta+)           -84   139   140   231   232     0     0     -0.816     -0.915    721.342    721.344      1.289
   146         2   (u)                -71    92    92   151   158   102     0   -347.037     32.694    493.893    604.512      0.330
   147        21   (g)                -71    98    98   151   158   124   102     -1.148     -0.123      0.859      1.439      0.000
   148        21   (g)                -71   106   106   151   158   129   124     -6.168     -0.510      7.348      9.608      0.000
   149        21   (g)                -71   108   108   151   158   131   129     -3.591      0.814      5.611      6.712      0.000
   150        -3   (sbar)             -71   130   130   151   158     0   131     -3.583      0.335      4.402      5.766      0.957
   151       111   (pi0)              -83   146   150   272   273     0     0   -123.728     11.534    175.936    215.395      0.135
   152       323   (K*+)              -83   146   150   233   234     0     0   -183.308     17.276    261.048    319.448      0.898
   153      3222   Sigma+              83   146   150     0     0     0     0    -19.844      1.890     28.213     34.565      1.189
   154      -213   (rho-)             -84   146   150   235   236     0     0     -7.214      0.143      9.652     12.099      1.076
   155     -2112   nbar0               84   146   150     0     0     0     0    -16.662      1.978     22.906     28.409      0.940
   156       223   (omega)            -84   146   150   274   276     0     0     -7.286     -0.225      9.679     12.142      0.785
   157      -211   pi-                 84   146   150     0     0     0     0     -0.610      0.486      0.884      1.187      0.140
   158       321   K+                  84   146   150     0     0     0     0     -2.877      0.129      3.796      4.790      0.494
   159         1   (d)                -71    99    99   171   195   110     0      1.587      0.587      3.359      3.776      0.330
   160        21   (g)                -71    94    94   171   195   116   110      1.542      3.542      9.283     10.054      0.000
   161        21   (g)                -71   107   107   171   195   125   116     -0.109      0.350      1.212      1.267      0.000
   162        21   (g)                -71   102   102   171   195   103   125      2.262      1.401      6.006      6.569      0.000
   163        21   (g)                -71   117   117   171   195   121   103      0.092     -0.687     -0.265      0.742      0.000
   164        21   (g)                -71   120   120   171   195   128   121     -0.414      1.251     -3.603      3.837      0.000
   165        21   (g)                -71   113   113   171   195   108   128     -1.132      2.425    -44.657     44.737      0.000
   166        21   (g)                -71   116   116   171   195   115   108     -0.746      1.091    -70.249     70.262      0.000
   167        21   (g)                -71   128   128   171   195   113   115     -0.803     -1.148    -40.993     41.021      0.558
   168        21   (g)                -71   124   124   171   195   134   113      0.318     -0.152   -290.475    290.475      0.000
   169        21   (g)                -71   114   114   171   195   107   134      1.653     -1.983   -498.710    498.717      0.000
   170        -2   (ubar)             -71   123   123   171   195     0   107     -0.273      0.033   -167.759    167.760      0.330
   171       221   (eta)              -83   159   170   277   279     0     0      1.396      1.875      5.369      5.882      0.548
   172      -211   pi-                 83   159   170     0     0     0     0      0.095      0.095      1.426      1.440      0.140
   173       211   pi+                 83   159   170     0     0     0     0      0.915      0.729      1.644      2.023      0.140
   174      -213   (rho-)             -83   159   170   237   238     0     0      1.061      0.865      3.194      3.605      0.957
   175       113   (rho0)             -83   159   170   239   240     0     0      0.537      0.880      3.136      3.364      0.648
   176       321   K+                  83   159   170     0     0     0     0      0.318     -0.229      0.341      0.717      0.494
   177       221   (eta)              -83   159   170   280   281     0     0     -0.210      0.671      0.603      1.077      0.548
   178      -323   (K*-)              -83   159   170   241   242     0     0      0.459      0.291      2.349      2.572      0.896
   179       323   (K*+)              -83   159   170   243   244     0     0      0.046      0.766      0.200      1.188      0.885
   180      -321   K-                  83   159   170     0     0     0     0      0.856     -0.090      0.311      1.040      0.494
   181       211   pi+                 83   159   170     0     0     0     0      0.265      0.043      0.076      0.312      0.140
   182      2112   n0                  83   159   170     0     0     0     0     -0.797      0.121     -3.076      3.316      0.940
   183     -2212   pbar-               83   159   170     0     0     0     0     -0.367      0.934     -6.972      7.106      0.938
   184       211   pi+                 83   159   170     0     0     0     0      0.028      0.384     -1.989      2.030      0.140
   185       223   (omega)            -84   159   170   282   284     0     0     -0.684      0.810    -53.301     53.317      0.781
   186      -211   pi-                 84   159   170     0     0     0     0     -0.418      0.734    -21.998     22.015      0.140
   187       111   (pi0)              -84   159   170   285   286     0     0     -0.013      0.144     -1.030      1.049      0.135
   188       211   pi+                 84   159   170     0     0     0     0     -0.492      0.087    -46.809     46.812      0.140
   189       111   (pi0)              -84   159   170   287   288     0     0     -0.008      0.612    -53.341     53.345      0.135
   190      -211   pi-                 84   159   170     0     0     0     0     -0.364     -0.292    -32.367     32.370      0.140
   191       213   (rho+)             -84   159   170   245   246     0     0     -0.111     -0.448    -34.534     34.544      0.668
   192       113   (rho0)             -84   159   170   247   248     0     0      0.449     -1.020   -242.466    242.471      1.042
   193      -211   pi-                 84   159   170     0     0     0     0      0.440     -0.392   -128.046    128.047      0.140
   194       213   (rho+)             -84   159   170   249   250     0     0      0.499     -0.727   -314.116    314.119      0.817
   195      -213   (rho-)             -84   159   170   251   252     0     0      0.076     -0.132   -175.457    175.458      0.660
   196         1   (d)                -71    93    93   203   225   112     0    331.114    -64.319   -323.957    467.677      0.330
   197        21   (g)                -71   100   100   203   225   123   112      1.755     -0.898     -0.028      1.972      0.000
   198        21   (g)                -71   105   105   203   225   114   123      1.350      0.248     -0.736      1.557      0.000
   199        21   (g)                -71   129   129   203   225   105   114     -0.239      0.536     -0.652      0.911      0.246
   200        21   (g)                -71   103   103   203   225   104   105      3.353      1.702     -0.666      3.819      0.000
   201        21   (g)                -71    95    95   203   225   101   104      2.894      1.616      1.073      3.484      0.000
   202      2203   (uu_1)             -71   127   127   203   225     0   101      0.397      1.183   -928.351    928.352      0.771
   203      -211   pi-                 83   196   202     0     0     0     0     81.928    -16.035    -79.991    115.620      0.140
   204       223   (omega)            -83   196   202   289   291     0     0    147.344    -28.703   -144.018    208.029      0.835
   205       321   K+                  83   196   202     0     0     0     0     80.836    -15.348    -78.748    113.893      0.494
   206      -311   (Kbar0)            -83   196   202   253   253     0     0     16.017     -3.320    -15.998     22.886      0.498
   207       111   (pi0)              -83   196   202   292   293     0     0      2.956     -0.451     -3.478      4.588      0.135
   208       311   (K0)               -83   196   202   254   254     0     0      2.444     -0.837     -1.278      2.925      0.498
   209      -311   (Kbar0)            -83   196   202   255   255     0     0      0.695      0.152     -0.893      1.245      0.498
   210      -213   (rho-)             -84   196   202   256   257     0     0      1.550      0.955     -0.222      2.052      0.919
   211       211   pi+                 84   196   202     0     0     0     0      2.227     -0.518     -0.437      2.332      0.140
   212      -211   pi-                 84   196   202     0     0     0     0      0.117      0.686      0.149      0.725      0.140
   213       321   K+                  84   196   202     0     0     0     0      1.687      0.752     -0.508      1.978      0.494
   214      -313   (K*bar0)           -84   196   202   258   259     0     0      0.376      0.206     -0.621      1.165      0.888
   215      -211   pi-                 84   196   202     0     0     0     0      0.278      0.041      0.002      0.314      0.140
   216       223   (omega)            -84   196   202   294   296     0     0      0.770      0.754     -0.060      1.332      0.781
   217      3222   Sigma+              84   196   202     0     0     0     0      0.704      0.495     -0.483      1.546      1.189
   218     -3212   (Sigmabar0)        -84   196   202   297   298     0     0      0.290      0.250     -3.030      3.279      1.193
   219       311   (K0)               -84   196   202   260   260     0     0     -0.106     -0.332     -6.338      6.367      0.498
   220      -321   K-                  84   196   202     0     0     0     0      0.199     -0.271     -5.439      5.472      0.494
   221      2212   p+                  84   196   202     0     0     0     0     -0.172      0.564    -11.756     11.808      0.938
   222     -2212   pbar-               84   196   202     0     0     0     0     -0.132     -0.105    -11.493     11.532      0.938
   223       211   pi+                 84   196   202     0     0     0     0     -0.008     -0.049     -2.857      2.861      0.140
   224      -211   pi-                 84   196   202     0     0     0     0      0.187     -0.138   -209.205    209.205      0.140
   225      2224   (Delta++)          -84   196   202   261   262     0     0      0.437      1.318   -676.616    676.618      1.273
   226       310   K_S0                91   134   134     0     0     0     0      0.881      0.991      3.902      4.151      0.498
   227       211   pi+                 91   138     0     0     0     0     0      6.506      7.040     19.274     21.527      0.140
   228       111   (pi0)              -91   138     0   299   300     0     0      3.235      4.229     10.814     12.055      0.135
   229       211   pi+                 91   142     0     0     0     0     0     -0.129      0.333     55.224     55.225      0.140
   230       111   (pi0)              -91   142     0   301   302     0     0     -0.099     -0.237      7.532      7.537      0.135
   231      2212   p+                  91   145     0     0     0     0     0     -0.402     -0.419    495.921    495.922      0.938
   232       111   (pi0)              -91   145     0   303   304     0     0     -0.414     -0.496    225.421    225.422      0.135
   233       311   (K0)               -91   152     0   263   263     0     0    -75.169      7.180    107.371    131.266      0.498
   234       211   pi+                 91   152     0     0     0     0     0   -108.139     10.095    153.677    188.183      0.140
   235      -211   pi-                 91   154     0     0     0     0     0     -5.275     -0.353      7.063      8.823      0.140
   236       111   (pi0)              -91   154     0   305   306     0     0     -1.939      0.496      2.589      3.276      0.135
   237      -211   pi-                 91   174     0     0     0     0     0     -0.140      0.137      0.681      0.723      0.140
   238       111   (pi0)              -91   174     0   307   308     0     0      1.201      0.728      2.513      2.882      0.135
   239       211   pi+                 91   175     0     0     0     0     0      0.032      0.610      1.523      1.646      0.140
   240      -211   pi-                 91   175     0     0     0     0     0      0.505      0.271      1.613      1.718      0.140
   241      -321   K-                  91   178     0     0     0     0     0     -0.022      0.108      1.321      1.415      0.494
   242       111   (pi0)              -91   178     0   309   310     0     0      0.481      0.183      1.028      1.157      0.135
   243       321   K+                  91   179     0     0     0     0     0     -0.095      0.432     -0.136      0.677      0.494
   244       111   (pi0)              -91   179     0   311   312     0     0      0.141      0.334      0.335      0.511      0.135
   245       211   pi+                 91   191     0     0     0     0     0      0.214     -0.295    -22.593     22.597      0.140
   246       111   (pi0)              -91   191     0   313   314     0     0     -0.325     -0.153    -11.941     11.947      0.135
   247       211   pi+                 91   192     0     0     0     0     0      0.725     -0.515   -120.268    120.272      0.140
   248      -211   pi-                 91   192     0     0     0     0     0     -0.276     -0.505   -122.198    122.199      0.140
   249       211   pi+                 91   194     0     0     0     0     0     -0.079     -0.243    -33.870     33.871      0.140
   250       111   (pi0)              -91   194     0   315   316     0     0      0.578     -0.484   -280.246    280.247      0.135
   251      -211   pi-                 91   195     0     0     0     0     0     -0.034      0.043     -9.966      9.967      0.140
   252       111   (pi0)              -91   195     0   317   318     0     0      0.110     -0.174   -165.491    165.491      0.135
   253       310   K_S0                91   206   206     0     0     0     0     16.017     -3.320    -15.998     22.886      0.498
   254       310   K_S0                91   208   208     0     0     0     0      2.444     -0.837     -1.278      2.925      0.498
   255       130   K_L0                91   209   209     0     0     0     0      0.695      0.152     -0.893      1.245      0.498
   256      -211   pi-                 91   210     0     0     0     0     0      1.092      0.782     -0.538      1.453      0.140
   257       111   (pi0)              -91   210     0   319   320     0     0      0.458      0.173      0.316      0.598      0.135
   258      -311   (Kbar0)            -91   214     0   264   264     0     0      0.273      0.423     -0.415      0.821      0.498
   259       111   (pi0)              -91   214     0   321   322     0     0      0.103     -0.218     -0.206      0.344      0.135
   260       130   K_L0                91   219   219     0     0     0     0     -0.106     -0.332     -6.338      6.367      0.498
   261      2212   p+                  91   225     0     0     0     0     0      0.532      0.945   -576.602    576.604      0.938
   262       211   pi+                 91   225     0     0     0     0     0     -0.095      0.373   -100.013    100.014      0.140
   263       310   K_S0                91   233   233     0     0     0     0    -75.169      7.180    107.371    131.266      0.498
   264       310   K_S0                91   258   258     0     0     0     0      0.273      0.423     -0.415      0.821      0.498
   265        22   gamma               91   136     0     0     0     0     0      0.539      0.643      1.698      1.895      0.000
   266        22   gamma               91   136     0     0     0     0     0      5.548      6.391     16.236     18.309      0.000
   267        22   gamma               91   137     0     0     0     0     0      0.813      1.193      3.788      4.053      0.000
   268        22   gamma               91   137     0     0     0     0     0      0.784      1.180      3.361      3.647      0.000
   269       211   pi+                 91   141     0     0     0     0     0     -0.107     -0.234      6.879      6.885      0.140
   270      -211   pi-                 91   141     0     0     0     0     0     -0.076     -0.133      1.106      1.125      0.140
   271       111   (pi0)              -91   141     0   323   324     0     0     -0.399     -0.501      9.726      9.748      0.135
   272        22   gamma               91   151     0     0     0     0     0    -14.069      1.338     20.067     24.544      0.000
   273        22   gamma               91   151     0     0     0     0     0   -109.659     10.196    155.869    190.851      0.000
   274       211   pi+                 91   156     0     0     0     0     0     -3.802     -0.389      5.025      6.315      0.140
   275      -211   pi-                 91   156     0     0     0     0     0     -1.172      0.030      1.743      2.106      0.140
   276       111   (pi0)              -91   156     0   325   326     0     0     -2.312      0.134      2.911      3.722      0.135
   277       111   (pi0)              -91   171     0   327   328     0     0      0.370      0.479      1.562      1.680      0.135
   278       111   (pi0)              -91   171     0   329   330     0     0      0.315      0.561      1.177      1.348      0.135
   279       111   (pi0)              -91   171     0   331   332     0     0      0.711      0.836      2.631      2.854      0.135
   280        22   gamma               91   177     0     0     0     0     0     -0.298      0.135      0.343      0.474      0.000
   281        22   gamma               91   177     0     0     0     0     0      0.088      0.537      0.261      0.603      0.000
   282       211   pi+                 91   185     0     0     0     0     0      0.074      0.180    -13.691     13.693      0.140
   283      -211   pi-                 91   185     0     0     0     0     0     -0.486      0.378    -28.934     28.941      0.140
   284       111   (pi0)              -91   185     0   333   334     0     0     -0.272      0.252    -10.676     10.683      0.135
   285        22   gamma               91   187     0     0     0     0     0     -0.036      0.162     -0.923      0.938      0.000
   286        22   gamma               91   187     0     0     0     0     0      0.023     -0.019     -0.107      0.111      0.000
   287        22   gamma               91   189     0     0     0     0     0      0.001      0.320    -33.571     33.572      0.000
   288        22   gamma               91   189     0     0     0     0     0     -0.009      0.292    -19.770     19.773      0.000
   289       211   pi+                 91   204     0     0     0     0     0     10.328     -2.103    -10.212     14.676      0.140
   290      -211   pi-                 91   204     0     0     0     0     0     75.640    -14.568    -74.037    106.842      0.140
   291       111   (pi0)              -91   204     0   335   336     0     0     61.376    -12.032    -59.769     86.511      0.135
   292        22   gamma               91   207     0     0     0     0     0      0.917     -0.080     -1.098      1.433      0.000
   293        22   gamma               91   207     0     0     0     0     0      2.039     -0.371     -2.380      3.156      0.000
   294       211   pi+                 91   216     0     0     0     0     0      0.091      0.253      0.182      0.353      0.140
   295      -211   pi-                 91   216     0     0     0     0     0      0.350      0.060     -0.088      0.392      0.140
   296       111   (pi0)              -91   216     0   337   338     0     0      0.329      0.440     -0.154      0.587      0.135
   297     -3122   Lambdabar0          91   218     0     0     0     0     0      0.293      0.164     -2.851      3.080      1.116
   298        22   gamma               91   218     0     0     0     0     0     -0.003      0.086     -0.179      0.199      0.000
   299        22   gamma               91   228     0     0     0     0     0      1.772      2.206      5.751      6.409      0.000
   300        22   gamma               91   228     0     0     0     0     0      1.463      2.023      5.064      5.646      0.000
   301        22   gamma               91   230     0     0     0     0     0     -0.068     -0.063      4.104      4.105      0.000
   302        22   gamma               91   230     0     0     0     0     0     -0.031     -0.173      3.428      3.432      0.000
   303        22   gamma               91   232     0     0     0     0     0     -0.189     -0.145     95.508     95.508      0.000
   304        22   gamma               91   232     0     0     0     0     0     -0.225     -0.351    129.913    129.914      0.000
   305        22   gamma               91   236     0     0     0     0     0     -0.854      0.191      1.032      1.354      0.000
   306        22   gamma               91   236     0     0     0     0     0     -1.085      0.305      1.557      1.922      0.000
   307        22   gamma               91   238     0     0     0     0     0      0.956      0.558      1.867      2.170      0.000
   308        22   gamma               91   238     0     0     0     0     0      0.245      0.171      0.646      0.712      0.000
   309        22   gamma               91   242     0     0     0     0     0      0.404      0.139      0.722      0.839      0.000
   310        22   gamma               91   242     0     0     0     0     0      0.077      0.044      0.305      0.318      0.000
   311        22   gamma               91   244     0     0     0     0     0      0.133      0.142      0.158      0.251      0.000
   312        22   gamma               91   244     0     0     0     0     0      0.008      0.192      0.177      0.261      0.000
   313        22   gamma               91   246     0     0     0     0     0     -0.008     -0.002     -1.917      1.917      0.000
   314        22   gamma               91   246     0     0     0     0     0     -0.317     -0.151    -10.024     10.030      0.000
   315        22   gamma               91   250     0     0     0     0     0      0.291     -0.309   -172.384    172.385      0.000
   316        22   gamma               91   250     0     0     0     0     0      0.287     -0.175   -107.862    107.863      0.000
   317        22   gamma               91   252     0     0     0     0     0      0.084     -0.019    -71.859     71.859      0.000
   318        22   gamma               91   252     0     0     0     0     0      0.026     -0.155    -93.632     93.633      0.000
   319        22   gamma               91   257     0     0     0     0     0      0.236      0.158      0.201      0.348      0.000
   320        22   gamma               91   257     0     0     0     0     0      0.222      0.016      0.115      0.251      0.000
   321        22   gamma               91   259     0     0     0     0     0      0.128     -0.153     -0.116      0.231      0.000
   322        22   gamma               91   259     0     0     0     0     0     -0.025     -0.064     -0.090      0.113      0.000
   323        22   gamma               91   271     0     0     0     0     0     -0.403     -0.486      9.137      9.159      0.000
   324        22   gamma               91   271     0     0     0     0     0      0.004     -0.015      0.588      0.589      0.000
   325        22   gamma               91   276     0     0     0     0     0     -2.306      0.131      2.887      3.698      0.000
   326        22   gamma               91   276     0     0     0     0     0     -0.005      0.003      0.023      0.024      0.000
   327        22   gamma               91   277     0     0     0     0     0      0.056      0.046      0.323      0.331      0.000
   328        22   gamma               91   277     0     0     0     0     0      0.314      0.433      1.239      1.349      0.000
   329        22   gamma               91   278     0     0     0     0     0      0.243      0.513      1.060      1.203      0.000
   330        22   gamma               91   278     0     0     0     0     0      0.073      0.048      0.116      0.145      0.000
   331        22   gamma               91   279     0     0     0     0     0      0.437      0.418      1.509      1.625      0.000
   332        22   gamma               91   279     0     0     0     0     0      0.274      0.417      1.122      1.228      0.000
   333        22   gamma               91   284     0     0     0     0     0     -0.234      0.225    -10.162     10.168      0.000
   334        22   gamma               91   284     0     0     0     0     0     -0.038      0.027     -0.514      0.516      0.000
   335        22   gamma               91   291     0     0     0     0     0     51.622    -10.073    -50.240     72.735      0.000
   336        22   gamma               91   291     0     0     0     0     0      9.753     -1.960     -9.529     13.776      0.000
   337        22   gamma               91   296     0     0     0     0     0      0.320      0.424     -0.174      0.559      0.000
   338        22   gamma               91   296     0     0     0     0     0      0.009      0.016      0.020      0.027      0.000
                                   Charge sum:  2.000           Momentum sum:     -0.000      0.000      0.000   5020.000   5020.000

 --------  End PYTHIA Event Listing  -----------------------------------------------------------------------------------------------
0	0%, nTried:13, nTrial:13, sigma:0.000
#--------------------------------------------------------------------------
#                         FastJet release 3.2.1
#                 M. Cacciari, G.P. Salam and G. Soyez                  
#     A software package for jet finding and analysis at colliders      
#                           http://fastjet.fr                           
#	                                                                      
# Please cite EPJC72(2012)1896 [arXiv:1111.6097] if you use this package
# for scientific work and optionally PLB641(2006)57 [hep-ph/0512210].   
#                                                                       
# FastJet is provided without warranty under the terms of the GNU GPLv2.
# It uses T. Chan's closest pair algorithm, S. Fortune's Voronoi code,
# CGAL and 3rd party plugin jet algorithms. See COPYING file for details.
#--------------------------------------------------------------------------
 PYTHIA Warning in StringFragmentation::fragmentToJunction: bad convergence junction rest frame  
 PYTHIA Error in StringFragmentation::fragment: stuck in joining  
 PYTHIA Error in Pythia::next: hadronLevel failed; try again  
500	5%, nTried:3834, nTrial:14, sigma:0.000

 Pythia::next(): 1000 events have been generated 
1000	10%, nTried:7390, nTrial:3, sigma:0.000
 PYTHIA Warning in SpaceShower::pT2nextQCD: weight above unity  
1500	15%, nTried:11041, nTrial:2, sigma:0.000

 Pythia::next(): 2000 events have been generated 
2000	20%, nTried:14706, nTrial:2, sigma:0.000
2500	25%, nTried:18444, nTrial:9, sigma:0.000

 Pythia::next(): 3000 events have been generated 
3000	30%, nTried:22164, nTrial:3, sigma:0.000
 PYTHIA Warning in MultipartonInteractions::pTnext: weight above unity  
3500	35%, nTried:26091, nTrial:13, sigma:0.000

 Pythia::next(): 4000 events have been generated 
4000	40%, nTried:29876, nTrial:13, sigma:0.000
4500	45%, nTried:33658, nTrial:1, sigma:0.000

 Pythia::next(): 5000 events have been generated 
5000	50%, nTried:37325, nTrial:1, sigma:0.000
 PYTHIA Error in SpaceShower::pT2nearThreshold: stuck in loop  
5500	55%, nTried:40961, nTrial:16, sigma:0.000

 Pythia::next(): 6000 events have been generated 
6000	60%, nTried:44894, nTrial:4, sigma:0.000
6500	65%, nTried:48253, nTrial:4, sigma:0.000

 Pythia::next(): 7000 events have been generated 
7000	70%, nTried:52011, nTrial:5, sigma:0.000
7500	75%, nTried:55535, nTrial:3, sigma:0.000

 Pythia::next(): 8000 events have been generated 
8000	80%, nTried:59699, nTrial:3, sigma:0.000
8500	85%, nTried:63364, nTrial:1, sigma:0.000

 Pythia::next(): 9000 events have been generated 
9000	90%, nTried:67226, nTrial:9, sigma:0.000
9500	95%, nTried:71132, nTrial:2, sigma:0.000
10000	100%, nTried:74704, sigma:0.000
nTried after loop:74704
sigma after loop:0.000
10000 events are analyzed successfully.
Real time 0:05:10, CP time 310.350
