
 *------------------------------------------------------------------------------------* 
 |                                                                                    | 
 |  *------------------------------------------------------------------------------*  | 
 |  |                                                                              |  | 
 |  |                                                                              |  | 
 |  |   PPP   Y   Y  TTTTT  H   H  III    A      Welcome to the Lund Monte Carlo!  |  | 
 |  |   P  P   Y Y     T    H   H   I    A A     This is PYTHIA version 8.226      |  | 
 |  |   PPP     Y      T    HHHHH   I   AAAAA    Last date of change: 26 Apr 2017  |  | 
 |  |   P       Y      T    H   H   I   A   A                                      |  | 
 |  |   P       Y      T    H   H  III  A   A    Now is 02 Dec 2020 at 10:18:59    |  | 
 |  |                                                                              |  | 
 |  |   Torbjorn Sjostrand;  Department of Astronomy and Theoretical Physics,      |  | 
 |  |      Lund University, Solvegatan 14A, SE-223 62 Lund, Sweden;                |  | 
 |  |      e-mail: torbjorn@thep.lu.se                                             |  | 
 |  |   Nishita Desai;  Laboratoire Charles Coulomb (L2C),                         |  | 
 |  |      CNRS-Universite de Montpellier, 34090 Montpellier, France;              |  | 
 |  |      e-mail: nishita.desai@umontpellier.fr                                   |  | 
 |  |   Nadine Fischer;  School of Physics,                                        |  | 
 |  |      Monash University, PO Box 27, 3800 Melbourne, Australia;                |  | 
 |  |      e-mail: nadine.fischer@monash.edu                                       |  | 
 |  |   Ilkka Helenius;  Institute for Theoretical Physics,                        |  | 
 |  |     Tuebingen University, Auf der Morgenstelle 14, 72076 Tuebingen, Germany; |  | 
 |  |      e-mail: ilkka.helenius@uni-tuebingen.de                                 |  | 
 |  |   Philip Ilten;  Massachusetts Institute of Technology,                      |  | 
 |  |      77 Massachusetts Ave, Cambridge, MA 02139, USA;                         |  | 
 |  |      e-mail: philten@cern.ch                                                 |  | 
 |  |   Leif Lonnblad;  Department of Astronomy and Theoretical Physics,           |  | 
 |  |      Lund University, Solvegatan 14A, SE-223 62 Lund, Sweden;                |  | 
 |  |      e-mail: leif.lonnblad@thep.lu.se                                        |  | 
 |  |   Stephen Mrenna;  Computing Division, Simulations Group,                    |  | 
 |  |      Fermi National Accelerator Laboratory, MS 234, Batavia, IL 60510, USA;  |  | 
 |  |      e-mail: mrenna@fnal.gov                                                 |  | 
 |  |   Stefan Prestel;  Theoretical Physics Department,                           |  | 
 |  |      Fermi National Accelerator Laboratory, MS 106, Batavia, IL 60510, USA;  |  | 
 |  |      e-mail: sprestel@fnal.gov                                               |  | 
 |  |   Christine O. Rasmussen;  Department of Astronomy and Theoretical Physics,  |  | 
 |  |      Lund University, Solvegatan 14A, SE-223 62 Lund, Sweden;                |  | 
 |  |      e-mail: christine.rasmussen@thep.lu.se                                  |  | 
 |  |   Peter Skands;  School of Physics,                                          |  | 
 |  |      Monash University, PO Box 27, 3800 Melbourne, Australia;                |  | 
 |  |      e-mail: peter.skands@monash.edu                                         |  | 
 |  |                                                                              |  | 
 |  |   The main program reference is 'An Introduction to PYTHIA 8.2',             |  | 
 |  |   T. Sjostrand et al, Comput. Phys. Commun. 191 (2015) 159                   |  | 
 |  |   [arXiv:1410.3012 [hep-ph]]                                                 |  | 
 |  |                                                                              |  | 
 |  |   The main physics reference is the 'PYTHIA 6.4 Physics and Manual',         |  | 
 |  |   T. Sjostrand, S. Mrenna and P. Skands, JHEP05 (2006) 026 [hep-ph/0603175]  |  | 
 |  |                                                                              |  | 
 |  |   An archive of program versions and documentation is found on the web:      |  | 
 |  |   http://www.thep.lu.se/Pythia                                               |  | 
 |  |                                                                              |  | 
 |  |   This program is released under the GNU General Public Licence version 2.   |  | 
 |  |   Please respect the MCnet Guidelines for Event Generator Authors and Users. |  | 
 |  |                                                                              |  | 
 |  |   Disclaimer: this program comes without any guarantees.                     |  | 
 |  |   Beware of errors and use common sense when interpreting results.           |  | 
 |  |                                                                              |  | 
 |  |   Copyright (C) 2017 Torbjorn Sjostrand                                      |  | 
 |  |                                                                              |  | 
 |  |                                                                              |  | 
 |  *------------------------------------------------------------------------------*  | 
 |                                                                                    | 
 *------------------------------------------------------------------------------------* 

 PYTHIA Error in Settings::flag: unknown key Main:showChangedParticleData
 PYTHIA Error in Settings::mode: unknown key Beams:eCM
Events=10000 RNDM seed 1009

 *-------  PYTHIA Process Initialization  --------------------------*
 |                                                                  |
 | We collide p+ with p+ at a CM energy of 5.020e+03 GeV            |
 |                                                                  |
 |------------------------------------------------------------------|
 |                                                    |             |
 | Subprocess                                    Code |   Estimated |
 |                                                    |    max (mb) |
 |                                                    |             |
 |------------------------------------------------------------------|
 |                                                    |             |
 | g g -> g g                                     111 |   6.097e-07 |
 | g g -> q qbar (uds)                            112 |   1.557e-08 |
 | q g -> q g                                     113 |   2.128e-06 |
 | q q(bar)' -> q q(bar)'                         114 |   1.024e-06 |
 | q qbar -> g g                                  115 |   8.540e-09 |
 | q qbar -> q' qbar' (uds)                       116 |   6.081e-09 |
 | g g -> c cbar                                  121 |   5.159e-09 |
 | q qbar -> c cbar                               122 |   2.027e-09 |
 | g g -> b bbar                                  123 |   5.186e-09 |
 | q qbar -> b bbar                               124 |   2.026e-09 |
 |                                                                  |
 *-------  End PYTHIA Process Initialization -----------------------*

 *-------  PYTHIA Multiparton Interactions Initialization  ---------* 
 |                                                                  | 
 |                   sigmaNonDiffractive =    48.03 mb              | 
 |                                                                  | 
 |    pT0 =  2.12 gives sigmaInteraction =   210.58 mb: accepted    | 
 |                                                                  | 
 *-------  End PYTHIA Multiparton Interactions Initialization  -----* 

 *-------  PYTHIA Flag + Mode + Parm + Word + FVec + MVec + PVec + WVec Settings (changes only)  ------------------* 
 |                                                                                                                 | 
 | Name                                          |                      Now |      Default         Min         Max | 
 |                                               |                          |                                      | 
 | Beams:eCM                                     |                 5020.000 |    14000.000    10.00000             | 
 | HardQCD:all                                   |                       on |          off                         | 
 | Main:numberOfEvents                           |                    10000 |         1000           0             | 
 | ParticleDecays:limitTau0                      |                       on |          off                         | 
 | PhaseSpace:mHatMin                            |                      0.0 |      4.00000         0.0             | 
 | PhaseSpace:pTHatMin                           |                300.00000 |          0.0         0.0             | 
 | Random:seed                                   |                     1009 |           -1               900000000 | 
 | Random:setSeed                                |                       on |          off                         | 
 |                                                                                                                 | 
 *-------  End PYTHIA Flag + Mode + Parm + Word + FVec + MVec + PVec + WVec Settings  -----------------------------* 

 --------  PYTHIA Particle Data Table (changed only)  ------------------------------------------------------------------------------
 
      id   name            antiName         spn chg col      m0        mWidth      mMin       mMax       tau0    res dec ext vis wid
             no onMode   bRatio   meMode     products 

 no particle data has been changed from its default value 

 --------  End PYTHIA Particle Data Table  -----------------------------------------------------------------------------------------

============ AliJHistManager : AliJCDijetHistManagerjcdijet ===================

---- AliJBin ----
*AliJBin	CentBin	CentBin	"Cent:"	&mode=Single	0.000000 1.000000
*AliJBin	JetBin	JetBin	"Jet bin:"	&mode=Single	0.000000 1.000000 2.000000 3.000000 4.000000

---- AliJTH1 ----
*AliJTH1D	h_events	"h_events"	&Dir=default&Lazy	 CentBin
*AliJTH1D	h_eventSel	"h_eventSel"	&Lazy&Single	 1
*AliJTH1D	h_info	"h_info"	&Lazy&Single	 1
*AliJTH1D	h_centrality	"h_centrality"	&Lazy&Single	 1
*AliJTH1D	h_zvtx	"h_zvtx"	&Lazy&Single	 1
*AliJTH1D	h_nch	"h_nch"	&Dir=default&Lazy	 CentBin
*AliJTH1D	h_pt	"h_pt"	&Dir=default&Lazy	 CentBin
*AliJTH1D	h_ptPosEta	"h_ptPosEta"	&Dir=default&Lazy	 CentBin
*AliJTH1D	h_ptNegEta	"h_ptNegEta"	&Dir=default&Lazy	 CentBin
*AliJTH1D	h_eta	"h_eta"	&Dir=default&Lazy	 CentBin
*AliJTH1D	h_phi	"h_phi"	&Dir=default&Lazy	 CentBin
*AliJTH2D	h_etaPhi	"h_etaPhi"	&Dir=default&Lazy	 CentBin
*AliJTH1D	h_rho	"h_rho"	&Dir=default&Lazy	 CentBin
*AliJTH1D	h_rhoHighPt	"h_rhoHighPt"	&Dir=default&Lazy	 CentBin
*AliJTH1D	h_rhom	"h_rhom"	&Dir=default&Lazy	 CentBin
*AliJTH1D	h_rhomHighPt	"h_rhomHighPt"	&Dir=default&Lazy	 CentBin
*AliJTH1D	h_rhoLin	"h_rhoLin"	&Dir=default&Lazy	 CentBin
*AliJTH1D	h_rhoLinHighPt	"h_rhoLinHighPt"	&Dir=default&Lazy	 CentBin
*AliJTH1D	h_rhomLin	"h_rhomLin"	&Dir=default&Lazy	 CentBin
*AliJTH1D	h_rhomLinHighPt	"h_rhomLinHighPt"	&Dir=default&Lazy	 CentBin
*AliJTH1D	h_jetPt	"h_jetPt"	&Dir=default&Lazy	 CentBin JetBin
*AliJTH1D	h_jetPt_ALICE	"h_jetPt_ALICE"	&Dir=default&Lazy	 CentBin JetBin
*AliJTH1D	h_jetPtTransBGSub	"h_jetPtTransBGSub"	&Dir=default&Lazy	 CentBin JetBin
*AliJTH1D	h_jetN	"h_jetN"	&Dir=default&Lazy	 CentBin
*AliJTH1D	h_jetEta	"h_jetEta"	&Dir=default&Lazy	 CentBin JetBin
*AliJTH1D	h_jetPhi	"h_jetPhi"	&Dir=default&Lazy	 CentBin JetBin
*AliJTH2D	h_jetEtaPhi	"h_jetEtaPhi"	&Dir=default&Lazy	 CentBin JetBin
*AliJTH2D	h_randConeEtaPhi	"h_randConeEtaPhi"	&Dir=default&Lazy	 CentBin
*AliJTH1D	h_jetArea	"h_jetArea"	&Dir=default&Lazy	 CentBin JetBin
*AliJTH1D	h_jetAreaRho	"h_jetAreaRho"	&Dir=default&Lazy	 CentBin JetBin
*AliJTH1D	h_deltaPt	"h_deltaPt"	&Dir=default&Lazy	 CentBin
*AliJTH1D	h_maxJetptOverPtHard	"h_maxJetptOverPtHard"	&Dir=default&Lazy	 CentBin
*AliJTH1D	h_ptHard	"h_ptHard"	&Dir=default&Lazy	 CentBin
*AliJTH1D	h_dijetInvM	"h_dijetInvM"	&Dir=default&Lazy	 CentBin JetBin
*AliJTH1D	h_dijetPtPair	"h_dijetPtPair"	&Dir=default&Lazy	 CentBin JetBin
*AliJTH1D	h_dijetDeltaPhi	"h_dijetDeltaPhi"	&Dir=default&Lazy	 CentBin JetBin
*AliJTH1D	h_dijetPtPairDeltaPhiCut	"h_dijetPtPairDeltaPhiCut"	&Dir=default&Lazy	 CentBin JetBin
*AliJTH1D	h_dijetInvMDeltaPhiCut	"h_dijetInvMDeltaPhiCut"	&Dir=default&Lazy	 CentBin JetBin
*AliJTH1D	h_dijetDeltaPhiWithCut	"h_dijetDeltaPhiWithCut"	&Dir=default&Lazy	 CentBin JetBin
*AliJTH1D	h_responseInfo	"h_responseInfo"	&Lazy&Single	 1
*AliJTH1D	h_jetResponseDeltaR	"h_jetResponseDeltaR"	&Lazy&Single	 1
*AliJTH1D	h_jetResponseDeltaRClosest	"h_jetResponseDeltaRClosest"	&Lazy&Single	 1
*AliJTH1D	h_jetResponseDeltaPt	"h_jetResponseDeltaPt"	&Lazy&Single	 1
*AliJTH1D	h_jetDeltaRMin	"h_jetDeltaRMin"	&Dir=default&Lazy	 CentBin JetBin
*AliJTH1D	h_jetBGSubtrDeltaR	"h_jetBGSubtrDeltaR"	&Dir=default&Lazy	 CentBin
*AliJTH2D	h_jetResponse	"h_jetResponse"	&Lazy&Single	 1
*AliJTH2D	h_jetResponse_ALICE	"h_jetResponse_ALICE"	&Lazy&Single	 1
*AliJTH2D	h_deltaPtResponse	"h_deltaPtResponse"	&Lazy&Single	 1
*AliJTH2D	h_deltaPtResponse_ALICE	"h_deltaPtResponse_ALICE"	&Lazy&Single	 1
*AliJTH2D	h_deltaPtResponseEvery	"h_deltaPtResponseEvery"	&Lazy&Single	 1
*AliJTH2D	h_deltaPtResponseEvery_ALICE	"h_deltaPtResponseEvery_ALICE"	&Lazy&Single	 1
*AliJTH2D	h_dijetResponse	"h_dijetResponse"	&Lazy&Single	 1
*AliJTH2D	h_dijetResponseDeltaPhiCut	"h_dijetResponseDeltaPhiCut"	&Lazy&Single	 1
*AliJTH1D	h_dijetdeltaM1	"h_dijetdeltaM1"	&Lazy&Single	 1
*AliJTH1D	h_dijetdeltaM2	"h_dijetdeltaM2"	&Lazy&Single	 1
============ AliJHistManager : AliJCDijetHistManagerjcdijetDetMC ===================

---- AliJBin ----
*AliJBin	CentBin	CentBin	"Cent:"	&mode=Single	0.000000 1.000000
*AliJBin	JetBin	JetBin	"Jet bin:"	&mode=Single	0.000000 1.000000 2.000000 3.000000 4.000000

---- AliJTH1 ----
*AliJTH1D	h_events	"h_events"	&Dir=default&Lazy	 CentBin
*AliJTH1D	h_eventSel	"h_eventSel"	&Lazy&Single	 1
*AliJTH1D	h_info	"h_info"	&Lazy&Single	 1
*AliJTH1D	h_centrality	"h_centrality"	&Lazy&Single	 1
*AliJTH1D	h_zvtx	"h_zvtx"	&Lazy&Single	 1
*AliJTH1D	h_nch	"h_nch"	&Dir=default&Lazy	 CentBin
*AliJTH1D	h_pt	"h_pt"	&Dir=default&Lazy	 CentBin
*AliJTH1D	h_ptPosEta	"h_ptPosEta"	&Dir=default&Lazy	 CentBin
*AliJTH1D	h_ptNegEta	"h_ptNegEta"	&Dir=default&Lazy	 CentBin
*AliJTH1D	h_eta	"h_eta"	&Dir=default&Lazy	 CentBin
*AliJTH1D	h_phi	"h_phi"	&Dir=default&Lazy	 CentBin
*AliJTH2D	h_etaPhi	"h_etaPhi"	&Dir=default&Lazy	 CentBin
*AliJTH1D	h_rho	"h_rho"	&Dir=default&Lazy	 CentBin
*AliJTH1D	h_rhoHighPt	"h_rhoHighPt"	&Dir=default&Lazy	 CentBin
*AliJTH1D	h_rhom	"h_rhom"	&Dir=default&Lazy	 CentBin
*AliJTH1D	h_rhomHighPt	"h_rhomHighPt"	&Dir=default&Lazy	 CentBin
*AliJTH1D	h_rhoLin	"h_rhoLin"	&Dir=default&Lazy	 CentBin
*AliJTH1D	h_rhoLinHighPt	"h_rhoLinHighPt"	&Dir=default&Lazy	 CentBin
*AliJTH1D	h_rhomLin	"h_rhomLin"	&Dir=default&Lazy	 CentBin
*AliJTH1D	h_rhomLinHighPt	"h_rhomLinHighPt"	&Dir=default&Lazy	 CentBin
*AliJTH1D	h_jetPt	"h_jetPt"	&Dir=default&Lazy	 CentBin JetBin
*AliJTH1D	h_jetPt_ALICE	"h_jetPt_ALICE"	&Dir=default&Lazy	 CentBin JetBin
*AliJTH1D	h_jetPtTransBGSub	"h_jetPtTransBGSub"	&Dir=default&Lazy	 CentBin JetBin
*AliJTH1D	h_jetN	"h_jetN"	&Dir=default&Lazy	 CentBin
*AliJTH1D	h_jetEta	"h_jetEta"	&Dir=default&Lazy	 CentBin JetBin
*AliJTH1D	h_jetPhi	"h_jetPhi"	&Dir=default&Lazy	 CentBin JetBin
*AliJTH2D	h_jetEtaPhi	"h_jetEtaPhi"	&Dir=default&Lazy	 CentBin JetBin
*AliJTH2D	h_randConeEtaPhi	"h_randConeEtaPhi"	&Dir=default&Lazy	 CentBin
*AliJTH1D	h_jetArea	"h_jetArea"	&Dir=default&Lazy	 CentBin JetBin
*AliJTH1D	h_jetAreaRho	"h_jetAreaRho"	&Dir=default&Lazy	 CentBin JetBin
*AliJTH1D	h_deltaPt	"h_deltaPt"	&Dir=default&Lazy	 CentBin
*AliJTH1D	h_maxJetptOverPtHard	"h_maxJetptOverPtHard"	&Dir=default&Lazy	 CentBin
*AliJTH1D	h_ptHard	"h_ptHard"	&Dir=default&Lazy	 CentBin
*AliJTH1D	h_dijetInvM	"h_dijetInvM"	&Dir=default&Lazy	 CentBin JetBin
*AliJTH1D	h_dijetPtPair	"h_dijetPtPair"	&Dir=default&Lazy	 CentBin JetBin
*AliJTH1D	h_dijetDeltaPhi	"h_dijetDeltaPhi"	&Dir=default&Lazy	 CentBin JetBin
*AliJTH1D	h_dijetPtPairDeltaPhiCut	"h_dijetPtPairDeltaPhiCut"	&Dir=default&Lazy	 CentBin JetBin
*AliJTH1D	h_dijetInvMDeltaPhiCut	"h_dijetInvMDeltaPhiCut"	&Dir=default&Lazy	 CentBin JetBin
*AliJTH1D	h_dijetDeltaPhiWithCut	"h_dijetDeltaPhiWithCut"	&Dir=default&Lazy	 CentBin JetBin
*AliJTH1D	h_responseInfo	"h_responseInfo"	&Lazy&Single	 1
*AliJTH1D	h_jetResponseDeltaR	"h_jetResponseDeltaR"	&Lazy&Single	 1
*AliJTH1D	h_jetResponseDeltaRClosest	"h_jetResponseDeltaRClosest"	&Lazy&Single	 1
*AliJTH1D	h_jetResponseDeltaPt	"h_jetResponseDeltaPt"	&Lazy&Single	 1
*AliJTH1D	h_jetDeltaRMin	"h_jetDeltaRMin"	&Dir=default&Lazy	 CentBin JetBin
*AliJTH1D	h_jetBGSubtrDeltaR	"h_jetBGSubtrDeltaR"	&Dir=default&Lazy	 CentBin
*AliJTH2D	h_jetResponse	"h_jetResponse"	&Lazy&Single	 1
*AliJTH2D	h_jetResponse_ALICE	"h_jetResponse_ALICE"	&Lazy&Single	 1
*AliJTH2D	h_deltaPtResponse	"h_deltaPtResponse"	&Lazy&Single	 1
*AliJTH2D	h_deltaPtResponse_ALICE	"h_deltaPtResponse_ALICE"	&Lazy&Single	 1
*AliJTH2D	h_deltaPtResponseEvery	"h_deltaPtResponseEvery"	&Lazy&Single	 1
*AliJTH2D	h_deltaPtResponseEvery_ALICE	"h_deltaPtResponseEvery_ALICE"	&Lazy&Single	 1
*AliJTH2D	h_dijetResponse	"h_dijetResponse"	&Lazy&Single	 1
*AliJTH2D	h_dijetResponseDeltaPhiCut	"h_dijetResponseDeltaPhiCut"	&Lazy&Single	 1
*AliJTH1D	h_dijetdeltaM1	"h_dijetdeltaM1"	&Lazy&Single	 1
*AliJTH1D	h_dijetdeltaM2	"h_dijetdeltaM2"	&Lazy&Single	 1

============= Settings =============
cent bin:                   0
particle eta cut:           0.9
particle pt cut:            0.15
jet cone size:              0.4
kt-jet cone size:           0.4
Using pion mass in kt-jets: 0.0
Using DeltaPhi in BG subtr: 1.0
Using kt-jet scheme:        pt_scheme
jet costituent cut:         5.0
dijet leading pt cut:       20.0
dijet subleading pt cut:    20.0
dijet DeltaPhi cut:         pi/2.0
tracking inefficiency:      0.0

Let's start

 --------  PYTHIA Info Listing  ---------------------------------------- 
 
 Beam A: id =   2212, pz =  2.510e+03, e =  2.510e+03, m =  9.383e-01.
 Beam B: id =   2212, pz = -2.510e+03, e =  2.510e+03, m =  9.383e-01.

 In 1: id =    1, x =  3.684e-01, pdf =  7.447e-02 at Q2 =  9.407e+04.
 In 2: id =    2, x =  6.484e-02, pdf =  6.071e-01 at same Q2.

 Subprocess q q(bar)' -> q q(bar)' with code 114 is 2 -> 2.
 It has sHat =  6.019e+05,    tHat = -1.167e+05,    uHat = -4.852e+05,
       pTHat =  3.067e+02,   m3Hat =  3.300e-01,   m4Hat =  3.300e-01,
    thetaHat =  9.120e-01,  phiHat =  3.282e+00.
     alphaEM =  7.926e-03,  alphaS =  1.098e-01    at Q2 =  9.407e+04.

 Impact parameter b =  1.512e+00 gives enhancement factor =  8.619e-02.
 Max pT scale for MPI =  3.067e+02, ISR =  3.067e+02, FSR =  3.067e+02.
 Number of MPI =     1, ISR =     3, FSRproc =    28, FSRreson =     0.

 --------  End PYTHIA Info Listing  ------------------------------------

 --------  PYTHIA Event Listing  (hard process)  -----------------------------------------------------------------------------------
 
    no        id   name            status     mothers   daughters     colours      p_x        p_y        p_z         e          m 
     0        90   (system)           -11     0     0     0     0     0     0      0.000      0.000      0.000   5020.000   5020.000
     1      2212   (p+)               -12     0     0     3     0     0     0      0.000      0.000   2510.000   2510.000      0.938
     2      2212   (p+)               -12     0     0     4     0     0     0      0.000      0.000  -2510.000   2510.000      0.938
     3         1   (d)                -21     1     0     5     6   101     0      0.000      0.000    924.564    924.564      0.000
     4         2   (u)                -21     2     0     5     6   102     0      0.000      0.000   -162.743    162.743      0.000
     5         1   d                   23     3     4     0     0   102     0   -303.693    -42.928    713.737    776.848      0.330
     6         2   u                   23     3     4     0     0   101     0    303.693     42.928     48.084    310.459      0.330
                                   Charge sum:  0.333           Momentum sum:      0.000      0.000    761.821   1087.306    775.799

 --------  End PYTHIA Event Listing  -----------------------------------------------------------------------------------------------

 --------  PYTHIA Event Listing  (complete event)  ---------------------------------------------------------------------------------
 
    no        id   name            status     mothers   daughters     colours      p_x        p_y        p_z         e          m 
     0        90   (system)           -11     0     0     0     0     0     0      0.000      0.000      0.000   5020.000   5020.000
     1      2212   (p+)               -12     0     0   168     0     0     0      0.000      0.000   2510.000   2510.000      0.938
     2      2212   (p+)               -12     0     0   169     0     0     0      0.000      0.000  -2510.000   2510.000      0.938
     3         1   (d)                -21     9     9     5     6   101     0      0.000      0.000    924.564    924.564      0.000
     4         2   (u)                -21    17     0     5     6   102     0      0.000      0.000   -162.743    162.743      0.000
     5         1   (d)                -23     3     4    18    18   102     0   -303.693    -42.928    713.737    776.848      0.330
     6         2   (u)                -23     3     4     7     8   101     0    303.693     42.928     48.084    310.459      0.330
     7         2   (u)                -51     6     0    10    11   103     0    256.009     49.526     35.289    263.133      0.330
     8        21   (g)                -51     6     0    12    12   101   103     47.684     -6.598     16.289     50.819      0.000
     9         1   (d)                -53    16    16     3     3   101     0      0.000     -0.000    928.057    928.057      0.000
    10         2   (u)                -51     7     0    13    14   104     0    163.010     19.428     17.554    165.100      0.330
    11        21   (g)                -51     7     0    15    15   103   104    106.496     28.231     22.345    112.418      0.000
    12        21   (g)                -52     8     8    20    20   101   103     34.187     -4.731     11.678     36.435      0.000
    13         2   (u)                -51    10     0    19    19   105     0     81.524      7.185     11.679     82.670      0.330
    14        21   (g)                -51    10     0    22    22   104   105     95.623     15.990      8.842     97.353      0.000
    15        21   (g)                -52    11    11    21    21   103   104     92.360     24.483     19.379     97.496      0.000
    16         1   (d)                -42    50    50     9     9   101     0      0.000      0.000    928.057    928.057      0.000
    17         2   (u)                -41   100   100    23     4   106     0     -0.000     -0.000   -194.944    194.944      0.000
    18         1   (d)                -44     5     5    33    34   102     0   -303.202    -42.719    711.173    774.289      0.330
    19         2   (u)                -44    13    13    30    31   105     0     82.077      7.420     12.334     83.330      0.330
    20        21   (g)                -44    12    12    27    28   101   103     34.380     -4.649     11.927     36.685      0.000
    21        21   (g)                -44    15    15    24    25   103   104     92.968     24.742     20.175     98.297      0.000
    22        21   (g)                -44    14    14    26    26   104   105     96.312     16.284      9.635     98.153      0.000
    23        21   (g)                -43    17     0    35    35   106   102     -2.535     -1.079    -32.130     32.248      0.000
    24        21   (g)                -51    21     0    29    29   103   107    103.340     25.836     21.985    108.766      0.000
    25        21   (g)                -51    21     0    71    71   107   104      7.417      1.914     -0.030      7.660      0.000
    26        21   (g)                -52    22    22    32    32   104   105     78.523     13.276      7.855     80.024      0.000
    27        21   (g)                -51    20     0    48    49   101   108     14.034      1.246      5.730     15.210      0.000
    28        21   (g)                -51    20     0    38    38   108   103     25.710     -4.553      7.338     27.122      0.000
    29        21   (g)                -52    24    24    36    37   103   107     97.975     24.495     20.844    103.120      0.000
    30         2   (u)                -51    19     0    89    89   109     0     87.663     11.060     12.359     89.219      0.330
    31        21   (g)                -51    19     0    41    41   105   109     18.511      0.434      2.385     18.669      0.000
    32        21   (g)                -52    26    26    39    40   104   105     54.426      9.202      5.445     55.466      0.000
    33         1   (d)                -51    18     0    53    53   110     0   -245.027    -32.546    575.301    626.154      0.330
    34        21   (g)                -51    18     0    44    44   102   110    -58.176    -10.173    135.863    148.144      0.000
    35        21   (g)                -52    23    23    42    43   106   102     -2.534     -1.078    -32.121     32.239      0.000
    36        21   (g)                -51    29     0    59    59   111   107     98.755     24.123     20.423    103.690      0.000
    37        21   (g)                -51    29     0    57    58   103   111      1.636     -0.056      1.110      1.978      0.000
    38        21   (g)                -52    28    28    74    74   108   103     23.294     -4.125      6.649     24.573      0.000
    39        21   (g)                -51    32     0    81    82   104   112     48.425      7.037      3.865     49.086      0.000
    40        21   (g)                -51    32     0    83    83   112   105     12.933      2.328      2.473     13.372      0.000
    41        21   (g)                -52    31    31    87    88   105   109     11.578      0.272      1.492     11.677      0.000
    42        21   (g)                -51    35     0   106   106   106   113     -0.974     -1.901    -22.227     22.330      0.000
    43        21   (g)                -51    35     0    47    47   113   102     -1.590      0.818     -9.824      9.986      0.000
    44        21   (g)                -52    34    34    45    46   102   110    -58.146    -10.168    135.793    148.068      0.000
    45        21   (g)                -51    44     0    51    52   114   110    -56.385     -9.712    134.083    145.780      0.000
    46        21   (g)                -51    44     0    56    56   102   114     -1.782     -0.445      1.578      2.421      0.000
    47        21   (g)                -52    43    43    54    55   113   102     -1.569      0.807     -9.692      9.852      0.000
    48        21   (g)                -51    27     0    72    73   115   108     10.486     -0.141      5.194     11.703      0.000
    49        21   (g)                -51    27     0    60    61   101   115      3.548      1.387      0.957      3.928      0.000
    50         1   (d)                -53    62    62    16    16   101     0      0.000      0.000    928.478    928.478      0.000
    51        21   (g)                -51    45     0    63    64   114   116    -55.717     -9.553    133.026    144.539      0.000
    52        21   (g)                -51    45     0    65    65   116   110    -83.101    -11.099    194.594    211.886      0.000
    53         1   (d)                -52    33    33   101   101   110     0   -162.594    -21.606    381.764    415.509      0.330
    54        21   (g)                -51    47     0   113   113   113   117     -1.864      0.208     -5.414      5.729      0.000
    55        21   (g)                -51    47     0   117   117   117   102      0.206      0.576     -4.199      4.244      0.000
    56        21   (g)                -52    46    46   114   114   102   114     -1.693     -0.423      1.499      2.300      0.000
    57        21   (g)                -51    37     0    68    68   103   118      6.049      0.862      2.604      6.641      0.000
    58        21   (g)                -51    37     0    66    67   118   111      3.675      1.057      0.179      3.828      0.000
    59        21   (g)                -52    36    36    69    70   111   107     90.667     22.148     18.750     95.198      0.000
    60        21   (g)                -51    49     0    86    86   119   115      2.625      0.613      1.409      3.042      0.000
    61        21   (g)                -51    49     0    75    76   101   119      0.923      0.774     -0.127      1.211      0.000
    62         1   (d)                -53    77    77    50    50   101     0      0.000      0.000    928.803    928.803      0.000
    63         1   (d)                -51    51     0   110   110   114     0    -11.203     -2.038     27.323     29.602      0.330
    64        -1   (dbar)             -51    51     0   120   120     0   116    -63.880    -10.101    151.052    164.315      0.330
    65        21   (g)                -52    52    52   116   116   116   110    -63.735     -8.512    149.245    162.507      0.000
    66        21   (g)                -51    58     0   118   118   120   111      0.989      0.503     -0.165      1.122      0.000
    67        21   (g)                -51    58     0   121   121   118   120      5.381      0.938      1.504      5.666      0.000
    68        21   (g)                -52    57    57    78    79   103   118      3.353      0.478      1.444      3.682      0.000
    69        21   (g)                -51    59     0    98    98   111   121     89.552     21.614     18.408     93.944      0.000
    70        21   (g)                -51    59     0    96    97   121   107      1.988      0.759      0.339      2.155      0.000
    71        21   (g)                -52    25    25   107   107   107   104      6.545      1.689     -0.027      6.759      0.000
    72        21   (g)                -51    48     0    84    85   115   122     12.736     -0.562      6.079     14.124      0.000
    73        21   (g)                -51    48     0    93    94   122   108      1.233     -0.196      0.109      1.253      0.000
    74        21   (g)                -52    38    38    80    80   108   103     19.811     -3.508      5.655     20.899      0.000
    75        21   (g)                -51    61     0   119   119   123   119      1.226      0.402      0.384      1.347      0.000
    76        21   (g)                -51    61     0   124   124   101   123     -0.303      0.372      0.119      0.494      0.000
    77         1   (d)                -53    99     0    62    62   101     0      0.000      0.000    929.433    929.433      0.000
    78        21   (g)                -51    68     0   111   111   124   118      1.810      0.480      0.794      2.034      0.000
    79        21   (g)                -51    68     0   125   125   103   124      6.332     -0.851      2.016      6.699      0.000
    80        21   (g)                -52    74    74   108   108   108   103     15.022     -2.660      4.288     15.847      0.000
    81         2   (u)                -51    39     0   105   105   104     0     48.205      7.088      4.174     48.903      0.330
    82        -2   (ubar)             -51    39     0   126   126     0   112      3.169      0.479      0.255      3.232      0.330
    83        21   (g)                -52    40    40    90    91   112   105      9.985      1.797      1.909     10.323      0.000
    84        21   (g)                -51    72     0    95    95   125   122     12.550      0.087      5.884     13.861      0.000
    85        21   (g)                -51    72     0   127   127   115   125      1.475     -0.348      0.887      1.756      0.000
    86        21   (g)                -52    60    60   115   115   119   115      1.337      0.312      0.717      1.549      0.000
    87        21   (g)                -51    41     0    92    92   105   127     19.821      1.234      2.432     20.008      0.000
    88        21   (g)                -51    41     0   128   128   127   109      1.437      0.262      0.425      1.521      0.000
    89         2   (u)                -52    30    30   102   102   109     0     77.984      9.836     10.994     79.367      0.330
    90        21   (g)                -51    83     0   112   112   112   128      5.236      0.634      1.352      5.445      0.000
    91        21   (g)                -51    83     0   129   129   128   105     10.652      1.531      1.282     10.837      0.000
    92        21   (g)                -52    87    87   109   109   105   127     13.918      0.866      1.708     14.049      0.000
    93        21   (g)                -51    73     0   123   123   129   108      4.482      0.350      2.010      4.924      0.000
    94        21   (g)                -51    73     0   130   130   122   129      2.295     -0.508      0.698      2.452      0.000
    95        21   (g)                -52    84    84   103   103   125   122      7.006      0.049      3.284      7.738      0.000
    96        21   (g)                -51    70     0   122   122   130   107     10.551      2.667      2.642     11.199      0.000
    97        21   (g)                -51    70     0   131   131   121   130     17.369      4.351      3.027     18.160      0.000
    98        21   (g)                -52    69    69   104   104   111   121     63.620     15.355     13.078     66.741      0.000
    99         1   (d)                -41   133   133   132    77   131     0      0.000      0.000    930.795    930.795      0.000
   100         2   (u)                -42   134     0    17    17   106     0     -0.000      0.000   -194.944    194.944      0.000
   101         1   (d)                -44    53    53   135   135   110     0   -162.432    -21.703    381.884    415.561      0.330
   102         2   (u)                -44    89    89   136   136   109     0     78.002      9.825     10.997     79.384      0.330
   103        21   (g)                -44    95    95   137   137   125   122      7.008      0.047      3.285      7.740      0.000
   104        21   (g)                -44    98    98   138   138   111   121     63.637     15.346     13.081     66.755      0.000
   105         2   (u)                -44    81    81   139   139   104     0     48.216      7.082      4.175     48.913      0.330
   106        21   (g)                -44    42    42   140   140   106   113     -0.974     -1.901    -22.222     22.325      0.000
   107        21   (g)                -44    71    71   141   141   107   104      6.546      1.688     -0.027      6.760      0.000
   108        21   (g)                -44    80    80   142   142   108   103     15.027     -2.663      4.288     15.852      0.000
   109        21   (g)                -44    92    92   143   143   105   127     13.921      0.865      1.708     14.052      0.000
   110         1   (d)                -44    63    63   144   144   114     0    -11.191     -2.045     27.331     29.606      0.330
   111        21   (g)                -44    78    78   145   145   124   118      1.810      0.480      0.794      2.034      0.000
   112        21   (g)                -44    90    90   146   146   112   128      5.238      0.633      1.352      5.446      0.000
   113        21   (g)                -44    54    54   147   147   113   117     -1.864      0.208     -5.412      5.728      0.000
   114        21   (g)                -44    56    56   148   148   102   114     -1.692     -0.423      1.499      2.300      0.000
   115        21   (g)                -44    86    86   149   149   119   115      1.337      0.312      0.717      1.549      0.000
   116        21   (g)                -44    65    65   150   150   116   110    -63.671     -8.550    149.292    162.528      0.000
   117        21   (g)                -44    55    55   151   151   117   102      0.206      0.576     -4.199      4.243      0.000
   118        21   (g)                -44    66    66   152   152   120   111      0.989      0.503     -0.165      1.122      0.000
   119        21   (g)                -44    75    75   153   153   123   119      1.227      0.402      0.384      1.347      0.000
   120        -1   (dbar)             -44    64    64   154   154     0   116    -63.815    -10.139    151.100    164.336      0.330
   121        21   (g)                -44    67    67   155   155   118   120      5.383      0.937      1.505      5.667      0.000
   122        21   (g)                -44    96    96   156   156   130   107     10.554      2.665      2.643     11.201      0.000
   123        21   (g)                -44    93    93   157   157   129   108      4.483      0.349      2.010      4.926      0.000
   124        21   (g)                -44    76    76   158   158   101   123     -0.303      0.372      0.119      0.494      0.000
   125        21   (g)                -44    79    79   159   159   103   124      6.334     -0.852      2.016      6.701      0.000
   126        -2   (ubar)             -44    82    82   160   160     0   112      3.170      0.479      0.255      3.233      0.330
   127        21   (g)                -44    85    85   161   161   115   125      1.475     -0.348      0.887      1.756      0.000
   128        21   (g)                -44    88    88   162   162   127   109      1.437      0.262      0.425      1.521      0.000
   129        21   (g)                -44    91    91   163   163   128   105     10.654      1.529      1.282     10.839      0.000
   130        21   (g)                -44    94    94   164   164   122   129      2.296     -0.508      0.698      2.453      0.000
   131        21   (g)                -44    97    97   165   165   121   130     17.373      4.349      3.028     18.163      0.000
   132        21   (g)                -43    99     0   166   166   131   101     -0.379      0.226      1.120      1.204      0.000
   133         1   (d)                -42   168   168    99    99   131     0     -0.000     -0.000    930.795    930.795      0.000
   134         2   (u)                -41   169   169   167   100   132     0      0.000      0.000   -220.915    220.915      0.000
   135         1   (d)                -44   101   101   170   170   110     0   -162.433    -21.728    381.906    415.583      0.330
   136         2   (u)                -44   102   102   171   171   109     0     77.999      9.774     10.986     79.374      0.330
   137        21   (g)                -44   103   103   172   172   125   122      7.008      0.044      3.284      7.740      0.000
   138        21   (g)                -44   104   104   173   173   111   121     63.634     15.306     13.067     66.741      0.000
   139         2   (u)                -44   105   105   174   174   104     0     48.214      7.048      4.168     48.905      0.330
   140        21   (g)                -44   106   106   175   175   106   113     -0.975     -1.934    -22.221     22.326      0.000
   141        21   (g)                -44   107   107   176   176   107   104      6.546      1.683     -0.028      6.759      0.000
   142        21   (g)                -44   108   108   177   177   108   103     15.026     -2.671      4.289     15.853      0.000
   143        21   (g)                -44   109   109   178   178   105   127     13.920      0.855      1.707     14.051      0.000
   144         1   (d)                -44   110   110   179   179   114     0    -11.192     -2.047     27.333     29.608      0.330
   145        21   (g)                -44   111   111   180   180   124   118      1.810      0.479      0.794      2.034      0.000
   146        21   (g)                -44   112   112   181   181   112   128      5.238      0.630      1.351      5.446      0.000
   147        21   (g)                -44   113   113   182   182   113   117     -1.864      0.200     -5.412      5.728      0.000
   148        21   (g)                -44   114   114   183   183   102   114     -1.692     -0.424      1.500      2.300      0.000
   149        21   (g)                -44   115   115   184   184   119   115      1.337      0.311      0.717      1.549      0.000
   150        21   (g)                -44   116   116   185   185   116   110    -63.672     -8.560    149.301    162.536      0.000
   151        21   (g)                -44   117   117   186   186   117   102      0.205      0.570     -4.199      4.242      0.000
   152        21   (g)                -44   118   118   187   187   120   111      0.989      0.502     -0.165      1.122      0.000
   153        21   (g)                -44   119   119   188   188   123   119      1.227      0.401      0.384      1.347      0.000
   154        -1   (dbar)             -44   120   120   189   189     0   116    -63.816    -10.149    151.110    164.346      0.330
   155        21   (g)                -44   121   121   190   190   118   120      5.383      0.934      1.504      5.666      0.000
   156        21   (g)                -44   122   122   191   191   130   107     10.553      2.659      2.640     11.199      0.000
   157        21   (g)                -44   123   123   192   192   129   108      4.483      0.347      2.010      4.925      0.000
   158        21   (g)                -44   124   124   193   193   101   123     -0.303      0.372      0.119      0.494      0.000
   159        21   (g)                -44   125   125   194   194   103   124      6.333     -0.855      2.017      6.702      0.000
   160        -2   (ubar)             -44   126   126   195   195     0   112      3.169      0.477      0.255      3.232      0.330
   161        21   (g)                -44   127   127   196   196   115   125      1.475     -0.349      0.887      1.757      0.000
   162        21   (g)                -44   128   128   197   197   127   109      1.437      0.261      0.425      1.521      0.000
   163        21   (g)                -44   129   129   198   198   128   105     10.654      1.522      1.281     10.838      0.000
   164        21   (g)                -44   130   130   199   199   122   129      2.296     -0.509      0.698      2.453      0.000
   165        21   (g)                -44   131   131   200   200   121   130     17.372      4.337      3.024     18.159      0.000
   166        21   (g)                -44   132   132   201   201   131   101     -0.379      0.226      1.120      1.204      0.000
   167        21   (g)                -43   134     0   202   202   132   106      0.016      0.289    -25.969     25.971      0.000
   168         1   (d)                -61     1     0   133   133   131     0      0.217     -0.260    930.795    930.795      0.000
   169         2   (u)                -61     2     0   134   134   132     0     -0.232      0.093   -220.914    220.915      0.000
   170         1   (d)                -62   135   135   208     0   110     0   -162.358    -21.832    382.003    415.648      0.330
   171         2   (u)                -62   136   136   214   214   109     0     77.974      9.776     10.939     79.343      0.330
   172        21   (g)                -62   137   137   259   259   125   122      7.007      0.043      3.280      7.737      0.000
   173        21   (g)                -62   138   138   253   253   111   121     63.615     15.306     13.031     66.716      0.000
   174         2   (u)                -62   139   139   249   249   104     0     48.197      7.050      4.140     48.886      0.330
   175        21   (g)                -62   140   140   228   228   106   113     -0.999     -1.925    -22.221     22.327      0.000
   176        21   (g)                -62   141   141   250   250   107   104      6.543      1.683     -0.032      6.756      0.000
   177        21   (g)                -62   142   142   206     0   108   103     15.022     -2.672      4.279     15.847      0.000
   178        21   (g)                -62   143   143   216   216   105   127     13.916      0.856      1.698     14.045      0.000
   179         1   (d)                -62   144   144   224   224   114     0    -11.186     -2.054     27.340     29.613      0.330
   180        21   (g)                -62   145   145   207     0   124   118      1.810      0.479      0.793      2.033      0.000
   181        21   (g)                -62   146   146   218   218   112   128      5.236      0.630      1.348      5.443      0.000
   182        21   (g)                -62   147   147   227   227   113   117     -1.870      0.202     -5.411      5.728      0.000
   183        21   (g)                -62   148   148   225   225   102   114     -1.692     -0.424      1.501      2.301      0.000
   184        21   (g)                -62   149   149   205     0   119   115      1.337      0.311      0.716      1.548      0.000
   185        21   (g)                -62   150   150   208     0   116   110    -63.642     -8.601    149.339    162.562      0.000
   186        21   (g)                -62   151   151   226   226   117   102      0.201      0.571     -4.199      4.242      0.000
   187        21   (g)                -62   152   152   254   254   120   111      0.989      0.502     -0.166      1.121      0.000
   188        21   (g)                -62   153   153   205     0   123   119      1.226      0.401      0.383      1.346      0.000
   189        -1   (dbar)             -62   154   154   210   210     0   116    -63.786    -10.190    151.147    164.372      0.330
   190        21   (g)                -62   155   155   207     0   118   120      5.381      0.934      1.501      5.664      0.000
   191        21   (g)                -62   156   156   251   251   130   107     10.551      2.658      2.634     11.195      0.000
   192        21   (g)                -62   157   157   257   257   129   108      4.482      0.346      2.007      4.923      0.000
   193        21   (g)                -62   158   158   262   262   101   123     -0.304      0.372      0.119      0.494      0.000
   194        21   (g)                -62   159   159   206     0   103   124      6.332     -0.855      2.012      6.699      0.000
   195        -2   (ubar)             -62   160   160   219   219     0   112      3.168      0.477      0.253      3.231      0.330
   196        21   (g)                -62   161   161   260   260   115   125      1.475     -0.349      0.886      1.756      0.000
   197        21   (g)                -62   162   162   215   215   127   109      1.437      0.261      0.424      1.520      0.000
   198        21   (g)                -62   163   163   217   217   128   105     10.650      1.522      1.275     10.834      0.000
   199        21   (g)                -62   164   164   258   258   122   129      2.295     -0.509      0.697      2.452      0.000
   200        21   (g)                -62   165   165   252   252   121   130     17.367      4.338      3.015     18.153      0.000
   201        21   (g)                -62   166   166   263   263   131   101     -0.379      0.226      1.120      1.204      0.000
   202        21   (g)                -62   167   167   229   229   132   106     -0.011      0.300    -25.969     25.971      0.000
   203      2203   (uu_1)             -63     1     0   264   264     0   131     -0.217      0.260   1579.204   1579.205      0.771
   204      2101   (ud_0)             -63     2     0   230   230     0   132      0.232     -0.093  -2289.085   2289.085      0.579
   205        21   (g)                -73   184   188   261   261   123   115      2.563      0.712      1.099      2.894      0.301
   206        21   (g)                -73   177   194   256   256   108   124     21.354     -3.527      6.291     22.546      0.526
   207        21   (g)                -73   180   190   255   255   124   120      7.191      1.413      2.293      7.697      0.528
   208         1   (d)                -73   170   185   209   209   116     0   -226.000    -30.433    531.342    578.210      0.474
   209         1   (d)                -71   208   208   211   213   116     0   -226.000    -30.433    531.342    578.210      0.474
   210        -1   (dbar)             -71   189   189   211   213     0   116    -63.786    -10.190    151.147    164.372      0.330
   211      -211   pi-                 83   209   210     0     0     0     0   -201.194    -27.416    474.186    515.833      0.140
   212       321   K+                  84   209   210     0     0     0     0    -44.571     -6.589    104.802    114.078      0.494
   213      -313   (K*bar0)           -84   209   210   297   298     0     0    -44.022     -6.618    103.500    112.671      0.880
   214         2   (u)                -71   171   171   220   223   109     0     77.974      9.776     10.939     79.343      0.330
   215        21   (g)                -71   197   197   220   223   127   109      1.437      0.261      0.424      1.520      0.000
   216        21   (g)                -71   178   178   220   223   105   127     13.916      0.856      1.698     14.045      0.000
   217        21   (g)                -71   198   198   220   223   128   105     10.650      1.522      1.275     10.834      0.000
   218        21   (g)                -71   181   181   220   223   112   128      5.236      0.630      1.348      5.443      0.000
   219        -2   (ubar)             -71   195   195   220   223     0   112      3.168      0.477      0.253      3.231      0.330
   220       223   (omega)            -83   214   219   342   344     0     0     44.530      6.007      6.295     45.381      0.906
   221       223   (omega)            -83   214   219   345   346     0     0     55.629      6.455      7.729     56.539      0.785
   222       321   K+                  84   214   219     0     0     0     0      6.219      0.084      0.736      6.283      0.494
   223      -321   K-                  84   214   219     0     0     0     0      6.003      0.975      1.176      6.214      0.494
   224         1   (d)                -71   179   179   231   248   114     0    -11.186     -2.054     27.340     29.613      0.330
   225        21   (g)                -71   183   183   231   248   102   114     -1.692     -0.424      1.501      2.301      0.000
   226        21   (g)                -71   186   186   231   248   117   102      0.201      0.571     -4.199      4.242      0.000
   227        21   (g)                -71   182   182   231   248   113   117     -1.870      0.202     -5.411      5.728      0.000
   228        21   (g)                -71   175   175   231   248   106   113     -0.999     -1.925    -22.221     22.327      0.000
   229        21   (g)                -71   202   202   231   248   132   106     -0.011      0.300    -25.969     25.971      0.000
   230      2101   (ud_0)             -71   204   204   231   248     0   132      0.232     -0.093  -2289.085   2289.085      0.579
   231       223   (omega)            -83   224   230   347   349     0     0     -7.054     -1.105     16.473     17.969      0.751
   232      -213   (rho-)             -83   224   230   299   300     0     0     -2.950     -0.610      6.841      7.511      0.732
   233       213   (rho+)             -83   224   230   301   302     0     0     -1.013     -0.337      3.689      3.923      0.799
   234       111   (pi0)              -83   224   230   350   351     0     0     -0.727     -0.483      0.468      1.000      0.135
   235      -213   (rho-)             -83   224   230   303   304     0     0     -1.103      0.015      0.469      1.368      0.660
   236       321   K+                  84   224   230     0     0     0     0      0.623      0.412     -0.368      0.968      0.494
   237      -323   (K*-)              -84   224   230   305   306     0     0     -1.229     -0.258     -2.711      3.118      0.893
   238       213   (rho+)             -84   224   230   307   308     0     0     -0.176     -0.608     -1.918      2.163      0.773
   239      -211   pi-                 84   224   230     0     0     0     0     -0.480      0.354     -5.943      5.974      0.140
   240       321   K+                  84   224   230     0     0     0     0     -0.428      0.223     -2.507      2.600      0.494
   241      -323   (K*-)              -84   224   230   309   310     0     0     -0.674     -0.152     -9.648      9.714      0.898
   242       113   (rho0)             -84   224   230   311   312     0     0     -0.199     -0.516    -10.680     10.718      0.711
   243       213   (rho+)             -84   224   230   313   314     0     0     -0.044     -0.033    -55.488     55.495      0.820
   244      -211   pi-                 84   224   230     0     0     0     0      0.172     -0.141     -4.296      4.304      0.140
   245       323   (K*+)              -84   224   230   315   316     0     0     -0.174     -0.861    -56.003     56.017      0.899
   246      -313   (K*bar0)           -84   224   230   317   318     0     0     -0.008      0.583   -746.481    746.482      1.192
   247      2112   n0                  84   224   230     0     0     0     0     -0.296      0.252   -757.563    757.564      0.940
   248       221   (eta)              -84   224   230   352   353     0     0      0.435     -0.158   -692.380    692.380      0.548
   249         2   (u)                -71   174   174   265   296   104     0     48.197      7.050      4.140     48.886      0.330
   250        21   (g)                -71   176   176   265   296   107   104      6.543      1.683     -0.032      6.756      0.000
   251        21   (g)                -71   191   191   265   296   130   107     10.551      2.658      2.634     11.195      0.000
   252        21   (g)                -71   200   200   265   296   121   130     17.367      4.338      3.015     18.153      0.000
   253        21   (g)                -71   173   173   265   296   111   121     63.615     15.306     13.031     66.716      0.000
   254        21   (g)                -71   187   187   265   296   120   111      0.989      0.502     -0.166      1.121      0.000
   255        21   (g)                -71   207   207   265   296   124   120      7.191      1.413      2.293      7.697      0.528
   256        21   (g)                -71   206   206   265   296   108   124     21.354     -3.527      6.291     22.546      0.526
   257        21   (g)                -71   192   192   265   296   129   108      4.482      0.346      2.007      4.923      0.000
   258        21   (g)                -71   199   199   265   296   122   129      2.295     -0.509      0.697      2.452      0.000
   259        21   (g)                -71   172   172   265   296   125   122      7.007      0.043      3.280      7.737      0.000
   260        21   (g)                -71   196   196   265   296   115   125      1.475     -0.349      0.886      1.756      0.000
   261        21   (g)                -71   205   205   265   296   123   115      2.563      0.712      1.099      2.894      0.301
   262        21   (g)                -71   193   193   265   296   101   123     -0.304      0.372      0.119      0.494      0.000
   263        21   (g)                -71   201   201   265   296   131   101     -0.379      0.226      1.120      1.204      0.000
   264      2203   (uu_1)             -71   203   203   265   296     0   131     -0.217      0.260   1579.204   1579.205      0.771
   265       211   pi+                 83   249   264     0     0     0     0     14.602      2.026      1.100     14.783      0.140
   266      2112   n0                  83   249   264     0     0     0     0     30.249      5.096      2.488     30.791      0.940
   267     -2212   pbar-               83   249   264     0     0     0     0      8.539      1.551      0.968      8.783      0.938
   268       211   pi+                 83   249   264     0     0     0     0      2.960      0.407      0.582      3.047      0.140
   269       111   (pi0)              -83   249   264   354   355     0     0      3.521      0.787      0.638      3.666      0.135
   270      1114   (Delta-)           -83   249   264   319   320     0     0     31.028      7.350      6.327     32.530      1.192
   271      -311   (Kbar0)            -83   249   264   321   321     0     0      7.770      2.270      0.728      8.143      0.498
   272     -3112   Sigmabar+           83   249   264     0     0     0     0     29.984      7.905      6.616     31.729      1.197
   273      -211   pi-                 83   249   264     0     0     0     0     11.030      2.170      2.288     11.473      0.140
   274      2212   p+                  83   249   264     0     0     0     0      2.909      0.364      0.535      3.125      0.938
   275     -2212   pbar-               83   249   264     0     0     0     0      6.588      0.809      1.839      6.951      0.938
   276       111   (pi0)              -83   249   264   356   357     0     0      8.002      0.302      1.108      8.085      0.135
   277       321   K+                  83   249   264     0     0     0     0      0.719      0.201      0.560      1.055      0.494
   278      -311   (Kbar0)            -83   249   264   322   322     0     0      5.784     -0.044      1.396      5.971      0.498
   279      -211   pi-                 83   249   264     0     0     0     0      3.236      0.276      1.307      3.503      0.140
   280       321   K+                  83   249   264     0     0     0     0      8.611     -1.231      2.965      9.203      0.494
   281       221   (eta)              -83   249   264   358   360     0     0     11.622     -1.211      3.910     12.334      0.548
   282      -311   (Kbar0)            -84   249   264   323   323     0     0      2.055      0.521      1.636      2.724      0.498
   283      -213   (rho-)             -84   249   264   324   325     0     0      2.295      0.013      1.740      3.016      0.895
   284       211   pi+                 84   249   264     0     0     0     0      0.357      0.205     -0.054      0.438      0.140
   285      -213   (rho-)             -84   249   264   326   327     0     0      0.125     -0.036      0.991      1.334      0.884
   286       213   (rho+)             -84   249   264   328   329     0     0      0.015     -0.054      2.125      2.284      0.835
   287       223   (omega)            -84   249   264   361   363     0     0      0.898      0.349      1.036      1.618      0.785
   288      -213   (rho-)             -84   249   264   330   331     0     0      0.450     -0.158      1.134      1.365      0.591
   289       111   (pi0)              -84   249   264   364   365     0     0     -0.093      0.211      1.026      1.060      0.135
   290       321   K+                  84   249   264     0     0     0     0     -0.570      0.270     12.064     12.090      0.494
   291      -321   K-                  84   249   264     0     0     0     0      0.353     -0.179      6.899      6.928      0.494
   292       213   (rho+)             -84   249   264   332   333     0     0     -0.435      0.328     36.084     36.110      1.249
   293      -211   pi-                 84   249   264     0     0     0     0      0.165     -0.384     14.529     14.535      0.140
   294       113   (rho0)             -84   249   264   334   335     0     0      0.219      0.173    331.001    331.002      0.725
   295       211   pi+                 84   249   264     0     0     0     0      0.164      0.187     31.550     31.552      0.140
   296      2214   (Delta+)           -84   249   264   336   337     0     0     -0.423      0.053   1142.505   1142.506      1.126
   297      -311   (Kbar0)            -91   213     0   338   338     0     0    -16.083     -2.364     38.092     41.419      0.498
   298       111   (pi0)              -91   213     0   366   367     0     0    -27.939     -4.254     65.408     71.253      0.135
   299      -211   pi-                 91   232     0     0     0     0     0     -1.823     -0.668      3.928      4.384      0.140
   300       111   (pi0)              -91   232     0   368   369     0     0     -1.127      0.057      2.913      3.127      0.135
   301       211   pi+                 91   233     0     0     0     0     0     -0.481     -0.546      2.236      2.355      0.140
   302       111   (pi0)              -91   233     0   370   371     0     0     -0.532      0.209      1.453      1.568      0.135
   303      -211   pi-                 91   235     0     0     0     0     0     -0.529     -0.265      0.359      0.706      0.140
   304       111   (pi0)              -91   235     0   372   373     0     0     -0.575      0.280      0.110      0.663      0.135
   305      -311   (Kbar0)            -91   237     0   339   339     0     0     -0.456     -0.262     -0.988      1.225      0.498
   306      -211   pi-                 91   237     0     0     0     0     0     -0.773      0.003     -1.723      1.893      0.140
   307       211   pi+                 91   238     0     0     0     0     0      0.077     -0.635     -0.956      1.159      0.140
   308       111   (pi0)              -91   238     0   374   375     0     0     -0.254      0.026     -0.962      1.004      0.135
   309      -311   (Kbar0)            -91   241     0   340   340     0     0     -0.612      0.017     -8.830      8.865      0.498
   310      -211   pi-                 91   241     0     0     0     0     0     -0.062     -0.169     -0.818      0.849      0.140
   311       211   pi+                 91   242     0     0     0     0     0     -0.222     -0.013     -1.485      1.508      0.140
   312      -211   pi-                 91   242     0     0     0     0     0      0.024     -0.503     -9.194      9.209      0.140
   313       211   pi+                 91   243     0     0     0     0     0     -0.054     -0.001    -53.849     53.849      0.140
   314       111   (pi0)              -91   243     0   376   377     0     0      0.010     -0.031     -1.639      1.645      0.135
   315       311   (K0)               -91   245     0   341   341     0     0      0.119     -0.495    -24.601     24.611      0.498
   316       211   pi+                 91   245     0     0     0     0     0     -0.293     -0.366    -31.402     31.406      0.140
   317      -321   K-                  91   246     0     0     0     0     0      0.181      0.832   -557.596    557.597      0.494
   318       211   pi+                 91   246     0     0     0     0     0     -0.189     -0.249   -188.884    188.884      0.140
   319      2112   n0                  91   270     0     0     0     0     0     22.586      5.504      4.544     23.705      0.940
   320      -211   pi-                 91   270     0     0     0     0     0      8.442      1.846      1.784      8.825      0.140
   321       310   K_S0                91   271   271     0     0     0     0      7.770      2.270      0.728      8.143      0.498
   322       130   K_L0                91   278   278     0     0     0     0      5.784     -0.044      1.396      5.971      0.498
   323       130   K_L0                91   282   282     0     0     0     0      2.055      0.521      1.636      2.724      0.498
   324      -211   pi-                 91   283     0     0     0     0     0      1.469     -0.319      1.383      2.048      0.140
   325       111   (pi0)              -91   283     0   378   379     0     0      0.826      0.332      0.357      0.968      0.135
   326      -211   pi-                 91   285     0     0     0     0     0     -0.135     -0.081     -0.079      0.225      0.140
   327       111   (pi0)              -91   285     0   380   381     0     0      0.259      0.045      1.070      1.110      0.135
   328       211   pi+                 91   286     0     0     0     0     0     -0.242     -0.108      1.870      1.894      0.140
   329       111   (pi0)              -91   286     0   382   383     0     0      0.257      0.054      0.256      0.391      0.135
   330      -211   pi-                 91   288     0     0     0     0     0      0.085      0.161      0.200      0.304      0.140
   331       111   (pi0)              -91   288     0   384   385     0     0      0.365     -0.319      0.933      1.060      0.135
   332       211   pi+                 91   292     0     0     0     0     0     -0.156      0.256     34.001     34.003      0.140
   333       111   (pi0)              -91   292     0   386   387     0     0     -0.279      0.072      2.083      2.107      0.135
   334       211   pi+                 91   294     0     0     0     0     0     -0.096     -0.028    237.652    237.653      0.140
   335      -211   pi-                 91   294     0     0     0     0     0      0.315      0.200     93.349     93.350      0.140
   336      2112   n0                  91   296     0     0     0     0     0     -0.327      0.145    912.093    912.093      0.940
   337       211   pi+                 91   296     0     0     0     0     0     -0.095     -0.092    230.413    230.413      0.140
   338       130   K_L0                91   297   297     0     0     0     0    -16.083     -2.364     38.092     41.419      0.498
   339       310   K_S0                91   305   305     0     0     0     0     -0.456     -0.262     -0.988      1.225      0.498
   340       310   K_S0                91   309   309     0     0     0     0     -0.612      0.017     -8.830      8.865      0.498
   341       130   K_L0                91   315   315     0     0     0     0      0.119     -0.495    -24.601     24.611      0.498
   342       211   pi+                 91   220     0     0     0     0     0     15.456      2.049      2.429     15.780      0.140
   343      -211   pi-                 91   220     0     0     0     0     0     14.790      1.762      1.931     15.019      0.140
   344       111   (pi0)              -91   220     0   388   389     0     0     14.285      2.195      1.935     14.582      0.135
   345       111   (pi0)              -91   221     0   390   391     0     0     15.560      2.041      1.926     15.811      0.135
   346        22   gamma               91   221     0     0     0     0     0     40.069      4.414      5.804     40.727      0.000
   347       211   pi+                 91   231     0     0     0     0     0     -0.997      0.002      2.292      2.503      0.140
   348      -211   pi-                 91   231     0     0     0     0     0     -4.138     -0.765     10.051     10.897      0.140
   349       111   (pi0)              -91   231     0   392   393     0     0     -1.920     -0.342      4.130      4.569      0.135
   350        22   gamma               91   234     0     0     0     0     0     -0.098     -0.015      0.046      0.109      0.000
   351        22   gamma               91   234     0     0     0     0     0     -0.629     -0.468      0.422      0.890      0.000
   352        22   gamma               91   248     0     0     0     0     0      0.351     -0.351   -431.568    431.569      0.000
   353        22   gamma               91   248     0     0     0     0     0      0.084      0.194   -260.811    260.812      0.000
   354        22   gamma               91   269     0     0     0     0     0      2.915      0.640      0.477      3.022      0.000
   355        22   gamma               91   269     0     0     0     0     0      0.606      0.147      0.161      0.644      0.000
   356        22   gamma               91   276     0     0     0     0     0      6.197      0.288      0.841      6.260      0.000
   357        22   gamma               91   276     0     0     0     0     0      1.805      0.014      0.267      1.825      0.000
   358       211   pi+                 91   281     0     0     0     0     0      2.788     -0.374      1.020      2.995      0.140
   359      -211   pi-                 91   281     0     0     0     0     0      3.546     -0.296      1.248      3.773      0.140
   360       111   (pi0)              -91   281     0   394   395     0     0      5.289     -0.541      1.643      5.566      0.135
   361       211   pi+                 91   287     0     0     0     0     0      0.357      0.157      0.656      0.776      0.140
   362      -211   pi-                 91   287     0     0     0     0     0      0.512      0.091      0.399      0.670      0.140
   363       111   (pi0)              -91   287     0   396   397     0     0      0.030      0.101     -0.019      0.172      0.135
   364        22   gamma               91   289     0     0     0     0     0     -0.099      0.196      1.019      1.042      0.000
   365        22   gamma               91   289     0     0     0     0     0      0.006      0.015      0.007      0.018      0.000
   366        22   gamma               91   298     0     0     0     0     0     -7.003     -1.055     16.536     17.989      0.000
   367        22   gamma               91   298     0     0     0     0     0    -20.936     -3.199     48.872     53.264      0.000
   368        22   gamma               91   300     0     0     0     0     0     -1.080      0.069      2.840      3.039      0.000
   369        22   gamma               91   300     0     0     0     0     0     -0.047     -0.012      0.073      0.088      0.000
   370        22   gamma               91   302     0     0     0     0     0     -0.136      0.116      0.503      0.534      0.000
   371        22   gamma               91   302     0     0     0     0     0     -0.396      0.093      0.950      1.034      0.000
   372        22   gamma               91   304     0     0     0     0     0     -0.347      0.140      0.002      0.374      0.000
   373        22   gamma               91   304     0     0     0     0     0     -0.228      0.140      0.108      0.288      0.000
   374        22   gamma               91   308     0     0     0     0     0     -0.167      0.080     -0.669      0.694      0.000
   375        22   gamma               91   308     0     0     0     0     0     -0.086     -0.054     -0.293      0.310      0.000
   376        22   gamma               91   314     0     0     0     0     0     -0.037      0.040     -0.611      0.613      0.000
   377        22   gamma               91   314     0     0     0     0     0      0.046     -0.071     -1.028      1.032      0.000
   378        22   gamma               91   325     0     0     0     0     0      0.157      0.120      0.097      0.221      0.000
   379        22   gamma               91   325     0     0     0     0     0      0.669      0.211      0.260      0.748      0.000
   380        22   gamma               91   327     0     0     0     0     0      0.237      0.000      0.965      0.993      0.000
   381        22   gamma               91   327     0     0     0     0     0      0.022      0.045      0.105      0.116      0.000
   382        22   gamma               91   329     0     0     0     0     0      0.264      0.050      0.202      0.337      0.000
   383        22   gamma               91   329     0     0     0     0     0     -0.007      0.004      0.054      0.054      0.000
   384        22   gamma               91   331     0     0     0     0     0      0.364     -0.298      0.925      1.038      0.000
   385        22   gamma               91   331     0     0     0     0     0      0.001     -0.021      0.008      0.022      0.000
   386        22   gamma               91   333     0     0     0     0     0      0.012      0.014      0.202      0.203      0.000
   387        22   gamma               91   333     0     0     0     0     0     -0.291      0.058      1.881      1.904      0.000
   388        22   gamma               91   344     0     0     0     0     0      4.542      0.741      0.663      4.649      0.000
   389        22   gamma               91   344     0     0     0     0     0      9.743      1.454      1.272      9.933      0.000
   390        22   gamma               91   345     0     0     0     0     0     13.418      1.778      1.617     13.632      0.000
   391        22   gamma               91   345     0     0     0     0     0      2.141      0.263      0.308      2.179      0.000
   392        22   gamma               91   349     0     0     0     0     0     -1.800     -0.353      3.884      4.295      0.000
   393        22   gamma               91   349     0     0     0     0     0     -0.120      0.011      0.246      0.274      0.000
   394        22   gamma               91   360     0     0     0     0     0      2.176     -0.167      0.713      2.296      0.000
   395        22   gamma               91   360     0     0     0     0     0      3.112     -0.374      0.930      3.269      0.000
   396        22   gamma               91   363     0     0     0     0     0      0.004      0.119      0.021      0.121      0.000
   397        22   gamma               91   363     0     0     0     0     0      0.026     -0.018     -0.040      0.051      0.000
                                   Charge sum:  2.000           Momentum sum:     -0.000     -0.000      0.000   5020.000   5020.000

 --------  End PYTHIA Event Listing  -----------------------------------------------------------------------------------------------
0	0%, nTried:8, nTrial:8, sigma:0.000
#--------------------------------------------------------------------------
#                         FastJet release 3.2.1
#                 M. Cacciari, G.P. Salam and G. Soyez                  
#     A software package for jet finding and analysis at colliders      
#                           http://fastjet.fr                           
#	                                                                      
# Please cite EPJC72(2012)1896 [arXiv:1111.6097] if you use this package
# for scientific work and optionally PLB641(2006)57 [hep-ph/0512210].   
#                                                                       
# FastJet is provided without warranty under the terms of the GNU GPLv2.
# It uses T. Chan's closest pair algorithm, S. Fortune's Voronoi code,
# CGAL and 3rd party plugin jet algorithms. See COPYING file for details.
#--------------------------------------------------------------------------
 PYTHIA Warning in StringFragmentation::fragmentToJunction: bad convergence junction rest frame  
 PYTHIA Error in StringFragmentation::fragment: stuck in joining  
 PYTHIA Error in Pythia::next: hadronLevel failed; try again  
500	5%, nTried:3552, nTrial:2, sigma:0.000

 Pythia::next(): 1000 events have been generated 
1000	10%, nTried:7238, nTrial:22, sigma:0.000
 PYTHIA Error in SpaceShower::pT2nearThreshold: stuck in loop  
1500	15%, nTried:11207, nTrial:1, sigma:0.000

 Pythia::next(): 2000 events have been generated 
2000	20%, nTried:14859, nTrial:9, sigma:0.000
2500	25%, nTried:18499, nTrial:13, sigma:0.000

 Pythia::next(): 3000 events have been generated 
3000	30%, nTried:22282, nTrial:13, sigma:0.000
3500	35%, nTried:26107, nTrial:7, sigma:0.000

 Pythia::next(): 4000 events have been generated 
4000	40%, nTried:29674, nTrial:3, sigma:0.000
4500	45%, nTried:33329, nTrial:7, sigma:0.000

 Pythia::next(): 5000 events have been generated 
5000	50%, nTried:36949, nTrial:6, sigma:0.000
5500	55%, nTried:40730, nTrial:7, sigma:0.000

 Pythia::next(): 6000 events have been generated 
6000	60%, nTried:44779, nTrial:3, sigma:0.000
6500	65%, nTried:48475, nTrial:22, sigma:0.000

 Pythia::next(): 7000 events have been generated 
7000	70%, nTried:52557, nTrial:5, sigma:0.000
7500	75%, nTried:56376, nTrial:3, sigma:0.000

 Pythia::next(): 8000 events have been generated 
8000	80%, nTried:59855, nTrial:11, sigma:0.000
8500	85%, nTried:63545, nTrial:1, sigma:0.000

 Pythia::next(): 9000 events have been generated 
9000	90%, nTried:66980, nTrial:1, sigma:0.000
 PYTHIA Warning in MultipartonInteractions::pTnext: weight above unity  
9500	95%, nTried:70719, nTrial:18, sigma:0.000
 PYTHIA Warning in SpaceShower::pT2nextQCD: weight above unity  
10000	100%, nTried:74398, sigma:0.000
nTried after loop:74398
sigma after loop:0.000
10000 events are analyzed successfully.
Real time 0:05:08, CP time 307.520
