
 *------------------------------------------------------------------------------------* 
 |                                                                                    | 
 |  *------------------------------------------------------------------------------*  | 
 |  |                                                                              |  | 
 |  |                                                                              |  | 
 |  |   PPP   Y   Y  TTTTT  H   H  III    A      Welcome to the Lund Monte Carlo!  |  | 
 |  |   P  P   Y Y     T    H   H   I    A A     This is PYTHIA version 8.226      |  | 
 |  |   PPP     Y      T    HHHHH   I   AAAAA    Last date of change: 26 Apr 2017  |  | 
 |  |   P       Y      T    H   H   I   A   A                                      |  | 
 |  |   P       Y      T    H   H  III  A   A    Now is 02 Dec 2020 at 09:45:03    |  | 
 |  |                                                                              |  | 
 |  |   Torbjorn Sjostrand;  Department of Astronomy and Theoretical Physics,      |  | 
 |  |      Lund University, Solvegatan 14A, SE-223 62 Lund, Sweden;                |  | 
 |  |      e-mail: torbjorn@thep.lu.se                                             |  | 
 |  |   Nishita Desai;  Laboratoire Charles Coulomb (L2C),                         |  | 
 |  |      CNRS-Universite de Montpellier, 34090 Montpellier, France;              |  | 
 |  |      e-mail: nishita.desai@umontpellier.fr                                   |  | 
 |  |   Nadine Fischer;  School of Physics,                                        |  | 
 |  |      Monash University, PO Box 27, 3800 Melbourne, Australia;                |  | 
 |  |      e-mail: nadine.fischer@monash.edu                                       |  | 
 |  |   Ilkka Helenius;  Institute for Theoretical Physics,                        |  | 
 |  |     Tuebingen University, Auf der Morgenstelle 14, 72076 Tuebingen, Germany; |  | 
 |  |      e-mail: ilkka.helenius@uni-tuebingen.de                                 |  | 
 |  |   Philip Ilten;  Massachusetts Institute of Technology,                      |  | 
 |  |      77 Massachusetts Ave, Cambridge, MA 02139, USA;                         |  | 
 |  |      e-mail: philten@cern.ch                                                 |  | 
 |  |   Leif Lonnblad;  Department of Astronomy and Theoretical Physics,           |  | 
 |  |      Lund University, Solvegatan 14A, SE-223 62 Lund, Sweden;                |  | 
 |  |      e-mail: leif.lonnblad@thep.lu.se                                        |  | 
 |  |   Stephen Mrenna;  Computing Division, Simulations Group,                    |  | 
 |  |      Fermi National Accelerator Laboratory, MS 234, Batavia, IL 60510, USA;  |  | 
 |  |      e-mail: mrenna@fnal.gov                                                 |  | 
 |  |   Stefan Prestel;  Theoretical Physics Department,                           |  | 
 |  |      Fermi National Accelerator Laboratory, MS 106, Batavia, IL 60510, USA;  |  | 
 |  |      e-mail: sprestel@fnal.gov                                               |  | 
 |  |   Christine O. Rasmussen;  Department of Astronomy and Theoretical Physics,  |  | 
 |  |      Lund University, Solvegatan 14A, SE-223 62 Lund, Sweden;                |  | 
 |  |      e-mail: christine.rasmussen@thep.lu.se                                  |  | 
 |  |   Peter Skands;  School of Physics,                                          |  | 
 |  |      Monash University, PO Box 27, 3800 Melbourne, Australia;                |  | 
 |  |      e-mail: peter.skands@monash.edu                                         |  | 
 |  |                                                                              |  | 
 |  |   The main program reference is 'An Introduction to PYTHIA 8.2',             |  | 
 |  |   T. Sjostrand et al, Comput. Phys. Commun. 191 (2015) 159                   |  | 
 |  |   [arXiv:1410.3012 [hep-ph]]                                                 |  | 
 |  |                                                                              |  | 
 |  |   The main physics reference is the 'PYTHIA 6.4 Physics and Manual',         |  | 
 |  |   T. Sjostrand, S. Mrenna and P. Skands, JHEP05 (2006) 026 [hep-ph/0603175]  |  | 
 |  |                                                                              |  | 
 |  |   An archive of program versions and documentation is found on the web:      |  | 
 |  |   http://www.thep.lu.se/Pythia                                               |  | 
 |  |                                                                              |  | 
 |  |   This program is released under the GNU General Public Licence version 2.   |  | 
 |  |   Please respect the MCnet Guidelines for Event Generator Authors and Users. |  | 
 |  |                                                                              |  | 
 |  |   Disclaimer: this program comes without any guarantees.                     |  | 
 |  |   Beware of errors and use common sense when interpreting results.           |  | 
 |  |                                                                              |  | 
 |  |   Copyright (C) 2017 Torbjorn Sjostrand                                      |  | 
 |  |                                                                              |  | 
 |  |                                                                              |  | 
 |  *------------------------------------------------------------------------------*  | 
 |                                                                                    | 
 *------------------------------------------------------------------------------------* 

 PYTHIA Error in Settings::flag: unknown key Main:showChangedParticleData
 PYTHIA Error in Settings::mode: unknown key Beams:eCM
Events=10000 RNDM seed 1000

 *-------  PYTHIA Process Initialization  --------------------------*
 |                                                                  |
 | We collide p+ with p+ at a CM energy of 5.020e+03 GeV            |
 |                                                                  |
 |------------------------------------------------------------------|
 |                                                    |             |
 | Subprocess                                    Code |   Estimated |
 |                                                    |    max (mb) |
 |                                                    |             |
 |------------------------------------------------------------------|
 |                                                    |             |
 | g g -> g g                                     111 |   3.181e-02 |
 | g g -> q qbar (uds)                            112 |   6.226e-04 |
 | q g -> q g                                     113 |   3.668e-02 |
 | q q(bar)' -> q q(bar)'                         114 |   5.102e-03 |
 | q qbar -> g g                                  115 |   4.926e-05 |
 | q qbar -> q' qbar' (uds)                       116 |   3.630e-05 |
 | g g -> c cbar                                  121 |   2.068e-04 |
 | q qbar -> c cbar                               122 |   1.208e-05 |
 | g g -> b bbar                                  123 |   2.005e-04 |
 | q qbar -> b bbar                               124 |   1.186e-05 |
 |                                                                  |
 *-------  End PYTHIA Process Initialization -----------------------*

 *-------  PYTHIA Multiparton Interactions Initialization  ---------* 
 |                                                                  | 
 |                   sigmaNonDiffractive =    48.03 mb              | 
 |                                                                  | 
 |    pT0 =  2.12 gives sigmaInteraction =   212.34 mb: accepted    | 
 |                                                                  | 
 *-------  End PYTHIA Multiparton Interactions Initialization  -----* 

 *-------  PYTHIA Flag + Mode + Parm + Word + FVec + MVec + PVec + WVec Settings (changes only)  ------------------* 
 |                                                                                                                 | 
 | Name                                          |                      Now |      Default         Min         Max | 
 |                                               |                          |                                      | 
 | Beams:eCM                                     |                 5020.000 |    14000.000    10.00000             | 
 | HardQCD:all                                   |                       on |          off                         | 
 | Main:numberOfEvents                           |                    10000 |         1000           0             | 
 | ParticleDecays:limitTau0                      |                       on |          off                         | 
 | PhaseSpace:mHatMin                            |                      0.0 |      4.00000         0.0             | 
 | PhaseSpace:pTHatMax                           |                 57.00000 |     -1.00000                         | 
 | PhaseSpace:pTHatMin                           |                 36.00000 |          0.0         0.0             | 
 | Random:seed                                   |                     1000 |           -1               900000000 | 
 | Random:setSeed                                |                       on |          off                         | 
 |                                                                                                                 | 
 *-------  End PYTHIA Flag + Mode + Parm + Word + FVec + MVec + PVec + WVec Settings  -----------------------------* 

 --------  PYTHIA Particle Data Table (changed only)  ------------------------------------------------------------------------------
 
      id   name            antiName         spn chg col      m0        mWidth      mMin       mMax       tau0    res dec ext vis wid
             no onMode   bRatio   meMode     products 

 no particle data has been changed from its default value 

 --------  End PYTHIA Particle Data Table  -----------------------------------------------------------------------------------------

============ AliJHistManager : AliJCDijetHistManagerjcdijet ===================

---- AliJBin ----
*AliJBin	CentBin	CentBin	"Cent:"	&mode=Single	0.000000 1.000000
*AliJBin	JetBin	JetBin	"Jet bin:"	&mode=Single	0.000000 1.000000 2.000000 3.000000 4.000000

---- AliJTH1 ----
*AliJTH1D	h_events	"h_events"	&Dir=default&Lazy	 CentBin
*AliJTH1D	h_eventSel	"h_eventSel"	&Lazy&Single	 1
*AliJTH1D	h_info	"h_info"	&Lazy&Single	 1
*AliJTH1D	h_centrality	"h_centrality"	&Lazy&Single	 1
*AliJTH1D	h_zvtx	"h_zvtx"	&Lazy&Single	 1
*AliJTH1D	h_nch	"h_nch"	&Dir=default&Lazy	 CentBin
*AliJTH1D	h_pt	"h_pt"	&Dir=default&Lazy	 CentBin
*AliJTH1D	h_ptPosEta	"h_ptPosEta"	&Dir=default&Lazy	 CentBin
*AliJTH1D	h_ptNegEta	"h_ptNegEta"	&Dir=default&Lazy	 CentBin
*AliJTH1D	h_eta	"h_eta"	&Dir=default&Lazy	 CentBin
*AliJTH1D	h_phi	"h_phi"	&Dir=default&Lazy	 CentBin
*AliJTH2D	h_etaPhi	"h_etaPhi"	&Dir=default&Lazy	 CentBin
*AliJTH1D	h_rho	"h_rho"	&Dir=default&Lazy	 CentBin
*AliJTH1D	h_rhoHighPt	"h_rhoHighPt"	&Dir=default&Lazy	 CentBin
*AliJTH1D	h_rhom	"h_rhom"	&Dir=default&Lazy	 CentBin
*AliJTH1D	h_rhomHighPt	"h_rhomHighPt"	&Dir=default&Lazy	 CentBin
*AliJTH1D	h_rhoLin	"h_rhoLin"	&Dir=default&Lazy	 CentBin
*AliJTH1D	h_rhoLinHighPt	"h_rhoLinHighPt"	&Dir=default&Lazy	 CentBin
*AliJTH1D	h_rhomLin	"h_rhomLin"	&Dir=default&Lazy	 CentBin
*AliJTH1D	h_rhomLinHighPt	"h_rhomLinHighPt"	&Dir=default&Lazy	 CentBin
*AliJTH1D	h_jetPt	"h_jetPt"	&Dir=default&Lazy	 CentBin JetBin
*AliJTH1D	h_jetPt_ALICE	"h_jetPt_ALICE"	&Dir=default&Lazy	 CentBin JetBin
*AliJTH1D	h_jetPtTransBGSub	"h_jetPtTransBGSub"	&Dir=default&Lazy	 CentBin JetBin
*AliJTH1D	h_jetN	"h_jetN"	&Dir=default&Lazy	 CentBin
*AliJTH1D	h_jetEta	"h_jetEta"	&Dir=default&Lazy	 CentBin JetBin
*AliJTH1D	h_jetPhi	"h_jetPhi"	&Dir=default&Lazy	 CentBin JetBin
*AliJTH2D	h_jetEtaPhi	"h_jetEtaPhi"	&Dir=default&Lazy	 CentBin JetBin
*AliJTH2D	h_randConeEtaPhi	"h_randConeEtaPhi"	&Dir=default&Lazy	 CentBin
*AliJTH1D	h_jetArea	"h_jetArea"	&Dir=default&Lazy	 CentBin JetBin
*AliJTH1D	h_jetAreaRho	"h_jetAreaRho"	&Dir=default&Lazy	 CentBin JetBin
*AliJTH1D	h_deltaPt	"h_deltaPt"	&Dir=default&Lazy	 CentBin
*AliJTH1D	h_maxJetptOverPtHard	"h_maxJetptOverPtHard"	&Dir=default&Lazy	 CentBin
*AliJTH1D	h_ptHard	"h_ptHard"	&Dir=default&Lazy	 CentBin
*AliJTH1D	h_dijetInvM	"h_dijetInvM"	&Dir=default&Lazy	 CentBin JetBin
*AliJTH1D	h_dijetPtPair	"h_dijetPtPair"	&Dir=default&Lazy	 CentBin JetBin
*AliJTH1D	h_dijetDeltaPhi	"h_dijetDeltaPhi"	&Dir=default&Lazy	 CentBin JetBin
*AliJTH1D	h_dijetPtPairDeltaPhiCut	"h_dijetPtPairDeltaPhiCut"	&Dir=default&Lazy	 CentBin JetBin
*AliJTH1D	h_dijetInvMDeltaPhiCut	"h_dijetInvMDeltaPhiCut"	&Dir=default&Lazy	 CentBin JetBin
*AliJTH1D	h_dijetDeltaPhiWithCut	"h_dijetDeltaPhiWithCut"	&Dir=default&Lazy	 CentBin JetBin
*AliJTH1D	h_responseInfo	"h_responseInfo"	&Lazy&Single	 1
*AliJTH1D	h_jetResponseDeltaR	"h_jetResponseDeltaR"	&Lazy&Single	 1
*AliJTH1D	h_jetResponseDeltaRClosest	"h_jetResponseDeltaRClosest"	&Lazy&Single	 1
*AliJTH1D	h_jetResponseDeltaPt	"h_jetResponseDeltaPt"	&Lazy&Single	 1
*AliJTH1D	h_jetDeltaRMin	"h_jetDeltaRMin"	&Dir=default&Lazy	 CentBin JetBin
*AliJTH1D	h_jetBGSubtrDeltaR	"h_jetBGSubtrDeltaR"	&Dir=default&Lazy	 CentBin
*AliJTH2D	h_jetResponse	"h_jetResponse"	&Lazy&Single	 1
*AliJTH2D	h_jetResponse_ALICE	"h_jetResponse_ALICE"	&Lazy&Single	 1
*AliJTH2D	h_deltaPtResponse	"h_deltaPtResponse"	&Lazy&Single	 1
*AliJTH2D	h_deltaPtResponse_ALICE	"h_deltaPtResponse_ALICE"	&Lazy&Single	 1
*AliJTH2D	h_deltaPtResponseEvery	"h_deltaPtResponseEvery"	&Lazy&Single	 1
*AliJTH2D	h_deltaPtResponseEvery_ALICE	"h_deltaPtResponseEvery_ALICE"	&Lazy&Single	 1
*AliJTH2D	h_dijetResponse	"h_dijetResponse"	&Lazy&Single	 1
*AliJTH2D	h_dijetResponseDeltaPhiCut	"h_dijetResponseDeltaPhiCut"	&Lazy&Single	 1
*AliJTH1D	h_dijetdeltaM1	"h_dijetdeltaM1"	&Lazy&Single	 1
*AliJTH1D	h_dijetdeltaM2	"h_dijetdeltaM2"	&Lazy&Single	 1
============ AliJHistManager : AliJCDijetHistManagerjcdijetDetMC ===================

---- AliJBin ----
*AliJBin	CentBin	CentBin	"Cent:"	&mode=Single	0.000000 1.000000
*AliJBin	JetBin	JetBin	"Jet bin:"	&mode=Single	0.000000 1.000000 2.000000 3.000000 4.000000

---- AliJTH1 ----
*AliJTH1D	h_events	"h_events"	&Dir=default&Lazy	 CentBin
*AliJTH1D	h_eventSel	"h_eventSel"	&Lazy&Single	 1
*AliJTH1D	h_info	"h_info"	&Lazy&Single	 1
*AliJTH1D	h_centrality	"h_centrality"	&Lazy&Single	 1
*AliJTH1D	h_zvtx	"h_zvtx"	&Lazy&Single	 1
*AliJTH1D	h_nch	"h_nch"	&Dir=default&Lazy	 CentBin
*AliJTH1D	h_pt	"h_pt"	&Dir=default&Lazy	 CentBin
*AliJTH1D	h_ptPosEta	"h_ptPosEta"	&Dir=default&Lazy	 CentBin
*AliJTH1D	h_ptNegEta	"h_ptNegEta"	&Dir=default&Lazy	 CentBin
*AliJTH1D	h_eta	"h_eta"	&Dir=default&Lazy	 CentBin
*AliJTH1D	h_phi	"h_phi"	&Dir=default&Lazy	 CentBin
*AliJTH2D	h_etaPhi	"h_etaPhi"	&Dir=default&Lazy	 CentBin
*AliJTH1D	h_rho	"h_rho"	&Dir=default&Lazy	 CentBin
*AliJTH1D	h_rhoHighPt	"h_rhoHighPt"	&Dir=default&Lazy	 CentBin
*AliJTH1D	h_rhom	"h_rhom"	&Dir=default&Lazy	 CentBin
*AliJTH1D	h_rhomHighPt	"h_rhomHighPt"	&Dir=default&Lazy	 CentBin
*AliJTH1D	h_rhoLin	"h_rhoLin"	&Dir=default&Lazy	 CentBin
*AliJTH1D	h_rhoLinHighPt	"h_rhoLinHighPt"	&Dir=default&Lazy	 CentBin
*AliJTH1D	h_rhomLin	"h_rhomLin"	&Dir=default&Lazy	 CentBin
*AliJTH1D	h_rhomLinHighPt	"h_rhomLinHighPt"	&Dir=default&Lazy	 CentBin
*AliJTH1D	h_jetPt	"h_jetPt"	&Dir=default&Lazy	 CentBin JetBin
*AliJTH1D	h_jetPt_ALICE	"h_jetPt_ALICE"	&Dir=default&Lazy	 CentBin JetBin
*AliJTH1D	h_jetPtTransBGSub	"h_jetPtTransBGSub"	&Dir=default&Lazy	 CentBin JetBin
*AliJTH1D	h_jetN	"h_jetN"	&Dir=default&Lazy	 CentBin
*AliJTH1D	h_jetEta	"h_jetEta"	&Dir=default&Lazy	 CentBin JetBin
*AliJTH1D	h_jetPhi	"h_jetPhi"	&Dir=default&Lazy	 CentBin JetBin
*AliJTH2D	h_jetEtaPhi	"h_jetEtaPhi"	&Dir=default&Lazy	 CentBin JetBin
*AliJTH2D	h_randConeEtaPhi	"h_randConeEtaPhi"	&Dir=default&Lazy	 CentBin
*AliJTH1D	h_jetArea	"h_jetArea"	&Dir=default&Lazy	 CentBin JetBin
*AliJTH1D	h_jetAreaRho	"h_jetAreaRho"	&Dir=default&Lazy	 CentBin JetBin
*AliJTH1D	h_deltaPt	"h_deltaPt"	&Dir=default&Lazy	 CentBin
*AliJTH1D	h_maxJetptOverPtHard	"h_maxJetptOverPtHard"	&Dir=default&Lazy	 CentBin
*AliJTH1D	h_ptHard	"h_ptHard"	&Dir=default&Lazy	 CentBin
*AliJTH1D	h_dijetInvM	"h_dijetInvM"	&Dir=default&Lazy	 CentBin JetBin
*AliJTH1D	h_dijetPtPair	"h_dijetPtPair"	&Dir=default&Lazy	 CentBin JetBin
*AliJTH1D	h_dijetDeltaPhi	"h_dijetDeltaPhi"	&Dir=default&Lazy	 CentBin JetBin
*AliJTH1D	h_dijetPtPairDeltaPhiCut	"h_dijetPtPairDeltaPhiCut"	&Dir=default&Lazy	 CentBin JetBin
*AliJTH1D	h_dijetInvMDeltaPhiCut	"h_dijetInvMDeltaPhiCut"	&Dir=default&Lazy	 CentBin JetBin
*AliJTH1D	h_dijetDeltaPhiWithCut	"h_dijetDeltaPhiWithCut"	&Dir=default&Lazy	 CentBin JetBin
*AliJTH1D	h_responseInfo	"h_responseInfo"	&Lazy&Single	 1
*AliJTH1D	h_jetResponseDeltaR	"h_jetResponseDeltaR"	&Lazy&Single	 1
*AliJTH1D	h_jetResponseDeltaRClosest	"h_jetResponseDeltaRClosest"	&Lazy&Single	 1
*AliJTH1D	h_jetResponseDeltaPt	"h_jetResponseDeltaPt"	&Lazy&Single	 1
*AliJTH1D	h_jetDeltaRMin	"h_jetDeltaRMin"	&Dir=default&Lazy	 CentBin JetBin
*AliJTH1D	h_jetBGSubtrDeltaR	"h_jetBGSubtrDeltaR"	&Dir=default&Lazy	 CentBin
*AliJTH2D	h_jetResponse	"h_jetResponse"	&Lazy&Single	 1
*AliJTH2D	h_jetResponse_ALICE	"h_jetResponse_ALICE"	&Lazy&Single	 1
*AliJTH2D	h_deltaPtResponse	"h_deltaPtResponse"	&Lazy&Single	 1
*AliJTH2D	h_deltaPtResponse_ALICE	"h_deltaPtResponse_ALICE"	&Lazy&Single	 1
*AliJTH2D	h_deltaPtResponseEvery	"h_deltaPtResponseEvery"	&Lazy&Single	 1
*AliJTH2D	h_deltaPtResponseEvery_ALICE	"h_deltaPtResponseEvery_ALICE"	&Lazy&Single	 1
*AliJTH2D	h_dijetResponse	"h_dijetResponse"	&Lazy&Single	 1
*AliJTH2D	h_dijetResponseDeltaPhiCut	"h_dijetResponseDeltaPhiCut"	&Lazy&Single	 1
*AliJTH1D	h_dijetdeltaM1	"h_dijetdeltaM1"	&Lazy&Single	 1
*AliJTH1D	h_dijetdeltaM2	"h_dijetdeltaM2"	&Lazy&Single	 1

============= Settings =============
cent bin:                   0
particle eta cut:           0.9
particle pt cut:            0.15
jet cone size:              0.4
kt-jet cone size:           0.4
Using pion mass in kt-jets: 0.0
Using DeltaPhi in BG subtr: 1.0
Using kt-jet scheme:        pt_scheme
jet costituent cut:         5.0
dijet leading pt cut:       20.0
dijet subleading pt cut:    20.0
dijet DeltaPhi cut:         pi/2.0
tracking inefficiency:      0.0

Let's start

 --------  PYTHIA Info Listing  ---------------------------------------- 
 
 Beam A: id =   2212, pz =  2.510e+03, e =  2.510e+03, m =  9.383e-01.
 Beam B: id =   2212, pz = -2.510e+03, e =  2.510e+03, m =  9.383e-01.

 In 1: id =    4, x =  4.248e-02, pdf =  8.234e-02 at Q2 =  1.327e+03.
 In 2: id =   21, x =  8.899e-03, pdf =  8.238e+00 at same Q2.

 Subprocess q g -> q g with code 113 is 2 -> 2.
 It has sHat =  9.526e+03,    tHat = -7.933e+03,    uHat = -1.593e+03,
       pTHat =  3.642e+01,   m3Hat =  1.500e+00,   m4Hat =  0.000e+00,
    thetaHat =  2.299e+00,  phiHat =  3.776e+00.
     alphaEM =  7.737e-03,  alphaS =  1.521e-01    at Q2 =  1.327e+03.

 Impact parameter b =  4.524e-01 gives enhancement factor =  2.557e+00.
 Max pT scale for MPI =  3.642e+01, ISR =  3.642e+01, FSR =  3.642e+01.
 Number of MPI =     6, ISR =     5, FSRproc =    23, FSRreson =     0.

 --------  End PYTHIA Info Listing  ------------------------------------

 --------  PYTHIA Event Listing  (hard process)  -----------------------------------------------------------------------------------
 
    no        id   name            status     mothers   daughters     colours      p_x        p_y        p_z         e          m 
     0        90   (system)           -11     0     0     0     0     0     0      0.000      0.000      0.000   5020.000   5020.000
     1      2212   (p+)               -12     0     0     3     0     0     0      0.000      0.000   2510.000   2510.000      0.938
     2      2212   (p+)               -12     0     0     4     0     0     0      0.000      0.000  -2510.000   2510.000      0.938
     3         4   (c)                -21     1     0     5     6   101     0      0.000      0.000    106.617    106.617      0.000
     4        21   (g)                -21     2     0     5     6   102   103      0.000      0.000    -22.338     22.338      0.000
     5         4   c                   23     3     4     0     0   102     0    -29.334    -21.578     -0.751     36.454      1.500
     6        21   g                   23     3     4     0     0   101   103     29.334     21.578     85.031     92.501      0.000
                                   Charge sum:  0.667           Momentum sum:      0.000      0.000     84.280    128.955     97.603

 --------  End PYTHIA Event Listing  -----------------------------------------------------------------------------------------------

 --------  PYTHIA Event Listing  (complete event)  ---------------------------------------------------------------------------------
 
    no        id   name            status     mothers   daughters     colours      p_x        p_y        p_z         e          m 
     0        90   (system)           -11     0     0     0     0     0     0      0.000      0.000      0.000   5020.000   5020.000
     1      2212   (p+)               -12     0     0   126     0     0     0      0.000      0.000   2510.000   2510.000      0.938
     2      2212   (p+)               -12     0     0   127     0     0     0      0.000      0.000  -2510.000   2510.000      0.938
     3         4   (c)                -21     7     7     5     6   101     0      0.000      0.000    106.617    106.617      0.000
     4        21   (g)                -21     8     0     5     6   102   103      0.000      0.000    -22.338     22.338      0.000
     5         4   (c)                -23     3     4     9     9   102     0    -29.334    -21.578     -0.751     36.454      1.500
     6        21   (g)                -23     3     4    10    10   101   103     29.334     21.578     85.031     92.501      0.000
     7         4   (c)                -42    12     0     3     3   101     0      0.000      0.000    106.617    106.617      0.000
     8        21   (g)                -41    13    13    11     4   102   104     -0.000     -0.000    -26.672     26.672      0.000
     9         4   (c)                -44     5     5    14    14   102     0    -26.963    -18.760     -4.520     33.191      1.500
    10        21   (g)                -44     6     6    15    15   101   103     29.810     22.143     87.284     94.855      0.000
    11        21   (g)                -43     8     0    16    16   103   104     -2.847     -3.383     -2.819      5.244      0.000
    12        21   (g)                -41    25    25    17     7   101   105     -0.000     -0.000    286.821    286.821      0.000
    13        21   (g)                -42    26     0     8     8   102   104      0.000      0.000    -26.672     26.672      0.000
    14         4   (c)                -44     9     9    27    27   102     0    -27.489    -18.792     -4.964     33.700      1.500
    15        21   (g)                -44    10    10    18    19   101   103     26.468     21.938     88.039     94.513      0.000
    16        21   (g)                -44    11    11    20    20   103   104     -2.892     -3.386     -2.863      5.294      0.000
    17        -4   (cbar)             -43    12     0    30    30     0   105      3.913      0.240    179.937    179.986      1.500
    18        21   (g)                -51    15     0    28    28   101   106     25.462     17.426     74.453     80.593      0.000
    19        21   (g)                -51    15     0    31    31   106   103      0.871      4.355     13.453     14.167      0.000
    20        21   (g)                -52    16    16    29    29   103   104     -2.757     -3.228     -2.730      5.047      0.000
    21        21   (g)                -31   151   151    23    24   108   107      0.000      0.000     14.808     14.808      0.000
    22        21   (g)                -31   152   152    23    24   107   109      0.000      0.000     -4.010      4.010      0.000
    23        21   (g)                -33    21    22    87    87   110   109     -0.963     -2.817     -3.279      4.429      0.000
    24        21   (g)                -33    21    22    85    86   108   110      0.963      2.817     14.078     14.389      0.000
    25        21   (g)                -42   126   126    12    12   101   105      0.000     -0.000    286.821    286.821      0.000
    26        21   (g)                -41    53    53    32    13   102   111     -0.000      0.000    -63.527     63.527      0.000
    27         4   (c)                -44    14    14    51    52   102     0    -29.268    -18.687     -3.722     34.956      1.500
    28        21   (g)                -44    18    18    42    42   101   106     25.179     17.442     73.309     79.451      0.000
    29        21   (g)                -44    20    20    39    39   103   104     -3.115     -3.207     -2.605      5.174      0.000
    30        -4   (cbar)             -44    17    17   131   131     0   105      3.911      0.240    179.697    179.746      1.500
    31        21   (g)                -44    19    19    37    38   106   103      0.838      4.357     13.421     14.135      0.000
    32        21   (g)                -43    26     0    45    45   104   111      2.454     -0.146    -36.805     36.887      0.000
    33        21   (g)                -31    46     0    35    36   112   113      0.000      0.000      0.037      0.037      0.000
    34        -1   (dbar)             -31    47    47    35    36     0   112      0.000      0.000   -167.586    167.586      0.000
    35        21   (g)                -33    33    34    48    48   114   113      2.253     -0.947    -67.204     67.248      0.000
    36        -1   (dbar)             -33    33    34    49    49     0   114     -2.253      0.947   -100.345    100.376      0.330
    37        21   (g)                -51    31     0    40    41   106   115      0.963      1.336     11.376     11.494      0.000
    38        21   (g)                -51    31     0    56    56   115   103     -0.475      2.661      1.753      3.222      0.000
    39        21   (g)                -52    29    29    43    44   103   104     -2.765     -2.847     -2.313      4.594      0.000
    40        21   (g)                -51    37     0    54    55   116   115      4.748      3.120     24.270     24.926      0.000
    41        21   (g)                -51    37     0    93    93   106   116      5.573      4.697     14.349     16.094      0.000
    42        21   (g)                -52    28    28    91    92   101   106     15.822     10.960     46.065     49.924      0.000
    43        21   (g)                -51    39     0    61    62   103   117      0.129      1.087     -4.664      4.790      0.000
    44        21   (g)                -51    39     0    82    83   117   104     -2.475     -3.959     -3.944      6.112      0.000
    45        21   (g)                -52    32    32    94    95   104   111      2.035     -0.121    -30.511     30.579      0.000
    46        21   (g)                -41    67     0    50    33   118   113      0.000      0.000      0.059      0.059      0.000
    47        -1   (dbar)             -42    68    68    34    34     0   112     -0.000      0.000   -167.586    167.586      0.000
    48        21   (g)                -44    35    35    69    69   114   113      2.571     -0.438    -53.056     53.120      0.000
    49        -1   (dbar)             -44    36    36    70    70     0   114     -2.036      1.294    -67.849     67.893      0.330
    50        21   (g)                -43    46     0    71    71   118   112     -0.535     -0.857    -46.622     46.633      0.000
    51         4   (c)                -51    27     0    73    74   119     0    -25.611    -15.010     -1.987     29.789      1.500
    52        21   (g)                -51    27     0    75    75   102   119     -3.657     -3.676     -2.202      5.634      0.000
    53        21   (g)                -53   112   112    26    26   102   111     -0.000      0.000    -63.995     63.995      0.000
    54        21   (g)                -51    40     0    66    66   116   120      1.805     -0.228      3.795      4.209      0.000
    55        21   (g)                -51    40     0    64    65   120   115      2.842      3.912     20.846     21.399      0.000
    56        21   (g)                -52    38    38    63    63   115   103     -0.374      2.098      1.382      2.540      0.000
    57        21   (g)                -31   166   166    59    60   122   123      0.000      0.000     25.886     25.886      0.000
    58         1   (d)                -31   167   167    59    60   121     0      0.000      0.000     -2.236      2.236      0.000
    59        21   (g)                -33    57    58   168   168   121   123     -1.322      0.783     25.584     25.630      0.000
    60         1   (d)                -33    57    58   169   169   122     0      1.322     -0.783     -1.934      2.492      0.330
    61        21   (g)                -51    43     0    84    84   124   117     -0.150      0.858     -4.526      4.609      0.000
    62        21   (g)                -51    43     0   139   139   103   124      0.200      0.672      0.154      0.717      0.000
    63        21   (g)                -52    56    56   115   115   115   103     -0.295      1.655      1.090      2.004      0.000
    64        21   (g)                -51    55     0   113   114   125   115      2.309      1.155     11.804     12.083      0.000
    65        21   (g)                -51    55     0    76    77   120   125      1.096      2.686     10.226     10.629      0.000
    66        21   (g)                -52    54    54    78    78   116   120      1.242     -0.157      2.611      2.896      0.000
    67         2   (u)                -41   158   158    72    46   118     0      0.000      0.000     20.311     20.311      0.000
    68        -1   (dbar)             -42   159   159    47    47     0   112      0.000      0.000   -167.586    167.586      0.000
    69        21   (g)                -44    48    48    79    80   114   113      2.367     -0.869    -48.649     48.714      0.000
    70        -1   (dbar)             -44    49    49   161   161     0   114     -2.175      1.000    -65.526     65.570      0.330
    71        21   (g)                -44    50    50   162   162   118   112     -0.570     -0.930    -53.340     53.352      0.000
    72         2   (u)                -43    67     0    81    81   113     0      0.377      0.799     20.239     20.261      0.330
    73         4   (c)                -51    51     0   128   128   126     0    -25.207    -14.522     -2.048     29.201      1.500
    74        21   (g)                -51    51     0   141   141   119   126     -1.017     -1.104     -0.309      1.533      0.000
    75        21   (g)                -52    52    52   110   111   102   119     -3.044     -3.060     -1.833      4.689      0.000
    76        21   (g)                -51    65     0   140   140   127   125      1.436      1.267      8.327      8.544      0.000
    77        21   (g)                -51    65     0   142   142   120   127      0.160      1.356      2.949      3.250      0.000
    78        21   (g)                -52    66    66   132   132   116   120      0.742     -0.094      1.561      1.731      0.000
    79        21   (g)                -51    69     0   160   160   114   128      2.781     -1.005    -48.398     48.489      0.000
    80        21   (g)                -51    69     0   106   106   128   113     -0.410      0.145     -0.039      0.437      0.000
    81         2   (u)                -52    72    72   104   105   113     0      0.373      0.790     20.028     20.050      0.330
    82        21   (g)                -51    44     0    96    96   129   104     -2.027     -3.995     -4.148      6.105      0.000
    83        21   (g)                -51    44     0   101   102   117   129     -0.469      0.158     -0.439      0.661      0.000
    84        21   (g)                -52    61    61   130   130   124   117     -0.128      0.736     -3.883      3.954      0.000
    85        21   (g)                -51    24     0   154   154   108   130     -0.301      1.151      3.535      3.729      0.000
    86        21   (g)                -51    24     0    90    90   130   110      1.253      1.636     10.507     10.708      0.000
    87        21   (g)                -52    23    23    88    89   110   109     -0.952     -2.787     -3.244      4.381      0.000
    88        21   (g)                -51    87     0   153   153   131   109     -0.211     -2.571     -2.728      3.754      0.000
    89        21   (g)                -51    87     0   116   117   110   131     -0.719     -0.188     -0.332      0.814      0.000
    90        21   (g)                -52    86    86   118   118   130   110      1.231      1.607     10.324     10.520      0.000
    91        21   (g)                -51    42     0   129   129   101   132      2.825      2.478      9.599     10.308      0.000
    92        21   (g)                -51    42     0   109   109   132   106     14.630      9.859     40.673     44.335      0.000
    93        21   (g)                -52    41    41   107   108   106   116      3.939      3.320     10.142     11.376      0.000
    94        21   (g)                -51    45     0   133   133   133   111      1.947      0.378    -24.060     24.141      0.000
    95        21   (g)                -51    45     0   145   145   104   133      0.047     -0.579     -6.534      6.560      0.000
    96        21   (g)                -52    82    82   103   103   129   104     -1.986     -3.915     -4.064      5.982      0.000
    97         3   (s)                -31   170   170    99   100   134     0      0.000      0.000      0.068      0.068      0.000
    98        21   (g)                -31   171   171    99   100   135   136      0.000      0.000   -130.986    130.986      0.000
    99         3   (s)                -33    97    98   172   172   135     0      0.576     -0.121     -2.135      2.271      0.500
   100        21   (g)                -33    97    98   173   173   134   136     -0.576      0.121   -128.783    128.784      0.000
   101        21   (g)                -51    83     0   143   143   117   137     -0.138     -0.268      0.125      0.326      0.000
   102        21   (g)                -51    83     0   146   146   137   129     -1.013     -0.918     -1.959      2.389      0.000
   103        21   (g)                -52    96    96   136   136   129   104     -1.304     -2.571     -2.669      3.928      0.000
   104         2   (u)                -51    81     0   163   163   138     0      0.780      0.572     15.149     15.183      0.330
   105        21   (g)                -51    81     0   165   165   113   138     -0.439      0.230      4.876      4.901      0.000
   106        21   (g)                -52    80    80   164   164   128   113     -0.378      0.133     -0.036      0.402      0.000
   107        21   (g)                -51    93     0   135   135   139   116      9.766      6.850     26.270     28.852      0.000
   108        21   (g)                -51    93     0   147   147   106   139      0.772      0.917      2.216      2.520      0.000
   109        21   (g)                -52    92    92   144   144   132   106      8.032      5.412     22.329     24.339      0.000
   110        21   (g)                -51    75     0   119   120   140   119     -2.367     -2.977     -1.356      4.037      0.000
   111        21   (g)                -51    75     0   121   121   102   140     -0.677     -0.083     -1.243      1.418      0.000
   112        21   (g)                -53   127   127    53    53   102   111     -0.000      0.000    -64.762     64.762      0.000
   113         3   (s)                -51    64     0   138   138   125     0      1.353      0.496      7.513      7.667      0.500
   114        -3   (sbar)             -51    64     0   149   149     0   115      0.934      0.783      4.373      4.567      0.500
   115        21   (g)                -52    63    63   134   134   115   103     -0.273      1.531      1.009      1.854      0.000
   116        21   (g)                -51    89     0   156   156   141   131     -0.244     -0.561      0.053      0.615      0.000
   117        21   (g)                -51    89     0   157   157   110   141     -0.427      0.437      0.019      0.611      0.000
   118        21   (g)                -52    90    90   155   155   130   110      1.183      1.545      9.920     10.109      0.000
   119        21   (g)                -51   110     0   137   137   142   119     -1.490     -1.018     -0.585      1.897      0.000
   120        21   (g)                -51   110     0   150   150   140   142     -1.035     -1.978     -1.063      2.473      0.000
   121        21   (g)                -52   111   111   148   148   102   140     -0.519     -0.064     -0.952      1.086      0.000
   122        21   (g)                -31   174   174   124   125   143   144      0.000      0.000      0.040      0.040      0.000
   123        21   (g)                -31   175   175   124   125   145   146      0.000      0.000     -2.436      2.436      0.000
   124        21   (g)                -33   122   123   176   176   143   146      0.214      0.090     -2.030      2.043      0.000
   125        21   (g)                -33   122   123   177   177   145   144     -0.214     -0.090     -0.366      0.433      0.000
   126        21   (g)                -61     1     0    25    25   121   105      1.695     -2.677    286.801    286.819      0.000
   127        21   (g)                -61     2     0   112   112   102   111     -3.290     -1.698    -64.709     64.815      0.000
   128         4   (c)                -62    73    73   297   297   126     0    -25.917    -15.064     -1.199     30.038      1.500
   129        21   (g)                -62    91    91   207   207   101   132      2.866      2.377      9.497     10.201      0.000
   130        21   (g)                -62    84    84   265   265   124   143     -0.327      0.633     -3.882      3.947      0.000
   131        -4   (cbar)             -62    30    30   231   231     0   105      4.971     -1.437    179.571    179.652      1.500
   132        21   (g)                -62    78    78   203   203   116   120      0.748     -0.111      1.540      1.716      0.000
   133        21   (g)                -62    94    94   257   257   133   134      0.723     -0.254    -24.099     24.111      0.000
   134        21   (g)                -62   115   115   268   268   115   103     -0.286      1.507      1.004      1.833      0.000
   135        21   (g)                -62   107   107   204   204   139   116      9.862      6.561     25.935     28.512      0.000
   136        21   (g)                -62   103   103   261   261   129   131     -1.468     -2.664     -2.608      4.006      0.000
   137        21   (g)                -62   119   119   187     0   142   119     -1.549     -1.057     -0.533      1.950      0.000
   138         3   (s)                -62   113   113   186     0   125     0      1.394      0.423      7.470      7.627      0.500
   139        21   (g)                -62    62    62   267   267   103   110      0.188      0.660      0.143      0.701      0.000
   140        21   (g)                -62    76    76   186     0   127   125      1.480      1.186      8.275      8.489      0.000
   141        21   (g)                -62    74    74   188     0   119   126     -1.060     -1.134     -0.270      1.576      0.000
   142        21   (g)                -62    77    77   202   202   120   108      0.170      1.323      2.933      3.222      0.000
   143        21   (g)                -62   101   101   184     0   117   141     -0.142     -0.273      0.131      0.334      0.000
   144        21   (g)                -62   109   109   206   206   132   106      8.118      5.170     22.054     24.063      0.000
   145        21   (g)                -62    95    95   259   259   104   114     -0.286     -0.751     -6.526      6.575      0.000
   146        21   (g)                -62   102   102   262   262   137   129     -1.122     -0.977     -1.921      2.429      0.000
   147        21   (g)                -62   108   108   205   205   106   139      0.778      0.891      2.187      2.486      0.000
   148        21   (g)                -62   121   121   300   300   102   140     -0.570     -0.091     -0.936      1.100      0.000
   149        -3   (sbar)             -62   114   114   269   269     0   115      0.955      0.739      4.339      4.532      0.500
   150        21   (g)                -62   120   120   299   299   140   145     -1.121     -2.032     -1.015      2.533      0.000
   151        21   (g)                -61     1     0    21    21   109   109     -0.893      0.605     14.806     14.845      0.000
   152        21   (g)                -61     2     0    22    22   107   107      0.275     -0.043     -3.991      4.001      0.000
   153        21   (g)                -62    88    88   260   260   131   104     -0.021     -2.584     -2.661      3.709      0.000
   154        21   (g)                -62    85    85   201   201   108   113     -0.512      1.298      3.485      3.754      0.000
   155        21   (g)                -62   118   118   199   199   130   127      0.584      1.954      9.955     10.162      0.000
   156        21   (g)                -62   116   116   184     0   141   137     -0.245     -0.551      0.053      0.605      0.000
   157        21   (g)                -62   117   117   185     0   110   128     -0.424      0.446     -0.019      0.616      0.000
   158         2   (u)                -61     1     0    67    67   112     0     -0.219      2.371     20.246     20.386      0.000
   159        -1   (dbar)             -61     2     0    68    68     0   112     -1.383      0.700   -167.587    167.594      0.000
   160        21   (g)                -62    79    79   258   258   114   133      2.382     -0.798    -48.339     48.404      0.000
   161        -1   (dbar)             -62    70    70   240   240     0   138     -2.716      1.277    -65.585     65.655      0.330
   162        21   (g)                -62    71    71   255   255   118   111     -1.010     -0.707    -53.289     53.303      0.000
   163         2   (u)                -62   104   104   239   239   138     0      0.616      2.342     15.069     15.266      0.330
   164        21   (g)                -62   106   106   185     0   128   124     -0.382      0.156     -0.045      0.414      0.000
   165        21   (g)                -62   105   105   200   200   113   130     -0.492      0.800      4.847      4.937      0.000
   166        21   (g)                -61     1     0    57    57   105   112      0.307     -0.242     25.303     25.306      0.000
   167         1   (d)                -61     2     0    58    58   112     0      3.494     -1.331     -0.805      3.825      0.000
   168        21   (g)                -62    59    59   208   208   121   101     -0.998      0.541     23.804     23.831      0.000
   169         1   (d)                -62    60    60   230   230   105     0      4.799     -2.114      0.695      5.300      0.330
   170         3   (s)                -61     1     0    97    97   136     0     -0.974     -0.190     -3.744      3.873      0.000
   171        21   (g)                -61     2     0    98    98   135   136      0.693      1.548   -130.642    130.653      0.000
   172         3   (s)                -62    99    99   189   189   135     0     -0.398     -0.329     -1.930      2.059      0.500
   173        21   (g)                -62   100   100   256   256   134   118      0.116      1.687   -132.456    132.467      0.000
   174        21   (g)                -61     1     0   122   122   146   146      0.236      0.077     -0.296      0.386      0.000
   175        21   (g)                -61     2     0   123   123   144   144      0.425      0.094     -3.245      3.274      0.000
   176        21   (g)                -62   124   124   264   264   143   117      0.709      0.205     -3.521      3.598      0.000
   177        21   (g)                -62   125   125   187     0   145   142     -0.048     -0.034     -0.019      0.062      0.000
   178      2101   (ud_0)             -63     1     0   317   317     0   136     -0.256     -0.134   2115.871   2115.871      0.579
   179        -3   (sbar)             -63     1     0   209   209     0   121      0.105      0.189     45.167     45.171      0.500
   180      2203   (uu_1)             -63     2     0   301   301     0   102     -0.570      0.121   -954.709    954.709      0.771
   181         1   (d)                -63     2     0   316   316   136     0      0.374     -0.106   -262.113    262.113      0.330
   182         1   (d)                -63     2     0   254   254   111     0     -0.101     -0.131   -788.907    788.907      0.330
   183        -1   (dbar)             -63     2     0   190   190     0   135      0.083      0.846   -127.448    127.451      0.330
   184        21   (g)                -73   143   156   263   263   117   137     -0.387     -0.824      0.184      0.940      0.143
   185        21   (g)                -73   157   164   266   266   110   124     -0.806      0.601     -0.063      1.030      0.215
   186         3   (s)                -73   138   140   198   198   127     0      2.874      1.609     15.745     16.117      0.996
   187        21   (g)                -73   137   177   188     0   145   119     -1.597     -1.091     -0.552      2.012      0.014
   188        21   (g)                -73   141   187   298   298   145   126     -2.658     -2.225     -0.822      3.588      0.425
   189         3   (s)                -71   172   172   191   197   135     0     -0.398     -0.329     -1.930      2.059      0.500
   190        -1   (dbar)             -71   183   183   191   197     0   135      0.083      0.846   -127.448    127.451      0.330
   191      -321   K-                  83   189   190     0     0     0     0     -0.033     -0.216    -12.441     12.452      0.494
   192       211   pi+                 83   189   190     0     0     0     0      0.231     -0.019     -3.659      3.669      0.140
   193      -211   pi-                 83   189   190     0     0     0     0     -0.518      0.079     -7.083      7.103      0.140
   194      2212   p+                  83   189   190     0     0     0     0      0.137      0.247     -7.474      7.538      0.938
   195      -211   pi-                 84   189   190     0     0     0     0      0.013     -0.216    -20.372     20.373      0.140
   196     -1114   (Deltabar+)        -84   189   190   334   335     0     0      0.002      0.546    -55.616     55.639      1.530
   197       111   (pi0)              -84   189   190   400   401     0     0     -0.144      0.095    -22.734     22.735      0.135
   198         3   (s)                -71   186   186   210   229   127     0      2.874      1.609     15.745     16.117      0.996
   199        21   (g)                -71   155   155   210   229   130   127      0.584      1.954      9.955     10.162      0.000
   200        21   (g)                -71   165   165   210   229   113   130     -0.492      0.800      4.847      4.937      0.000
   201        21   (g)                -71   154   154   210   229   108   113     -0.512      1.298      3.485      3.754      0.000
   202        21   (g)                -71   142   142   210   229   120   108      0.170      1.323      2.933      3.222      0.000
   203        21   (g)                -71   132   132   210   229   116   120      0.748     -0.111      1.540      1.716      0.000
   204        21   (g)                -71   135   135   210   229   139   116      9.862      6.561     25.935     28.512      0.000
   205        21   (g)                -71   147   147   210   229   106   139      0.778      0.891      2.187      2.486      0.000
   206        21   (g)                -71   144   144   210   229   132   106      8.118      5.170     22.054     24.063      0.000
   207        21   (g)                -71   129   129   210   229   101   132      2.866      2.377      9.497     10.201      0.000
   208        21   (g)                -71   168   168   210   229   121   101     -0.998      0.541     23.804     23.831      0.000
   209        -3   (sbar)             -71   179   179   210   229     0   121      0.105      0.189     45.167     45.171      0.500
   210      -321   K-                  83   198   209     0     0     0     0      0.865      1.036      5.314      5.505      0.494
   211       211   pi+                 83   198   209     0     0     0     0      0.849      0.835      6.977      7.079      0.140
   212      -211   pi-                 83   198   209     0     0     0     0      0.117      0.179      0.732      0.776      0.140
   213       321   K+                  83   198   209     0     0     0     0      0.301      0.528      4.245      4.317      0.494
   214      -311   (Kbar0)            -83   198   209   336   336     0     0      0.084      0.128      3.398      3.437      0.498
   215       223   (omega)            -83   198   209   402   404     0     0      0.341      0.889      3.251      3.477      0.782
   216       311   (K0)               -83   198   209   337   337     0     0     -0.277      1.708      9.507      9.676      0.498
   217      -311   (Kbar0)            -84   198   209   338   338     0     0      0.655      0.554      1.440      1.748      0.498
   218       311   (K0)               -84   198   209   339   339     0     0      1.904      1.647      6.147      6.661      0.498
   219      -323   (K*-)              -84   198   209   340   341     0     0      2.219      2.072      7.097      7.770      0.891
   220      2114   (Delta0)           -84   198   209   342   343     0     0      3.321      2.336     10.268     11.111      1.233
   221       111   (pi0)              -84   198   209   405   406     0     0      1.750      1.357      4.629      5.133      0.135
   222     -2112   nbar0               84   198   209     0     0     0     0      3.087      1.838      7.686      8.537      0.940
   223      3122   Lambda0             84   198   209     0     0     0     0      4.367      2.878     12.602     13.690      1.116
   224     -3112   Sigmabar+           84   198   209     0     0     0     0      2.359      2.111      8.260      8.927      1.197
   225       313   (K*0)              -84   198   209   344   345     0     0      1.151      0.808      4.684      5.020      1.129
   226      -311   (Kbar0)            -84   198   209   346   346     0     0      1.568      0.577      6.059      6.304      0.498
   227      3112   Sigma-              84   198   209     0     0     0     0     -0.055      0.426     11.059     11.132      1.197
   228     -3112   Sigmabar+           84   198   209     0     0     0     0     -0.045      0.276     12.922     12.981      1.197
   229       313   (K*0)              -84   198   209   347   348     0     0     -0.458      0.418     40.872     40.891      1.103
   230         1   (d)                -71   169   169   232   238   105     0      4.799     -2.114      0.695      5.300      0.330
   231        -4   (cbar)             -71   131   131   232   238     0   105      4.971     -1.437    179.571    179.652      1.500
   232      -211   pi-                 83   230   231     0     0     0     0      1.408     -0.547      0.341      1.555      0.140
   233       321   K+                  83   230   231     0     0     0     0      2.459     -1.128      0.504      2.796      0.494
   234      -311   (Kbar0)            -84   230   231   349   349     0     0     -0.024      0.100      0.099      0.518      0.498
   235      -213   (rho-)             -84   230   231   350   351     0     0      0.962     -0.903      1.780      2.329      0.717
   236       213   (rho+)             -84   230   231   352   353     0     0      0.560      0.096      6.055      6.151      0.921
   237       313   (K*0)              -84   230   231   354   355     0     0     -0.356     -0.100     16.896     16.923      0.890
   238      -431   (D_s-)             -84   230   231   407   408     0     0      4.761     -1.067    154.591    154.681      1.968
   239         2   (u)                -71   163   163   241   253   138     0      0.616      2.342     15.069     15.266      0.330
   240        -1   (dbar)             -71   161   161   241   253     0   138     -2.716      1.277    -65.585     65.655      0.330
   241       321   K+                  83   239   240     0     0     0     0      0.374      0.661      4.198      4.295      0.494
   242      -321   K-                  83   239   240     0     0     0     0     -0.142      0.776      4.348      4.447      0.494
   243       323   (K*+)              -83   239   240   356   357     0     0      0.459      0.269      1.785      2.036      0.821
   244      -311   (Kbar0)            -83   239   240   358   358     0     0      0.060      0.138      1.579      1.663      0.498
   245      -211   pi-                 83   239   240     0     0     0     0     -0.782      0.027      1.578      1.767      0.140
   246       113   (rho0)             -83   239   240   359   360     0     0      0.389      0.419      0.694      1.189      0.778
   247       321   K+                  83   239   240     0     0     0     0     -0.042      0.427     -0.535      0.845      0.494
   248      -321   K-                  83   239   240     0     0     0     0     -0.117     -0.199     -4.387      4.421      0.494
   249       223   (omega)            -83   239   240   409   411     0     0     -0.009      0.346     -1.059      1.365      0.789
   250       211   pi+                 84   239   240     0     0     0     0     -0.087     -0.242     -8.011      8.016      0.140
   251      -211   pi-                 84   239   240     0     0     0     0     -0.827      0.165     -5.261      5.330      0.140
   252       213   (rho+)             -84   239   240   361   362     0     0     -0.043     -0.080     -6.900      6.962      0.920
   253       223   (omega)            -84   239   240   412   413     0     0     -1.334      0.911    -38.545     38.587      0.774
   254         1   (d)                -71   182   182   270   296   111     0     -0.101     -0.131   -788.907    788.907      0.330
   255        21   (g)                -71   162   162   270   296   118   111     -1.010     -0.707    -53.289     53.303      0.000
   256        21   (g)                -71   173   173   270   296   134   118      0.116      1.687   -132.456    132.467      0.000
   257        21   (g)                -71   133   133   270   296   133   134      0.723     -0.254    -24.099     24.111      0.000
   258        21   (g)                -71   160   160   270   296   114   133      2.382     -0.798    -48.339     48.404      0.000
   259        21   (g)                -71   145   145   270   296   104   114     -0.286     -0.751     -6.526      6.575      0.000
   260        21   (g)                -71   153   153   270   296   131   104     -0.021     -2.584     -2.661      3.709      0.000
   261        21   (g)                -71   136   136   270   296   129   131     -1.468     -2.664     -2.608      4.006      0.000
   262        21   (g)                -71   146   146   270   296   137   129     -1.122     -0.977     -1.921      2.429      0.000
   263        21   (g)                -71   184   184   270   296   117   137     -0.387     -0.824      0.184      0.940      0.143
   264        21   (g)                -71   176   176   270   296   143   117      0.709      0.205     -3.521      3.598      0.000
   265        21   (g)                -71   130   130   270   296   124   143     -0.327      0.633     -3.882      3.947      0.000
   266        21   (g)                -71   185   185   270   296   110   124     -0.806      0.601     -0.063      1.030      0.215
   267        21   (g)                -71   139   139   270   296   103   110      0.188      0.660      0.143      0.701      0.000
   268        21   (g)                -71   134   134   270   296   115   103     -0.286      1.507      1.004      1.833      0.000
   269        -3   (sbar)             -71   149   149   270   296     0   115      0.955      0.739      4.339      4.532      0.500
   270      -213   (rho-)             -83   254   269   363   364     0     0     -0.251     -0.039   -251.608    251.610      0.751
   271       213   (rho+)             -83   254   269   365   366     0     0      0.196     -0.151   -276.359    276.360      0.814
   272      -213   (rho-)             -83   254   269   367   368     0     0     -0.548     -0.169    -71.443     71.450      0.814
   273       211   pi+                 83   254   269     0     0     0     0     -0.288      0.483    -90.552     90.554      0.140
   274      2112   n0                  83   254   269     0     0     0     0      0.845      0.285   -100.785    100.794      0.940
   275       211   pi+                 83   254   269     0     0     0     0      0.361     -0.337    -71.930     71.932      0.140
   276     -2214   (Deltabar-)        -83   254   269   369   370     0     0     -0.550      0.539    -91.955     91.969      1.352
   277       313   (K*0)              -83   254   269   371   372     0     0      0.328     -0.378    -29.570     29.589      0.928
   278      -313   (K*bar0)           -83   254   269   373   374     0     0      0.480     -0.051    -26.048     26.065      0.811
   279       111   (pi0)              -83   254   269   414   415     0     0     -0.115     -0.040    -14.964     14.966      0.135
   280       223   (omega)            -83   254   269   416   418     0     0      1.253     -0.651    -19.248     19.316      0.784
   281      2214   (Delta+)           -83   254   269   375   376     0     0     -0.041     -0.538     -6.462      6.609      1.278
   282      -211   pi-                 84   254   269     0     0     0     0      0.603     -0.400     -0.767      1.063      0.140
   283     -2114   (Deltabar0)        -84   254   269   377   378     0     0     -1.093     -2.634     -6.191      6.918      1.186
   284       223   (omega)            -84   254   269   419   421     0     0     -0.955     -2.147     -1.469      2.878      0.777
   285      -213   (rho-)             -84   254   269   379   380     0     0     -0.684     -0.563     -0.879      1.459      0.756
   286       213   (rho+)             -84   254   269   381   382     0     0     -0.089     -0.786     -1.380      1.755      0.742
   287       223   (omega)            -84   254   269   422   424     0     0     -0.388     -0.158     -1.636      1.859      0.778
   288      -213   (rho-)             -84   254   269   383   384     0     0      0.471      0.464     -0.524      1.129      0.749
   289       211   pi+                 84   254   269     0     0     0     0     -0.377     -0.044     -1.521      1.573      0.140
   290       111   (pi0)              -84   254   269   425   426     0     0     -0.353     -0.196     -0.007      0.426      0.135
   291      -211   pi-                 84   254   269     0     0     0     0      0.194      0.119     -0.496      0.563      0.140
   292      3122   Lambda0             84   254   269     0     0     0     0      0.284      1.168     -2.141      2.697      1.116
   293     -3212   (Sigmabar0)        -84   254   269   427   428     0     0     -0.321      0.952      1.439      2.122      1.193
   294       213   (rho+)             -84   254   269   385   386     0     0     -0.365      0.850      1.170      1.661      0.732
   295       111   (pi0)              -84   254   269   429   430     0     0      0.719      0.043      1.042      1.274      0.135
   296       311   (K0)               -84   254   269   387   387     0     0     -0.055      0.719      1.686      1.900      0.498
   297         4   (c)                -71   128   128   302   315   126     0    -25.917    -15.064     -1.199     30.038      1.500
   298        21   (g)                -71   188   188   302   315   145   126     -2.658     -2.225     -0.822      3.588      0.425
   299        21   (g)                -71   150   150   302   315   140   145     -1.121     -2.032     -1.015      2.533      0.000
   300        21   (g)                -71   148   148   302   315   102   140     -0.570     -0.091     -0.936      1.100      0.000
   301      2203   (uu_1)             -71   180   180   302   315     0   102     -0.570      0.121   -954.709    954.709      0.771
   302       423   (D*0)              -83   297   301   431   432     0     0    -19.584    -11.810     -1.438     23.002      2.007
   303       223   (omega)            -83   297   301   433   435     0     0     -3.975     -3.402     -0.760      5.345      0.785
   304       321   K+                  83   297   301     0     0     0     0     -3.614     -1.595      0.075      3.981      0.494
   305      -321   K-                  83   297   301     0     0     0     0     -0.651     -0.330     -0.100      0.887      0.494
   306       221   (eta)              -83   297   301   436   438     0     0     -0.640     -0.657     -0.885      1.387      0.548
   307       111   (pi0)              -83   297   301   439   440     0     0     -0.049     -0.121     -0.801      0.823      0.135
   308       223   (omega)            -83   297   301   441   443     0     0     -0.914     -0.558     -0.022      1.326      0.782
   309       223   (omega)            -84   297   301   444   446     0     0     -0.677     -0.635     -2.578      2.854      0.800
   310       213   (rho+)             -84   297   301   388   389     0     0     -0.194      0.112     -3.791      3.959      1.122
   311       111   (pi0)              -84   297   301   447   448     0     0     -0.025     -0.399     -6.146      6.160      0.135
   312      -211   pi-                 84   297   301     0     0     0     0      0.317      0.040    -24.124     24.127      0.140
   313       221   (eta)              -84   297   301   449   450     0     0      0.012      0.068    -88.254     88.256      0.548
   314      2214   (Delta+)           -84   297   301   390   391     0     0     -0.972     -0.073   -676.705    676.707      1.248
   315       211   pi+                 84   297   301     0     0     0     0      0.130      0.071   -153.151    153.152      0.140
   316         1   (d)                -71   181   181   318   333   136     0      0.374     -0.106   -262.113    262.113      0.330
   317      2101   (ud_0)             -71   178   178   318   333     0   136     -0.256     -0.134   2115.871   2115.871      0.579
   318       223   (omega)            -83   316   317   451   453     0     0     -0.279      0.071   -121.635    121.638      0.784
   319      -211   pi-                 83   316   317     0     0     0     0      0.513     -0.196    -39.985     39.989      0.140
   320       223   (omega)            -83   316   317   454   456     0     0      0.200      0.189    -54.406     54.413      0.769
   321       211   pi+                 83   316   317     0     0     0     0     -0.053     -0.002    -12.697     12.698      0.140
   322       223   (omega)            -83   316   317   457   459     0     0     -0.092     -0.190    -15.772     15.793      0.787
   323       111   (pi0)              -83   316   317   460   461     0     0      0.039     -0.291    -12.210     12.214      0.135
   324      3212   (Sigma0)           -84   316   317   462   463     0     0      0.074      0.061     -3.056      3.282      1.193
   325     -3212   (Sigmabar0)        -84   316   317   464   465     0     0      0.562      0.368     -1.964      2.394      1.193
   326       111   (pi0)              -84   316   317   466   467     0     0     -0.983     -0.026     24.603     24.623      0.135
   327      -213   (rho-)             -84   316   317   392   393     0     0      0.523     -0.376     13.836     13.877      0.842
   328       211   pi+                 84   316   317     0     0     0     0     -0.008      0.197      7.953      7.956      0.140
   329      -211   pi-                 84   316   317     0     0     0     0     -0.131      0.094     31.336     31.337      0.140
   330      3222   Sigma+              84   316   317     0     0     0     0      0.150     -0.203     82.827     82.836      1.189
   331     -3212   (Sigmabar0)        -84   316   317   468   469     0     0      0.133      0.377     98.002     98.010      1.193
   332       221   (eta)              -84   316   317   470   471     0     0     -0.136     -0.041    148.605    148.606      0.548
   333      2112   n0                  84   316   317     0     0     0     0     -0.395     -0.269   1708.321   1708.321      0.940
   334     -2112   nbar0               91   196     0     0     0     0     0      0.392      0.361    -29.496     29.516      0.940
   335       211   pi+                 91   196     0     0     0     0     0     -0.390      0.185    -26.119     26.123      0.140
   336       130   K_L0                91   214   214     0     0     0     0      0.084      0.128      3.398      3.437      0.498
   337       310   K_S0                91   216   216     0     0     0     0     -0.277      1.708      9.507      9.676      0.498
   338       130   K_L0                91   217   217     0     0     0     0      0.655      0.554      1.440      1.748      0.498
   339       130   K_L0                91   218   218     0     0     0     0      1.904      1.647      6.147      6.661      0.498
   340      -311   (Kbar0)            -91   219     0   394   394     0     0      1.606      1.248      5.256      5.658      0.498
   341      -211   pi-                 91   219     0     0     0     0     0      0.612      0.824      1.841      2.112      0.140
   342      2212   p+                  91   220     0     0     0     0     0      2.484      1.873      8.408      9.014      0.938
   343      -211   pi-                 91   220     0     0     0     0     0      0.837      0.463      1.860      2.097      0.140
   344       321   K+                  91   225     0     0     0     0     0      0.568      0.695      3.865      3.998      0.494
   345      -211   pi-                 91   225     0     0     0     0     0      0.582      0.113      0.820      1.022      0.140
   346       130   K_L0                91   226   226     0     0     0     0      1.568      0.577      6.059      6.304      0.498
   347       311   (K0)               -91   229     0   395   395     0     0     -0.063     -0.052     27.730     27.735      0.498
   348       111   (pi0)              -91   229     0   472   473     0     0     -0.395      0.470     13.142     13.157      0.135
   349       130   K_L0                91   234   234     0     0     0     0     -0.024      0.100      0.099      0.518      0.498
   350      -211   pi-                 91   235     0     0     0     0     0      0.846     -0.814      1.079      1.600      0.140
   351       111   (pi0)              -91   235     0   474   475     0     0      0.116     -0.090      0.701      0.728      0.135
   352       211   pi+                 91   236     0     0     0     0     0      0.641     -0.248      3.757      3.822      0.140
   353       111   (pi0)              -91   236     0   476   477     0     0     -0.082      0.344      2.298      2.329      0.135
   354       311   (K0)               -91   237     0   396   396     0     0     -0.526     -0.118     11.818     11.841      0.498
   355       111   (pi0)              -91   237     0   478   479     0     0      0.170      0.018      5.078      5.082      0.135
   356       311   (K0)               -91   243     0   397   397     0     0      0.567      0.255      1.373      1.587      0.498
   357       211   pi+                 91   243     0     0     0     0     0     -0.108      0.014      0.412      0.449      0.140
   358       130   K_L0                91   244   244     0     0     0     0      0.060      0.138      1.579      1.663      0.498
   359       211   pi+                 91   246     0     0     0     0     0      0.010      0.244     -0.085      0.294      0.140
   360      -211   pi-                 91   246     0     0     0     0     0      0.378      0.175      0.779      0.894      0.140
   361       211   pi+                 91   252     0     0     0     0     0      0.387     -0.132     -4.365      4.387      0.140
   362       111   (pi0)              -91   252     0   480   481     0     0     -0.430      0.053     -2.535      2.575      0.135
   363      -211   pi-                 91   270     0     0     0     0     0     -0.180     -0.024    -21.919     21.920      0.140
   364       111   (pi0)              -91   270     0   482   483     0     0     -0.071     -0.016   -229.689    229.690      0.135
   365       211   pi+                 91   271     0     0     0     0     0      0.345      0.145    -81.125     81.126      0.140
   366       111   (pi0)              -91   271     0   484   485     0     0     -0.149     -0.296   -195.234    195.235      0.135
   367      -211   pi-                 91   272     0     0     0     0     0     -0.132     -0.309    -52.938     52.939      0.140
   368       111   (pi0)              -91   272     0   486   487     0     0     -0.416      0.139    -18.505     18.511      0.135
   369     -2212   pbar-               91   276     0     0     0     0     0     -0.690      0.643    -81.158     81.169      0.938
   370       111   (pi0)              -91   276     0   488   489     0     0      0.140     -0.105    -10.797     10.799      0.135
   371       311   (K0)               -91   277     0   398   398     0     0      0.101      0.029    -20.037     20.044      0.498
   372       111   (pi0)              -91   277     0   490   491     0     0      0.227     -0.407     -9.533      9.545      0.135
   373      -311   (Kbar0)            -91   278     0   399   399     0     0      0.231     -0.229    -18.701     18.711      0.498
   374       111   (pi0)              -91   278     0   492   493     0     0      0.249      0.179     -7.347      7.354      0.135
   375      2112   n0                  91   281     0     0     0     0     0      0.115     -0.557     -4.334      4.471      0.940
   376       211   pi+                 91   281     0     0     0     0     0     -0.155      0.019     -2.128      2.139      0.140
   377     -2212   pbar-               91   283     0     0     0     0     0     -0.800     -1.801     -4.106      4.650      0.938
   378       211   pi+                 91   283     0     0     0     0     0     -0.293     -0.833     -2.085      2.269      0.140
   379      -211   pi-                 91   285     0     0     0     0     0     -0.467     -0.502     -0.957      1.185      0.140
   380       111   (pi0)              -91   285     0   494   495     0     0     -0.218     -0.061      0.077      0.274      0.135
   381       211   pi+                 91   286     0     0     0     0     0     -0.342     -0.687     -1.029      1.291      0.140
   382       111   (pi0)              -91   286     0   496   497     0     0      0.253     -0.099     -0.351      0.464      0.135
   383      -211   pi-                 91   288     0     0     0     0     0      0.070     -0.173     -0.092      0.250      0.140
   384       111   (pi0)              -91   288     0   498   499     0     0      0.401      0.637     -0.433      0.878      0.135
   385       211   pi+                 91   294     0     0     0     0     0      0.178      0.404      0.422      0.627      0.140
   386       111   (pi0)              -91   294     0   500   501     0     0     -0.543      0.445      0.748      1.035      0.135
   387       310   K_S0                91   296   296     0     0     0     0     -0.055      0.719      1.686      1.900      0.498
   388       211   pi+                 91   310     0     0     0     0     0     -0.043     -0.115     -0.032      0.189      0.140
   389       111   (pi0)              -91   310     0   502   503     0     0     -0.151      0.227     -3.758      3.771      0.135
   390      2112   n0                  91   314     0     0     0     0     0     -0.610     -0.253   -463.693    463.695      0.940
   391       211   pi+                 91   314     0     0     0     0     0     -0.362      0.181   -213.012    213.012      0.140
   392      -211   pi-                 91   327     0     0     0     0     0      0.548     -0.191     12.856     12.870      0.140
   393       111   (pi0)              -91   327     0   504   505     0     0     -0.026     -0.185      0.980      1.007      0.135
   394       130   K_L0                91   340   340     0     0     0     0      1.606      1.248      5.256      5.658      0.498
   395       310   K_S0                91   347   347     0     0     0     0     -0.063     -0.052     27.730     27.735      0.498
   396       130   K_L0                91   354   354     0     0     0     0     -0.526     -0.118     11.818     11.841      0.498
   397       130   K_L0                91   356   356     0     0     0     0      0.567      0.255      1.373      1.587      0.498
   398       310   K_S0                91   371   371     0     0     0     0      0.101      0.029    -20.037     20.044      0.498
   399       130   K_L0                91   373   373     0     0     0     0      0.231     -0.229    -18.701     18.711      0.498
   400        22   gamma               91   197     0     0     0     0     0     -0.153      0.099    -22.609     22.610      0.000
   401        22   gamma               91   197     0     0     0     0     0      0.009     -0.003     -0.125      0.125      0.000
   402       211   pi+                 91   215     0     0     0     0     0     -0.090      0.055      0.294      0.342      0.140
   403      -211   pi-                 91   215     0     0     0     0     0      0.047      0.062      0.608      0.628      0.140
   404       111   (pi0)              -91   215     0   506   507     0     0      0.384      0.772      2.349      2.506      0.135
   405        22   gamma               91   221     0     0     0     0     0      0.841      0.736      2.301      2.558      0.000
   406        22   gamma               91   221     0     0     0     0     0      0.909      0.621      2.328      2.575      0.000
   407       221   (eta)              -91   238     0   508   510     0     0      1.864      0.247     43.822     43.866      0.548
   408      -211   pi-                 91   238     0     0     0     0     0      2.897     -1.314    110.769    110.814      0.140
   409       211   pi+                 91   249     0     0     0     0     0      0.082      0.307     -0.199      0.400      0.140
   410      -211   pi-                 91   249     0     0     0     0     0      0.024      0.140     -0.235      0.308      0.140
   411       111   (pi0)              -91   249     0   511   512     0     0     -0.115     -0.101     -0.624      0.657      0.135
   412       111   (pi0)              -91   253     0   513   514     0     0     -1.027      0.910    -24.907     24.946      0.135
   413        22   gamma               91   253     0     0     0     0     0     -0.307      0.001    -13.638     13.641      0.000
   414        22   gamma               91   279     0     0     0     0     0     -0.112     -0.078     -9.632      9.633      0.000
   415        22   gamma               91   279     0     0     0     0     0     -0.003      0.038     -5.333      5.333      0.000
   416       211   pi+                 91   280     0     0     0     0     0      0.437     -0.350     -9.471      9.489      0.140
   417      -211   pi-                 91   280     0     0     0     0     0      0.070      0.011     -2.277      2.283      0.140
   418       111   (pi0)              -91   280     0   515   516     0     0      0.747     -0.313     -7.500      7.544      0.135
   419       211   pi+                 91   284     0     0     0     0     0     -0.116     -0.937     -0.644      1.151      0.140
   420      -211   pi-                 91   284     0     0     0     0     0     -0.331     -0.574     -0.491      0.836      0.140
   421       111   (pi0)              -91   284     0   517   518     0     0     -0.509     -0.636     -0.334      0.890      0.135
   422       211   pi+                 91   287     0     0     0     0     0     -0.135     -0.047     -1.117      1.135      0.140
   423      -211   pi-                 91   287     0     0     0     0     0     -0.040      0.096     -0.133      0.219      0.140
   424       111   (pi0)              -91   287     0   519   520     0     0     -0.213     -0.207     -0.386      0.506      0.135
   425        22   gamma               91   290     0     0     0     0     0      0.006     -0.014      0.017      0.023      0.000
   426        22   gamma               91   290     0     0     0     0     0     -0.359     -0.182     -0.024      0.403      0.000
   427     -3122   Lambdabar0          91   293     0     0     0     0     0     -0.228      0.874      1.294      1.932      1.116
   428        22   gamma               91   293     0     0     0     0     0     -0.093      0.079      0.146      0.190      0.000
   429        22   gamma               91   295     0     0     0     0     0      0.644      0.078      0.949      1.149      0.000
   430        22   gamma               91   295     0     0     0     0     0      0.075     -0.035      0.094      0.125      0.000
   431       421   (D0)               -91   302     0   521   523     0     0    -18.208    -10.960     -1.297     21.374      1.865
   432       111   (pi0)              -91   302     0   524   525     0     0     -1.375     -0.851     -0.141      1.629      0.135
   433       211   pi+                 91   303     0     0     0     0     0     -1.420     -0.908     -0.057      1.692      0.140
   434      -211   pi-                 91   303     0     0     0     0     0     -1.333     -1.339     -0.444      1.945      0.140
   435       111   (pi0)              -91   303     0   526   527     0     0     -1.223     -1.156     -0.259      1.708      0.135
   436       111   (pi0)              -91   306     0   528   529     0     0     -0.105     -0.210     -0.422      0.501      0.135
   437       111   (pi0)              -91   306     0   530   531     0     0     -0.301     -0.208     -0.192      0.434      0.135
   438       111   (pi0)              -91   306     0   532   533     0     0     -0.234     -0.239     -0.271      0.451      0.135
   439        22   gamma               91   307     0     0     0     0     0     -0.018      0.017     -0.334      0.335      0.000
   440        22   gamma               91   307     0     0     0     0     0     -0.030     -0.138     -0.468      0.488      0.000
   441       211   pi+                 91   308     0     0     0     0     0     -0.033     -0.035     -0.111      0.185      0.140
   442      -211   pi-                 91   308     0     0     0     0     0     -0.432     -0.459     -0.051      0.647      0.140
   443       111   (pi0)              -91   308     0   534   535     0     0     -0.450     -0.065      0.140      0.494      0.135
   444       211   pi+                 91   309     0     0     0     0     0     -0.009     -0.302     -0.755      0.825      0.140
   445      -211   pi-                 91   309     0     0     0     0     0     -0.053     -0.015     -0.590      0.609      0.140
   446       111   (pi0)              -91   309     0   536   538     0     0     -0.615     -0.318     -1.233      1.420      0.135
   447        22   gamma               91   311     0     0     0     0     0     -0.031     -0.337     -5.712      5.722      0.000
   448        22   gamma               91   311     0     0     0     0     0      0.006     -0.062     -0.434      0.438      0.000
   449        22   gamma               91   313     0     0     0     0     0     -0.195      0.039    -13.729     13.730      0.000
   450        22   gamma               91   313     0     0     0     0     0      0.206      0.029    -74.525     74.526      0.000
   451       211   pi+                 91   318     0     0     0     0     0     -0.184      0.208    -32.302     32.303      0.140
   452      -211   pi-                 91   318     0     0     0     0     0     -0.141     -0.073    -78.072     78.072      0.140
   453       111   (pi0)              -91   318     0   539   540     0     0      0.046     -0.064    -11.261     11.262      0.135
   454       211   pi+                 91   320     0     0     0     0     0      0.137     -0.124    -30.972     30.973      0.140
   455      -211   pi-                 91   320     0     0     0     0     0      0.063      0.029     -4.586      4.589      0.140
   456       111   (pi0)              -91   320     0   541   542     0     0     -0.000      0.284    -18.848     18.851      0.135
   457       211   pi+                 91   322     0     0     0     0     0      0.174     -0.112     -3.309      3.318      0.140
   458      -211   pi-                 91   322     0     0     0     0     0     -0.099     -0.209     -7.992      7.996      0.140
   459       111   (pi0)              -91   322     0   543   544     0     0     -0.168      0.130     -4.471      4.478      0.135
   460        22   gamma               91   323     0     0     0     0     0     -0.024      0.001     -0.929      0.930      0.000
   461        22   gamma               91   323     0     0     0     0     0      0.063     -0.292    -11.280     11.284      0.000
   462      3122   Lambda0             91   324     0     0     0     0     0     -0.002      0.054     -2.912      3.119      1.116
   463        22   gamma               91   324     0     0     0     0     0      0.076      0.007     -0.144      0.163      0.000
   464     -3122   Lambdabar0          91   325     0     0     0     0     0      0.520      0.393     -1.956      2.345      1.116
   465        22   gamma               91   325     0     0     0     0     0      0.042     -0.025     -0.007      0.049      0.000
   466        22   gamma               91   326     0     0     0     0     0     -0.076      0.011      1.237      1.240      0.000
   467        22   gamma               91   326     0     0     0     0     0     -0.907     -0.037     23.365     23.383      0.000
   468     -3122   Lambdabar0          91   331     0     0     0     0     0      0.075      0.410     93.377     93.385      1.116
   469        22   gamma               91   331     0     0     0     0     0      0.058     -0.033      4.625      4.626      0.000
   470        22   gamma               91   332     0     0     0     0     0     -0.184      0.225     68.841     68.841      0.000
   471        22   gamma               91   332     0     0     0     0     0      0.049     -0.267     79.764     79.765      0.000
   472        22   gamma               91   348     0     0     0     0     0      0.003      0.011      0.073      0.074      0.000
   473        22   gamma               91   348     0     0     0     0     0     -0.398      0.458     13.068     13.082      0.000
   474        22   gamma               91   351     0     0     0     0     0      0.101      0.007      0.322      0.338      0.000
   475        22   gamma               91   351     0     0     0     0     0      0.015     -0.096      0.378      0.391      0.000
   476        22   gamma               91   353     0     0     0     0     0      0.015      0.208      1.124      1.144      0.000
   477        22   gamma               91   353     0     0     0     0     0     -0.096      0.136      1.173      1.185      0.000
   478        22   gamma               91   355     0     0     0     0     0      0.000     -0.038      0.736      0.737      0.000
   479        22   gamma               91   355     0     0     0     0     0      0.170      0.056      4.341      4.345      0.000
   480        22   gamma               91   362     0     0     0     0     0     -0.354     -0.012     -1.963      1.995      0.000
   481        22   gamma               91   362     0     0     0     0     0     -0.076      0.064     -0.572      0.581      0.000
   482        22   gamma               91   364     0     0     0     0     0     -0.048     -0.000    -23.081     23.081      0.000
   483        22   gamma               91   364     0     0     0     0     0     -0.024     -0.016   -206.608    206.608      0.000
   484        22   gamma               91   366     0     0     0     0     0     -0.089     -0.056    -75.005     75.005      0.000
   485        22   gamma               91   366     0     0     0     0     0     -0.060     -0.240   -120.229    120.229      0.000
   486        22   gamma               91   368     0     0     0     0     0     -0.365      0.078    -13.897     13.902      0.000
   487        22   gamma               91   368     0     0     0     0     0     -0.052      0.061     -4.608      4.609      0.000
   488        22   gamma               91   370     0     0     0     0     0      0.142     -0.130     -8.888      8.891      0.000
   489        22   gamma               91   370     0     0     0     0     0     -0.002      0.025     -1.909      1.909      0.000
   490        22   gamma               91   372     0     0     0     0     0      0.030     -0.140     -2.057      2.062      0.000
   491        22   gamma               91   372     0     0     0     0     0      0.197     -0.267     -7.476      7.483      0.000
   492        22   gamma               91   374     0     0     0     0     0      0.244      0.123     -6.523      6.529      0.000
   493        22   gamma               91   374     0     0     0     0     0      0.005      0.056     -0.824      0.826      0.000
   494        22   gamma               91   380     0     0     0     0     0     -0.197     -0.048      0.010      0.202      0.000
   495        22   gamma               91   380     0     0     0     0     0     -0.021     -0.013      0.067      0.072      0.000
   496        22   gamma               91   382     0     0     0     0     0      0.252     -0.098     -0.363      0.452      0.000
   497        22   gamma               91   382     0     0     0     0     0      0.001     -0.001      0.012      0.012      0.000
   498        22   gamma               91   384     0     0     0     0     0      0.249      0.498     -0.345      0.655      0.000
   499        22   gamma               91   384     0     0     0     0     0      0.151      0.139     -0.088      0.223      0.000
   500        22   gamma               91   386     0     0     0     0     0     -0.082      0.111      0.090      0.165      0.000
   501        22   gamma               91   386     0     0     0     0     0     -0.461      0.335      0.658      0.870      0.000
   502        22   gamma               91   389     0     0     0     0     0     -0.142      0.184     -2.311      2.323      0.000
   503        22   gamma               91   389     0     0     0     0     0     -0.009      0.043     -1.447      1.448      0.000
   504        22   gamma               91   393     0     0     0     0     0      0.035     -0.155      0.765      0.782      0.000
   505        22   gamma               91   393     0     0     0     0     0     -0.061     -0.030      0.215      0.225      0.000
   506        22   gamma               91   404     0     0     0     0     0      0.011     -0.003      0.045      0.047      0.000
   507        22   gamma               91   404     0     0     0     0     0      0.372      0.775      2.304      2.460      0.000
   508       211   pi+                 91   407     0     0     0     0     0      1.158      0.167     23.623     23.652      0.140
   509      -211   pi-                 91   407     0     0     0     0     0      0.320      0.092      7.775      7.783      0.140
   510        22   gamma               91   407     0     0     0     0     0      0.386     -0.012     12.425     12.431      0.000
   511        22   gamma               91   411     0     0     0     0     0     -0.077     -0.004     -0.427      0.434      0.000
   512        22   gamma               91   411     0     0     0     0     0     -0.038     -0.096     -0.198      0.223      0.000
   513        22   gamma               91   412     0     0     0     0     0     -0.211      0.160     -3.981      3.990      0.000
   514        22   gamma               91   412     0     0     0     0     0     -0.816      0.750    -20.926     20.956      0.000
   515        22   gamma               91   418     0     0     0     0     0      0.197     -0.041     -1.478      1.491      0.000
   516        22   gamma               91   418     0     0     0     0     0      0.550     -0.271     -6.022      6.053      0.000
   517        22   gamma               91   421     0     0     0     0     0     -0.452     -0.606     -0.334      0.827      0.000
   518        22   gamma               91   421     0     0     0     0     0     -0.056     -0.029     -0.000      0.063      0.000
   519        22   gamma               91   424     0     0     0     0     0     -0.138     -0.069     -0.115      0.192      0.000
   520        22   gamma               91   424     0     0     0     0     0     -0.076     -0.138     -0.271      0.313      0.000
   521       211   pi+                 91   431     0     0     0     0     0     -2.842     -1.390     -0.081      3.167      0.140
   522      -211   pi-                 91   431     0     0     0     0     0     -8.922     -6.267     -0.875     10.939      0.140
   523       130   K_L0                91   431     0     0     0     0     0     -6.445     -3.303     -0.341      7.267      0.498
   524        22   gamma               91   432     0     0     0     0     0     -0.491     -0.371     -0.021      0.616      0.000
   525        22   gamma               91   432     0     0     0     0     0     -0.884     -0.480     -0.120      1.013      0.000
   526        22   gamma               91   435     0     0     0     0     0     -1.165     -1.095     -0.216      1.614      0.000
   527        22   gamma               91   435     0     0     0     0     0     -0.057     -0.061     -0.043      0.094      0.000
   528        22   gamma               91   436     0     0     0     0     0     -0.029     -0.121     -0.103      0.161      0.000
   529        22   gamma               91   436     0     0     0     0     0     -0.075     -0.089     -0.319      0.340      0.000
   530        22   gamma               91   437     0     0     0     0     0     -0.227     -0.200     -0.195      0.360      0.000
   531        22   gamma               91   437     0     0     0     0     0     -0.074     -0.008      0.004      0.075      0.000
   532        22   gamma               91   438     0     0     0     0     0     -0.246     -0.206     -0.265      0.416      0.000
   533        22   gamma               91   438     0     0     0     0     0      0.011     -0.033     -0.006      0.036      0.000
   534        22   gamma               91   443     0     0     0     0     0     -0.336     -0.102      0.080      0.361      0.000
   535        22   gamma               91   443     0     0     0     0     0     -0.113      0.038      0.060      0.134      0.000
   536        22   gamma               91   446     0     0     0     0     0     -0.439     -0.256     -0.784      0.935      0.000
   537        11   e-                  91   446     0     0     0     0     0     -0.112     -0.040     -0.287      0.311      0.001
   538       -11   e+                  91   446     0     0     0     0     0     -0.063     -0.022     -0.161      0.175      0.001
   539        22   gamma               91   453     0     0     0     0     0      0.046     -0.105     -8.039      8.040      0.000
   540        22   gamma               91   453     0     0     0     0     0     -0.000      0.041     -3.222      3.223      0.000
   541        22   gamma               91   456     0     0     0     0     0      0.014      0.058     -8.209      8.209      0.000
   542        22   gamma               91   456     0     0     0     0     0     -0.015      0.225    -10.639     10.642      0.000
   543        22   gamma               91   459     0     0     0     0     0     -0.033     -0.016     -0.277      0.280      0.000
   544        22   gamma               91   459     0     0     0     0     0     -0.135      0.146     -4.194      4.199      0.000
                                   Charge sum:  2.000           Momentum sum:     -0.000     -0.000     -0.000   5020.000   5020.000

 --------  End PYTHIA Event Listing  -----------------------------------------------------------------------------------------------
0	0%, nTried:2, nTrial:2, sigma:0.003
#--------------------------------------------------------------------------
#                         FastJet release 3.2.1
#                 M. Cacciari, G.P. Salam and G. Soyez                  
#     A software package for jet finding and analysis at colliders      
#                           http://fastjet.fr                           
#	                                                                      
# Please cite EPJC72(2012)1896 [arXiv:1111.6097] if you use this package
# for scientific work and optionally PLB641(2006)57 [hep-ph/0512210].   
#                                                                       
# FastJet is provided without warranty under the terms of the GNU GPLv2.
# It uses T. Chan's closest pair algorithm, S. Fortune's Voronoi code,
# CGAL and 3rd party plugin jet algorithms. See COPYING file for details.
#--------------------------------------------------------------------------
 PYTHIA Warning in StringFragmentation::fragmentToJunction: bad convergence junction rest frame  
500	5%, nTried:2617, nTrial:1, sigma:0.014
 PYTHIA Error in SpaceShower::pT2nearThreshold: stuck in loop  

 Pythia::next(): 1000 events have been generated 
1000	10%, nTried:5278, nTrial:4, sigma:0.014
1500	15%, nTried:7990, nTrial:7, sigma:0.014

 Pythia::next(): 2000 events have been generated 
2000	20%, nTried:10515, nTrial:4, sigma:0.014
2500	25%, nTried:13336, nTrial:2, sigma:0.014

 Pythia::next(): 3000 events have been generated 
3000	30%, nTried:16029, nTrial:2, sigma:0.014
3500	35%, nTried:18849, nTrial:8, sigma:0.014

 Pythia::next(): 4000 events have been generated 
4000	40%, nTried:21643, nTrial:2, sigma:0.014
 PYTHIA Error in StringFragmentation::fragment: stuck in joining  
 PYTHIA Error in Pythia::next: hadronLevel failed; try again  
4500	45%, nTried:24158, nTrial:2, sigma:0.014

 Pythia::next(): 5000 events have been generated 
5000	50%, nTried:26713, nTrial:2, sigma:0.014
5500	55%, nTried:29275, nTrial:10, sigma:0.014

 Pythia::next(): 6000 events have been generated 
6000	60%, nTried:31827, nTrial:8, sigma:0.014
6500	65%, nTried:34444, nTrial:6, sigma:0.014

 Pythia::next(): 7000 events have been generated 
7000	70%, nTried:37090, nTrial:3, sigma:0.014
7500	75%, nTried:39790, nTrial:2, sigma:0.014

 Pythia::next(): 8000 events have been generated 
8000	80%, nTried:42312, nTrial:4, sigma:0.014
8500	85%, nTried:44855, nTrial:5, sigma:0.014

 Pythia::next(): 9000 events have been generated 
9000	90%, nTried:47344, nTrial:12, sigma:0.014
9500	95%, nTried:49916, nTrial:21, sigma:0.014
10000	100%, nTried:52666, sigma:0.014
nTried after loop:52666
sigma after loop:0.014
10000 events are analyzed successfully.
Real time 0:04:41, CP time 280.770
